OpenROAD b16bda7e82721d10566ff7e2b68f1ff0be9f9e38 
Features included (+) or not (-): +Charts +GPU +GUI +Python
This program is licensed under the BSD-3 license. See the LICENSE file for details.
Components of this program may be licensed under more restrictive licenses which must be honored.
define_corners Typical
read_liberty -corner Typical /root/.volare/sky130A/libs.ref/sky130_fd_sc_hd/lib/sky130_fd_sc_hd__tt_025C_1v80.lib
Using 1e-12 for capacitance...
Using 1e+03 for resistance...
Using 1e-09 for time...
Using 1e+00 for voltage...
Using 1e-03 for current...
Using 1e-09 for power...
Using 1e-06 for distance...
[INFO]: Reading ODB at '/openlane/designs/register_file/runs/RUN_2025.05.25_19.14.43/results/floorplan/register_file.odb'…
Reading design constraints file at '/openlane/scripts/base.sdc'…
[INFO]: Setting output delay to: 2.0
[INFO]: Setting input delay to: 2.0
[INFO]: Setting load to: 0.033442
[INFO]: Setting clock uncertainty to: 0.25
[INFO]: Setting clock transition to: 0.15
[INFO]: Setting timing derate to: 5.0 %
[INFO]: Setting RC values...
[INFO]: Setting signal min routing layer to: met1 and clock min routing layer to met3. 
[INFO]: Setting signal max routing layer to: met5 and clock max routing layer to met5. 
[WARNING GPL-0150] -skip_io will disable timing driven mode.
[WARNING GPL-0151] -skip_io will disable routability driven mode.
[INFO GPL-0002] DBU: 1000
[INFO GPL-0003] SiteSize: (  0.460  2.720 ) um
[INFO GPL-0004] CoreBBox: (  5.520 10.880 ) ( 90.620 95.200 ) um
[INFO GPL-0006] NumInstances:               474
[INFO GPL-0007] NumPlaceInstances:          313
[INFO GPL-0008] NumFixedInstances:          161
[INFO GPL-0009] NumDummyInstances:            0
[INFO GPL-0010] NumNets:                    332
[INFO GPL-0011] NumPins:                   1098
[INFO GPL-0012] DieBBox:  (  0.000  0.000 ) ( 96.345 107.065 ) um
[INFO GPL-0013] CoreBBox: (  5.520 10.880 ) ( 90.620 95.200 ) um
[INFO GPL-0016] CoreArea:              7175.632 um^2
[INFO GPL-0017] NonPlaceInstsArea:      356.592 um^2
[INFO GPL-0018] PlaceInstsArea:        3638.490 um^2
[INFO GPL-0019] Util:                    53.358 %
[INFO GPL-0020] StdInstsArea:          3638.490 um^2
[INFO GPL-0021] MacroInstsArea:           0.000 um^2
[INFO GPL-0031] FillerInit:NumGCells:       352
[INFO GPL-0032] FillerInit:NumGNets:        332
[INFO GPL-0033] FillerInit:NumGPins:       1098
[INFO GPL-0023] TargetDensity:            0.600
[INFO GPL-0024] AvrgPlaceInstArea:       11.625 um^2
[INFO GPL-0025] IdealBinArea:            19.374 um^2
[INFO GPL-0026] IdealBinCnt:                370
[INFO GPL-0027] TotalBinArea:          7175.632 um^2
[INFO GPL-0028] BinCnt:        16     16
[INFO GPL-0029] BinSize: (  5.319  5.270 )
[INFO GPL-0030] NumBins: 256
[NesterovSolve] Iter:    1 overflow: 0.982 HPWL: 732548
[NesterovSolve] Iter:   10 overflow: 0.964 HPWL: 501084
[NesterovSolve] Iter:   20 overflow: 0.964 HPWL: 499332
[NesterovSolve] Iter:   30 overflow: 0.964 HPWL: 499684
[NesterovSolve] Iter:   40 overflow: 0.964 HPWL: 499445
[NesterovSolve] Iter:   50 overflow: 0.964 HPWL: 499506
[NesterovSolve] Iter:   60 overflow: 0.964 HPWL: 499409
[NesterovSolve] Iter:   70 overflow: 0.964 HPWL: 499451
[NesterovSolve] Iter:   80 overflow: 0.964 HPWL: 499507
[NesterovSolve] Iter:   90 overflow: 0.964 HPWL: 499632
[NesterovSolve] Iter:  100 overflow: 0.964 HPWL: 499639
[NesterovSolve] Iter:  110 overflow: 0.964 HPWL: 499557
[NesterovSolve] Iter:  120 overflow: 0.964 HPWL: 499725
[NesterovSolve] Iter:  130 overflow: 0.964 HPWL: 499998
[NesterovSolve] Iter:  140 overflow: 0.964 HPWL: 518939
[NesterovSolve] Iter:  150 overflow: 0.961 HPWL: 658056
[NesterovSolve] Iter:  160 overflow: 0.925 HPWL: 901446
[NesterovSolve] Iter:  170 overflow: 0.899 HPWL: 1248619
[NesterovSolve] Iter:  180 overflow: 0.865 HPWL: 1419401
[NesterovSolve] Iter:  190 overflow: 0.841 HPWL: 1668139
[NesterovSolve] Iter:  200 overflow: 0.801 HPWL: 1889893
[NesterovSolve] Iter:  210 overflow: 0.766 HPWL: 2143927
[NesterovSolve] Iter:  220 overflow: 0.719 HPWL: 2414182
[NesterovSolve] Iter:  230 overflow: 0.668 HPWL: 2651894
[NesterovSolve] Iter:  240 overflow: 0.619 HPWL: 2871149
[NesterovSolve] Iter:  250 overflow: 0.571 HPWL: 3110239
[NesterovSolve] Iter:  260 overflow: 0.516 HPWL: 3312446
[NesterovSolve] Iter:  270 overflow: 0.463 HPWL: 3536067
[NesterovSolve] Iter:  280 overflow: 0.402 HPWL: 3615078
[NesterovSolve] Iter:  290 overflow: 0.364 HPWL: 3694940
[NesterovSolve] Iter:  300 overflow: 0.313 HPWL: 3812321
[NesterovSolve] Iter:  310 overflow: 0.283 HPWL: 3886443
[NesterovSolve] Iter:  320 overflow: 0.248 HPWL: 3937108
[NesterovSolve] Iter:  330 overflow: 0.220 HPWL: 3972325
[NesterovSolve] Iter:  340 overflow: 0.186 HPWL: 4019173
[NesterovSolve] Iter:  350 overflow: 0.162 HPWL: 4052437
[NesterovSolve] Iter:  360 overflow: 0.134 HPWL: 4083330
[NesterovSolve] Iter:  370 overflow: 0.115 HPWL: 4132782
[NesterovSolve] Iter:  380 overflow: 0.101 HPWL: 4166730
[NesterovSolve] Finished with Overflow: 0.099540
Setting global connections for newly added cells…
Writing OpenROAD database to '/openlane/designs/register_file/runs/RUN_2025.05.25_19.14.43/tmp/placement/7-global_skip_io.odb'…
Writing netlist to '/openlane/designs/register_file/runs/RUN_2025.05.25_19.14.43/tmp/placement/7-global_skip_io.nl.v'…
Writing powered netlist to '/openlane/designs/register_file/runs/RUN_2025.05.25_19.14.43/tmp/placement/7-global_skip_io.pnl.v'…
Writing layout to '/openlane/designs/register_file/runs/RUN_2025.05.25_19.14.43/tmp/placement/7-global_skip_io.def'…
