
===========================================================================
report_checks -path_delay max (Setup)
============================================================================
======================= Typical Corner ===================================

Startpoint: B[0] (input port clocked by __VIRTUAL_CLK__)
Endpoint: out[7] (output port clocked by __VIRTUAL_CLK__)
Path Group: __VIRTUAL_CLK__
Path Type: max

Fanout     Cap    Slew   Delay    Time   Description
-----------------------------------------------------------------------------
                  0.00    0.00    0.00   clock __VIRTUAL_CLK__ (rise edge)
                          0.00    0.00   clock network delay (ideal)
                          2.00    2.00 v input external delay
     9    0.02    0.04    0.03    2.03 v B[0] (in)
                                         B[0] (net)
                  0.04    0.00    2.03 v _146_/A (sky130_fd_sc_hd__or3_2)
     4    0.01    0.11    0.55    2.58 v _146_/X (sky130_fd_sc_hd__or3_2)
                                         _075_ (net)
                  0.11    0.00    2.58 v _147_/A2 (sky130_fd_sc_hd__a21bo_2)
     3    0.01    0.05    0.26    2.84 v _147_/X (sky130_fd_sc_hd__a21bo_2)
                                         _076_ (net)
                  0.05    0.00    2.84 v _150_/B (sky130_fd_sc_hd__and3_2)
     2    0.01    0.05    0.21    3.06 v _150_/X (sky130_fd_sc_hd__and3_2)
                                         _079_ (net)
                  0.05    0.00    3.06 v _165_/B1 (sky130_fd_sc_hd__a31o_2)
     1    0.00    0.04    0.21    3.27 v _165_/X (sky130_fd_sc_hd__a31o_2)
                                         _093_ (net)
                  0.04    0.00    3.27 v _166_/B1 (sky130_fd_sc_hd__a31o_2)
     3    0.01    0.05    0.24    3.51 v _166_/X (sky130_fd_sc_hd__a31o_2)
                                         _094_ (net)
                  0.05    0.00    3.51 v _200_/A2 (sky130_fd_sc_hd__a31o_2)
     2    0.01    0.06    0.27    3.77 v _200_/X (sky130_fd_sc_hd__a31o_2)
                                         _020_ (net)
                  0.06    0.00    3.77 v _208_/B2 (sky130_fd_sc_hd__a22o_2)
     1    0.01    0.05    0.26    4.03 v _208_/X (sky130_fd_sc_hd__a22o_2)
                                         _027_ (net)
                  0.05    0.00    4.03 v _214_/A (sky130_fd_sc_hd__xnor2_2)
     1    0.00    0.04    0.13    4.16 v _214_/Y (sky130_fd_sc_hd__xnor2_2)
                                         _033_ (net)
                  0.04    0.00    4.16 v _219_/A2 (sky130_fd_sc_hd__a21o_2)
     1    0.03    0.10    0.30    4.46 v _219_/X (sky130_fd_sc_hd__a21o_2)
                                         out[7] (net)
                  0.10    0.00    4.46 v out[7] (out)
                                  4.46   data arrival time

                  0.00   10.00   10.00   clock __VIRTUAL_CLK__ (rise edge)
                          0.00   10.00   clock network delay (ideal)
                         -0.25    9.75   clock uncertainty
                          0.00    9.75   clock reconvergence pessimism
                         -2.00    7.75   output external delay
                                  7.75   data required time
-----------------------------------------------------------------------------
                                  7.75   data required time
                                 -4.46   data arrival time
-----------------------------------------------------------------------------
                                  3.29   slack (MET)


Startpoint: B[0] (input port clocked by __VIRTUAL_CLK__)
Endpoint: out[6] (output port clocked by __VIRTUAL_CLK__)
Path Group: __VIRTUAL_CLK__
Path Type: max

Fanout     Cap    Slew   Delay    Time   Description
-----------------------------------------------------------------------------
                  0.00    0.00    0.00   clock __VIRTUAL_CLK__ (rise edge)
                          0.00    0.00   clock network delay (ideal)
                          2.00    2.00 v input external delay
     9    0.02    0.04    0.03    2.03 v B[0] (in)
                                         B[0] (net)
                  0.04    0.00    2.03 v _146_/A (sky130_fd_sc_hd__or3_2)
     4    0.01    0.11    0.55    2.58 v _146_/X (sky130_fd_sc_hd__or3_2)
                                         _075_ (net)
                  0.11    0.00    2.58 v _181_/A3 (sky130_fd_sc_hd__o31a_2)
     2    0.01    0.07    0.34    2.93 v _181_/X (sky130_fd_sc_hd__o31a_2)
                                         _002_ (net)
                  0.07    0.00    2.93 v _195_/B (sky130_fd_sc_hd__or2_2)
     2    0.00    0.06    0.29    3.22 v _195_/X (sky130_fd_sc_hd__or2_2)
                                         _015_ (net)
                  0.06    0.00    3.22 v _196_/B (sky130_fd_sc_hd__and2_2)
     1    0.01    0.05    0.22    3.44 v _196_/X (sky130_fd_sc_hd__and2_2)
                                         _016_ (net)
                  0.05    0.00    3.44 v _197_/B (sky130_fd_sc_hd__xnor2_2)
     2    0.01    0.07    0.15    3.59 v _197_/Y (sky130_fd_sc_hd__xnor2_2)
                                         _017_ (net)
                  0.07    0.00    3.59 v _198_/B (sky130_fd_sc_hd__xor2_2)
     2    0.01    0.09    0.18    3.77 v _198_/X (sky130_fd_sc_hd__xor2_2)
                                         _018_ (net)
                  0.09    0.00    3.77 v _201_/A (sky130_fd_sc_hd__xor2_2)
     1    0.00    0.05    0.18    3.95 v _201_/X (sky130_fd_sc_hd__xor2_2)
                                         _021_ (net)
                  0.05    0.00    3.95 v _207_/A2 (sky130_fd_sc_hd__a21bo_2)
     1    0.03    0.10    0.30    4.26 v _207_/X (sky130_fd_sc_hd__a21bo_2)
                                         out[6] (net)
                  0.10    0.00    4.26 v out[6] (out)
                                  4.26   data arrival time

                  0.00   10.00   10.00   clock __VIRTUAL_CLK__ (rise edge)
                          0.00   10.00   clock network delay (ideal)
                         -0.25    9.75   clock uncertainty
                          0.00    9.75   clock reconvergence pessimism
                         -2.00    7.75   output external delay
                                  7.75   data required time
-----------------------------------------------------------------------------
                                  7.75   data required time
                                 -4.26   data arrival time
-----------------------------------------------------------------------------
                                  3.49   slack (MET)


Startpoint: opcode[0] (input port clocked by __VIRTUAL_CLK__)
Endpoint: out[1] (output port clocked by __VIRTUAL_CLK__)
Path Group: __VIRTUAL_CLK__
Path Type: max

Fanout     Cap    Slew   Delay    Time   Description
-----------------------------------------------------------------------------
                  0.00    0.00    0.00   clock __VIRTUAL_CLK__ (rise edge)
                          0.00    0.00   clock network delay (ideal)
                          2.00    2.00 v input external delay
     7    0.01    0.03    0.02    2.02 v opcode[0] (in)
                                         opcode[0] (net)
                  0.03    0.00    2.02 v _120_/A_N (sky130_fd_sc_hd__nand3b_2)
     9    0.03    0.17    0.30    2.32 v _120_/Y (sky130_fd_sc_hd__nand3b_2)
                                         _051_ (net)
                  0.17    0.00    2.32 v _122_/C (sky130_fd_sc_hd__and3_2)
     2    0.00    0.04    0.28    2.60 v _122_/X (sky130_fd_sc_hd__and3_2)
                                         _053_ (net)
                  0.04    0.00    2.60 v _124_/C (sky130_fd_sc_hd__or3_2)
     2    0.00    0.08    0.43    3.03 v _124_/X (sky130_fd_sc_hd__or3_2)
                                         _055_ (net)
                  0.08    0.00    3.03 v _125_/B (sky130_fd_sc_hd__and2b_2)
     2    0.01    0.05    0.23    3.26 v _125_/X (sky130_fd_sc_hd__and2b_2)
                                         _056_ (net)
                  0.05    0.00    3.26 v _127_/A1 (sky130_fd_sc_hd__o21ai_2)
     1    0.00    0.10    0.14    3.41 ^ _127_/Y (sky130_fd_sc_hd__o21ai_2)
                                         _058_ (net)
                  0.10    0.00    3.41 ^ _128_/B1 (sky130_fd_sc_hd__a21oi_2)
     1    0.00    0.03    0.03    3.44 v _128_/Y (sky130_fd_sc_hd__a21oi_2)
                                         _059_ (net)
                  0.03    0.00    3.44 v _133_/A (sky130_fd_sc_hd__or3_2)
     1    0.00    0.07    0.48    3.92 v _133_/X (sky130_fd_sc_hd__or3_2)
                                         _064_ (net)
                  0.07    0.00    3.92 v _134_/A (sky130_fd_sc_hd__buf_1)
     1    0.03    0.19    0.24    4.16 v _134_/X (sky130_fd_sc_hd__buf_1)
                                         out[1] (net)
                  0.19    0.00    4.16 v out[1] (out)
                                  4.16   data arrival time

                  0.00   10.00   10.00   clock __VIRTUAL_CLK__ (rise edge)
                          0.00   10.00   clock network delay (ideal)
                         -0.25    9.75   clock uncertainty
                          0.00    9.75   clock reconvergence pessimism
                         -2.00    7.75   output external delay
                                  7.75   data required time
-----------------------------------------------------------------------------
                                  7.75   data required time
                                 -4.16   data arrival time
-----------------------------------------------------------------------------
                                  3.59   slack (MET)


Startpoint: B[0] (input port clocked by __VIRTUAL_CLK__)
Endpoint: out[5] (output port clocked by __VIRTUAL_CLK__)
Path Group: __VIRTUAL_CLK__
Path Type: max

Fanout     Cap    Slew   Delay    Time   Description
-----------------------------------------------------------------------------
                  0.00    0.00    0.00   clock __VIRTUAL_CLK__ (rise edge)
                          0.00    0.00   clock network delay (ideal)
                          2.00    2.00 v input external delay
     9    0.02    0.04    0.03    2.03 v B[0] (in)
                                         B[0] (net)
                  0.04    0.00    2.03 v _146_/A (sky130_fd_sc_hd__or3_2)
     4    0.01    0.11    0.55    2.58 v _146_/X (sky130_fd_sc_hd__or3_2)
                                         _075_ (net)
                  0.11    0.00    2.58 v _147_/A2 (sky130_fd_sc_hd__a21bo_2)
     3    0.01    0.05    0.26    2.84 v _147_/X (sky130_fd_sc_hd__a21bo_2)
                                         _076_ (net)
                  0.05    0.00    2.84 v _150_/B (sky130_fd_sc_hd__and3_2)
     2    0.01    0.05    0.21    3.06 v _150_/X (sky130_fd_sc_hd__and3_2)
                                         _079_ (net)
                  0.05    0.00    3.06 v _165_/B1 (sky130_fd_sc_hd__a31o_2)
     1    0.00    0.04    0.21    3.27 v _165_/X (sky130_fd_sc_hd__a31o_2)
                                         _093_ (net)
                  0.04    0.00    3.27 v _166_/B1 (sky130_fd_sc_hd__a31o_2)
     3    0.01    0.05    0.24    3.51 v _166_/X (sky130_fd_sc_hd__a31o_2)
                                         _094_ (net)
                  0.05    0.00    3.51 v _167_/B (sky130_fd_sc_hd__nand2_2)
     2    0.01    0.06    0.08    3.59 ^ _167_/Y (sky130_fd_sc_hd__nand2_2)
                                         _095_ (net)
                  0.06    0.00    3.59 ^ _187_/B (sky130_fd_sc_hd__nand2_2)
     1    0.01    0.04    0.06    3.65 v _187_/Y (sky130_fd_sc_hd__nand2_2)
                                         _008_ (net)
                  0.04    0.00    3.65 v _188_/B (sky130_fd_sc_hd__xor2_2)
     1    0.00    0.05    0.14    3.79 v _188_/X (sky130_fd_sc_hd__xor2_2)
                                         _009_ (net)
                  0.05    0.00    3.79 v _194_/A2 (sky130_fd_sc_hd__a21bo_2)
     1    0.03    0.10    0.30    4.09 v _194_/X (sky130_fd_sc_hd__a21bo_2)
                                         out[5] (net)
                  0.10    0.00    4.09 v out[5] (out)
                                  4.09   data arrival time

                  0.00   10.00   10.00   clock __VIRTUAL_CLK__ (rise edge)
                          0.00   10.00   clock network delay (ideal)
                         -0.25    9.75   clock uncertainty
                          0.00    9.75   clock reconvergence pessimism
                         -2.00    7.75   output external delay
                                  7.75   data required time
-----------------------------------------------------------------------------
                                  7.75   data required time
                                 -4.09   data arrival time
-----------------------------------------------------------------------------
                                  3.66   slack (MET)


Startpoint: opcode[0] (input port clocked by __VIRTUAL_CLK__)
Endpoint: out[3] (output port clocked by __VIRTUAL_CLK__)
Path Group: __VIRTUAL_CLK__
Path Type: max

Fanout     Cap    Slew   Delay    Time   Description
-----------------------------------------------------------------------------
                  0.00    0.00    0.00   clock __VIRTUAL_CLK__ (rise edge)
                          0.00    0.00   clock network delay (ideal)
                          2.00    2.00 v input external delay
     7    0.01    0.03    0.02    2.02 v opcode[0] (in)
                                         opcode[0] (net)
                  0.03    0.00    2.02 v _120_/A_N (sky130_fd_sc_hd__nand3b_2)
     9    0.03    0.17    0.30    2.32 v _120_/Y (sky130_fd_sc_hd__nand3b_2)
                                         _051_ (net)
                  0.17    0.00    2.32 v _122_/C (sky130_fd_sc_hd__and3_2)
     2    0.00    0.04    0.28    2.60 v _122_/X (sky130_fd_sc_hd__and3_2)
                                         _053_ (net)
                  0.04    0.00    2.60 v _124_/C (sky130_fd_sc_hd__or3_2)
     2    0.00    0.08    0.43    3.03 v _124_/X (sky130_fd_sc_hd__or3_2)
                                         _055_ (net)
                  0.08    0.00    3.03 v _135_/A1 (sky130_fd_sc_hd__a21o_2)
     4    0.01    0.05    0.23    3.26 v _135_/X (sky130_fd_sc_hd__a21o_2)
                                         _065_ (net)
                  0.05    0.00    3.26 v _153_/A1 (sky130_fd_sc_hd__a21o_2)
     2    0.01    0.04    0.20    3.47 v _153_/X (sky130_fd_sc_hd__a21o_2)
                                         _082_ (net)
                  0.04    0.00    3.47 v _155_/B (sky130_fd_sc_hd__or2_2)
     1    0.00    0.05    0.28    3.74 v _155_/X (sky130_fd_sc_hd__or2_2)
                                         _084_ (net)
                  0.05    0.00    3.74 v _160_/A3 (sky130_fd_sc_hd__a31o_2)
     1    0.03    0.11    0.34    4.08 v _160_/X (sky130_fd_sc_hd__a31o_2)
                                         out[3] (net)
                  0.11    0.00    4.08 v out[3] (out)
                                  4.08   data arrival time

                  0.00   10.00   10.00   clock __VIRTUAL_CLK__ (rise edge)
                          0.00   10.00   clock network delay (ideal)
                         -0.25    9.75   clock uncertainty
                          0.00    9.75   clock reconvergence pessimism
                         -2.00    7.75   output external delay
                                  7.75   data required time
-----------------------------------------------------------------------------
                                  7.75   data required time
                                 -4.08   data arrival time
-----------------------------------------------------------------------------
                                  3.67   slack (MET)


Startpoint: B[0] (input port clocked by __VIRTUAL_CLK__)
Endpoint: out[4] (output port clocked by __VIRTUAL_CLK__)
Path Group: __VIRTUAL_CLK__
Path Type: max

Fanout     Cap    Slew   Delay    Time   Description
-----------------------------------------------------------------------------
                  0.00    0.00    0.00   clock __VIRTUAL_CLK__ (rise edge)
                          0.00    0.00   clock network delay (ideal)
                          2.00    2.00 v input external delay
     9    0.02    0.04    0.03    2.03 v B[0] (in)
                                         B[0] (net)
                  0.04    0.00    2.03 v _146_/A (sky130_fd_sc_hd__or3_2)
     4    0.01    0.11    0.55    2.58 v _146_/X (sky130_fd_sc_hd__or3_2)
                                         _075_ (net)
                  0.11    0.00    2.58 v _147_/A2 (sky130_fd_sc_hd__a21bo_2)
     3    0.01    0.05    0.26    2.84 v _147_/X (sky130_fd_sc_hd__a21bo_2)
                                         _076_ (net)
                  0.05    0.00    2.84 v _150_/B (sky130_fd_sc_hd__and3_2)
     2    0.01    0.05    0.21    3.06 v _150_/X (sky130_fd_sc_hd__and3_2)
                                         _079_ (net)
                  0.05    0.00    3.06 v _165_/B1 (sky130_fd_sc_hd__a31o_2)
     1    0.00    0.04    0.21    3.27 v _165_/X (sky130_fd_sc_hd__a31o_2)
                                         _093_ (net)
                  0.04    0.00    3.27 v _166_/B1 (sky130_fd_sc_hd__a31o_2)
     3    0.01    0.05    0.24    3.51 v _166_/X (sky130_fd_sc_hd__a31o_2)
                                         _094_ (net)
                  0.05    0.00    3.51 v _169_/A2 (sky130_fd_sc_hd__o21a_2)
     1    0.00    0.03    0.20    3.70 v _169_/X (sky130_fd_sc_hd__o21a_2)
                                         _097_ (net)
                  0.03    0.00    3.70 v _180_/A2 (sky130_fd_sc_hd__a21bo_2)
     1    0.03    0.10    0.30    4.00 v _180_/X (sky130_fd_sc_hd__a21bo_2)
                                         out[4] (net)
                  0.10    0.00    4.00 v out[4] (out)
                                  4.00   data arrival time

                  0.00   10.00   10.00   clock __VIRTUAL_CLK__ (rise edge)
                          0.00   10.00   clock network delay (ideal)
                         -0.25    9.75   clock uncertainty
                          0.00    9.75   clock reconvergence pessimism
                         -2.00    7.75   output external delay
                                  7.75   data required time
-----------------------------------------------------------------------------
                                  7.75   data required time
                                 -4.00   data arrival time
-----------------------------------------------------------------------------
                                  3.75   slack (MET)


Startpoint: opcode[0] (input port clocked by __VIRTUAL_CLK__)
Endpoint: out[2] (output port clocked by __VIRTUAL_CLK__)
Path Group: __VIRTUAL_CLK__
Path Type: max

Fanout     Cap    Slew   Delay    Time   Description
-----------------------------------------------------------------------------
                  0.00    0.00    0.00   clock __VIRTUAL_CLK__ (rise edge)
                          0.00    0.00   clock network delay (ideal)
                          2.00    2.00 v input external delay
     7    0.01    0.03    0.02    2.02 v opcode[0] (in)
                                         opcode[0] (net)
                  0.03    0.00    2.02 v _120_/A_N (sky130_fd_sc_hd__nand3b_2)
     9    0.03    0.17    0.30    2.32 v _120_/Y (sky130_fd_sc_hd__nand3b_2)
                                         _051_ (net)
                  0.17    0.00    2.32 v _122_/C (sky130_fd_sc_hd__and3_2)
     2    0.00    0.04    0.28    2.60 v _122_/X (sky130_fd_sc_hd__and3_2)
                                         _053_ (net)
                  0.04    0.00    2.60 v _124_/C (sky130_fd_sc_hd__or3_2)
     2    0.00    0.08    0.43    3.03 v _124_/X (sky130_fd_sc_hd__or3_2)
                                         _055_ (net)
                  0.08    0.00    3.03 v _135_/A1 (sky130_fd_sc_hd__a21o_2)
     4    0.01    0.05    0.23    3.26 v _135_/X (sky130_fd_sc_hd__a21o_2)
                                         _065_ (net)
                  0.05    0.00    3.26 v _140_/A (sky130_fd_sc_hd__or2_2)
     1    0.00    0.05    0.30    3.56 v _140_/X (sky130_fd_sc_hd__or2_2)
                                         _070_ (net)
                  0.05    0.00    3.56 v _145_/A3 (sky130_fd_sc_hd__a31o_2)
     1    0.03    0.11    0.34    3.90 v _145_/X (sky130_fd_sc_hd__a31o_2)
                                         out[2] (net)
                  0.11    0.00    3.90 v out[2] (out)
                                  3.90   data arrival time

                  0.00   10.00   10.00   clock __VIRTUAL_CLK__ (rise edge)
                          0.00   10.00   clock network delay (ideal)
                         -0.25    9.75   clock uncertainty
                          0.00    9.75   clock reconvergence pessimism
                         -2.00    7.75   output external delay
                                  7.75   data required time
-----------------------------------------------------------------------------
                                  7.75   data required time
                                 -3.90   data arrival time
-----------------------------------------------------------------------------
                                  3.85   slack (MET)


Startpoint: opcode[1] (input port clocked by __VIRTUAL_CLK__)
Endpoint: out[0] (output port clocked by __VIRTUAL_CLK__)
Path Group: __VIRTUAL_CLK__
Path Type: max

Fanout     Cap    Slew   Delay    Time   Description
-----------------------------------------------------------------------------
                  0.00    0.00    0.00   clock __VIRTUAL_CLK__ (rise edge)
                          0.00    0.00   clock network delay (ideal)
                          2.00    2.00 v input external delay
    10    0.03    0.06    0.04    2.04 v opcode[1] (in)
                                         opcode[1] (net)
                  0.06    0.00    2.04 v _114_/C_N (sky130_fd_sc_hd__or3b_2)
     1    0.00    0.03    0.19    2.24 ^ _114_/X (sky130_fd_sc_hd__or3b_2)
                                         _046_ (net)
                  0.03    0.00    2.24 ^ _115_/A (sky130_fd_sc_hd__buf_1)
     7    0.03    0.35    0.30    2.54 ^ _115_/X (sky130_fd_sc_hd__buf_1)
                                         _047_ (net)
                  0.35    0.00    2.54 ^ _116_/A (sky130_fd_sc_hd__inv_2)
     2    0.01    0.07    0.07    2.61 v _116_/Y (sky130_fd_sc_hd__inv_2)
                                         _048_ (net)
                  0.07    0.00    2.61 v _117_/B2 (sky130_fd_sc_hd__o2bb2a_2)
     1    0.00    0.04    0.26    2.86 v _117_/X (sky130_fd_sc_hd__o2bb2a_2)
                                         _049_ (net)
                  0.04    0.00    2.86 v _118_/B2 (sky130_fd_sc_hd__o22a_2)
     1    0.00    0.03    0.18    3.04 v _118_/X (sky130_fd_sc_hd__o22a_2)
                                         _050_ (net)
                  0.03    0.00    3.04 v _119_/C1 (sky130_fd_sc_hd__a311o_2)
     1    0.03    0.13    0.42    3.46 v _119_/X (sky130_fd_sc_hd__a311o_2)
                                         out[0] (net)
                  0.13    0.00    3.46 v out[0] (out)
                                  3.46   data arrival time

                  0.00   10.00   10.00   clock __VIRTUAL_CLK__ (rise edge)
                          0.00   10.00   clock network delay (ideal)
                         -0.25    9.75   clock uncertainty
                          0.00    9.75   clock reconvergence pessimism
                         -2.00    7.75   output external delay
                                  7.75   data required time
-----------------------------------------------------------------------------
                                  7.75   data required time
                                 -3.46   data arrival time
-----------------------------------------------------------------------------
                                  4.29   slack (MET)



worst slack corner Typical: 3.2913
