
===========================================================================
report_checks -path_delay min (Hold)
============================================================================
======================= Typical Corner ===================================

Startpoint: A[0] (input port clocked by __VIRTUAL_CLK__)
Endpoint: out[0] (output port clocked by __VIRTUAL_CLK__)
Path Group: __VIRTUAL_CLK__
Path Type: min

Fanout     Cap    Slew   Delay    Time   Description
-----------------------------------------------------------------------------
                  0.00    0.00    0.00   clock __VIRTUAL_CLK__ (rise edge)
                          0.00    0.00   clock network delay (ideal)
                          2.00    2.00 v input external delay
     6    0.01    0.03    0.02    2.02 v A[0] (in)
                                         A[0] (net)
                  0.03    0.00    2.02 v _110_/A (sky130_fd_sc_hd__nor2_2)
     1    0.00    0.06    0.08    2.10 ^ _110_/Y (sky130_fd_sc_hd__nor2_2)
                                         _042_ (net)
                  0.06    0.00    2.10 ^ _119_/B1 (sky130_fd_sc_hd__a311o_2)
     1    0.03    0.18    0.20    2.31 ^ _119_/X (sky130_fd_sc_hd__a311o_2)
                                         out[0] (net)
                  0.18    0.00    2.31 ^ out[0] (out)
                                  2.31   data arrival time

                  0.00    0.00    0.00   clock __VIRTUAL_CLK__ (rise edge)
                          0.00    0.00   clock network delay (ideal)
                          0.25    0.25   clock uncertainty
                          0.00    0.25   clock reconvergence pessimism
                         -2.00   -1.75   output external delay
                                 -1.75   data required time
-----------------------------------------------------------------------------
                                 -1.75   data required time
                                 -2.31   data arrival time
-----------------------------------------------------------------------------
                                  4.06   slack (MET)


Startpoint: B[7] (input port clocked by __VIRTUAL_CLK__)
Endpoint: out[7] (output port clocked by __VIRTUAL_CLK__)
Path Group: __VIRTUAL_CLK__
Path Type: min

Fanout     Cap    Slew   Delay    Time   Description
-----------------------------------------------------------------------------
                  0.00    0.00    0.00   clock __VIRTUAL_CLK__ (rise edge)
                          0.00    0.00   clock network delay (ideal)
                          2.00    2.00 ^ input external delay
     3    0.01    0.05    0.03    2.03 ^ B[7] (in)
                                         B[7] (net)
                  0.05    0.00    2.03 ^ _217_/A1 (sky130_fd_sc_hd__a31o_2)
     1    0.00    0.03    0.12    2.15 ^ _217_/X (sky130_fd_sc_hd__a31o_2)
                                         _036_ (net)
                  0.03    0.00    2.15 ^ _218_/C1 (sky130_fd_sc_hd__a211o_2)
     1    0.00    0.03    0.07    2.23 ^ _218_/X (sky130_fd_sc_hd__a211o_2)
                                         _037_ (net)
                  0.03    0.00    2.23 ^ _219_/B1 (sky130_fd_sc_hd__a21o_2)
     1    0.03    0.17    0.17    2.39 ^ _219_/X (sky130_fd_sc_hd__a21o_2)
                                         out[7] (net)
                  0.17    0.00    2.39 ^ out[7] (out)
                                  2.39   data arrival time

                  0.00    0.00    0.00   clock __VIRTUAL_CLK__ (rise edge)
                          0.00    0.00   clock network delay (ideal)
                          0.25    0.25   clock uncertainty
                          0.00    0.25   clock reconvergence pessimism
                         -2.00   -1.75   output external delay
                                 -1.75   data required time
-----------------------------------------------------------------------------
                                 -1.75   data required time
                                 -2.39   data arrival time
-----------------------------------------------------------------------------
                                  4.14   slack (MET)


Startpoint: B[6] (input port clocked by __VIRTUAL_CLK__)
Endpoint: out[6] (output port clocked by __VIRTUAL_CLK__)
Path Group: __VIRTUAL_CLK__
Path Type: min

Fanout     Cap    Slew   Delay    Time   Description
-----------------------------------------------------------------------------
                  0.00    0.00    0.00   clock __VIRTUAL_CLK__ (rise edge)
                          0.00    0.00   clock network delay (ideal)
                          2.00    2.00 v input external delay
     4    0.02    0.04    0.03    2.03 v B[6] (in)
                                         B[6] (net)
                  0.04    0.00    2.03 v _202_/A (sky130_fd_sc_hd__nand2_2)
     2    0.01    0.05    0.06    2.09 ^ _202_/Y (sky130_fd_sc_hd__nand2_2)
                                         _022_ (net)
                  0.05    0.00    2.09 ^ _206_/A1 (sky130_fd_sc_hd__a21boi_2)
     1    0.00    0.03    0.04    2.13 v _206_/Y (sky130_fd_sc_hd__a21boi_2)
                                         _026_ (net)
                  0.03    0.00    2.13 v _207_/B1_N (sky130_fd_sc_hd__a21bo_2)
     1    0.03    0.18    0.27    2.40 ^ _207_/X (sky130_fd_sc_hd__a21bo_2)
                                         out[6] (net)
                  0.18    0.00    2.40 ^ out[6] (out)
                                  2.40   data arrival time

                  0.00    0.00    0.00   clock __VIRTUAL_CLK__ (rise edge)
                          0.00    0.00   clock network delay (ideal)
                          0.25    0.25   clock uncertainty
                          0.00    0.25   clock reconvergence pessimism
                         -2.00   -1.75   output external delay
                                 -1.75   data required time
-----------------------------------------------------------------------------
                                 -1.75   data required time
                                 -2.40   data arrival time
-----------------------------------------------------------------------------
                                  4.15   slack (MET)


Startpoint: A[3] (input port clocked by __VIRTUAL_CLK__)
Endpoint: out[3] (output port clocked by __VIRTUAL_CLK__)
Path Group: __VIRTUAL_CLK__
Path Type: min

Fanout     Cap    Slew   Delay    Time   Description
-----------------------------------------------------------------------------
                  0.00    0.00    0.00   clock __VIRTUAL_CLK__ (rise edge)
                          0.00    0.00   clock network delay (ideal)
                          2.00    2.00 v input external delay
     9    0.03    0.06    0.04    2.04 v A[3] (in)
                                         A[3] (net)
                  0.06    0.00    2.04 v _156_/A (sky130_fd_sc_hd__nor2_2)
     1    0.00    0.06    0.09    2.13 ^ _156_/Y (sky130_fd_sc_hd__nor2_2)
                                         _085_ (net)
                  0.06    0.00    2.13 ^ _159_/B1 (sky130_fd_sc_hd__a311o_2)
     1    0.00    0.03    0.09    2.23 ^ _159_/X (sky130_fd_sc_hd__a311o_2)
                                         _088_ (net)
                  0.03    0.00    2.23 ^ _160_/B1 (sky130_fd_sc_hd__a31o_2)
     1    0.03    0.19    0.19    2.42 ^ _160_/X (sky130_fd_sc_hd__a31o_2)
                                         out[3] (net)
                  0.19    0.00    2.42 ^ out[3] (out)
                                  2.42   data arrival time

                  0.00    0.00    0.00   clock __VIRTUAL_CLK__ (rise edge)
                          0.00    0.00   clock network delay (ideal)
                          0.25    0.25   clock uncertainty
                          0.00    0.25   clock reconvergence pessimism
                         -2.00   -1.75   output external delay
                                 -1.75   data required time
-----------------------------------------------------------------------------
                                 -1.75   data required time
                                 -2.42   data arrival time
-----------------------------------------------------------------------------
                                  4.17   slack (MET)


Startpoint: opcode[0] (input port clocked by __VIRTUAL_CLK__)
Endpoint: out[5] (output port clocked by __VIRTUAL_CLK__)
Path Group: __VIRTUAL_CLK__
Path Type: min

Fanout     Cap    Slew   Delay    Time   Description
-----------------------------------------------------------------------------
                  0.00    0.00    0.00   clock __VIRTUAL_CLK__ (rise edge)
                          0.00    0.00   clock network delay (ideal)
                          2.00    2.00 ^ input external delay
     7    0.01    0.07    0.05    2.05 ^ opcode[0] (in)
                                         opcode[0] (net)
                  0.07    0.00    2.05 ^ _168_/A1 (sky130_fd_sc_hd__o21a_2)
     4    0.01    0.06    0.15    2.20 ^ _168_/X (sky130_fd_sc_hd__o21a_2)
                                         _096_ (net)
                  0.06    0.00    2.20 ^ _194_/A1 (sky130_fd_sc_hd__a21bo_2)
     1    0.03    0.18    0.22    2.42 ^ _194_/X (sky130_fd_sc_hd__a21bo_2)
                                         out[5] (net)
                  0.18    0.00    2.42 ^ out[5] (out)
                                  2.42   data arrival time

                  0.00    0.00    0.00   clock __VIRTUAL_CLK__ (rise edge)
                          0.00    0.00   clock network delay (ideal)
                          0.25    0.25   clock uncertainty
                          0.00    0.25   clock reconvergence pessimism
                         -2.00   -1.75   output external delay
                                 -1.75   data required time
-----------------------------------------------------------------------------
                                 -1.75   data required time
                                 -2.42   data arrival time
-----------------------------------------------------------------------------
                                  4.17   slack (MET)


Startpoint: A[2] (input port clocked by __VIRTUAL_CLK__)
Endpoint: out[2] (output port clocked by __VIRTUAL_CLK__)
Path Group: __VIRTUAL_CLK__
Path Type: min

Fanout     Cap    Slew   Delay    Time   Description
-----------------------------------------------------------------------------
                  0.00    0.00    0.00   clock __VIRTUAL_CLK__ (rise edge)
                          0.00    0.00   clock network delay (ideal)
                          2.00    2.00 v input external delay
     9    0.03    0.07    0.05    2.05 v A[2] (in)
                                         A[2] (net)
                  0.07    0.00    2.05 v _143_/A (sky130_fd_sc_hd__nor2_2)
     1    0.00    0.06    0.09    2.14 ^ _143_/Y (sky130_fd_sc_hd__nor2_2)
                                         _073_ (net)
                  0.06    0.00    2.14 ^ _144_/C1 (sky130_fd_sc_hd__a311o_2)
     1    0.00    0.03    0.09    2.23 ^ _144_/X (sky130_fd_sc_hd__a311o_2)
                                         _074_ (net)
                  0.03    0.00    2.23 ^ _145_/B1 (sky130_fd_sc_hd__a31o_2)
     1    0.03    0.19    0.19    2.42 ^ _145_/X (sky130_fd_sc_hd__a31o_2)
                                         out[2] (net)
                  0.19    0.00    2.42 ^ out[2] (out)
                                  2.42   data arrival time

                  0.00    0.00    0.00   clock __VIRTUAL_CLK__ (rise edge)
                          0.00    0.00   clock network delay (ideal)
                          0.25    0.25   clock uncertainty
                          0.00    0.25   clock reconvergence pessimism
                         -2.00   -1.75   output external delay
                                 -1.75   data required time
-----------------------------------------------------------------------------
                                 -1.75   data required time
                                 -2.42   data arrival time
-----------------------------------------------------------------------------
                                  4.17   slack (MET)


Startpoint: A[4] (input port clocked by __VIRTUAL_CLK__)
Endpoint: out[4] (output port clocked by __VIRTUAL_CLK__)
Path Group: __VIRTUAL_CLK__
Path Type: min

Fanout     Cap    Slew   Delay    Time   Description
-----------------------------------------------------------------------------
                  0.00    0.00    0.00   clock __VIRTUAL_CLK__ (rise edge)
                          0.00    0.00   clock network delay (ideal)
                          2.00    2.00 ^ input external delay
     5    0.02    0.09    0.06    2.06 ^ A[4] (in)
                                         A[4] (net)
                  0.09    0.00    2.06 ^ _163_/A (sky130_fd_sc_hd__xnor2_2)
     3    0.01    0.05    0.09    2.15 v _163_/Y (sky130_fd_sc_hd__xnor2_2)
                                         _091_ (net)
                  0.05    0.00    2.15 v _167_/A (sky130_fd_sc_hd__nand2_2)
     2    0.01    0.05    0.06    2.21 ^ _167_/Y (sky130_fd_sc_hd__nand2_2)
                                         _095_ (net)
                  0.05    0.00    2.21 ^ _180_/A1 (sky130_fd_sc_hd__a21bo_2)
     1    0.03    0.18    0.22    2.43 ^ _180_/X (sky130_fd_sc_hd__a21bo_2)
                                         out[4] (net)
                  0.18    0.00    2.43 ^ out[4] (out)
                                  2.43   data arrival time

                  0.00    0.00    0.00   clock __VIRTUAL_CLK__ (rise edge)
                          0.00    0.00   clock network delay (ideal)
                          0.25    0.25   clock uncertainty
                          0.00    0.25   clock reconvergence pessimism
                         -2.00   -1.75   output external delay
                                 -1.75   data required time
-----------------------------------------------------------------------------
                                 -1.75   data required time
                                 -2.43   data arrival time
-----------------------------------------------------------------------------
                                  4.18   slack (MET)


Startpoint: A[1] (input port clocked by __VIRTUAL_CLK__)
Endpoint: out[1] (output port clocked by __VIRTUAL_CLK__)
Path Group: __VIRTUAL_CLK__
Path Type: min

Fanout     Cap    Slew   Delay    Time   Description
-----------------------------------------------------------------------------
                  0.00    0.00    0.00   clock __VIRTUAL_CLK__ (rise edge)
                          0.00    0.00   clock network delay (ideal)
                          2.00    2.00 v input external delay
     8    0.02    0.05    0.03    2.03 v A[1] (in)
                                         A[1] (net)
                  0.05    0.00    2.03 v _129_/A (sky130_fd_sc_hd__nor2_2)
     1    0.00    0.06    0.09    2.12 ^ _129_/Y (sky130_fd_sc_hd__nor2_2)
                                         _060_ (net)
                  0.06    0.00    2.12 ^ _130_/B1 (sky130_fd_sc_hd__a31o_2)
     1    0.00    0.03    0.08    2.20 ^ _130_/X (sky130_fd_sc_hd__a31o_2)
                                         _061_ (net)
                  0.03    0.00    2.20 ^ _133_/B (sky130_fd_sc_hd__or3_2)
     1    0.00    0.03    0.08    2.29 ^ _133_/X (sky130_fd_sc_hd__or3_2)
                                         _064_ (net)
                  0.03    0.00    2.29 ^ _134_/A (sky130_fd_sc_hd__buf_1)
     1    0.03    0.40    0.30    2.59 ^ _134_/X (sky130_fd_sc_hd__buf_1)
                                         out[1] (net)
                  0.40    0.00    2.59 ^ out[1] (out)
                                  2.59   data arrival time

                  0.00    0.00    0.00   clock __VIRTUAL_CLK__ (rise edge)
                          0.00    0.00   clock network delay (ideal)
                          0.25    0.25   clock uncertainty
                          0.00    0.25   clock reconvergence pessimism
                         -2.00   -1.75   output external delay
                                 -1.75   data required time
-----------------------------------------------------------------------------
                                 -1.75   data required time
                                 -2.59   data arrival time
-----------------------------------------------------------------------------
                                  4.34   slack (MET)



worst slack corner Typical: 4.0558
