
===========================================================================
report_checks -path_delay max (Setup)
============================================================================
======================= Fastest Corner ===================================

Startpoint: in[2] (input port clocked by __VIRTUAL_CLK__)
Endpoint: out[7] (output port clocked by __VIRTUAL_CLK__)
Path Group: __VIRTUAL_CLK__
Path Type: max
Corner: Fastest

Fanout     Cap    Slew   Delay    Time   Description
-----------------------------------------------------------------------------
                  0.00    0.00    0.00   clock __VIRTUAL_CLK__ (rise edge)
                          0.00    0.00   clock network delay (ideal)
                          2.00    2.00 v input external delay
     1    0.00    0.00    0.00    2.00 v in[2] (in)
                                         in[2] (net)
                  0.00    0.00    2.00 v input3/A (sky130_fd_sc_hd__buf_1)
     3    0.01    0.06    0.08    2.09 v input3/X (sky130_fd_sc_hd__buf_1)
                                         net3 (net)
                  0.06    0.00    2.09 v _09_/B (sky130_fd_sc_hd__or4_2)
     5    0.02    0.10    0.44    2.53 v _09_/X (sky130_fd_sc_hd__or4_2)
                                         _00_ (net)
                  0.10    0.00    2.53 v _15_/D (sky130_fd_sc_hd__or4_1)
     2    0.01    0.09    0.30    2.83 v _15_/X (sky130_fd_sc_hd__or4_1)
                                         _04_ (net)
                  0.09    0.00    2.83 v _18_/B (sky130_fd_sc_hd__xor2_1)
     1    0.01    0.15    0.17    2.99 ^ _18_/X (sky130_fd_sc_hd__xor2_1)
                                         net16 (net)
                  0.15    0.00    2.99 ^ output16/A (sky130_fd_sc_hd__clkbuf_4)
     1    0.03    0.09    0.16    3.16 ^ output16/X (sky130_fd_sc_hd__clkbuf_4)
                                         out[7] (net)
                  0.09    0.00    3.16 ^ out[7] (out)
                                  3.16   data arrival time

                  0.00   10.00   10.00   clock __VIRTUAL_CLK__ (rise edge)
                          0.00   10.00   clock network delay (ideal)
                         -0.25    9.75   clock uncertainty
                          0.00    9.75   clock reconvergence pessimism
                         -2.00    7.75   output external delay
                                  7.75   data required time
-----------------------------------------------------------------------------
                                  7.75   data required time
                                 -3.16   data arrival time
-----------------------------------------------------------------------------
                                  4.59   slack (MET)


Startpoint: in[2] (input port clocked by __VIRTUAL_CLK__)
Endpoint: out[6] (output port clocked by __VIRTUAL_CLK__)
Path Group: __VIRTUAL_CLK__
Path Type: max
Corner: Fastest

Fanout     Cap    Slew   Delay    Time   Description
-----------------------------------------------------------------------------
                  0.00    0.00    0.00   clock __VIRTUAL_CLK__ (rise edge)
                          0.00    0.00   clock network delay (ideal)
                          2.00    2.00 v input external delay
     1    0.00    0.00    0.00    2.00 v in[2] (in)
                                         in[2] (net)
                  0.00    0.00    2.00 v input3/A (sky130_fd_sc_hd__buf_1)
     3    0.01    0.06    0.08    2.09 v input3/X (sky130_fd_sc_hd__buf_1)
                                         net3 (net)
                  0.06    0.00    2.09 v _09_/B (sky130_fd_sc_hd__or4_2)
     5    0.02    0.10    0.44    2.53 v _09_/X (sky130_fd_sc_hd__or4_2)
                                         _00_ (net)
                  0.10    0.00    2.53 v _15_/D (sky130_fd_sc_hd__or4_1)
     2    0.01    0.09    0.30    2.83 v _15_/X (sky130_fd_sc_hd__or4_1)
                                         _04_ (net)
                  0.09    0.00    2.83 v _16_/B (sky130_fd_sc_hd__and2b_1)
     1    0.00    0.02    0.12    2.95 v _16_/X (sky130_fd_sc_hd__and2b_1)
                                         _05_ (net)
                  0.02    0.00    2.95 v _17_/A (sky130_fd_sc_hd__clkbuf_1)
     1    0.01    0.03    0.07    3.02 v _17_/X (sky130_fd_sc_hd__clkbuf_1)
                                         net15 (net)
                  0.03    0.00    3.02 v output15/A (sky130_fd_sc_hd__buf_2)
     1    0.03    0.06    0.12    3.14 v output15/X (sky130_fd_sc_hd__buf_2)
                                         out[6] (net)
                  0.06    0.00    3.14 v out[6] (out)
                                  3.14   data arrival time

                  0.00   10.00   10.00   clock __VIRTUAL_CLK__ (rise edge)
                          0.00   10.00   clock network delay (ideal)
                         -0.25    9.75   clock uncertainty
                          0.00    9.75   clock reconvergence pessimism
                         -2.00    7.75   output external delay
                                  7.75   data required time
-----------------------------------------------------------------------------
                                  7.75   data required time
                                 -3.14   data arrival time
-----------------------------------------------------------------------------
                                  4.61   slack (MET)


Startpoint: in[2] (input port clocked by __VIRTUAL_CLK__)
Endpoint: out[5] (output port clocked by __VIRTUAL_CLK__)
Path Group: __VIRTUAL_CLK__
Path Type: max
Corner: Fastest

Fanout     Cap    Slew   Delay    Time   Description
-----------------------------------------------------------------------------
                  0.00    0.00    0.00   clock __VIRTUAL_CLK__ (rise edge)
                          0.00    0.00   clock network delay (ideal)
                          2.00    2.00 v input external delay
     1    0.00    0.00    0.00    2.00 v in[2] (in)
                                         in[2] (net)
                  0.00    0.00    2.00 v input3/A (sky130_fd_sc_hd__buf_1)
     3    0.01    0.06    0.08    2.09 v input3/X (sky130_fd_sc_hd__buf_1)
                                         net3 (net)
                  0.06    0.00    2.09 v _09_/B (sky130_fd_sc_hd__or4_2)
     5    0.02    0.10    0.44    2.53 v _09_/X (sky130_fd_sc_hd__or4_2)
                                         _00_ (net)
                  0.10    0.00    2.53 v _10_/B (sky130_fd_sc_hd__nor2_1)
     2    0.01    0.15    0.16    2.69 ^ _10_/Y (sky130_fd_sc_hd__nor2_1)
                                         _01_ (net)
                  0.15    0.00    2.69 ^ _13_/B (sky130_fd_sc_hd__xnor2_1)
     1    0.01    0.13    0.10    2.79 ^ _13_/Y (sky130_fd_sc_hd__xnor2_1)
                                         net14 (net)
                  0.13    0.00    2.79 ^ output14/A (sky130_fd_sc_hd__buf_2)
     1    0.03    0.13    0.17    2.96 ^ output14/X (sky130_fd_sc_hd__buf_2)
                                         out[5] (net)
                  0.13    0.00    2.96 ^ out[5] (out)
                                  2.96   data arrival time

                  0.00   10.00   10.00   clock __VIRTUAL_CLK__ (rise edge)
                          0.00   10.00   clock network delay (ideal)
                         -0.25    9.75   clock uncertainty
                          0.00    9.75   clock reconvergence pessimism
                         -2.00    7.75   output external delay
                                  7.75   data required time
-----------------------------------------------------------------------------
                                  7.75   data required time
                                 -2.96   data arrival time
-----------------------------------------------------------------------------
                                  4.79   slack (MET)


Startpoint: in[2] (input port clocked by __VIRTUAL_CLK__)
Endpoint: out[4] (output port clocked by __VIRTUAL_CLK__)
Path Group: __VIRTUAL_CLK__
Path Type: max
Corner: Fastest

Fanout     Cap    Slew   Delay    Time   Description
-----------------------------------------------------------------------------
                  0.00    0.00    0.00   clock __VIRTUAL_CLK__ (rise edge)
                          0.00    0.00   clock network delay (ideal)
                          2.00    2.00 v input external delay
     1    0.00    0.00    0.00    2.00 v in[2] (in)
                                         in[2] (net)
                  0.00    0.00    2.00 v input3/A (sky130_fd_sc_hd__buf_1)
     3    0.01    0.06    0.08    2.09 v input3/X (sky130_fd_sc_hd__buf_1)
                                         net3 (net)
                  0.06    0.00    2.09 v _09_/B (sky130_fd_sc_hd__or4_2)
     5    0.02    0.10    0.44    2.53 v _09_/X (sky130_fd_sc_hd__or4_2)
                                         _00_ (net)
                  0.10    0.00    2.53 v _11_/B (sky130_fd_sc_hd__and2_1)
     1    0.00    0.03    0.14    2.66 v _11_/X (sky130_fd_sc_hd__and2_1)
                                         _02_ (net)
                  0.03    0.00    2.66 v _12_/B (sky130_fd_sc_hd__nor2_1)
     1    0.00    0.06    0.07    2.73 ^ _12_/Y (sky130_fd_sc_hd__nor2_1)
                                         net13 (net)
                  0.06    0.00    2.73 ^ output13/A (sky130_fd_sc_hd__buf_2)
     1    0.03    0.13    0.15    2.88 ^ output13/X (sky130_fd_sc_hd__buf_2)
                                         out[4] (net)
                  0.13    0.00    2.88 ^ out[4] (out)
                                  2.88   data arrival time

                  0.00   10.00   10.00   clock __VIRTUAL_CLK__ (rise edge)
                          0.00   10.00   clock network delay (ideal)
                         -0.25    9.75   clock uncertainty
                          0.00    9.75   clock reconvergence pessimism
                         -2.00    7.75   output external delay
                                  7.75   data required time
-----------------------------------------------------------------------------
                                  7.75   data required time
                                 -2.88   data arrival time
-----------------------------------------------------------------------------
                                  4.87   slack (MET)


Startpoint: in[2] (input port clocked by __VIRTUAL_CLK__)
Endpoint: out[3] (output port clocked by __VIRTUAL_CLK__)
Path Group: __VIRTUAL_CLK__
Path Type: max
Corner: Fastest

Fanout     Cap    Slew   Delay    Time   Description
-----------------------------------------------------------------------------
                  0.00    0.00    0.00   clock __VIRTUAL_CLK__ (rise edge)
                          0.00    0.00   clock network delay (ideal)
                          2.00    2.00 v input external delay
     1    0.00    0.00    0.00    2.00 v in[2] (in)
                                         in[2] (net)
                  0.00    0.00    2.00 v input3/A (sky130_fd_sc_hd__buf_1)
     3    0.01    0.06    0.08    2.09 v input3/X (sky130_fd_sc_hd__buf_1)
                                         net3 (net)
                  0.06    0.00    2.09 v _09_/B (sky130_fd_sc_hd__or4_2)
     5    0.02    0.10    0.44    2.53 v _09_/X (sky130_fd_sc_hd__or4_2)
                                         _00_ (net)
                  0.10    0.00    2.53 v _24_/B1_N (sky130_fd_sc_hd__a21boi_1)
     1    0.00    0.04    0.11    2.64 v _24_/Y (sky130_fd_sc_hd__a21boi_1)
                                         net12 (net)
                  0.04    0.00    2.64 v output12/A (sky130_fd_sc_hd__buf_2)
     1    0.03    0.06    0.13    2.77 v output12/X (sky130_fd_sc_hd__buf_2)
                                         out[3] (net)
                  0.06    0.00    2.77 v out[3] (out)
                                  2.77   data arrival time

                  0.00   10.00   10.00   clock __VIRTUAL_CLK__ (rise edge)
                          0.00   10.00   clock network delay (ideal)
                         -0.25    9.75   clock uncertainty
                          0.00    9.75   clock reconvergence pessimism
                         -2.00    7.75   output external delay
                                  7.75   data required time
-----------------------------------------------------------------------------
                                  7.75   data required time
                                 -2.77   data arrival time
-----------------------------------------------------------------------------
                                  4.98   slack (MET)


Startpoint: in[0] (input port clocked by __VIRTUAL_CLK__)
Endpoint: out[2] (output port clocked by __VIRTUAL_CLK__)
Path Group: __VIRTUAL_CLK__
Path Type: max
Corner: Fastest

Fanout     Cap    Slew   Delay    Time   Description
-----------------------------------------------------------------------------
                  0.00    0.00    0.00   clock __VIRTUAL_CLK__ (rise edge)
                          0.00    0.00   clock network delay (ideal)
                          2.00    2.00 v input external delay
     1    0.00    0.00    0.00    2.00 v in[0] (in)
                                         in[0] (net)
                  0.00    0.00    2.00 v input1/A (sky130_fd_sc_hd__dlymetal6s2s_1)
     5    0.02    0.08    0.13    2.13 v input1/X (sky130_fd_sc_hd__dlymetal6s2s_1)
                                         net1 (net)
                  0.08    0.00    2.14 v _20_/C (sky130_fd_sc_hd__or3_1)
     2    0.01    0.06    0.22    2.35 v _20_/X (sky130_fd_sc_hd__or3_1)
                                         _06_ (net)
                  0.06    0.00    2.35 v _22_/A (sky130_fd_sc_hd__and2_1)
     1    0.00    0.03    0.10    2.46 v _22_/X (sky130_fd_sc_hd__and2_1)
                                         _08_ (net)
                  0.03    0.00    2.46 v _23_/A (sky130_fd_sc_hd__clkbuf_1)
     1    0.00    0.02    0.06    2.52 v _23_/X (sky130_fd_sc_hd__clkbuf_1)
                                         net11 (net)
                  0.02    0.00    2.52 v output11/A (sky130_fd_sc_hd__buf_2)
     1    0.03    0.06    0.12    2.64 v output11/X (sky130_fd_sc_hd__buf_2)
                                         out[2] (net)
                  0.06    0.00    2.64 v out[2] (out)
                                  2.64   data arrival time

                  0.00   10.00   10.00   clock __VIRTUAL_CLK__ (rise edge)
                          0.00   10.00   clock network delay (ideal)
                         -0.25    9.75   clock uncertainty
                          0.00    9.75   clock reconvergence pessimism
                         -2.00    7.75   output external delay
                                  7.75   data required time
-----------------------------------------------------------------------------
                                  7.75   data required time
                                 -2.64   data arrival time
-----------------------------------------------------------------------------
                                  5.11   slack (MET)


Startpoint: in[0] (input port clocked by __VIRTUAL_CLK__)
Endpoint: out[1] (output port clocked by __VIRTUAL_CLK__)
Path Group: __VIRTUAL_CLK__
Path Type: max
Corner: Fastest

Fanout     Cap    Slew   Delay    Time   Description
-----------------------------------------------------------------------------
                  0.00    0.00    0.00   clock __VIRTUAL_CLK__ (rise edge)
                          0.00    0.00   clock network delay (ideal)
                          2.00    2.00 ^ input external delay
     1    0.00    0.01    0.01    2.01 ^ in[0] (in)
                                         in[0] (net)
                  0.01    0.00    2.01 ^ input1/A (sky130_fd_sc_hd__dlymetal6s2s_1)
     5    0.02    0.19    0.17    2.18 ^ input1/X (sky130_fd_sc_hd__dlymetal6s2s_1)
                                         net1 (net)
                  0.19    0.00    2.18 ^ _19_/B (sky130_fd_sc_hd__xor2_1)
     1    0.01    0.16    0.16    2.34 ^ _19_/X (sky130_fd_sc_hd__xor2_1)
                                         net10 (net)
                  0.16    0.00    2.34 ^ output10/A (sky130_fd_sc_hd__buf_2)
     1    0.03    0.13    0.17    2.51 ^ output10/X (sky130_fd_sc_hd__buf_2)
                                         out[1] (net)
                  0.13    0.00    2.51 ^ out[1] (out)
                                  2.51   data arrival time

                  0.00   10.00   10.00   clock __VIRTUAL_CLK__ (rise edge)
                          0.00   10.00   clock network delay (ideal)
                         -0.25    9.75   clock uncertainty
                          0.00    9.75   clock reconvergence pessimism
                         -2.00    7.75   output external delay
                                  7.75   data required time
-----------------------------------------------------------------------------
                                  7.75   data required time
                                 -2.51   data arrival time
-----------------------------------------------------------------------------
                                  5.24   slack (MET)


Startpoint: in[0] (input port clocked by __VIRTUAL_CLK__)
Endpoint: out[0] (output port clocked by __VIRTUAL_CLK__)
Path Group: __VIRTUAL_CLK__
Path Type: max
Corner: Fastest

Fanout     Cap    Slew   Delay    Time   Description
-----------------------------------------------------------------------------
                  0.00    0.00    0.00   clock __VIRTUAL_CLK__ (rise edge)
                          0.00    0.00   clock network delay (ideal)
                          2.00    2.00 ^ input external delay
     1    0.00    0.01    0.01    2.01 ^ in[0] (in)
                                         in[0] (net)
                  0.01    0.00    2.01 ^ input1/A (sky130_fd_sc_hd__dlymetal6s2s_1)
     5    0.02    0.19    0.17    2.18 ^ input1/X (sky130_fd_sc_hd__dlymetal6s2s_1)
                                         net1 (net)
                  0.19    0.00    2.18 ^ _25_/A (sky130_fd_sc_hd__clkbuf_1)
     1    0.01    0.06    0.08    2.26 ^ _25_/X (sky130_fd_sc_hd__clkbuf_1)
                                         net9 (net)
                  0.06    0.00    2.26 ^ output9/A (sky130_fd_sc_hd__buf_2)
     1    0.03    0.13    0.15    2.41 ^ output9/X (sky130_fd_sc_hd__buf_2)
                                         out[0] (net)
                  0.13    0.00    2.42 ^ out[0] (out)
                                  2.42   data arrival time

                  0.00   10.00   10.00   clock __VIRTUAL_CLK__ (rise edge)
                          0.00   10.00   clock network delay (ideal)
                         -0.25    9.75   clock uncertainty
                          0.00    9.75   clock reconvergence pessimism
                         -2.00    7.75   output external delay
                                  7.75   data required time
-----------------------------------------------------------------------------
                                  7.75   data required time
                                 -2.42   data arrival time
-----------------------------------------------------------------------------
                                  5.33   slack (MET)



worst slack corner Fastest: 4.5907
======================= Slowest Corner ===================================

Startpoint: in[2] (input port clocked by __VIRTUAL_CLK__)
Endpoint: out[6] (output port clocked by __VIRTUAL_CLK__)
Path Group: __VIRTUAL_CLK__
Path Type: max
Corner: Slowest

Fanout     Cap    Slew   Delay    Time   Description
-----------------------------------------------------------------------------
                  0.00    0.00    0.00   clock __VIRTUAL_CLK__ (rise edge)
                          0.00    0.00   clock network delay (ideal)
                          2.00    2.00 v input external delay
     1    0.00    0.02    0.01    2.01 v in[2] (in)
                                         in[2] (net)
                  0.02    0.00    2.01 v input3/A (sky130_fd_sc_hd__buf_1)
     3    0.01    0.16    0.24    2.24 v input3/X (sky130_fd_sc_hd__buf_1)
                                         net3 (net)
                  0.16    0.00    2.25 v _09_/B (sky130_fd_sc_hd__or4_2)
     5    0.02    0.33    1.84    4.09 v _09_/X (sky130_fd_sc_hd__or4_2)
                                         _00_ (net)
                  0.33    0.00    4.09 v _15_/D (sky130_fd_sc_hd__or4_1)
     2    0.01    0.27    1.25    5.34 v _15_/X (sky130_fd_sc_hd__or4_1)
                                         _04_ (net)
                  0.27    0.00    5.34 v _16_/B (sky130_fd_sc_hd__and2b_1)
     1    0.00    0.06    0.43    5.77 v _16_/X (sky130_fd_sc_hd__and2b_1)
                                         _05_ (net)
                  0.06    0.00    5.77 v _17_/A (sky130_fd_sc_hd__clkbuf_1)
     1    0.01    0.08    0.19    5.96 v _17_/X (sky130_fd_sc_hd__clkbuf_1)
                                         net15 (net)
                  0.08    0.00    5.96 v output15/A (sky130_fd_sc_hd__buf_2)
     1    0.03    0.17    0.37    6.33 v output15/X (sky130_fd_sc_hd__buf_2)
                                         out[6] (net)
                  0.17    0.00    6.33 v out[6] (out)
                                  6.33   data arrival time

                  0.00   10.00   10.00   clock __VIRTUAL_CLK__ (rise edge)
                          0.00   10.00   clock network delay (ideal)
                         -0.25    9.75   clock uncertainty
                          0.00    9.75   clock reconvergence pessimism
                         -2.00    7.75   output external delay
                                  7.75   data required time
-----------------------------------------------------------------------------
                                  7.75   data required time
                                 -6.33   data arrival time
-----------------------------------------------------------------------------
                                  1.42   slack (MET)


Startpoint: in[2] (input port clocked by __VIRTUAL_CLK__)
Endpoint: out[7] (output port clocked by __VIRTUAL_CLK__)
Path Group: __VIRTUAL_CLK__
Path Type: max
Corner: Slowest

Fanout     Cap    Slew   Delay    Time   Description
-----------------------------------------------------------------------------
                  0.00    0.00    0.00   clock __VIRTUAL_CLK__ (rise edge)
                          0.00    0.00   clock network delay (ideal)
                          2.00    2.00 v input external delay
     1    0.00    0.02    0.01    2.01 v in[2] (in)
                                         in[2] (net)
                  0.02    0.00    2.01 v input3/A (sky130_fd_sc_hd__buf_1)
     3    0.01    0.16    0.24    2.24 v input3/X (sky130_fd_sc_hd__buf_1)
                                         net3 (net)
                  0.16    0.00    2.25 v _09_/B (sky130_fd_sc_hd__or4_2)
     5    0.02    0.33    1.84    4.09 v _09_/X (sky130_fd_sc_hd__or4_2)
                                         _00_ (net)
                  0.33    0.00    4.09 v _15_/D (sky130_fd_sc_hd__or4_1)
     2    0.01    0.27    1.25    5.34 v _15_/X (sky130_fd_sc_hd__or4_1)
                                         _04_ (net)
                  0.27    0.00    5.34 v _18_/B (sky130_fd_sc_hd__xor2_1)
     1    0.01    0.34    0.43    5.77 ^ _18_/X (sky130_fd_sc_hd__xor2_1)
                                         net16 (net)
                  0.34    0.00    5.77 ^ output16/A (sky130_fd_sc_hd__clkbuf_4)
     1    0.03    0.18    0.47    6.24 ^ output16/X (sky130_fd_sc_hd__clkbuf_4)
                                         out[7] (net)
                  0.18    0.00    6.24 ^ out[7] (out)
                                  6.24   data arrival time

                  0.00   10.00   10.00   clock __VIRTUAL_CLK__ (rise edge)
                          0.00   10.00   clock network delay (ideal)
                         -0.25    9.75   clock uncertainty
                          0.00    9.75   clock reconvergence pessimism
                         -2.00    7.75   output external delay
                                  7.75   data required time
-----------------------------------------------------------------------------
                                  7.75   data required time
                                 -6.24   data arrival time
-----------------------------------------------------------------------------
                                  1.51   slack (MET)


Startpoint: in[2] (input port clocked by __VIRTUAL_CLK__)
Endpoint: out[5] (output port clocked by __VIRTUAL_CLK__)
Path Group: __VIRTUAL_CLK__
Path Type: max
Corner: Slowest

Fanout     Cap    Slew   Delay    Time   Description
-----------------------------------------------------------------------------
                  0.00    0.00    0.00   clock __VIRTUAL_CLK__ (rise edge)
                          0.00    0.00   clock network delay (ideal)
                          2.00    2.00 v input external delay
     1    0.00    0.02    0.01    2.01 v in[2] (in)
                                         in[2] (net)
                  0.02    0.00    2.01 v input3/A (sky130_fd_sc_hd__buf_1)
     3    0.01    0.16    0.24    2.24 v input3/X (sky130_fd_sc_hd__buf_1)
                                         net3 (net)
                  0.16    0.00    2.25 v _09_/B (sky130_fd_sc_hd__or4_2)
     5    0.02    0.33    1.84    4.09 v _09_/X (sky130_fd_sc_hd__or4_2)
                                         _00_ (net)
                  0.33    0.00    4.09 v _10_/B (sky130_fd_sc_hd__nor2_1)
     2    0.01    0.36    0.44    4.52 ^ _10_/Y (sky130_fd_sc_hd__nor2_1)
                                         _01_ (net)
                  0.36    0.00    4.53 ^ _13_/B (sky130_fd_sc_hd__xnor2_1)
     1    0.01    0.30    0.36    4.88 ^ _13_/Y (sky130_fd_sc_hd__xnor2_1)
                                         net14 (net)
                  0.30    0.00    4.88 ^ output14/A (sky130_fd_sc_hd__buf_2)
     1    0.03    0.27    0.47    5.35 ^ output14/X (sky130_fd_sc_hd__buf_2)
                                         out[5] (net)
                  0.27    0.00    5.35 ^ out[5] (out)
                                  5.35   data arrival time

                  0.00   10.00   10.00   clock __VIRTUAL_CLK__ (rise edge)
                          0.00   10.00   clock network delay (ideal)
                         -0.25    9.75   clock uncertainty
                          0.00    9.75   clock reconvergence pessimism
                         -2.00    7.75   output external delay
                                  7.75   data required time
-----------------------------------------------------------------------------
                                  7.75   data required time
                                 -5.35   data arrival time
-----------------------------------------------------------------------------
                                  2.40   slack (MET)


Startpoint: in[2] (input port clocked by __VIRTUAL_CLK__)
Endpoint: out[4] (output port clocked by __VIRTUAL_CLK__)
Path Group: __VIRTUAL_CLK__
Path Type: max
Corner: Slowest

Fanout     Cap    Slew   Delay    Time   Description
-----------------------------------------------------------------------------
                  0.00    0.00    0.00   clock __VIRTUAL_CLK__ (rise edge)
                          0.00    0.00   clock network delay (ideal)
                          2.00    2.00 v input external delay
     1    0.00    0.02    0.01    2.01 v in[2] (in)
                                         in[2] (net)
                  0.02    0.00    2.01 v input3/A (sky130_fd_sc_hd__buf_1)
     3    0.01    0.16    0.24    2.24 v input3/X (sky130_fd_sc_hd__buf_1)
                                         net3 (net)
                  0.16    0.00    2.25 v _09_/B (sky130_fd_sc_hd__or4_2)
     5    0.02    0.33    1.84    4.09 v _09_/X (sky130_fd_sc_hd__or4_2)
                                         _00_ (net)
                  0.33    0.00    4.09 v _11_/B (sky130_fd_sc_hd__and2_1)
     1    0.00    0.08    0.48    4.57 v _11_/X (sky130_fd_sc_hd__and2_1)
                                         _02_ (net)
                  0.08    0.00    4.57 v _12_/B (sky130_fd_sc_hd__nor2_1)
     1    0.00    0.15    0.17    4.74 ^ _12_/Y (sky130_fd_sc_hd__nor2_1)
                                         net13 (net)
                  0.15    0.00    4.74 ^ output13/A (sky130_fd_sc_hd__buf_2)
     1    0.03    0.27    0.40    5.14 ^ output13/X (sky130_fd_sc_hd__buf_2)
                                         out[4] (net)
                  0.27    0.00    5.14 ^ out[4] (out)
                                  5.14   data arrival time

                  0.00   10.00   10.00   clock __VIRTUAL_CLK__ (rise edge)
                          0.00   10.00   clock network delay (ideal)
                         -0.25    9.75   clock uncertainty
                          0.00    9.75   clock reconvergence pessimism
                         -2.00    7.75   output external delay
                                  7.75   data required time
-----------------------------------------------------------------------------
                                  7.75   data required time
                                 -5.14   data arrival time
-----------------------------------------------------------------------------
                                  2.61   slack (MET)


Startpoint: in[2] (input port clocked by __VIRTUAL_CLK__)
Endpoint: out[3] (output port clocked by __VIRTUAL_CLK__)
Path Group: __VIRTUAL_CLK__
Path Type: max
Corner: Slowest

Fanout     Cap    Slew   Delay    Time   Description
-----------------------------------------------------------------------------
                  0.00    0.00    0.00   clock __VIRTUAL_CLK__ (rise edge)
                          0.00    0.00   clock network delay (ideal)
                          2.00    2.00 v input external delay
     1    0.00    0.02    0.01    2.01 v in[2] (in)
                                         in[2] (net)
                  0.02    0.00    2.01 v input3/A (sky130_fd_sc_hd__buf_1)
     3    0.01    0.16    0.24    2.24 v input3/X (sky130_fd_sc_hd__buf_1)
                                         net3 (net)
                  0.16    0.00    2.25 v _09_/B (sky130_fd_sc_hd__or4_2)
     5    0.02    0.33    1.84    4.09 v _09_/X (sky130_fd_sc_hd__or4_2)
                                         _00_ (net)
                  0.33    0.00    4.09 v _24_/B1_N (sky130_fd_sc_hd__a21boi_1)
     1    0.00    0.10    0.40    4.49 v _24_/Y (sky130_fd_sc_hd__a21boi_1)
                                         net12 (net)
                  0.10    0.00    4.49 v output12/A (sky130_fd_sc_hd__buf_2)
     1    0.03    0.17    0.38    4.87 v output12/X (sky130_fd_sc_hd__buf_2)
                                         out[3] (net)
                  0.17    0.00    4.87 v out[3] (out)
                                  4.87   data arrival time

                  0.00   10.00   10.00   clock __VIRTUAL_CLK__ (rise edge)
                          0.00   10.00   clock network delay (ideal)
                         -0.25    9.75   clock uncertainty
                          0.00    9.75   clock reconvergence pessimism
                         -2.00    7.75   output external delay
                                  7.75   data required time
-----------------------------------------------------------------------------
                                  7.75   data required time
                                 -4.87   data arrival time
-----------------------------------------------------------------------------
                                  2.88   slack (MET)


Startpoint: in[0] (input port clocked by __VIRTUAL_CLK__)
Endpoint: out[2] (output port clocked by __VIRTUAL_CLK__)
Path Group: __VIRTUAL_CLK__
Path Type: max
Corner: Slowest

Fanout     Cap    Slew   Delay    Time   Description
-----------------------------------------------------------------------------
                  0.00    0.00    0.00   clock __VIRTUAL_CLK__ (rise edge)
                          0.00    0.00   clock network delay (ideal)
                          2.00    2.00 v input external delay
     1    0.00    0.02    0.01    2.01 v in[0] (in)
                                         in[0] (net)
                  0.02    0.00    2.01 v input1/A (sky130_fd_sc_hd__dlymetal6s2s_1)
     5    0.02    0.22    0.41    2.42 v input1/X (sky130_fd_sc_hd__dlymetal6s2s_1)
                                         net1 (net)
                  0.22    0.00    2.42 v _20_/C (sky130_fd_sc_hd__or3_1)
     2    0.01    0.18    0.87    3.29 v _20_/X (sky130_fd_sc_hd__or3_1)
                                         _06_ (net)
                  0.18    0.00    3.29 v _22_/A (sky130_fd_sc_hd__and2_1)
     1    0.00    0.08    0.36    3.65 v _22_/X (sky130_fd_sc_hd__and2_1)
                                         _08_ (net)
                  0.08    0.00    3.65 v _23_/A (sky130_fd_sc_hd__clkbuf_1)
     1    0.00    0.06    0.19    3.84 v _23_/X (sky130_fd_sc_hd__clkbuf_1)
                                         net11 (net)
                  0.06    0.00    3.84 v output11/A (sky130_fd_sc_hd__buf_2)
     1    0.03    0.16    0.36    4.20 v output11/X (sky130_fd_sc_hd__buf_2)
                                         out[2] (net)
                  0.16    0.00    4.20 v out[2] (out)
                                  4.20   data arrival time

                  0.00   10.00   10.00   clock __VIRTUAL_CLK__ (rise edge)
                          0.00   10.00   clock network delay (ideal)
                         -0.25    9.75   clock uncertainty
                          0.00    9.75   clock reconvergence pessimism
                         -2.00    7.75   output external delay
                                  7.75   data required time
-----------------------------------------------------------------------------
                                  7.75   data required time
                                 -4.20   data arrival time
-----------------------------------------------------------------------------
                                  3.55   slack (MET)


Startpoint: in[0] (input port clocked by __VIRTUAL_CLK__)
Endpoint: out[1] (output port clocked by __VIRTUAL_CLK__)
Path Group: __VIRTUAL_CLK__
Path Type: max
Corner: Slowest

Fanout     Cap    Slew   Delay    Time   Description
-----------------------------------------------------------------------------
                  0.00    0.00    0.00   clock __VIRTUAL_CLK__ (rise edge)
                          0.00    0.00   clock network delay (ideal)
                          2.00    2.00 ^ input external delay
     1    0.00    0.03    0.02    2.02 ^ in[0] (in)
                                         in[0] (net)
                  0.03    0.00    2.02 ^ input1/A (sky130_fd_sc_hd__dlymetal6s2s_1)
     5    0.02    0.36    0.37    2.39 ^ input1/X (sky130_fd_sc_hd__dlymetal6s2s_1)
                                         net1 (net)
                  0.36    0.00    2.39 ^ _19_/B (sky130_fd_sc_hd__xor2_1)
     1    0.01    0.36    0.50    2.89 ^ _19_/X (sky130_fd_sc_hd__xor2_1)
                                         net10 (net)
                  0.36    0.00    2.89 ^ output10/A (sky130_fd_sc_hd__buf_2)
     1    0.03    0.27    0.49    3.38 ^ output10/X (sky130_fd_sc_hd__buf_2)
                                         out[1] (net)
                  0.27    0.00    3.38 ^ out[1] (out)
                                  3.38   data arrival time

                  0.00   10.00   10.00   clock __VIRTUAL_CLK__ (rise edge)
                          0.00   10.00   clock network delay (ideal)
                         -0.25    9.75   clock uncertainty
                          0.00    9.75   clock reconvergence pessimism
                         -2.00    7.75   output external delay
                                  7.75   data required time
-----------------------------------------------------------------------------
                                  7.75   data required time
                                 -3.38   data arrival time
-----------------------------------------------------------------------------
                                  4.37   slack (MET)


Startpoint: in[0] (input port clocked by __VIRTUAL_CLK__)
Endpoint: out[0] (output port clocked by __VIRTUAL_CLK__)
Path Group: __VIRTUAL_CLK__
Path Type: max
Corner: Slowest

Fanout     Cap    Slew   Delay    Time   Description
-----------------------------------------------------------------------------
                  0.00    0.00    0.00   clock __VIRTUAL_CLK__ (rise edge)
                          0.00    0.00   clock network delay (ideal)
                          2.00    2.00 ^ input external delay
     1    0.00    0.03    0.02    2.02 ^ in[0] (in)
                                         in[0] (net)
                  0.03    0.00    2.02 ^ input1/A (sky130_fd_sc_hd__dlymetal6s2s_1)
     5    0.02    0.36    0.37    2.39 ^ input1/X (sky130_fd_sc_hd__dlymetal6s2s_1)
                                         net1 (net)
                  0.36    0.00    2.39 ^ _25_/A (sky130_fd_sc_hd__clkbuf_1)
     1    0.01    0.13    0.31    2.70 ^ _25_/X (sky130_fd_sc_hd__clkbuf_1)
                                         net9 (net)
                  0.13    0.00    2.70 ^ output9/A (sky130_fd_sc_hd__buf_2)
     1    0.03    0.28    0.39    3.09 ^ output9/X (sky130_fd_sc_hd__buf_2)
                                         out[0] (net)
                  0.28    0.00    3.10 ^ out[0] (out)
                                  3.10   data arrival time

                  0.00   10.00   10.00   clock __VIRTUAL_CLK__ (rise edge)
                          0.00   10.00   clock network delay (ideal)
                         -0.25    9.75   clock uncertainty
                          0.00    9.75   clock reconvergence pessimism
                         -2.00    7.75   output external delay
                                  7.75   data required time
-----------------------------------------------------------------------------
                                  7.75   data required time
                                 -3.10   data arrival time
-----------------------------------------------------------------------------
                                  4.65   slack (MET)



worst slack corner Slowest: 1.4188
======================= Typical Corner ===================================

Startpoint: in[2] (input port clocked by __VIRTUAL_CLK__)
Endpoint: out[7] (output port clocked by __VIRTUAL_CLK__)
Path Group: __VIRTUAL_CLK__
Path Type: max
Corner: Typical

Fanout     Cap    Slew   Delay    Time   Description
-----------------------------------------------------------------------------
                  0.00    0.00    0.00   clock __VIRTUAL_CLK__ (rise edge)
                          0.00    0.00   clock network delay (ideal)
                          2.00    2.00 v input external delay
     1    0.00    0.01    0.00    2.00 v in[2] (in)
                                         in[2] (net)
                  0.01    0.00    2.00 v input3/A (sky130_fd_sc_hd__buf_1)
     3    0.01    0.08    0.12    2.13 v input3/X (sky130_fd_sc_hd__buf_1)
                                         net3 (net)
                  0.08    0.00    2.13 v _09_/B (sky130_fd_sc_hd__or4_2)
     5    0.02    0.15    0.78    2.91 v _09_/X (sky130_fd_sc_hd__or4_2)
                                         _00_ (net)
                  0.15    0.00    2.91 v _15_/D (sky130_fd_sc_hd__or4_1)
     2    0.01    0.13    0.52    3.43 v _15_/X (sky130_fd_sc_hd__or4_1)
                                         _04_ (net)
                  0.13    0.00    3.43 v _18_/B (sky130_fd_sc_hd__xor2_1)
     1    0.01    0.21    0.24    3.67 ^ _18_/X (sky130_fd_sc_hd__xor2_1)
                                         net16 (net)
                  0.21    0.00    3.67 ^ output16/A (sky130_fd_sc_hd__clkbuf_4)
     1    0.03    0.11    0.25    3.93 ^ output16/X (sky130_fd_sc_hd__clkbuf_4)
                                         out[7] (net)
                  0.11    0.00    3.93 ^ out[7] (out)
                                  3.93   data arrival time

                  0.00   10.00   10.00   clock __VIRTUAL_CLK__ (rise edge)
                          0.00   10.00   clock network delay (ideal)
                         -0.25    9.75   clock uncertainty
                          0.00    9.75   clock reconvergence pessimism
                         -2.00    7.75   output external delay
                                  7.75   data required time
-----------------------------------------------------------------------------
                                  7.75   data required time
                                 -3.93   data arrival time
-----------------------------------------------------------------------------
                                  3.82   slack (MET)


Startpoint: in[2] (input port clocked by __VIRTUAL_CLK__)
Endpoint: out[6] (output port clocked by __VIRTUAL_CLK__)
Path Group: __VIRTUAL_CLK__
Path Type: max
Corner: Typical

Fanout     Cap    Slew   Delay    Time   Description
-----------------------------------------------------------------------------
                  0.00    0.00    0.00   clock __VIRTUAL_CLK__ (rise edge)
                          0.00    0.00   clock network delay (ideal)
                          2.00    2.00 v input external delay
     1    0.00    0.01    0.00    2.00 v in[2] (in)
                                         in[2] (net)
                  0.01    0.00    2.00 v input3/A (sky130_fd_sc_hd__buf_1)
     3    0.01    0.08    0.12    2.13 v input3/X (sky130_fd_sc_hd__buf_1)
                                         net3 (net)
                  0.08    0.00    2.13 v _09_/B (sky130_fd_sc_hd__or4_2)
     5    0.02    0.15    0.78    2.91 v _09_/X (sky130_fd_sc_hd__or4_2)
                                         _00_ (net)
                  0.15    0.00    2.91 v _15_/D (sky130_fd_sc_hd__or4_1)
     2    0.01    0.13    0.52    3.43 v _15_/X (sky130_fd_sc_hd__or4_1)
                                         _04_ (net)
                  0.13    0.00    3.43 v _16_/B (sky130_fd_sc_hd__and2b_1)
     1    0.00    0.03    0.20    3.62 v _16_/X (sky130_fd_sc_hd__and2b_1)
                                         _05_ (net)
                  0.03    0.00    3.63 v _17_/A (sky130_fd_sc_hd__clkbuf_1)
     1    0.01    0.04    0.10    3.73 v _17_/X (sky130_fd_sc_hd__clkbuf_1)
                                         net15 (net)
                  0.04    0.00    3.73 v output15/A (sky130_fd_sc_hd__buf_2)
     1    0.03    0.09    0.19    3.91 v output15/X (sky130_fd_sc_hd__buf_2)
                                         out[6] (net)
                  0.09    0.00    3.92 v out[6] (out)
                                  3.92   data arrival time

                  0.00   10.00   10.00   clock __VIRTUAL_CLK__ (rise edge)
                          0.00   10.00   clock network delay (ideal)
                         -0.25    9.75   clock uncertainty
                          0.00    9.75   clock reconvergence pessimism
                         -2.00    7.75   output external delay
                                  7.75   data required time
-----------------------------------------------------------------------------
                                  7.75   data required time
                                 -3.92   data arrival time
-----------------------------------------------------------------------------
                                  3.83   slack (MET)


Startpoint: in[2] (input port clocked by __VIRTUAL_CLK__)
Endpoint: out[5] (output port clocked by __VIRTUAL_CLK__)
Path Group: __VIRTUAL_CLK__
Path Type: max
Corner: Typical

Fanout     Cap    Slew   Delay    Time   Description
-----------------------------------------------------------------------------
                  0.00    0.00    0.00   clock __VIRTUAL_CLK__ (rise edge)
                          0.00    0.00   clock network delay (ideal)
                          2.00    2.00 v input external delay
     1    0.00    0.01    0.00    2.00 v in[2] (in)
                                         in[2] (net)
                  0.01    0.00    2.00 v input3/A (sky130_fd_sc_hd__buf_1)
     3    0.01    0.08    0.12    2.13 v input3/X (sky130_fd_sc_hd__buf_1)
                                         net3 (net)
                  0.08    0.00    2.13 v _09_/B (sky130_fd_sc_hd__or4_2)
     5    0.02    0.15    0.78    2.91 v _09_/X (sky130_fd_sc_hd__or4_2)
                                         _00_ (net)
                  0.15    0.00    2.91 v _10_/B (sky130_fd_sc_hd__nor2_1)
     2    0.01    0.22    0.24    3.14 ^ _10_/Y (sky130_fd_sc_hd__nor2_1)
                                         _01_ (net)
                  0.22    0.00    3.14 ^ _13_/B (sky130_fd_sc_hd__xnor2_1)
     1    0.01    0.18    0.18    3.33 ^ _13_/Y (sky130_fd_sc_hd__xnor2_1)
                                         net14 (net)
                  0.18    0.00    3.33 ^ output14/A (sky130_fd_sc_hd__buf_2)
     1    0.03    0.17    0.25    3.58 ^ output14/X (sky130_fd_sc_hd__buf_2)
                                         out[5] (net)
                  0.17    0.00    3.58 ^ out[5] (out)
                                  3.58   data arrival time

                  0.00   10.00   10.00   clock __VIRTUAL_CLK__ (rise edge)
                          0.00   10.00   clock network delay (ideal)
                         -0.25    9.75   clock uncertainty
                          0.00    9.75   clock reconvergence pessimism
                         -2.00    7.75   output external delay
                                  7.75   data required time
-----------------------------------------------------------------------------
                                  7.75   data required time
                                 -3.58   data arrival time
-----------------------------------------------------------------------------
                                  4.17   slack (MET)


Startpoint: in[2] (input port clocked by __VIRTUAL_CLK__)
Endpoint: out[4] (output port clocked by __VIRTUAL_CLK__)
Path Group: __VIRTUAL_CLK__
Path Type: max
Corner: Typical

Fanout     Cap    Slew   Delay    Time   Description
-----------------------------------------------------------------------------
                  0.00    0.00    0.00   clock __VIRTUAL_CLK__ (rise edge)
                          0.00    0.00   clock network delay (ideal)
                          2.00    2.00 v input external delay
     1    0.00    0.01    0.00    2.00 v in[2] (in)
                                         in[2] (net)
                  0.01    0.00    2.00 v input3/A (sky130_fd_sc_hd__buf_1)
     3    0.01    0.08    0.12    2.13 v input3/X (sky130_fd_sc_hd__buf_1)
                                         net3 (net)
                  0.08    0.00    2.13 v _09_/B (sky130_fd_sc_hd__or4_2)
     5    0.02    0.15    0.78    2.91 v _09_/X (sky130_fd_sc_hd__or4_2)
                                         _00_ (net)
                  0.15    0.00    2.91 v _11_/B (sky130_fd_sc_hd__and2_1)
     1    0.00    0.04    0.22    3.12 v _11_/X (sky130_fd_sc_hd__and2_1)
                                         _02_ (net)
                  0.04    0.00    3.12 v _12_/B (sky130_fd_sc_hd__nor2_1)
     1    0.00    0.09    0.09    3.22 ^ _12_/Y (sky130_fd_sc_hd__nor2_1)
                                         net13 (net)
                  0.09    0.00    3.22 ^ output13/A (sky130_fd_sc_hd__buf_2)
     1    0.03    0.17    0.22    3.44 ^ output13/X (sky130_fd_sc_hd__buf_2)
                                         out[4] (net)
                  0.17    0.00    3.45 ^ out[4] (out)
                                  3.45   data arrival time

                  0.00   10.00   10.00   clock __VIRTUAL_CLK__ (rise edge)
                          0.00   10.00   clock network delay (ideal)
                         -0.25    9.75   clock uncertainty
                          0.00    9.75   clock reconvergence pessimism
                         -2.00    7.75   output external delay
                                  7.75   data required time
-----------------------------------------------------------------------------
                                  7.75   data required time
                                 -3.45   data arrival time
-----------------------------------------------------------------------------
                                  4.30   slack (MET)


Startpoint: in[2] (input port clocked by __VIRTUAL_CLK__)
Endpoint: out[3] (output port clocked by __VIRTUAL_CLK__)
Path Group: __VIRTUAL_CLK__
Path Type: max
Corner: Typical

Fanout     Cap    Slew   Delay    Time   Description
-----------------------------------------------------------------------------
                  0.00    0.00    0.00   clock __VIRTUAL_CLK__ (rise edge)
                          0.00    0.00   clock network delay (ideal)
                          2.00    2.00 v input external delay
     1    0.00    0.01    0.00    2.00 v in[2] (in)
                                         in[2] (net)
                  0.01    0.00    2.00 v input3/A (sky130_fd_sc_hd__buf_1)
     3    0.01    0.08    0.12    2.13 v input3/X (sky130_fd_sc_hd__buf_1)
                                         net3 (net)
                  0.08    0.00    2.13 v _09_/B (sky130_fd_sc_hd__or4_2)
     5    0.02    0.15    0.78    2.91 v _09_/X (sky130_fd_sc_hd__or4_2)
                                         _00_ (net)
                  0.15    0.00    2.91 v _24_/B1_N (sky130_fd_sc_hd__a21boi_1)
     1    0.00    0.05    0.18    3.09 v _24_/Y (sky130_fd_sc_hd__a21boi_1)
                                         net12 (net)
                  0.05    0.00    3.09 v output12/A (sky130_fd_sc_hd__buf_2)
     1    0.03    0.09    0.19    3.28 v output12/X (sky130_fd_sc_hd__buf_2)
                                         out[3] (net)
                  0.09    0.00    3.28 v out[3] (out)
                                  3.28   data arrival time

                  0.00   10.00   10.00   clock __VIRTUAL_CLK__ (rise edge)
                          0.00   10.00   clock network delay (ideal)
                         -0.25    9.75   clock uncertainty
                          0.00    9.75   clock reconvergence pessimism
                         -2.00    7.75   output external delay
                                  7.75   data required time
-----------------------------------------------------------------------------
                                  7.75   data required time
                                 -3.28   data arrival time
-----------------------------------------------------------------------------
                                  4.47   slack (MET)


Startpoint: in[0] (input port clocked by __VIRTUAL_CLK__)
Endpoint: out[2] (output port clocked by __VIRTUAL_CLK__)
Path Group: __VIRTUAL_CLK__
Path Type: max
Corner: Typical

Fanout     Cap    Slew   Delay    Time   Description
-----------------------------------------------------------------------------
                  0.00    0.00    0.00   clock __VIRTUAL_CLK__ (rise edge)
                          0.00    0.00   clock network delay (ideal)
                          2.00    2.00 v input external delay
     1    0.00    0.01    0.00    2.00 v in[0] (in)
                                         in[0] (net)
                  0.01    0.00    2.00 v input1/A (sky130_fd_sc_hd__dlymetal6s2s_1)
     5    0.02    0.12    0.20    2.20 v input1/X (sky130_fd_sc_hd__dlymetal6s2s_1)
                                         net1 (net)
                  0.12    0.00    2.21 v _20_/C (sky130_fd_sc_hd__or3_1)
     2    0.01    0.09    0.38    2.58 v _20_/X (sky130_fd_sc_hd__or3_1)
                                         _06_ (net)
                  0.09    0.00    2.58 v _22_/A (sky130_fd_sc_hd__and2_1)
     1    0.00    0.04    0.17    2.75 v _22_/X (sky130_fd_sc_hd__and2_1)
                                         _08_ (net)
                  0.04    0.00    2.75 v _23_/A (sky130_fd_sc_hd__clkbuf_1)
     1    0.00    0.03    0.10    2.85 v _23_/X (sky130_fd_sc_hd__clkbuf_1)
                                         net11 (net)
                  0.03    0.00    2.85 v output11/A (sky130_fd_sc_hd__buf_2)
     1    0.03    0.09    0.18    3.03 v output11/X (sky130_fd_sc_hd__buf_2)
                                         out[2] (net)
                  0.09    0.00    3.03 v out[2] (out)
                                  3.03   data arrival time

                  0.00   10.00   10.00   clock __VIRTUAL_CLK__ (rise edge)
                          0.00   10.00   clock network delay (ideal)
                         -0.25    9.75   clock uncertainty
                          0.00    9.75   clock reconvergence pessimism
                         -2.00    7.75   output external delay
                                  7.75   data required time
-----------------------------------------------------------------------------
                                  7.75   data required time
                                 -3.03   data arrival time
-----------------------------------------------------------------------------
                                  4.72   slack (MET)


Startpoint: in[0] (input port clocked by __VIRTUAL_CLK__)
Endpoint: out[1] (output port clocked by __VIRTUAL_CLK__)
Path Group: __VIRTUAL_CLK__
Path Type: max
Corner: Typical

Fanout     Cap    Slew   Delay    Time   Description
-----------------------------------------------------------------------------
                  0.00    0.00    0.00   clock __VIRTUAL_CLK__ (rise edge)
                          0.00    0.00   clock network delay (ideal)
                          2.00    2.00 ^ input external delay
     1    0.00    0.02    0.01    2.01 ^ in[0] (in)
                                         in[0] (net)
                  0.02    0.00    2.01 ^ input1/A (sky130_fd_sc_hd__dlymetal6s2s_1)
     5    0.02    0.24    0.23    2.24 ^ input1/X (sky130_fd_sc_hd__dlymetal6s2s_1)
                                         net1 (net)
                  0.24    0.00    2.24 ^ _19_/B (sky130_fd_sc_hd__xor2_1)
     1    0.01    0.22    0.26    2.50 ^ _19_/X (sky130_fd_sc_hd__xor2_1)
                                         net10 (net)
                  0.22    0.00    2.50 ^ output10/A (sky130_fd_sc_hd__buf_2)
     1    0.03    0.17    0.26    2.77 ^ output10/X (sky130_fd_sc_hd__buf_2)
                                         out[1] (net)
                  0.17    0.00    2.77 ^ out[1] (out)
                                  2.77   data arrival time

                  0.00   10.00   10.00   clock __VIRTUAL_CLK__ (rise edge)
                          0.00   10.00   clock network delay (ideal)
                         -0.25    9.75   clock uncertainty
                          0.00    9.75   clock reconvergence pessimism
                         -2.00    7.75   output external delay
                                  7.75   data required time
-----------------------------------------------------------------------------
                                  7.75   data required time
                                 -2.77   data arrival time
-----------------------------------------------------------------------------
                                  4.98   slack (MET)


Startpoint: in[0] (input port clocked by __VIRTUAL_CLK__)
Endpoint: out[0] (output port clocked by __VIRTUAL_CLK__)
Path Group: __VIRTUAL_CLK__
Path Type: max
Corner: Typical

Fanout     Cap    Slew   Delay    Time   Description
-----------------------------------------------------------------------------
                  0.00    0.00    0.00   clock __VIRTUAL_CLK__ (rise edge)
                          0.00    0.00   clock network delay (ideal)
                          2.00    2.00 ^ input external delay
     1    0.00    0.02    0.01    2.01 ^ in[0] (in)
                                         in[0] (net)
                  0.02    0.00    2.01 ^ input1/A (sky130_fd_sc_hd__dlymetal6s2s_1)
     5    0.02    0.24    0.23    2.24 ^ input1/X (sky130_fd_sc_hd__dlymetal6s2s_1)
                                         net1 (net)
                  0.24    0.00    2.24 ^ _25_/A (sky130_fd_sc_hd__clkbuf_1)
     1    0.01    0.08    0.15    2.39 ^ _25_/X (sky130_fd_sc_hd__clkbuf_1)
                                         net9 (net)
                  0.08    0.00    2.39 ^ output9/A (sky130_fd_sc_hd__buf_2)
     1    0.03    0.17    0.22    2.62 ^ output9/X (sky130_fd_sc_hd__buf_2)
                                         out[0] (net)
                  0.17    0.00    2.62 ^ out[0] (out)
                                  2.62   data arrival time

                  0.00   10.00   10.00   clock __VIRTUAL_CLK__ (rise edge)
                          0.00   10.00   clock network delay (ideal)
                         -0.25    9.75   clock uncertainty
                          0.00    9.75   clock reconvergence pessimism
                         -2.00    7.75   output external delay
                                  7.75   data required time
-----------------------------------------------------------------------------
                                  7.75   data required time
                                 -2.62   data arrival time
-----------------------------------------------------------------------------
                                  5.13   slack (MET)



worst slack corner Typical: 3.8216
