
===========================================================================
 report_power
============================================================================
======================= Fastest Corner ===================================

Group                  Internal  Switching    Leakage      Total
                          Power      Power      Power      Power (Watts)
----------------------------------------------------------------
Sequential             0.00e+00   0.00e+00   0.00e+00   0.00e+00   0.0%
Combinational          3.45e-05   9.57e-05   1.16e-09   1.30e-04 100.0%
Clock                 -1.45e-10   0.00e+00   7.12e-10   5.67e-10   0.0%
Macro                  0.00e+00   0.00e+00   0.00e+00   0.00e+00   0.0%
Pad                    0.00e+00   0.00e+00   0.00e+00   0.00e+00   0.0%
----------------------------------------------------------------
Total                  3.45e-05   9.57e-05   1.88e-09   1.30e-04 100.0%
                          26.5%      73.5%       0.0%

======================= Slowest Corner ===================================

Group                  Internal  Switching    Leakage      Total
                          Power      Power      Power      Power (Watts)
----------------------------------------------------------------
Sequential             0.00e+00   0.00e+00   0.00e+00   0.00e+00   0.0%
Combinational          2.55e-05   6.41e-05   7.05e-07   9.03e-05 100.0%
Clock                 -5.72e-11   0.00e+00   7.16e-10   6.59e-10   0.0%
Macro                  0.00e+00   0.00e+00   0.00e+00   0.00e+00   0.0%
Pad                    0.00e+00   0.00e+00   0.00e+00   0.00e+00   0.0%
----------------------------------------------------------------
Total                  2.55e-05   6.41e-05   7.06e-07   9.03e-05 100.0%
                          28.2%      71.0%       0.8%

======================= Typical Corner ===================================

Group                  Internal  Switching    Leakage      Total
                          Power      Power      Power      Power (Watts)
----------------------------------------------------------------
Sequential             0.00e+00   0.00e+00   0.00e+00   0.00e+00   0.0%
Combinational          3.15e-05   8.13e-05   5.46e-10   1.13e-04 100.0%
Clock                 -2.47e-11   0.00e+00   7.12e-10   6.87e-10   0.0%
Macro                  0.00e+00   0.00e+00   0.00e+00   0.00e+00   0.0%
Pad                    0.00e+00   0.00e+00   0.00e+00   0.00e+00   0.0%
----------------------------------------------------------------
Total                  3.15e-05   8.13e-05   1.26e-09   1.13e-04 100.0%
                          27.9%      72.1%       0.0%

