
===========================================================================
report_checks -path_delay max (Setup)
============================================================================
======================= Fastest Corner ===================================

Startpoint: B[0] (input port clocked by __VIRTUAL_CLK__)
Endpoint: out[7] (output port clocked by __VIRTUAL_CLK__)
Path Group: __VIRTUAL_CLK__
Path Type: max
Corner: Fastest

Fanout     Cap    Slew   Delay    Time   Description
-----------------------------------------------------------------------------
                  0.00    0.00    0.00   clock __VIRTUAL_CLK__ (rise edge)
                          0.00    0.00   clock network delay (ideal)
                          2.00    2.00 v input external delay
     1    0.00    0.00    0.00    2.00 v B[0] (in)
                                         B[0] (net)
                  0.00    0.00    2.00 v input9/A (sky130_fd_sc_hd__buf_2)
     9    0.05    0.08    0.13    2.13 v input9/X (sky130_fd_sc_hd__buf_2)
                                         net9 (net)
                  0.08    0.00    2.14 v _146_/A (sky130_fd_sc_hd__or3_4)
     4    0.04    0.08    0.31    2.45 v _146_/X (sky130_fd_sc_hd__or3_4)
                                         _075_ (net)
                  0.08    0.00    2.45 v _147_/A2 (sky130_fd_sc_hd__a21bo_1)
     3    0.03    0.11    0.23    2.68 v _147_/X (sky130_fd_sc_hd__a21bo_1)
                                         _076_ (net)
                  0.11    0.00    2.68 v _149_/A1 (sky130_fd_sc_hd__a21oi_1)
     1    0.02    0.25    0.25    2.93 ^ _149_/Y (sky130_fd_sc_hd__a21oi_1)
                                         _078_ (net)
                  0.25    0.00    2.93 ^ _151_/A (sky130_fd_sc_hd__nor2_1)
     3    0.02    0.11    0.12    3.04 v _151_/Y (sky130_fd_sc_hd__nor2_1)
                                         _080_ (net)
                  0.11    0.00    3.04 v _166_/A3 (sky130_fd_sc_hd__a31o_1)
     3    0.02    0.08    0.22    3.27 v _166_/X (sky130_fd_sc_hd__a31o_1)
                                         _094_ (net)
                  0.08    0.00    3.27 v _200_/A2 (sky130_fd_sc_hd__a31o_1)
     2    0.03    0.09    0.22    3.49 v _200_/X (sky130_fd_sc_hd__a31o_1)
                                         _020_ (net)
                  0.09    0.00    3.49 v _208_/B2 (sky130_fd_sc_hd__a22o_1)
     1    0.02    0.07    0.16    3.66 v _208_/X (sky130_fd_sc_hd__a22o_1)
                                         _027_ (net)
                  0.07    0.00    3.66 v _214_/A (sky130_fd_sc_hd__xnor2_1)
     1    0.01    0.15    0.17    3.83 ^ _214_/Y (sky130_fd_sc_hd__xnor2_1)
                                         _033_ (net)
                  0.15    0.00    3.83 ^ _219_/A2 (sky130_fd_sc_hd__a21o_1)
     2    0.02    0.13    0.16    3.99 ^ _219_/X (sky130_fd_sc_hd__a21o_1)
                                         net27 (net)
                  0.13    0.00    4.00 ^ output27/A (sky130_fd_sc_hd__buf_2)
     1    0.03    0.13    0.17    4.16 ^ output27/X (sky130_fd_sc_hd__buf_2)
                                         out[7] (net)
                  0.13    0.00    4.17 ^ out[7] (out)
                                  4.17   data arrival time

                  0.00   10.00   10.00   clock __VIRTUAL_CLK__ (rise edge)
                          0.00   10.00   clock network delay (ideal)
                         -0.25    9.75   clock uncertainty
                          0.00    9.75   clock reconvergence pessimism
                         -2.00    7.75   output external delay
                                  7.75   data required time
-----------------------------------------------------------------------------
                                  7.75   data required time
                                 -4.17   data arrival time
-----------------------------------------------------------------------------
                                  3.58   slack (MET)


Startpoint: B[0] (input port clocked by __VIRTUAL_CLK__)
Endpoint: out[5] (output port clocked by __VIRTUAL_CLK__)
Path Group: __VIRTUAL_CLK__
Path Type: max
Corner: Fastest

Fanout     Cap    Slew   Delay    Time   Description
-----------------------------------------------------------------------------
                  0.00    0.00    0.00   clock __VIRTUAL_CLK__ (rise edge)
                          0.00    0.00   clock network delay (ideal)
                          2.00    2.00 v input external delay
     1    0.00    0.00    0.00    2.00 v B[0] (in)
                                         B[0] (net)
                  0.00    0.00    2.00 v input9/A (sky130_fd_sc_hd__buf_2)
     9    0.05    0.08    0.13    2.13 v input9/X (sky130_fd_sc_hd__buf_2)
                                         net9 (net)
                  0.08    0.00    2.14 v _146_/A (sky130_fd_sc_hd__or3_4)
     4    0.04    0.08    0.31    2.45 v _146_/X (sky130_fd_sc_hd__or3_4)
                                         _075_ (net)
                  0.08    0.00    2.45 v _147_/A2 (sky130_fd_sc_hd__a21bo_1)
     3    0.03    0.11    0.23    2.68 v _147_/X (sky130_fd_sc_hd__a21bo_1)
                                         _076_ (net)
                  0.11    0.00    2.68 v _150_/B (sky130_fd_sc_hd__and3_1)
     2    0.02    0.07    0.18    2.86 v _150_/X (sky130_fd_sc_hd__and3_1)
                                         _079_ (net)
                  0.07    0.00    2.86 v _151_/B (sky130_fd_sc_hd__nor2_1)
     3    0.02    0.27    0.24    3.10 ^ _151_/Y (sky130_fd_sc_hd__nor2_1)
                                         _080_ (net)
                  0.27    0.00    3.10 ^ _166_/A3 (sky130_fd_sc_hd__a31o_1)
     3    0.02    0.15    0.19    3.30 ^ _166_/X (sky130_fd_sc_hd__a31o_1)
                                         _094_ (net)
                  0.15    0.00    3.30 ^ _167_/B (sky130_fd_sc_hd__nand2_1)
     2    0.03    0.14    0.13    3.43 v _167_/Y (sky130_fd_sc_hd__nand2_1)
                                         _095_ (net)
                  0.14    0.00    3.43 v _187_/B (sky130_fd_sc_hd__nand2_1)
     1    0.02    0.17    0.19    3.63 ^ _187_/Y (sky130_fd_sc_hd__nand2_1)
                                         _008_ (net)
                  0.17    0.00    3.63 ^ _188_/B (sky130_fd_sc_hd__xor2_1)
     1    0.01    0.22    0.21    3.83 ^ _188_/X (sky130_fd_sc_hd__xor2_1)
                                         _009_ (net)
                  0.22    0.00    3.83 ^ _194_/A2 (sky130_fd_sc_hd__a21bo_1)
     1    0.01    0.06    0.11    3.94 ^ _194_/X (sky130_fd_sc_hd__a21bo_1)
                                         net25 (net)
                  0.06    0.00    3.95 ^ output25/A (sky130_fd_sc_hd__buf_2)
     1    0.03    0.13    0.15    4.10 ^ output25/X (sky130_fd_sc_hd__buf_2)
                                         out[5] (net)
                  0.13    0.00    4.10 ^ out[5] (out)
                                  4.10   data arrival time

                  0.00   10.00   10.00   clock __VIRTUAL_CLK__ (rise edge)
                          0.00   10.00   clock network delay (ideal)
                         -0.25    9.75   clock uncertainty
                          0.00    9.75   clock reconvergence pessimism
                         -2.00    7.75   output external delay
                                  7.75   data required time
-----------------------------------------------------------------------------
                                  7.75   data required time
                                 -4.10   data arrival time
-----------------------------------------------------------------------------
                                  3.65   slack (MET)


Startpoint: B[0] (input port clocked by __VIRTUAL_CLK__)
Endpoint: out[6] (output port clocked by __VIRTUAL_CLK__)
Path Group: __VIRTUAL_CLK__
Path Type: max
Corner: Fastest

Fanout     Cap    Slew   Delay    Time   Description
-----------------------------------------------------------------------------
                  0.00    0.00    0.00   clock __VIRTUAL_CLK__ (rise edge)
                          0.00    0.00   clock network delay (ideal)
                          2.00    2.00 v input external delay
     1    0.00    0.00    0.00    2.00 v B[0] (in)
                                         B[0] (net)
                  0.00    0.00    2.00 v input9/A (sky130_fd_sc_hd__buf_2)
     9    0.05    0.08    0.13    2.13 v input9/X (sky130_fd_sc_hd__buf_2)
                                         net9 (net)
                  0.08    0.00    2.14 v _146_/A (sky130_fd_sc_hd__or3_4)
     4    0.04    0.08    0.31    2.45 v _146_/X (sky130_fd_sc_hd__or3_4)
                                         _075_ (net)
                  0.08    0.00    2.45 v _181_/A3 (sky130_fd_sc_hd__o31a_2)
     2    0.02    0.07    0.24    2.69 v _181_/X (sky130_fd_sc_hd__o31a_2)
                                         _002_ (net)
                  0.07    0.00    2.69 v _182_/B (sky130_fd_sc_hd__xnor2_2)
     2    0.02    0.25    0.23    2.92 ^ _182_/Y (sky130_fd_sc_hd__xnor2_2)
                                         _003_ (net)
                  0.25    0.00    2.92 ^ _183_/B (sky130_fd_sc_hd__nor2_1)
     2    0.02    0.11    0.12    3.04 v _183_/Y (sky130_fd_sc_hd__nor2_1)
                                         _004_ (net)
                  0.11    0.00    3.04 v _185_/A (sky130_fd_sc_hd__nor2_1)
     2    0.02    0.30    0.28    3.32 ^ _185_/Y (sky130_fd_sc_hd__nor2_1)
                                         _006_ (net)
                  0.30    0.00    3.32 ^ _200_/A3 (sky130_fd_sc_hd__a31o_1)
     2    0.03    0.19    0.22    3.55 ^ _200_/X (sky130_fd_sc_hd__a31o_1)
                                         _020_ (net)
                  0.19    0.00    3.55 ^ _201_/B (sky130_fd_sc_hd__xor2_1)
     1    0.01    0.15    0.15    3.70 ^ _201_/X (sky130_fd_sc_hd__xor2_1)
                                         _021_ (net)
                  0.15    0.00    3.70 ^ _207_/A2 (sky130_fd_sc_hd__a21bo_1)
     1    0.01    0.07    0.12    3.82 ^ _207_/X (sky130_fd_sc_hd__a21bo_1)
                                         net26 (net)
                  0.07    0.00    3.82 ^ output26/A (sky130_fd_sc_hd__buf_2)
     1    0.03    0.13    0.16    3.97 ^ output26/X (sky130_fd_sc_hd__buf_2)
                                         out[6] (net)
                  0.13    0.00    3.97 ^ out[6] (out)
                                  3.97   data arrival time

                  0.00   10.00   10.00   clock __VIRTUAL_CLK__ (rise edge)
                          0.00   10.00   clock network delay (ideal)
                         -0.25    9.75   clock uncertainty
                          0.00    9.75   clock reconvergence pessimism
                         -2.00    7.75   output external delay
                                  7.75   data required time
-----------------------------------------------------------------------------
                                  7.75   data required time
                                 -3.97   data arrival time
-----------------------------------------------------------------------------
                                  3.78   slack (MET)


Startpoint: opcode[0] (input port clocked by __VIRTUAL_CLK__)
Endpoint: out[1] (output port clocked by __VIRTUAL_CLK__)
Path Group: __VIRTUAL_CLK__
Path Type: max
Corner: Fastest

Fanout     Cap    Slew   Delay    Time   Description
-----------------------------------------------------------------------------
                  0.00    0.00    0.00   clock __VIRTUAL_CLK__ (rise edge)
                          0.00    0.00   clock network delay (ideal)
                          2.00    2.00 v input external delay
     1    0.00    0.00    0.00    2.00 v opcode[0] (in)
                                         opcode[0] (net)
                  0.00    0.00    2.00 v input17/A (sky130_fd_sc_hd__buf_2)
     8    0.05    0.08    0.13    2.13 v input17/X (sky130_fd_sc_hd__buf_2)
                                         net17 (net)
                  0.08    0.00    2.13 v _120_/A_N (sky130_fd_sc_hd__nand3b_4)
     5    0.04    0.11    0.17    2.31 v _120_/Y (sky130_fd_sc_hd__nand3b_4)
                                         _051_ (net)
                  0.11    0.00    2.31 v _122_/A (sky130_fd_sc_hd__and3_1)
     2    0.02    0.09    0.19    2.49 v _122_/X (sky130_fd_sc_hd__and3_1)
                                         _053_ (net)
                  0.09    0.00    2.50 v _124_/C (sky130_fd_sc_hd__or3_2)
     2    0.03    0.10    0.32    2.82 v _124_/X (sky130_fd_sc_hd__or3_2)
                                         _055_ (net)
                  0.10    0.00    2.82 v _125_/B (sky130_fd_sc_hd__and2b_1)
     2    0.02    0.06    0.17    2.99 v _125_/X (sky130_fd_sc_hd__and2b_1)
                                         _056_ (net)
                  0.06    0.00    2.99 v _127_/A1 (sky130_fd_sc_hd__o21ai_1)
     1    0.02    0.25    0.24    3.23 ^ _127_/Y (sky130_fd_sc_hd__o21ai_1)
                                         _058_ (net)
                  0.25    0.00    3.23 ^ _128_/B1 (sky130_fd_sc_hd__a21oi_1)
     1    0.01    0.07    0.05    3.28 v _128_/Y (sky130_fd_sc_hd__a21oi_1)
                                         _059_ (net)
                  0.07    0.00    3.29 v _133_/A (sky130_fd_sc_hd__or3_1)
     1    0.01    0.07    0.27    3.55 v _133_/X (sky130_fd_sc_hd__or3_1)
                                         _064_ (net)
                  0.07    0.00    3.56 v _134_/A (sky130_fd_sc_hd__buf_1)
     1    0.02    0.06    0.11    3.67 v _134_/X (sky130_fd_sc_hd__buf_1)
                                         net21 (net)
                  0.06    0.00    3.67 v output21/A (sky130_fd_sc_hd__buf_2)
     1    0.03    0.06    0.14    3.81 v output21/X (sky130_fd_sc_hd__buf_2)
                                         out[1] (net)
                  0.06    0.00    3.81 v out[1] (out)
                                  3.81   data arrival time

                  0.00   10.00   10.00   clock __VIRTUAL_CLK__ (rise edge)
                          0.00   10.00   clock network delay (ideal)
                         -0.25    9.75   clock uncertainty
                          0.00    9.75   clock reconvergence pessimism
                         -2.00    7.75   output external delay
                                  7.75   data required time
-----------------------------------------------------------------------------
                                  7.75   data required time
                                 -3.81   data arrival time
-----------------------------------------------------------------------------
                                  3.94   slack (MET)


Startpoint: B[0] (input port clocked by __VIRTUAL_CLK__)
Endpoint: out[4] (output port clocked by __VIRTUAL_CLK__)
Path Group: __VIRTUAL_CLK__
Path Type: max
Corner: Fastest

Fanout     Cap    Slew   Delay    Time   Description
-----------------------------------------------------------------------------
                  0.00    0.00    0.00   clock __VIRTUAL_CLK__ (rise edge)
                          0.00    0.00   clock network delay (ideal)
                          2.00    2.00 v input external delay
     1    0.00    0.00    0.00    2.00 v B[0] (in)
                                         B[0] (net)
                  0.00    0.00    2.00 v input9/A (sky130_fd_sc_hd__buf_2)
     9    0.05    0.08    0.13    2.13 v input9/X (sky130_fd_sc_hd__buf_2)
                                         net9 (net)
                  0.08    0.00    2.14 v _146_/A (sky130_fd_sc_hd__or3_4)
     4    0.04    0.08    0.31    2.45 v _146_/X (sky130_fd_sc_hd__or3_4)
                                         _075_ (net)
                  0.08    0.00    2.45 v _147_/A2 (sky130_fd_sc_hd__a21bo_1)
     3    0.03    0.11    0.23    2.68 v _147_/X (sky130_fd_sc_hd__a21bo_1)
                                         _076_ (net)
                  0.11    0.00    2.68 v _150_/B (sky130_fd_sc_hd__and3_1)
     2    0.02    0.07    0.18    2.86 v _150_/X (sky130_fd_sc_hd__and3_1)
                                         _079_ (net)
                  0.07    0.00    2.86 v _151_/B (sky130_fd_sc_hd__nor2_1)
     3    0.02    0.27    0.24    3.10 ^ _151_/Y (sky130_fd_sc_hd__nor2_1)
                                         _080_ (net)
                  0.27    0.00    3.10 ^ _166_/A3 (sky130_fd_sc_hd__a31o_1)
     3    0.02    0.15    0.19    3.30 ^ _166_/X (sky130_fd_sc_hd__a31o_1)
                                         _094_ (net)
                  0.15    0.00    3.30 ^ _167_/B (sky130_fd_sc_hd__nand2_1)
     2    0.03    0.14    0.13    3.43 v _167_/Y (sky130_fd_sc_hd__nand2_1)
                                         _095_ (net)
                  0.14    0.00    3.43 v _180_/A1 (sky130_fd_sc_hd__a21bo_1)
     1    0.01    0.03    0.16    3.59 v _180_/X (sky130_fd_sc_hd__a21bo_1)
                                         net24 (net)
                  0.03    0.00    3.59 v output24/A (sky130_fd_sc_hd__buf_2)
     1    0.03    0.06    0.12    3.71 v output24/X (sky130_fd_sc_hd__buf_2)
                                         out[4] (net)
                  0.06    0.00    3.71 v out[4] (out)
                                  3.71   data arrival time

                  0.00   10.00   10.00   clock __VIRTUAL_CLK__ (rise edge)
                          0.00   10.00   clock network delay (ideal)
                         -0.25    9.75   clock uncertainty
                          0.00    9.75   clock reconvergence pessimism
                         -2.00    7.75   output external delay
                                  7.75   data required time
-----------------------------------------------------------------------------
                                  7.75   data required time
                                 -3.71   data arrival time
-----------------------------------------------------------------------------
                                  4.04   slack (MET)


Startpoint: opcode[0] (input port clocked by __VIRTUAL_CLK__)
Endpoint: out[3] (output port clocked by __VIRTUAL_CLK__)
Path Group: __VIRTUAL_CLK__
Path Type: max
Corner: Fastest

Fanout     Cap    Slew   Delay    Time   Description
-----------------------------------------------------------------------------
                  0.00    0.00    0.00   clock __VIRTUAL_CLK__ (rise edge)
                          0.00    0.00   clock network delay (ideal)
                          2.00    2.00 v input external delay
     1    0.00    0.00    0.00    2.00 v opcode[0] (in)
                                         opcode[0] (net)
                  0.00    0.00    2.00 v input17/A (sky130_fd_sc_hd__buf_2)
     8    0.05    0.08    0.13    2.13 v input17/X (sky130_fd_sc_hd__buf_2)
                                         net17 (net)
                  0.08    0.00    2.13 v _120_/A_N (sky130_fd_sc_hd__nand3b_4)
     5    0.04    0.11    0.17    2.31 v _120_/Y (sky130_fd_sc_hd__nand3b_4)
                                         _051_ (net)
                  0.11    0.00    2.31 v _122_/A (sky130_fd_sc_hd__and3_1)
     2    0.02    0.09    0.19    2.49 v _122_/X (sky130_fd_sc_hd__and3_1)
                                         _053_ (net)
                  0.09    0.00    2.50 v _124_/C (sky130_fd_sc_hd__or3_2)
     2    0.03    0.10    0.32    2.82 v _124_/X (sky130_fd_sc_hd__or3_2)
                                         _055_ (net)
                  0.10    0.00    2.82 v _135_/A1 (sky130_fd_sc_hd__a21o_2)
     4    0.04    0.08    0.21    3.03 v _135_/X (sky130_fd_sc_hd__a21o_2)
                                         _065_ (net)
                  0.08    0.00    3.03 v _153_/A1 (sky130_fd_sc_hd__a21o_1)
     2    0.03    0.09    0.18    3.21 v _153_/X (sky130_fd_sc_hd__a21o_1)
                                         _082_ (net)
                  0.09    0.00    3.22 v _155_/B (sky130_fd_sc_hd__or2_1)
     1    0.01    0.05    0.17    3.38 v _155_/X (sky130_fd_sc_hd__or2_1)
                                         _084_ (net)
                  0.05    0.00    3.38 v _160_/A3 (sky130_fd_sc_hd__a31o_1)
     1    0.01    0.06    0.19    3.57 v _160_/X (sky130_fd_sc_hd__a31o_1)
                                         net23 (net)
                  0.06    0.00    3.57 v output23/A (sky130_fd_sc_hd__buf_2)
     1    0.03    0.06    0.14    3.71 v output23/X (sky130_fd_sc_hd__buf_2)
                                         out[3] (net)
                  0.06    0.00    3.71 v out[3] (out)
                                  3.71   data arrival time

                  0.00   10.00   10.00   clock __VIRTUAL_CLK__ (rise edge)
                          0.00   10.00   clock network delay (ideal)
                         -0.25    9.75   clock uncertainty
                          0.00    9.75   clock reconvergence pessimism
                         -2.00    7.75   output external delay
                                  7.75   data required time
-----------------------------------------------------------------------------
                                  7.75   data required time
                                 -3.71   data arrival time
-----------------------------------------------------------------------------
                                  4.04   slack (MET)


Startpoint: opcode[0] (input port clocked by __VIRTUAL_CLK__)
Endpoint: out[2] (output port clocked by __VIRTUAL_CLK__)
Path Group: __VIRTUAL_CLK__
Path Type: max
Corner: Fastest

Fanout     Cap    Slew   Delay    Time   Description
-----------------------------------------------------------------------------
                  0.00    0.00    0.00   clock __VIRTUAL_CLK__ (rise edge)
                          0.00    0.00   clock network delay (ideal)
                          2.00    2.00 v input external delay
     1    0.00    0.00    0.00    2.00 v opcode[0] (in)
                                         opcode[0] (net)
                  0.00    0.00    2.00 v input17/A (sky130_fd_sc_hd__buf_2)
     8    0.05    0.08    0.13    2.13 v input17/X (sky130_fd_sc_hd__buf_2)
                                         net17 (net)
                  0.08    0.00    2.13 v _120_/A_N (sky130_fd_sc_hd__nand3b_4)
     5    0.04    0.11    0.17    2.31 v _120_/Y (sky130_fd_sc_hd__nand3b_4)
                                         _051_ (net)
                  0.11    0.00    2.31 v _122_/A (sky130_fd_sc_hd__and3_1)
     2    0.02    0.09    0.19    2.49 v _122_/X (sky130_fd_sc_hd__and3_1)
                                         _053_ (net)
                  0.09    0.00    2.50 v _124_/C (sky130_fd_sc_hd__or3_2)
     2    0.03    0.10    0.32    2.82 v _124_/X (sky130_fd_sc_hd__or3_2)
                                         _055_ (net)
                  0.10    0.00    2.82 v _135_/A1 (sky130_fd_sc_hd__a21o_2)
     4    0.04    0.08    0.21    3.03 v _135_/X (sky130_fd_sc_hd__a21o_2)
                                         _065_ (net)
                  0.08    0.00    3.03 v _140_/A (sky130_fd_sc_hd__or2_1)
     1    0.03    0.11    0.24    3.26 v _140_/X (sky130_fd_sc_hd__or2_1)
                                         _070_ (net)
                  0.11    0.00    3.27 v _145_/A3 (sky130_fd_sc_hd__a31o_1)
     1    0.01    0.06    0.21    3.48 v _145_/X (sky130_fd_sc_hd__a31o_1)
                                         net22 (net)
                  0.06    0.00    3.48 v output22/A (sky130_fd_sc_hd__buf_2)
     1    0.03    0.06    0.14    3.62 v output22/X (sky130_fd_sc_hd__buf_2)
                                         out[2] (net)
                  0.06    0.00    3.62 v out[2] (out)
                                  3.62   data arrival time

                  0.00   10.00   10.00   clock __VIRTUAL_CLK__ (rise edge)
                          0.00   10.00   clock network delay (ideal)
                         -0.25    9.75   clock uncertainty
                          0.00    9.75   clock reconvergence pessimism
                         -2.00    7.75   output external delay
                                  7.75   data required time
-----------------------------------------------------------------------------
                                  7.75   data required time
                                 -3.62   data arrival time
-----------------------------------------------------------------------------
                                  4.13   slack (MET)


Startpoint: opcode[1] (input port clocked by __VIRTUAL_CLK__)
Endpoint: out[0] (output port clocked by __VIRTUAL_CLK__)
Path Group: __VIRTUAL_CLK__
Path Type: max
Corner: Fastest

Fanout     Cap    Slew   Delay    Time   Description
-----------------------------------------------------------------------------
                  0.00    0.00    0.00   clock __VIRTUAL_CLK__ (rise edge)
                          0.00    0.00   clock network delay (ideal)
                          2.00    2.00 ^ input external delay
     1    0.00    0.02    0.01    2.01 ^ opcode[1] (in)
                                         opcode[1] (net)
                  0.02    0.00    2.01 ^ input18/A (sky130_fd_sc_hd__buf_4)
    11    0.08    0.17    0.17    2.18 ^ input18/X (sky130_fd_sc_hd__buf_4)
                                         net18 (net)
                  0.17    0.01    2.19 ^ _114_/C_N (sky130_fd_sc_hd__or3b_1)
     1    0.00    0.05    0.21    2.40 v _114_/X (sky130_fd_sc_hd__or3b_1)
                                         _046_ (net)
                  0.05    0.00    2.40 v _115_/A (sky130_fd_sc_hd__clkbuf_4)
     7    0.05    0.08    0.15    2.55 v _115_/X (sky130_fd_sc_hd__clkbuf_4)
                                         _047_ (net)
                  0.08    0.00    2.55 v _116_/A (sky130_fd_sc_hd__inv_2)
     2    0.02    0.07    0.09    2.64 ^ _116_/Y (sky130_fd_sc_hd__inv_2)
                                         _048_ (net)
                  0.07    0.00    2.64 ^ _117_/B2 (sky130_fd_sc_hd__o2bb2a_1)
     1    0.01    0.10    0.14    2.78 ^ _117_/X (sky130_fd_sc_hd__o2bb2a_1)
                                         _049_ (net)
                  0.10    0.00    2.78 ^ _118_/B2 (sky130_fd_sc_hd__o22a_1)
     1    0.01    0.11    0.13    2.91 ^ _118_/X (sky130_fd_sc_hd__o22a_1)
                                         _050_ (net)
                  0.11    0.00    2.91 ^ _119_/C1 (sky130_fd_sc_hd__a311o_1)
     1    0.01    0.09    0.11    3.02 ^ _119_/X (sky130_fd_sc_hd__a311o_1)
                                         net20 (net)
                  0.09    0.00    3.03 ^ output20/A (sky130_fd_sc_hd__buf_2)
     1    0.04    0.13    0.16    3.19 ^ output20/X (sky130_fd_sc_hd__buf_2)
                                         out[0] (net)
                  0.13    0.00    3.19 ^ out[0] (out)
                                  3.19   data arrival time

                  0.00   10.00   10.00   clock __VIRTUAL_CLK__ (rise edge)
                          0.00   10.00   clock network delay (ideal)
                         -0.25    9.75   clock uncertainty
                          0.00    9.75   clock reconvergence pessimism
                         -2.00    7.75   output external delay
                                  7.75   data required time
-----------------------------------------------------------------------------
                                  7.75   data required time
                                 -3.19   data arrival time
-----------------------------------------------------------------------------
                                  4.56   slack (MET)



worst slack corner Fastest: 3.5848
======================= Slowest Corner ===================================

Startpoint: opcode[0] (input port clocked by __VIRTUAL_CLK__)
Endpoint: out[7] (output port clocked by __VIRTUAL_CLK__)
Path Group: __VIRTUAL_CLK__
Path Type: max
Corner: Slowest

Fanout     Cap    Slew   Delay    Time   Description
-----------------------------------------------------------------------------
                  0.00    0.00    0.00   clock __VIRTUAL_CLK__ (rise edge)
                          0.00    0.00   clock network delay (ideal)
                          2.00    2.00 v input external delay
     1    0.00    0.02    0.01    2.01 v opcode[0] (in)
                                         opcode[0] (net)
                  0.02    0.00    2.01 v input17/A (sky130_fd_sc_hd__buf_2)
     8    0.05    0.21    0.37    2.38 v input17/X (sky130_fd_sc_hd__buf_2)
                                         net17 (net)
                  0.21    0.00    2.38 v _120_/A_N (sky130_fd_sc_hd__nand3b_4)
     5    0.04    0.31    0.53    2.91 v _120_/Y (sky130_fd_sc_hd__nand3b_4)
                                         _051_ (net)
                  0.31    0.00    2.91 v _122_/A (sky130_fd_sc_hd__and3_1)
     2    0.02    0.24    0.59    3.51 v _122_/X (sky130_fd_sc_hd__and3_1)
                                         _053_ (net)
                  0.24    0.00    3.51 v _124_/C (sky130_fd_sc_hd__or3_2)
     2    0.03    0.29    1.30    4.81 v _124_/X (sky130_fd_sc_hd__or3_2)
                                         _055_ (net)
                  0.29    0.00    4.81 v _135_/A1 (sky130_fd_sc_hd__a21o_2)
     4    0.04    0.19    0.61    5.42 v _135_/X (sky130_fd_sc_hd__a21o_2)
                                         _065_ (net)
                  0.19    0.00    5.42 v _166_/A1 (sky130_fd_sc_hd__a31o_1)
     3    0.02    0.20    0.52    5.94 v _166_/X (sky130_fd_sc_hd__a31o_1)
                                         _094_ (net)
                  0.20    0.00    5.94 v _200_/A2 (sky130_fd_sc_hd__a31o_1)
     2    0.03    0.24    0.62    6.56 v _200_/X (sky130_fd_sc_hd__a31o_1)
                                         _020_ (net)
                  0.24    0.00    6.56 v _208_/B2 (sky130_fd_sc_hd__a22o_1)
     1    0.02    0.18    0.57    7.13 v _208_/X (sky130_fd_sc_hd__a22o_1)
                                         _027_ (net)
                  0.18    0.00    7.13 v _214_/A (sky130_fd_sc_hd__xnor2_1)
     1    0.01    0.35    0.44    7.57 ^ _214_/Y (sky130_fd_sc_hd__xnor2_1)
                                         _033_ (net)
                  0.35    0.00    7.57 ^ _219_/A2 (sky130_fd_sc_hd__a21o_1)
     2    0.02    0.26    0.49    8.06 ^ _219_/X (sky130_fd_sc_hd__a21o_1)
                                         net27 (net)
                  0.26    0.00    8.06 ^ output27/A (sky130_fd_sc_hd__buf_2)
     1    0.03    0.27    0.45    8.52 ^ output27/X (sky130_fd_sc_hd__buf_2)
                                         out[7] (net)
                  0.27    0.00    8.52 ^ out[7] (out)
                                  8.52   data arrival time

                  0.00   10.00   10.00   clock __VIRTUAL_CLK__ (rise edge)
                          0.00   10.00   clock network delay (ideal)
                         -0.25    9.75   clock uncertainty
                          0.00    9.75   clock reconvergence pessimism
                         -2.00    7.75   output external delay
                                  7.75   data required time
-----------------------------------------------------------------------------
                                  7.75   data required time
                                 -8.52   data arrival time
-----------------------------------------------------------------------------
                                 -0.77   slack (VIOLATED)


Startpoint: B[0] (input port clocked by __VIRTUAL_CLK__)
Endpoint: out[5] (output port clocked by __VIRTUAL_CLK__)
Path Group: __VIRTUAL_CLK__
Path Type: max
Corner: Slowest

Fanout     Cap    Slew   Delay    Time   Description
-----------------------------------------------------------------------------
                  0.00    0.00    0.00   clock __VIRTUAL_CLK__ (rise edge)
                          0.00    0.00   clock network delay (ideal)
                          2.00    2.00 v input external delay
     1    0.00    0.02    0.01    2.01 v B[0] (in)
                                         B[0] (net)
                  0.02    0.00    2.01 v input9/A (sky130_fd_sc_hd__buf_2)
     9    0.05    0.22    0.38    2.39 v input9/X (sky130_fd_sc_hd__buf_2)
                                         net9 (net)
                  0.22    0.00    2.39 v _146_/A (sky130_fd_sc_hd__or3_4)
     4    0.04    0.21    1.00    3.39 v _146_/X (sky130_fd_sc_hd__or3_4)
                                         _075_ (net)
                  0.21    0.00    3.40 v _147_/A2 (sky130_fd_sc_hd__a21bo_1)
     3    0.03    0.29    0.63    4.03 v _147_/X (sky130_fd_sc_hd__a21bo_1)
                                         _076_ (net)
                  0.29    0.00    4.03 v _150_/B (sky130_fd_sc_hd__and3_1)
     2    0.02    0.18    0.58    4.61 v _150_/X (sky130_fd_sc_hd__and3_1)
                                         _079_ (net)
                  0.18    0.00    4.61 v _151_/B (sky130_fd_sc_hd__nor2_1)
     3    0.02    0.63    0.59    5.20 ^ _151_/Y (sky130_fd_sc_hd__nor2_1)
                                         _080_ (net)
                  0.63    0.00    5.20 ^ _166_/A3 (sky130_fd_sc_hd__a31o_1)
     3    0.02    0.32    0.70    5.90 ^ _166_/X (sky130_fd_sc_hd__a31o_1)
                                         _094_ (net)
                  0.32    0.00    5.90 ^ _167_/B (sky130_fd_sc_hd__nand2_1)
     2    0.03    0.45    0.50    6.40 v _167_/Y (sky130_fd_sc_hd__nand2_1)
                                         _095_ (net)
                  0.45    0.00    6.40 v _187_/B (sky130_fd_sc_hd__nand2_1)
     1    0.02    0.38    0.51    6.91 ^ _187_/Y (sky130_fd_sc_hd__nand2_1)
                                         _008_ (net)
                  0.38    0.00    6.91 ^ _188_/B (sky130_fd_sc_hd__xor2_1)
     1    0.01    0.49    0.61    7.52 ^ _188_/X (sky130_fd_sc_hd__xor2_1)
                                         _009_ (net)
                  0.49    0.00    7.52 ^ _194_/A2 (sky130_fd_sc_hd__a21bo_1)
     1    0.01    0.13    0.42    7.94 ^ _194_/X (sky130_fd_sc_hd__a21bo_1)
                                         net25 (net)
                  0.13    0.00    7.94 ^ output25/A (sky130_fd_sc_hd__buf_2)
     1    0.03    0.27    0.39    8.33 ^ output25/X (sky130_fd_sc_hd__buf_2)
                                         out[5] (net)
                  0.27    0.00    8.33 ^ out[5] (out)
                                  8.33   data arrival time

                  0.00   10.00   10.00   clock __VIRTUAL_CLK__ (rise edge)
                          0.00   10.00   clock network delay (ideal)
                         -0.25    9.75   clock uncertainty
                          0.00    9.75   clock reconvergence pessimism
                         -2.00    7.75   output external delay
                                  7.75   data required time
-----------------------------------------------------------------------------
                                  7.75   data required time
                                 -8.33   data arrival time
-----------------------------------------------------------------------------
                                 -0.58   slack (VIOLATED)


Startpoint: opcode[0] (input port clocked by __VIRTUAL_CLK__)
Endpoint: out[1] (output port clocked by __VIRTUAL_CLK__)
Path Group: __VIRTUAL_CLK__
Path Type: max
Corner: Slowest

Fanout     Cap    Slew   Delay    Time   Description
-----------------------------------------------------------------------------
                  0.00    0.00    0.00   clock __VIRTUAL_CLK__ (rise edge)
                          0.00    0.00   clock network delay (ideal)
                          2.00    2.00 v input external delay
     1    0.00    0.02    0.01    2.01 v opcode[0] (in)
                                         opcode[0] (net)
                  0.02    0.00    2.01 v input17/A (sky130_fd_sc_hd__buf_2)
     8    0.05    0.21    0.37    2.38 v input17/X (sky130_fd_sc_hd__buf_2)
                                         net17 (net)
                  0.21    0.00    2.38 v _120_/A_N (sky130_fd_sc_hd__nand3b_4)
     5    0.04    0.31    0.53    2.91 v _120_/Y (sky130_fd_sc_hd__nand3b_4)
                                         _051_ (net)
                  0.31    0.00    2.91 v _122_/A (sky130_fd_sc_hd__and3_1)
     2    0.02    0.24    0.59    3.51 v _122_/X (sky130_fd_sc_hd__and3_1)
                                         _053_ (net)
                  0.24    0.00    3.51 v _124_/C (sky130_fd_sc_hd__or3_2)
     2    0.03    0.29    1.30    4.81 v _124_/X (sky130_fd_sc_hd__or3_2)
                                         _055_ (net)
                  0.29    0.00    4.81 v _125_/B (sky130_fd_sc_hd__and2b_1)
     2    0.02    0.18    0.56    5.37 v _125_/X (sky130_fd_sc_hd__and2b_1)
                                         _056_ (net)
                  0.18    0.00    5.37 v _127_/A1 (sky130_fd_sc_hd__o21ai_1)
     1    0.02    0.58    0.60    5.97 ^ _127_/Y (sky130_fd_sc_hd__o21ai_1)
                                         _058_ (net)
                  0.58    0.00    5.98 ^ _128_/B1 (sky130_fd_sc_hd__a21oi_1)
     1    0.01    0.17    0.30    6.27 v _128_/Y (sky130_fd_sc_hd__a21oi_1)
                                         _059_ (net)
                  0.17    0.00    6.28 v _133_/A (sky130_fd_sc_hd__or3_1)
     1    0.01    0.21    1.04    7.31 v _133_/X (sky130_fd_sc_hd__or3_1)
                                         _064_ (net)
                  0.21    0.00    7.31 v _134_/A (sky130_fd_sc_hd__buf_1)
     1    0.02    0.18    0.35    7.66 v _134_/X (sky130_fd_sc_hd__buf_1)
                                         net21 (net)
                  0.18    0.00    7.66 v output21/A (sky130_fd_sc_hd__buf_2)
     1    0.03    0.17    0.42    8.08 v output21/X (sky130_fd_sc_hd__buf_2)
                                         out[1] (net)
                  0.17    0.00    8.08 v out[1] (out)
                                  8.08   data arrival time

                  0.00   10.00   10.00   clock __VIRTUAL_CLK__ (rise edge)
                          0.00   10.00   clock network delay (ideal)
                         -0.25    9.75   clock uncertainty
                          0.00    9.75   clock reconvergence pessimism
                         -2.00    7.75   output external delay
                                  7.75   data required time
-----------------------------------------------------------------------------
                                  7.75   data required time
                                 -8.08   data arrival time
-----------------------------------------------------------------------------
                                 -0.33   slack (VIOLATED)


Startpoint: B[0] (input port clocked by __VIRTUAL_CLK__)
Endpoint: out[6] (output port clocked by __VIRTUAL_CLK__)
Path Group: __VIRTUAL_CLK__
Path Type: max
Corner: Slowest

Fanout     Cap    Slew   Delay    Time   Description
-----------------------------------------------------------------------------
                  0.00    0.00    0.00   clock __VIRTUAL_CLK__ (rise edge)
                          0.00    0.00   clock network delay (ideal)
                          2.00    2.00 v input external delay
     1    0.00    0.02    0.01    2.01 v B[0] (in)
                                         B[0] (net)
                  0.02    0.00    2.01 v input9/A (sky130_fd_sc_hd__buf_2)
     9    0.05    0.22    0.38    2.39 v input9/X (sky130_fd_sc_hd__buf_2)
                                         net9 (net)
                  0.22    0.00    2.39 v _146_/A (sky130_fd_sc_hd__or3_4)
     4    0.04    0.21    1.00    3.39 v _146_/X (sky130_fd_sc_hd__or3_4)
                                         _075_ (net)
                  0.21    0.00    3.40 v _181_/A3 (sky130_fd_sc_hd__o31a_2)
     2    0.02    0.17    0.75    4.15 v _181_/X (sky130_fd_sc_hd__o31a_2)
                                         _002_ (net)
                  0.17    0.00    4.15 v _182_/B (sky130_fd_sc_hd__xnor2_2)
     2    0.02    0.52    0.53    4.68 ^ _182_/Y (sky130_fd_sc_hd__xnor2_2)
                                         _003_ (net)
                  0.52    0.00    4.68 ^ _183_/B (sky130_fd_sc_hd__nor2_1)
     2    0.02    0.25    0.42    5.10 v _183_/Y (sky130_fd_sc_hd__nor2_1)
                                         _004_ (net)
                  0.25    0.00    5.10 v _185_/A (sky130_fd_sc_hd__nor2_1)
     2    0.02    0.69    0.69    5.79 ^ _185_/Y (sky130_fd_sc_hd__nor2_1)
                                         _006_ (net)
                  0.69    0.00    5.79 ^ _200_/A3 (sky130_fd_sc_hd__a31o_1)
     2    0.03    0.41    0.78    6.57 ^ _200_/X (sky130_fd_sc_hd__a31o_1)
                                         _020_ (net)
                  0.41    0.00    6.57 ^ _201_/B (sky130_fd_sc_hd__xor2_1)
     1    0.01    0.33    0.49    7.07 ^ _201_/X (sky130_fd_sc_hd__xor2_1)
                                         _021_ (net)
                  0.33    0.00    7.07 ^ _207_/A2 (sky130_fd_sc_hd__a21bo_1)
     1    0.01    0.16    0.39    7.46 ^ _207_/X (sky130_fd_sc_hd__a21bo_1)
                                         net26 (net)
                  0.16    0.00    7.46 ^ output26/A (sky130_fd_sc_hd__buf_2)
     1    0.03    0.27    0.40    7.86 ^ output26/X (sky130_fd_sc_hd__buf_2)
                                         out[6] (net)
                  0.27    0.00    7.86 ^ out[6] (out)
                                  7.86   data arrival time

                  0.00   10.00   10.00   clock __VIRTUAL_CLK__ (rise edge)
                          0.00   10.00   clock network delay (ideal)
                         -0.25    9.75   clock uncertainty
                          0.00    9.75   clock reconvergence pessimism
                         -2.00    7.75   output external delay
                                  7.75   data required time
-----------------------------------------------------------------------------
                                  7.75   data required time
                                 -7.86   data arrival time
-----------------------------------------------------------------------------
                                 -0.11   slack (VIOLATED)


Startpoint: opcode[0] (input port clocked by __VIRTUAL_CLK__)
Endpoint: out[3] (output port clocked by __VIRTUAL_CLK__)
Path Group: __VIRTUAL_CLK__
Path Type: max
Corner: Slowest

Fanout     Cap    Slew   Delay    Time   Description
-----------------------------------------------------------------------------
                  0.00    0.00    0.00   clock __VIRTUAL_CLK__ (rise edge)
                          0.00    0.00   clock network delay (ideal)
                          2.00    2.00 v input external delay
     1    0.00    0.02    0.01    2.01 v opcode[0] (in)
                                         opcode[0] (net)
                  0.02    0.00    2.01 v input17/A (sky130_fd_sc_hd__buf_2)
     8    0.05    0.21    0.37    2.38 v input17/X (sky130_fd_sc_hd__buf_2)
                                         net17 (net)
                  0.21    0.00    2.38 v _120_/A_N (sky130_fd_sc_hd__nand3b_4)
     5    0.04    0.31    0.53    2.91 v _120_/Y (sky130_fd_sc_hd__nand3b_4)
                                         _051_ (net)
                  0.31    0.00    2.91 v _122_/A (sky130_fd_sc_hd__and3_1)
     2    0.02    0.24    0.59    3.51 v _122_/X (sky130_fd_sc_hd__and3_1)
                                         _053_ (net)
                  0.24    0.00    3.51 v _124_/C (sky130_fd_sc_hd__or3_2)
     2    0.03    0.29    1.30    4.81 v _124_/X (sky130_fd_sc_hd__or3_2)
                                         _055_ (net)
                  0.29    0.00    4.81 v _135_/A1 (sky130_fd_sc_hd__a21o_2)
     4    0.04    0.19    0.61    5.42 v _135_/X (sky130_fd_sc_hd__a21o_2)
                                         _065_ (net)
                  0.19    0.00    5.42 v _153_/A1 (sky130_fd_sc_hd__a21o_1)
     2    0.03    0.24    0.53    5.95 v _153_/X (sky130_fd_sc_hd__a21o_1)
                                         _082_ (net)
                  0.24    0.00    5.95 v _155_/B (sky130_fd_sc_hd__or2_1)
     1    0.01    0.14    0.61    6.56 v _155_/X (sky130_fd_sc_hd__or2_1)
                                         _084_ (net)
                  0.14    0.00    6.56 v _160_/A3 (sky130_fd_sc_hd__a31o_1)
     1    0.01    0.16    0.54    7.10 v _160_/X (sky130_fd_sc_hd__a31o_1)
                                         net23 (net)
                  0.16    0.00    7.10 v output23/A (sky130_fd_sc_hd__buf_2)
     1    0.03    0.17    0.41    7.50 v output23/X (sky130_fd_sc_hd__buf_2)
                                         out[3] (net)
                  0.17    0.00    7.50 v out[3] (out)
                                  7.50   data arrival time

                  0.00   10.00   10.00   clock __VIRTUAL_CLK__ (rise edge)
                          0.00   10.00   clock network delay (ideal)
                         -0.25    9.75   clock uncertainty
                          0.00    9.75   clock reconvergence pessimism
                         -2.00    7.75   output external delay
                                  7.75   data required time
-----------------------------------------------------------------------------
                                  7.75   data required time
                                 -7.50   data arrival time
-----------------------------------------------------------------------------
                                  0.25   slack (MET)


Startpoint: B[0] (input port clocked by __VIRTUAL_CLK__)
Endpoint: out[4] (output port clocked by __VIRTUAL_CLK__)
Path Group: __VIRTUAL_CLK__
Path Type: max
Corner: Slowest

Fanout     Cap    Slew   Delay    Time   Description
-----------------------------------------------------------------------------
                  0.00    0.00    0.00   clock __VIRTUAL_CLK__ (rise edge)
                          0.00    0.00   clock network delay (ideal)
                          2.00    2.00 v input external delay
     1    0.00    0.02    0.01    2.01 v B[0] (in)
                                         B[0] (net)
                  0.02    0.00    2.01 v input9/A (sky130_fd_sc_hd__buf_2)
     9    0.05    0.22    0.38    2.39 v input9/X (sky130_fd_sc_hd__buf_2)
                                         net9 (net)
                  0.22    0.00    2.39 v _146_/A (sky130_fd_sc_hd__or3_4)
     4    0.04    0.21    1.00    3.39 v _146_/X (sky130_fd_sc_hd__or3_4)
                                         _075_ (net)
                  0.21    0.00    3.40 v _147_/A2 (sky130_fd_sc_hd__a21bo_1)
     3    0.03    0.29    0.63    4.03 v _147_/X (sky130_fd_sc_hd__a21bo_1)
                                         _076_ (net)
                  0.29    0.00    4.03 v _150_/B (sky130_fd_sc_hd__and3_1)
     2    0.02    0.18    0.58    4.61 v _150_/X (sky130_fd_sc_hd__and3_1)
                                         _079_ (net)
                  0.18    0.00    4.61 v _151_/B (sky130_fd_sc_hd__nor2_1)
     3    0.02    0.63    0.59    5.20 ^ _151_/Y (sky130_fd_sc_hd__nor2_1)
                                         _080_ (net)
                  0.63    0.00    5.20 ^ _166_/A3 (sky130_fd_sc_hd__a31o_1)
     3    0.02    0.32    0.70    5.90 ^ _166_/X (sky130_fd_sc_hd__a31o_1)
                                         _094_ (net)
                  0.32    0.00    5.90 ^ _167_/B (sky130_fd_sc_hd__nand2_1)
     2    0.03    0.45    0.50    6.40 v _167_/Y (sky130_fd_sc_hd__nand2_1)
                                         _095_ (net)
                  0.45    0.00    6.40 v _180_/A1 (sky130_fd_sc_hd__a21bo_1)
     1    0.01    0.08    0.50    6.90 v _180_/X (sky130_fd_sc_hd__a21bo_1)
                                         net24 (net)
                  0.08    0.00    6.90 v output24/A (sky130_fd_sc_hd__buf_2)
     1    0.03    0.17    0.37    7.27 v output24/X (sky130_fd_sc_hd__buf_2)
                                         out[4] (net)
                  0.17    0.00    7.27 v out[4] (out)
                                  7.27   data arrival time

                  0.00   10.00   10.00   clock __VIRTUAL_CLK__ (rise edge)
                          0.00   10.00   clock network delay (ideal)
                         -0.25    9.75   clock uncertainty
                          0.00    9.75   clock reconvergence pessimism
                         -2.00    7.75   output external delay
                                  7.75   data required time
-----------------------------------------------------------------------------
                                  7.75   data required time
                                 -7.27   data arrival time
-----------------------------------------------------------------------------
                                  0.48   slack (MET)


Startpoint: opcode[0] (input port clocked by __VIRTUAL_CLK__)
Endpoint: out[2] (output port clocked by __VIRTUAL_CLK__)
Path Group: __VIRTUAL_CLK__
Path Type: max
Corner: Slowest

Fanout     Cap    Slew   Delay    Time   Description
-----------------------------------------------------------------------------
                  0.00    0.00    0.00   clock __VIRTUAL_CLK__ (rise edge)
                          0.00    0.00   clock network delay (ideal)
                          2.00    2.00 v input external delay
     1    0.00    0.02    0.01    2.01 v opcode[0] (in)
                                         opcode[0] (net)
                  0.02    0.00    2.01 v input17/A (sky130_fd_sc_hd__buf_2)
     8    0.05    0.21    0.37    2.38 v input17/X (sky130_fd_sc_hd__buf_2)
                                         net17 (net)
                  0.21    0.00    2.38 v _120_/A_N (sky130_fd_sc_hd__nand3b_4)
     5    0.04    0.31    0.53    2.91 v _120_/Y (sky130_fd_sc_hd__nand3b_4)
                                         _051_ (net)
                  0.31    0.00    2.91 v _122_/A (sky130_fd_sc_hd__and3_1)
     2    0.02    0.24    0.59    3.51 v _122_/X (sky130_fd_sc_hd__and3_1)
                                         _053_ (net)
                  0.24    0.00    3.51 v _124_/C (sky130_fd_sc_hd__or3_2)
     2    0.03    0.29    1.30    4.81 v _124_/X (sky130_fd_sc_hd__or3_2)
                                         _055_ (net)
                  0.29    0.00    4.81 v _135_/A1 (sky130_fd_sc_hd__a21o_2)
     4    0.04    0.19    0.61    5.42 v _135_/X (sky130_fd_sc_hd__a21o_2)
                                         _065_ (net)
                  0.19    0.00    5.42 v _140_/A (sky130_fd_sc_hd__or2_1)
     1    0.03    0.30    0.80    6.22 v _140_/X (sky130_fd_sc_hd__or2_1)
                                         _070_ (net)
                  0.30    0.00    6.22 v _145_/A3 (sky130_fd_sc_hd__a31o_1)
     1    0.01    0.16    0.62    6.84 v _145_/X (sky130_fd_sc_hd__a31o_1)
                                         net22 (net)
                  0.16    0.00    6.84 v output22/A (sky130_fd_sc_hd__buf_2)
     1    0.03    0.17    0.41    7.25 v output22/X (sky130_fd_sc_hd__buf_2)
                                         out[2] (net)
                  0.17    0.00    7.25 v out[2] (out)
                                  7.25   data arrival time

                  0.00   10.00   10.00   clock __VIRTUAL_CLK__ (rise edge)
                          0.00   10.00   clock network delay (ideal)
                         -0.25    9.75   clock uncertainty
                          0.00    9.75   clock reconvergence pessimism
                         -2.00    7.75   output external delay
                                  7.75   data required time
-----------------------------------------------------------------------------
                                  7.75   data required time
                                 -7.25   data arrival time
-----------------------------------------------------------------------------
                                  0.50   slack (MET)


Startpoint: opcode[1] (input port clocked by __VIRTUAL_CLK__)
Endpoint: out[0] (output port clocked by __VIRTUAL_CLK__)
Path Group: __VIRTUAL_CLK__
Path Type: max
Corner: Slowest

Fanout     Cap    Slew   Delay    Time   Description
-----------------------------------------------------------------------------
                  0.00    0.00    0.00   clock __VIRTUAL_CLK__ (rise edge)
                          0.00    0.00   clock network delay (ideal)
                          2.00    2.00 ^ input external delay
     1    0.00    0.04    0.02    2.02 ^ opcode[1] (in)
                                         opcode[1] (net)
                  0.04    0.00    2.02 ^ input18/A (sky130_fd_sc_hd__buf_4)
    11    0.08    0.35    0.41    2.43 ^ input18/X (sky130_fd_sc_hd__buf_4)
                                         net18 (net)
                  0.35    0.00    2.43 ^ _106_/B (sky130_fd_sc_hd__nand2_1)
     2    0.02    0.33    0.42    2.85 v _106_/Y (sky130_fd_sc_hd__nand2_1)
                                         _038_ (net)
                  0.33    0.00    2.85 v _113_/B (sky130_fd_sc_hd__and2_2)
     5    0.03    0.17    0.68    3.53 v _113_/X (sky130_fd_sc_hd__and2_2)
                                         _045_ (net)
                  0.17    0.00    3.53 v _117_/B1 (sky130_fd_sc_hd__o2bb2a_1)
     1    0.01    0.19    0.82    4.35 v _117_/X (sky130_fd_sc_hd__o2bb2a_1)
                                         _049_ (net)
                  0.19    0.00    4.35 v _118_/B2 (sky130_fd_sc_hd__o22a_1)
     1    0.01    0.18    0.50    4.85 v _118_/X (sky130_fd_sc_hd__o22a_1)
                                         _050_ (net)
                  0.18    0.00    4.85 v _119_/C1 (sky130_fd_sc_hd__a311o_1)
     1    0.01    0.16    0.66    5.51 v _119_/X (sky130_fd_sc_hd__a311o_1)
                                         net20 (net)
                  0.16    0.00    5.51 v output20/A (sky130_fd_sc_hd__buf_2)
     1    0.04    0.17    0.41    5.92 v output20/X (sky130_fd_sc_hd__buf_2)
                                         out[0] (net)
                  0.17    0.00    5.92 v out[0] (out)
                                  5.92   data arrival time

                  0.00   10.00   10.00   clock __VIRTUAL_CLK__ (rise edge)
                          0.00   10.00   clock network delay (ideal)
                         -0.25    9.75   clock uncertainty
                          0.00    9.75   clock reconvergence pessimism
                         -2.00    7.75   output external delay
                                  7.75   data required time
-----------------------------------------------------------------------------
                                  7.75   data required time
                                 -5.92   data arrival time
-----------------------------------------------------------------------------
                                  1.83   slack (MET)



worst slack corner Slowest: -0.7683
======================= Typical Corner ===================================

Startpoint: B[0] (input port clocked by __VIRTUAL_CLK__)
Endpoint: out[7] (output port clocked by __VIRTUAL_CLK__)
Path Group: __VIRTUAL_CLK__
Path Type: max
Corner: Typical

Fanout     Cap    Slew   Delay    Time   Description
-----------------------------------------------------------------------------
                  0.00    0.00    0.00   clock __VIRTUAL_CLK__ (rise edge)
                          0.00    0.00   clock network delay (ideal)
                          2.00    2.00 v input external delay
     1    0.00    0.01    0.00    2.00 v B[0] (in)
                                         B[0] (net)
                  0.01    0.00    2.00 v input9/A (sky130_fd_sc_hd__buf_2)
     9    0.05    0.12    0.19    2.20 v input9/X (sky130_fd_sc_hd__buf_2)
                                         net9 (net)
                  0.12    0.00    2.20 v _146_/A (sky130_fd_sc_hd__or3_4)
     4    0.04    0.12    0.51    2.71 v _146_/X (sky130_fd_sc_hd__or3_4)
                                         _075_ (net)
                  0.12    0.00    2.72 v _181_/A3 (sky130_fd_sc_hd__o31a_2)
     2    0.02    0.10    0.39    3.10 v _181_/X (sky130_fd_sc_hd__o31a_2)
                                         _002_ (net)
                  0.10    0.00    3.10 v _182_/B (sky130_fd_sc_hd__xnor2_2)
     2    0.02    0.33    0.32    3.42 ^ _182_/Y (sky130_fd_sc_hd__xnor2_2)
                                         _003_ (net)
                  0.33    0.00    3.43 ^ _183_/B (sky130_fd_sc_hd__nor2_1)
     2    0.02    0.15    0.20    3.63 v _183_/Y (sky130_fd_sc_hd__nor2_1)
                                         _004_ (net)
                  0.15    0.00    3.63 v _185_/A (sky130_fd_sc_hd__nor2_1)
     2    0.02    0.41    0.40    4.03 ^ _185_/Y (sky130_fd_sc_hd__nor2_1)
                                         _006_ (net)
                  0.41    0.00    4.03 ^ _200_/A3 (sky130_fd_sc_hd__a31o_1)
     2    0.03    0.25    0.37    4.40 ^ _200_/X (sky130_fd_sc_hd__a31o_1)
                                         _020_ (net)
                  0.25    0.00    4.41 ^ _208_/B2 (sky130_fd_sc_hd__a22o_1)
     1    0.02    0.17    0.27    4.68 ^ _208_/X (sky130_fd_sc_hd__a22o_1)
                                         _027_ (net)
                  0.17    0.00    4.68 ^ _214_/A (sky130_fd_sc_hd__xnor2_1)
     1    0.01    0.22    0.18    4.86 ^ _214_/Y (sky130_fd_sc_hd__xnor2_1)
                                         _033_ (net)
                  0.22    0.00    4.86 ^ _219_/A2 (sky130_fd_sc_hd__a21o_1)
     2    0.02    0.17    0.25    5.12 ^ _219_/X (sky130_fd_sc_hd__a21o_1)
                                         net27 (net)
                  0.17    0.00    5.12 ^ output27/A (sky130_fd_sc_hd__buf_2)
     1    0.03    0.17    0.25    5.37 ^ output27/X (sky130_fd_sc_hd__buf_2)
                                         out[7] (net)
                  0.17    0.00    5.37 ^ out[7] (out)
                                  5.37   data arrival time

                  0.00   10.00   10.00   clock __VIRTUAL_CLK__ (rise edge)
                          0.00   10.00   clock network delay (ideal)
                         -0.25    9.75   clock uncertainty
                          0.00    9.75   clock reconvergence pessimism
                         -2.00    7.75   output external delay
                                  7.75   data required time
-----------------------------------------------------------------------------
                                  7.75   data required time
                                 -5.37   data arrival time
-----------------------------------------------------------------------------
                                  2.38   slack (MET)


Startpoint: B[0] (input port clocked by __VIRTUAL_CLK__)
Endpoint: out[5] (output port clocked by __VIRTUAL_CLK__)
Path Group: __VIRTUAL_CLK__
Path Type: max
Corner: Typical

Fanout     Cap    Slew   Delay    Time   Description
-----------------------------------------------------------------------------
                  0.00    0.00    0.00   clock __VIRTUAL_CLK__ (rise edge)
                          0.00    0.00   clock network delay (ideal)
                          2.00    2.00 v input external delay
     1    0.00    0.01    0.00    2.00 v B[0] (in)
                                         B[0] (net)
                  0.01    0.00    2.00 v input9/A (sky130_fd_sc_hd__buf_2)
     9    0.05    0.12    0.19    2.20 v input9/X (sky130_fd_sc_hd__buf_2)
                                         net9 (net)
                  0.12    0.00    2.20 v _146_/A (sky130_fd_sc_hd__or3_4)
     4    0.04    0.12    0.51    2.71 v _146_/X (sky130_fd_sc_hd__or3_4)
                                         _075_ (net)
                  0.12    0.00    2.72 v _147_/A2 (sky130_fd_sc_hd__a21bo_1)
     3    0.03    0.15    0.34    3.06 v _147_/X (sky130_fd_sc_hd__a21bo_1)
                                         _076_ (net)
                  0.15    0.00    3.06 v _150_/B (sky130_fd_sc_hd__and3_1)
     2    0.02    0.10    0.28    3.34 v _150_/X (sky130_fd_sc_hd__and3_1)
                                         _079_ (net)
                  0.10    0.00    3.34 v _151_/B (sky130_fd_sc_hd__nor2_1)
     3    0.02    0.38    0.34    3.68 ^ _151_/Y (sky130_fd_sc_hd__nor2_1)
                                         _080_ (net)
                  0.38    0.00    3.68 ^ _166_/A3 (sky130_fd_sc_hd__a31o_1)
     3    0.02    0.20    0.33    4.01 ^ _166_/X (sky130_fd_sc_hd__a31o_1)
                                         _094_ (net)
                  0.20    0.00    4.01 ^ _167_/B (sky130_fd_sc_hd__nand2_1)
     2    0.03    0.20    0.23    4.24 v _167_/Y (sky130_fd_sc_hd__nand2_1)
                                         _095_ (net)
                  0.20    0.00    4.24 v _187_/B (sky130_fd_sc_hd__nand2_1)
     1    0.02    0.23    0.27    4.51 ^ _187_/Y (sky130_fd_sc_hd__nand2_1)
                                         _008_ (net)
                  0.23    0.00    4.51 ^ _188_/B (sky130_fd_sc_hd__xor2_1)
     1    0.01    0.30    0.32    4.84 ^ _188_/X (sky130_fd_sc_hd__xor2_1)
                                         _009_ (net)
                  0.30    0.00    4.84 ^ _194_/A2 (sky130_fd_sc_hd__a21bo_1)
     1    0.01    0.08    0.20    5.04 ^ _194_/X (sky130_fd_sc_hd__a21bo_1)
                                         net25 (net)
                  0.08    0.00    5.04 ^ output25/A (sky130_fd_sc_hd__buf_2)
     1    0.03    0.17    0.22    5.26 ^ output25/X (sky130_fd_sc_hd__buf_2)
                                         out[5] (net)
                  0.17    0.00    5.26 ^ out[5] (out)
                                  5.26   data arrival time

                  0.00   10.00   10.00   clock __VIRTUAL_CLK__ (rise edge)
                          0.00   10.00   clock network delay (ideal)
                         -0.25    9.75   clock uncertainty
                          0.00    9.75   clock reconvergence pessimism
                         -2.00    7.75   output external delay
                                  7.75   data required time
-----------------------------------------------------------------------------
                                  7.75   data required time
                                 -5.26   data arrival time
-----------------------------------------------------------------------------
                                  2.49   slack (MET)


Startpoint: B[0] (input port clocked by __VIRTUAL_CLK__)
Endpoint: out[6] (output port clocked by __VIRTUAL_CLK__)
Path Group: __VIRTUAL_CLK__
Path Type: max
Corner: Typical

Fanout     Cap    Slew   Delay    Time   Description
-----------------------------------------------------------------------------
                  0.00    0.00    0.00   clock __VIRTUAL_CLK__ (rise edge)
                          0.00    0.00   clock network delay (ideal)
                          2.00    2.00 v input external delay
     1    0.00    0.01    0.00    2.00 v B[0] (in)
                                         B[0] (net)
                  0.01    0.00    2.00 v input9/A (sky130_fd_sc_hd__buf_2)
     9    0.05    0.12    0.19    2.20 v input9/X (sky130_fd_sc_hd__buf_2)
                                         net9 (net)
                  0.12    0.00    2.20 v _146_/A (sky130_fd_sc_hd__or3_4)
     4    0.04    0.12    0.51    2.71 v _146_/X (sky130_fd_sc_hd__or3_4)
                                         _075_ (net)
                  0.12    0.00    2.72 v _181_/A3 (sky130_fd_sc_hd__o31a_2)
     2    0.02    0.10    0.39    3.10 v _181_/X (sky130_fd_sc_hd__o31a_2)
                                         _002_ (net)
                  0.10    0.00    3.10 v _182_/B (sky130_fd_sc_hd__xnor2_2)
     2    0.02    0.33    0.32    3.42 ^ _182_/Y (sky130_fd_sc_hd__xnor2_2)
                                         _003_ (net)
                  0.33    0.00    3.43 ^ _183_/B (sky130_fd_sc_hd__nor2_1)
     2    0.02    0.15    0.20    3.63 v _183_/Y (sky130_fd_sc_hd__nor2_1)
                                         _004_ (net)
                  0.15    0.00    3.63 v _185_/A (sky130_fd_sc_hd__nor2_1)
     2    0.02    0.41    0.40    4.03 ^ _185_/Y (sky130_fd_sc_hd__nor2_1)
                                         _006_ (net)
                  0.41    0.00    4.03 ^ _200_/A3 (sky130_fd_sc_hd__a31o_1)
     2    0.03    0.25    0.37    4.40 ^ _200_/X (sky130_fd_sc_hd__a31o_1)
                                         _020_ (net)
                  0.25    0.00    4.41 ^ _201_/B (sky130_fd_sc_hd__xor2_1)
     1    0.01    0.20    0.25    4.66 ^ _201_/X (sky130_fd_sc_hd__xor2_1)
                                         _021_ (net)
                  0.20    0.00    4.66 ^ _207_/A2 (sky130_fd_sc_hd__a21bo_1)
     1    0.01    0.10    0.20    4.85 ^ _207_/X (sky130_fd_sc_hd__a21bo_1)
                                         net26 (net)
                  0.10    0.00    4.85 ^ output26/A (sky130_fd_sc_hd__buf_2)
     1    0.03    0.17    0.23    5.08 ^ output26/X (sky130_fd_sc_hd__buf_2)
                                         out[6] (net)
                  0.17    0.00    5.08 ^ out[6] (out)
                                  5.08   data arrival time

                  0.00   10.00   10.00   clock __VIRTUAL_CLK__ (rise edge)
                          0.00   10.00   clock network delay (ideal)
                         -0.25    9.75   clock uncertainty
                          0.00    9.75   clock reconvergence pessimism
                         -2.00    7.75   output external delay
                                  7.75   data required time
-----------------------------------------------------------------------------
                                  7.75   data required time
                                 -5.08   data arrival time
-----------------------------------------------------------------------------
                                  2.67   slack (MET)


Startpoint: opcode[0] (input port clocked by __VIRTUAL_CLK__)
Endpoint: out[1] (output port clocked by __VIRTUAL_CLK__)
Path Group: __VIRTUAL_CLK__
Path Type: max
Corner: Typical

Fanout     Cap    Slew   Delay    Time   Description
-----------------------------------------------------------------------------
                  0.00    0.00    0.00   clock __VIRTUAL_CLK__ (rise edge)
                          0.00    0.00   clock network delay (ideal)
                          2.00    2.00 v input external delay
     1    0.00    0.01    0.00    2.00 v opcode[0] (in)
                                         opcode[0] (net)
                  0.01    0.00    2.00 v input17/A (sky130_fd_sc_hd__buf_2)
     8    0.05    0.11    0.19    2.20 v input17/X (sky130_fd_sc_hd__buf_2)
                                         net17 (net)
                  0.11    0.00    2.20 v _120_/A_N (sky130_fd_sc_hd__nand3b_4)
     5    0.04    0.15    0.27    2.46 v _120_/Y (sky130_fd_sc_hd__nand3b_4)
                                         _051_ (net)
                  0.15    0.00    2.47 v _122_/A (sky130_fd_sc_hd__and3_1)
     2    0.02    0.13    0.29    2.75 v _122_/X (sky130_fd_sc_hd__and3_1)
                                         _053_ (net)
                  0.13    0.00    2.76 v _124_/C (sky130_fd_sc_hd__or3_2)
     2    0.03    0.15    0.56    3.32 v _124_/X (sky130_fd_sc_hd__or3_2)
                                         _055_ (net)
                  0.15    0.00    3.32 v _125_/B (sky130_fd_sc_hd__and2b_1)
     2    0.02    0.09    0.27    3.58 v _125_/X (sky130_fd_sc_hd__and2b_1)
                                         _056_ (net)
                  0.09    0.00    3.58 v _127_/A1 (sky130_fd_sc_hd__o21ai_1)
     1    0.02    0.35    0.35    3.93 ^ _127_/Y (sky130_fd_sc_hd__o21ai_1)
                                         _058_ (net)
                  0.35    0.00    3.93 ^ _128_/B1 (sky130_fd_sc_hd__a21oi_1)
     1    0.01    0.10    0.12    4.05 v _128_/Y (sky130_fd_sc_hd__a21oi_1)
                                         _059_ (net)
                  0.10    0.00    4.05 v _133_/A (sky130_fd_sc_hd__or3_1)
     1    0.01    0.10    0.46    4.51 v _133_/X (sky130_fd_sc_hd__or3_1)
                                         _064_ (net)
                  0.10    0.00    4.51 v _134_/A (sky130_fd_sc_hd__buf_1)
     1    0.02    0.09    0.18    4.69 v _134_/X (sky130_fd_sc_hd__buf_1)
                                         net21 (net)
                  0.09    0.00    4.69 v output21/A (sky130_fd_sc_hd__buf_2)
     1    0.03    0.09    0.21    4.90 v output21/X (sky130_fd_sc_hd__buf_2)
                                         out[1] (net)
                  0.09    0.00    4.90 v out[1] (out)
                                  4.90   data arrival time

                  0.00   10.00   10.00   clock __VIRTUAL_CLK__ (rise edge)
                          0.00   10.00   clock network delay (ideal)
                         -0.25    9.75   clock uncertainty
                          0.00    9.75   clock reconvergence pessimism
                         -2.00    7.75   output external delay
                                  7.75   data required time
-----------------------------------------------------------------------------
                                  7.75   data required time
                                 -4.90   data arrival time
-----------------------------------------------------------------------------
                                  2.85   slack (MET)


Startpoint: opcode[0] (input port clocked by __VIRTUAL_CLK__)
Endpoint: out[3] (output port clocked by __VIRTUAL_CLK__)
Path Group: __VIRTUAL_CLK__
Path Type: max
Corner: Typical

Fanout     Cap    Slew   Delay    Time   Description
-----------------------------------------------------------------------------
                  0.00    0.00    0.00   clock __VIRTUAL_CLK__ (rise edge)
                          0.00    0.00   clock network delay (ideal)
                          2.00    2.00 v input external delay
     1    0.00    0.01    0.00    2.00 v opcode[0] (in)
                                         opcode[0] (net)
                  0.01    0.00    2.00 v input17/A (sky130_fd_sc_hd__buf_2)
     8    0.05    0.11    0.19    2.20 v input17/X (sky130_fd_sc_hd__buf_2)
                                         net17 (net)
                  0.11    0.00    2.20 v _120_/A_N (sky130_fd_sc_hd__nand3b_4)
     5    0.04    0.15    0.27    2.46 v _120_/Y (sky130_fd_sc_hd__nand3b_4)
                                         _051_ (net)
                  0.15    0.00    2.47 v _122_/A (sky130_fd_sc_hd__and3_1)
     2    0.02    0.13    0.29    2.75 v _122_/X (sky130_fd_sc_hd__and3_1)
                                         _053_ (net)
                  0.13    0.00    2.76 v _124_/C (sky130_fd_sc_hd__or3_2)
     2    0.03    0.15    0.56    3.32 v _124_/X (sky130_fd_sc_hd__or3_2)
                                         _055_ (net)
                  0.15    0.00    3.32 v _135_/A1 (sky130_fd_sc_hd__a21o_2)
     4    0.04    0.11    0.32    3.64 v _135_/X (sky130_fd_sc_hd__a21o_2)
                                         _065_ (net)
                  0.11    0.00    3.64 v _153_/A1 (sky130_fd_sc_hd__a21o_1)
     2    0.03    0.13    0.28    3.92 v _153_/X (sky130_fd_sc_hd__a21o_1)
                                         _082_ (net)
                  0.13    0.00    3.92 v _155_/B (sky130_fd_sc_hd__or2_1)
     1    0.01    0.07    0.27    4.19 v _155_/X (sky130_fd_sc_hd__or2_1)
                                         _084_ (net)
                  0.07    0.00    4.20 v _160_/A3 (sky130_fd_sc_hd__a31o_1)
     1    0.01    0.09    0.29    4.48 v _160_/X (sky130_fd_sc_hd__a31o_1)
                                         net23 (net)
                  0.09    0.00    4.48 v output23/A (sky130_fd_sc_hd__buf_2)
     1    0.03    0.09    0.21    4.69 v output23/X (sky130_fd_sc_hd__buf_2)
                                         out[3] (net)
                  0.09    0.00    4.69 v out[3] (out)
                                  4.69   data arrival time

                  0.00   10.00   10.00   clock __VIRTUAL_CLK__ (rise edge)
                          0.00   10.00   clock network delay (ideal)
                         -0.25    9.75   clock uncertainty
                          0.00    9.75   clock reconvergence pessimism
                         -2.00    7.75   output external delay
                                  7.75   data required time
-----------------------------------------------------------------------------
                                  7.75   data required time
                                 -4.69   data arrival time
-----------------------------------------------------------------------------
                                  3.06   slack (MET)


Startpoint: B[0] (input port clocked by __VIRTUAL_CLK__)
Endpoint: out[4] (output port clocked by __VIRTUAL_CLK__)
Path Group: __VIRTUAL_CLK__
Path Type: max
Corner: Typical

Fanout     Cap    Slew   Delay    Time   Description
-----------------------------------------------------------------------------
                  0.00    0.00    0.00   clock __VIRTUAL_CLK__ (rise edge)
                          0.00    0.00   clock network delay (ideal)
                          2.00    2.00 v input external delay
     1    0.00    0.01    0.00    2.00 v B[0] (in)
                                         B[0] (net)
                  0.01    0.00    2.00 v input9/A (sky130_fd_sc_hd__buf_2)
     9    0.05    0.12    0.19    2.20 v input9/X (sky130_fd_sc_hd__buf_2)
                                         net9 (net)
                  0.12    0.00    2.20 v _146_/A (sky130_fd_sc_hd__or3_4)
     4    0.04    0.12    0.51    2.71 v _146_/X (sky130_fd_sc_hd__or3_4)
                                         _075_ (net)
                  0.12    0.00    2.72 v _147_/A2 (sky130_fd_sc_hd__a21bo_1)
     3    0.03    0.15    0.34    3.06 v _147_/X (sky130_fd_sc_hd__a21bo_1)
                                         _076_ (net)
                  0.15    0.00    3.06 v _150_/B (sky130_fd_sc_hd__and3_1)
     2    0.02    0.10    0.28    3.34 v _150_/X (sky130_fd_sc_hd__and3_1)
                                         _079_ (net)
                  0.10    0.00    3.34 v _151_/B (sky130_fd_sc_hd__nor2_1)
     3    0.02    0.38    0.34    3.68 ^ _151_/Y (sky130_fd_sc_hd__nor2_1)
                                         _080_ (net)
                  0.38    0.00    3.68 ^ _166_/A3 (sky130_fd_sc_hd__a31o_1)
     3    0.02    0.20    0.33    4.01 ^ _166_/X (sky130_fd_sc_hd__a31o_1)
                                         _094_ (net)
                  0.20    0.00    4.01 ^ _167_/B (sky130_fd_sc_hd__nand2_1)
     2    0.03    0.20    0.23    4.24 v _167_/Y (sky130_fd_sc_hd__nand2_1)
                                         _095_ (net)
                  0.20    0.00    4.24 v _180_/A1 (sky130_fd_sc_hd__a21bo_1)
     1    0.01    0.04    0.25    4.48 v _180_/X (sky130_fd_sc_hd__a21bo_1)
                                         net24 (net)
                  0.04    0.00    4.48 v output24/A (sky130_fd_sc_hd__buf_2)
     1    0.03    0.09    0.19    4.67 v output24/X (sky130_fd_sc_hd__buf_2)
                                         out[4] (net)
                  0.09    0.00    4.67 v out[4] (out)
                                  4.67   data arrival time

                  0.00   10.00   10.00   clock __VIRTUAL_CLK__ (rise edge)
                          0.00   10.00   clock network delay (ideal)
                         -0.25    9.75   clock uncertainty
                          0.00    9.75   clock reconvergence pessimism
                         -2.00    7.75   output external delay
                                  7.75   data required time
-----------------------------------------------------------------------------
                                  7.75   data required time
                                 -4.67   data arrival time
-----------------------------------------------------------------------------
                                  3.08   slack (MET)


Startpoint: opcode[0] (input port clocked by __VIRTUAL_CLK__)
Endpoint: out[2] (output port clocked by __VIRTUAL_CLK__)
Path Group: __VIRTUAL_CLK__
Path Type: max
Corner: Typical

Fanout     Cap    Slew   Delay    Time   Description
-----------------------------------------------------------------------------
                  0.00    0.00    0.00   clock __VIRTUAL_CLK__ (rise edge)
                          0.00    0.00   clock network delay (ideal)
                          2.00    2.00 v input external delay
     1    0.00    0.01    0.00    2.00 v opcode[0] (in)
                                         opcode[0] (net)
                  0.01    0.00    2.00 v input17/A (sky130_fd_sc_hd__buf_2)
     8    0.05    0.11    0.19    2.20 v input17/X (sky130_fd_sc_hd__buf_2)
                                         net17 (net)
                  0.11    0.00    2.20 v _120_/A_N (sky130_fd_sc_hd__nand3b_4)
     5    0.04    0.15    0.27    2.46 v _120_/Y (sky130_fd_sc_hd__nand3b_4)
                                         _051_ (net)
                  0.15    0.00    2.47 v _122_/A (sky130_fd_sc_hd__and3_1)
     2    0.02    0.13    0.29    2.75 v _122_/X (sky130_fd_sc_hd__and3_1)
                                         _053_ (net)
                  0.13    0.00    2.76 v _124_/C (sky130_fd_sc_hd__or3_2)
     2    0.03    0.15    0.56    3.32 v _124_/X (sky130_fd_sc_hd__or3_2)
                                         _055_ (net)
                  0.15    0.00    3.32 v _135_/A1 (sky130_fd_sc_hd__a21o_2)
     4    0.04    0.11    0.32    3.64 v _135_/X (sky130_fd_sc_hd__a21o_2)
                                         _065_ (net)
                  0.11    0.00    3.64 v _140_/A (sky130_fd_sc_hd__or2_1)
     1    0.03    0.15    0.38    4.01 v _140_/X (sky130_fd_sc_hd__or2_1)
                                         _070_ (net)
                  0.15    0.00    4.01 v _145_/A3 (sky130_fd_sc_hd__a31o_1)
     1    0.01    0.09    0.32    4.34 v _145_/X (sky130_fd_sc_hd__a31o_1)
                                         net22 (net)
                  0.09    0.00    4.34 v output22/A (sky130_fd_sc_hd__buf_2)
     1    0.03    0.09    0.21    4.55 v output22/X (sky130_fd_sc_hd__buf_2)
                                         out[2] (net)
                  0.09    0.00    4.55 v out[2] (out)
                                  4.55   data arrival time

                  0.00   10.00   10.00   clock __VIRTUAL_CLK__ (rise edge)
                          0.00   10.00   clock network delay (ideal)
                         -0.25    9.75   clock uncertainty
                          0.00    9.75   clock reconvergence pessimism
                         -2.00    7.75   output external delay
                                  7.75   data required time
-----------------------------------------------------------------------------
                                  7.75   data required time
                                 -4.55   data arrival time
-----------------------------------------------------------------------------
                                  3.20   slack (MET)


Startpoint: opcode[0] (input port clocked by __VIRTUAL_CLK__)
Endpoint: out[0] (output port clocked by __VIRTUAL_CLK__)
Path Group: __VIRTUAL_CLK__
Path Type: max
Corner: Typical

Fanout     Cap    Slew   Delay    Time   Description
-----------------------------------------------------------------------------
                  0.00    0.00    0.00   clock __VIRTUAL_CLK__ (rise edge)
                          0.00    0.00   clock network delay (ideal)
                          2.00    2.00 ^ input external delay
     1    0.00    0.02    0.01    2.01 ^ opcode[0] (in)
                                         opcode[0] (net)
                  0.02    0.00    2.01 ^ input17/A (sky130_fd_sc_hd__buf_2)
     8    0.05    0.23    0.24    2.25 ^ input17/X (sky130_fd_sc_hd__buf_2)
                                         net17 (net)
                  0.23    0.00    2.25 ^ _106_/A (sky130_fd_sc_hd__nand2_1)
     2    0.02    0.15    0.20    2.45 v _106_/Y (sky130_fd_sc_hd__nand2_1)
                                         _038_ (net)
                  0.15    0.00    2.45 v _113_/B (sky130_fd_sc_hd__and2_2)
     5    0.03    0.09    0.31    2.76 v _113_/X (sky130_fd_sc_hd__and2_2)
                                         _045_ (net)
                  0.09    0.00    2.76 v _117_/B1 (sky130_fd_sc_hd__o2bb2a_1)
     1    0.01    0.10    0.37    3.14 v _117_/X (sky130_fd_sc_hd__o2bb2a_1)
                                         _049_ (net)
                  0.10    0.00    3.14 v _118_/B2 (sky130_fd_sc_hd__o22a_1)
     1    0.01    0.10    0.24    3.38 v _118_/X (sky130_fd_sc_hd__o22a_1)
                                         _050_ (net)
                  0.10    0.00    3.38 v _119_/C1 (sky130_fd_sc_hd__a311o_1)
     1    0.01    0.09    0.34    3.72 v _119_/X (sky130_fd_sc_hd__a311o_1)
                                         net20 (net)
                  0.09    0.00    3.73 v output20/A (sky130_fd_sc_hd__buf_2)
     1    0.04    0.09    0.21    3.94 v output20/X (sky130_fd_sc_hd__buf_2)
                                         out[0] (net)
                  0.09    0.00    3.94 v out[0] (out)
                                  3.94   data arrival time

                  0.00   10.00   10.00   clock __VIRTUAL_CLK__ (rise edge)
                          0.00   10.00   clock network delay (ideal)
                         -0.25    9.75   clock uncertainty
                          0.00    9.75   clock reconvergence pessimism
                         -2.00    7.75   output external delay
                                  7.75   data required time
-----------------------------------------------------------------------------
                                  7.75   data required time
                                 -3.94   data arrival time
-----------------------------------------------------------------------------
                                  3.81   slack (MET)



worst slack corner Typical: 2.3783
