
===========================================================================
report_checks -unconstrained
===========================================================================
======================= Fastest Corner ===================================

Startpoint: B[0] (input port clocked by __VIRTUAL_CLK__)
Endpoint: out[7] (output port clocked by __VIRTUAL_CLK__)
Path Group: __VIRTUAL_CLK__
Path Type: max
Corner: Fastest

Fanout     Cap    Slew   Delay    Time   Description
-----------------------------------------------------------------------------
                  0.00    0.00    0.00   clock __VIRTUAL_CLK__ (rise edge)
                          0.00    0.00   clock network delay (ideal)
                          2.00    2.00 v input external delay
     1    0.00    0.00    0.00    2.00 v B[0] (in)
                                         B[0] (net)
                  0.00    0.00    2.00 v input9/A (sky130_fd_sc_hd__buf_2)
     9    0.05    0.08    0.13    2.13 v input9/X (sky130_fd_sc_hd__buf_2)
                                         net9 (net)
                  0.08    0.00    2.14 v _146_/A (sky130_fd_sc_hd__or3_4)
     4    0.04    0.08    0.31    2.45 v _146_/X (sky130_fd_sc_hd__or3_4)
                                         _075_ (net)
                  0.08    0.00    2.45 v _147_/A2 (sky130_fd_sc_hd__a21bo_1)
     3    0.03    0.11    0.23    2.68 v _147_/X (sky130_fd_sc_hd__a21bo_1)
                                         _076_ (net)
                  0.11    0.00    2.68 v _149_/A1 (sky130_fd_sc_hd__a21oi_1)
     1    0.02    0.25    0.25    2.93 ^ _149_/Y (sky130_fd_sc_hd__a21oi_1)
                                         _078_ (net)
                  0.25    0.00    2.93 ^ _151_/A (sky130_fd_sc_hd__nor2_1)
     3    0.02    0.11    0.12    3.04 v _151_/Y (sky130_fd_sc_hd__nor2_1)
                                         _080_ (net)
                  0.11    0.00    3.04 v _166_/A3 (sky130_fd_sc_hd__a31o_1)
     3    0.02    0.08    0.22    3.27 v _166_/X (sky130_fd_sc_hd__a31o_1)
                                         _094_ (net)
                  0.08    0.00    3.27 v _200_/A2 (sky130_fd_sc_hd__a31o_1)
     2    0.03    0.09    0.22    3.49 v _200_/X (sky130_fd_sc_hd__a31o_1)
                                         _020_ (net)
                  0.09    0.00    3.49 v _208_/B2 (sky130_fd_sc_hd__a22o_1)
     1    0.02    0.07    0.16    3.66 v _208_/X (sky130_fd_sc_hd__a22o_1)
                                         _027_ (net)
                  0.07    0.00    3.66 v _214_/A (sky130_fd_sc_hd__xnor2_1)
     1    0.01    0.15    0.17    3.83 ^ _214_/Y (sky130_fd_sc_hd__xnor2_1)
                                         _033_ (net)
                  0.15    0.00    3.83 ^ _219_/A2 (sky130_fd_sc_hd__a21o_1)
     2    0.02    0.13    0.16    3.99 ^ _219_/X (sky130_fd_sc_hd__a21o_1)
                                         net27 (net)
                  0.13    0.00    4.00 ^ output27/A (sky130_fd_sc_hd__buf_2)
     1    0.03    0.13    0.17    4.16 ^ output27/X (sky130_fd_sc_hd__buf_2)
                                         out[7] (net)
                  0.13    0.00    4.17 ^ out[7] (out)
                                  4.17   data arrival time

                  0.00   10.00   10.00   clock __VIRTUAL_CLK__ (rise edge)
                          0.00   10.00   clock network delay (ideal)
                         -0.25    9.75   clock uncertainty
                          0.00    9.75   clock reconvergence pessimism
                         -2.00    7.75   output external delay
                                  7.75   data required time
-----------------------------------------------------------------------------
                                  7.75   data required time
                                 -4.17   data arrival time
-----------------------------------------------------------------------------
                                  3.58   slack (MET)



======================= Slowest Corner ===================================

Startpoint: opcode[0] (input port clocked by __VIRTUAL_CLK__)
Endpoint: out[7] (output port clocked by __VIRTUAL_CLK__)
Path Group: __VIRTUAL_CLK__
Path Type: max
Corner: Slowest

Fanout     Cap    Slew   Delay    Time   Description
-----------------------------------------------------------------------------
                  0.00    0.00    0.00   clock __VIRTUAL_CLK__ (rise edge)
                          0.00    0.00   clock network delay (ideal)
                          2.00    2.00 v input external delay
     1    0.00    0.02    0.01    2.01 v opcode[0] (in)
                                         opcode[0] (net)
                  0.02    0.00    2.01 v input17/A (sky130_fd_sc_hd__buf_2)
     8    0.05    0.21    0.37    2.38 v input17/X (sky130_fd_sc_hd__buf_2)
                                         net17 (net)
                  0.21    0.00    2.38 v _120_/A_N (sky130_fd_sc_hd__nand3b_4)
     5    0.04    0.31    0.53    2.91 v _120_/Y (sky130_fd_sc_hd__nand3b_4)
                                         _051_ (net)
                  0.31    0.00    2.91 v _122_/A (sky130_fd_sc_hd__and3_1)
     2    0.02    0.24    0.59    3.51 v _122_/X (sky130_fd_sc_hd__and3_1)
                                         _053_ (net)
                  0.24    0.00    3.51 v _124_/C (sky130_fd_sc_hd__or3_2)
     2    0.03    0.29    1.30    4.81 v _124_/X (sky130_fd_sc_hd__or3_2)
                                         _055_ (net)
                  0.29    0.00    4.81 v _135_/A1 (sky130_fd_sc_hd__a21o_2)
     4    0.04    0.19    0.61    5.42 v _135_/X (sky130_fd_sc_hd__a21o_2)
                                         _065_ (net)
                  0.19    0.00    5.42 v _166_/A1 (sky130_fd_sc_hd__a31o_1)
     3    0.02    0.20    0.52    5.94 v _166_/X (sky130_fd_sc_hd__a31o_1)
                                         _094_ (net)
                  0.20    0.00    5.94 v _200_/A2 (sky130_fd_sc_hd__a31o_1)
     2    0.03    0.24    0.62    6.56 v _200_/X (sky130_fd_sc_hd__a31o_1)
                                         _020_ (net)
                  0.24    0.00    6.56 v _208_/B2 (sky130_fd_sc_hd__a22o_1)
     1    0.02    0.18    0.57    7.13 v _208_/X (sky130_fd_sc_hd__a22o_1)
                                         _027_ (net)
                  0.18    0.00    7.13 v _214_/A (sky130_fd_sc_hd__xnor2_1)
     1    0.01    0.35    0.44    7.57 ^ _214_/Y (sky130_fd_sc_hd__xnor2_1)
                                         _033_ (net)
                  0.35    0.00    7.57 ^ _219_/A2 (sky130_fd_sc_hd__a21o_1)
     2    0.02    0.26    0.49    8.06 ^ _219_/X (sky130_fd_sc_hd__a21o_1)
                                         net27 (net)
                  0.26    0.00    8.06 ^ output27/A (sky130_fd_sc_hd__buf_2)
     1    0.03    0.27    0.45    8.52 ^ output27/X (sky130_fd_sc_hd__buf_2)
                                         out[7] (net)
                  0.27    0.00    8.52 ^ out[7] (out)
                                  8.52   data arrival time

                  0.00   10.00   10.00   clock __VIRTUAL_CLK__ (rise edge)
                          0.00   10.00   clock network delay (ideal)
                         -0.25    9.75   clock uncertainty
                          0.00    9.75   clock reconvergence pessimism
                         -2.00    7.75   output external delay
                                  7.75   data required time
-----------------------------------------------------------------------------
                                  7.75   data required time
                                 -8.52   data arrival time
-----------------------------------------------------------------------------
                                 -0.77   slack (VIOLATED)



======================= Typical Corner ===================================

Startpoint: B[0] (input port clocked by __VIRTUAL_CLK__)
Endpoint: out[7] (output port clocked by __VIRTUAL_CLK__)
Path Group: __VIRTUAL_CLK__
Path Type: max
Corner: Typical

Fanout     Cap    Slew   Delay    Time   Description
-----------------------------------------------------------------------------
                  0.00    0.00    0.00   clock __VIRTUAL_CLK__ (rise edge)
                          0.00    0.00   clock network delay (ideal)
                          2.00    2.00 v input external delay
     1    0.00    0.01    0.00    2.00 v B[0] (in)
                                         B[0] (net)
                  0.01    0.00    2.00 v input9/A (sky130_fd_sc_hd__buf_2)
     9    0.05    0.12    0.19    2.20 v input9/X (sky130_fd_sc_hd__buf_2)
                                         net9 (net)
                  0.12    0.00    2.20 v _146_/A (sky130_fd_sc_hd__or3_4)
     4    0.04    0.12    0.51    2.71 v _146_/X (sky130_fd_sc_hd__or3_4)
                                         _075_ (net)
                  0.12    0.00    2.72 v _181_/A3 (sky130_fd_sc_hd__o31a_2)
     2    0.02    0.10    0.39    3.10 v _181_/X (sky130_fd_sc_hd__o31a_2)
                                         _002_ (net)
                  0.10    0.00    3.10 v _182_/B (sky130_fd_sc_hd__xnor2_2)
     2    0.02    0.33    0.32    3.42 ^ _182_/Y (sky130_fd_sc_hd__xnor2_2)
                                         _003_ (net)
                  0.33    0.00    3.43 ^ _183_/B (sky130_fd_sc_hd__nor2_1)
     2    0.02    0.15    0.20    3.63 v _183_/Y (sky130_fd_sc_hd__nor2_1)
                                         _004_ (net)
                  0.15    0.00    3.63 v _185_/A (sky130_fd_sc_hd__nor2_1)
     2    0.02    0.41    0.40    4.03 ^ _185_/Y (sky130_fd_sc_hd__nor2_1)
                                         _006_ (net)
                  0.41    0.00    4.03 ^ _200_/A3 (sky130_fd_sc_hd__a31o_1)
     2    0.03    0.25    0.37    4.40 ^ _200_/X (sky130_fd_sc_hd__a31o_1)
                                         _020_ (net)
                  0.25    0.00    4.41 ^ _208_/B2 (sky130_fd_sc_hd__a22o_1)
     1    0.02    0.17    0.27    4.68 ^ _208_/X (sky130_fd_sc_hd__a22o_1)
                                         _027_ (net)
                  0.17    0.00    4.68 ^ _214_/A (sky130_fd_sc_hd__xnor2_1)
     1    0.01    0.22    0.18    4.86 ^ _214_/Y (sky130_fd_sc_hd__xnor2_1)
                                         _033_ (net)
                  0.22    0.00    4.86 ^ _219_/A2 (sky130_fd_sc_hd__a21o_1)
     2    0.02    0.17    0.25    5.12 ^ _219_/X (sky130_fd_sc_hd__a21o_1)
                                         net27 (net)
                  0.17    0.00    5.12 ^ output27/A (sky130_fd_sc_hd__buf_2)
     1    0.03    0.17    0.25    5.37 ^ output27/X (sky130_fd_sc_hd__buf_2)
                                         out[7] (net)
                  0.17    0.00    5.37 ^ out[7] (out)
                                  5.37   data arrival time

                  0.00   10.00   10.00   clock __VIRTUAL_CLK__ (rise edge)
                          0.00   10.00   clock network delay (ideal)
                         -0.25    9.75   clock uncertainty
                          0.00    9.75   clock reconvergence pessimism
                         -2.00    7.75   output external delay
                                  7.75   data required time
-----------------------------------------------------------------------------
                                  7.75   data required time
                                 -5.37   data arrival time
-----------------------------------------------------------------------------
                                  2.38   slack (MET)




===========================================================================
report_checks --slack_max -0.01
============================================================================
======================= Fastest Corner ===================================

No paths found.

======================= Slowest Corner ===================================

Startpoint: opcode[0] (input port clocked by __VIRTUAL_CLK__)
Endpoint: out[7] (output port clocked by __VIRTUAL_CLK__)
Path Group: __VIRTUAL_CLK__
Path Type: max
Corner: Slowest

Fanout     Cap    Slew   Delay    Time   Description
-----------------------------------------------------------------------------
                  0.00    0.00    0.00   clock __VIRTUAL_CLK__ (rise edge)
                          0.00    0.00   clock network delay (ideal)
                          2.00    2.00 v input external delay
     1    0.00    0.02    0.01    2.01 v opcode[0] (in)
                                         opcode[0] (net)
                  0.02    0.00    2.01 v input17/A (sky130_fd_sc_hd__buf_2)
     8    0.05    0.21    0.37    2.38 v input17/X (sky130_fd_sc_hd__buf_2)
                                         net17 (net)
                  0.21    0.00    2.38 v _120_/A_N (sky130_fd_sc_hd__nand3b_4)
     5    0.04    0.31    0.53    2.91 v _120_/Y (sky130_fd_sc_hd__nand3b_4)
                                         _051_ (net)
                  0.31    0.00    2.91 v _122_/A (sky130_fd_sc_hd__and3_1)
     2    0.02    0.24    0.59    3.51 v _122_/X (sky130_fd_sc_hd__and3_1)
                                         _053_ (net)
                  0.24    0.00    3.51 v _124_/C (sky130_fd_sc_hd__or3_2)
     2    0.03    0.29    1.30    4.81 v _124_/X (sky130_fd_sc_hd__or3_2)
                                         _055_ (net)
                  0.29    0.00    4.81 v _135_/A1 (sky130_fd_sc_hd__a21o_2)
     4    0.04    0.19    0.61    5.42 v _135_/X (sky130_fd_sc_hd__a21o_2)
                                         _065_ (net)
                  0.19    0.00    5.42 v _166_/A1 (sky130_fd_sc_hd__a31o_1)
     3    0.02    0.20    0.52    5.94 v _166_/X (sky130_fd_sc_hd__a31o_1)
                                         _094_ (net)
                  0.20    0.00    5.94 v _200_/A2 (sky130_fd_sc_hd__a31o_1)
     2    0.03    0.24    0.62    6.56 v _200_/X (sky130_fd_sc_hd__a31o_1)
                                         _020_ (net)
                  0.24    0.00    6.56 v _208_/B2 (sky130_fd_sc_hd__a22o_1)
     1    0.02    0.18    0.57    7.13 v _208_/X (sky130_fd_sc_hd__a22o_1)
                                         _027_ (net)
                  0.18    0.00    7.13 v _214_/A (sky130_fd_sc_hd__xnor2_1)
     1    0.01    0.35    0.44    7.57 ^ _214_/Y (sky130_fd_sc_hd__xnor2_1)
                                         _033_ (net)
                  0.35    0.00    7.57 ^ _219_/A2 (sky130_fd_sc_hd__a21o_1)
     2    0.02    0.26    0.49    8.06 ^ _219_/X (sky130_fd_sc_hd__a21o_1)
                                         net27 (net)
                  0.26    0.00    8.06 ^ output27/A (sky130_fd_sc_hd__buf_2)
     1    0.03    0.27    0.45    8.52 ^ output27/X (sky130_fd_sc_hd__buf_2)
                                         out[7] (net)
                  0.27    0.00    8.52 ^ out[7] (out)
                                  8.52   data arrival time

                  0.00   10.00   10.00   clock __VIRTUAL_CLK__ (rise edge)
                          0.00   10.00   clock network delay (ideal)
                         -0.25    9.75   clock uncertainty
                          0.00    9.75   clock reconvergence pessimism
                         -2.00    7.75   output external delay
                                  7.75   data required time
-----------------------------------------------------------------------------
                                  7.75   data required time
                                 -8.52   data arrival time
-----------------------------------------------------------------------------
                                 -0.77   slack (VIOLATED)



======================= Typical Corner ===================================

No paths found.


===========================================================================
 report_check_types -max_slew -max_cap -max_fanout -violators
============================================================================
======================= Fastest Corner ===================================

max fanout

Pin                                   Limit Fanout  Slack
---------------------------------------------------------
input18/X                                10     11        (VIOLATED)


max slew violations count Fastest: 0
max fanout violations count Fastest: 1
max cap violations count Fastest: 0
======================= Slowest Corner ===================================

max fanout

Pin                                   Limit Fanout  Slack
---------------------------------------------------------
input18/X                                10     11        (VIOLATED)


max slew violations count Slowest: 0
max fanout violations count Slowest: 1
max cap violations count Slowest: 0
======================= Typical Corner ===================================

max fanout

Pin                                   Limit Fanout  Slack
---------------------------------------------------------
input18/X                                10     11        (VIOLATED)


max slew violations count Typical: 0
max fanout violations count Typical: 1
max cap violations count Typical: 0

===========================================================================
report_parasitic_annotation -report_unannotated
============================================================================
Found 0 unannotated drivers.
Found 0 partially unannotated drivers.

===========================================================================
max slew violation count 0
max fanout violation count 1
max cap violation count 0
============================================================================

===========================================================================
check_setup -verbose -unconstrained_endpoints -multiple_clock -no_clock -no_input_delay -loops -generated_clocks
===========================================================================
