
===========================================================================
report_checks -unconstrained
===========================================================================
======================= Typical Corner ===================================

Startpoint: readReg2[1] (input port clocked by clk)
Endpoint: readData2[1] (output port clocked by clk)
Path Group: clk
Path Type: max

Fanout     Cap    Slew   Delay    Time   Description
-----------------------------------------------------------------------------
                  0.15    0.00    0.00   clock clk (rise edge)
                          0.00    0.00   clock network delay (ideal)
                          2.00    2.00 ^ input external delay
     6    0.02    0.08    0.06    2.06 ^ readReg2[1] (in)
                                         readReg2[1] (net)
                  0.08    0.00    2.06 ^ _235_/A (sky130_fd_sc_hd__buf_1)
    10    0.04    0.47    0.41    2.46 ^ _235_/X (sky130_fd_sc_hd__buf_1)
                                         _066_ (net)
                  0.47    0.00    2.46 ^ _236_/A (sky130_fd_sc_hd__buf_1)
    10    0.04    0.44    0.44    2.90 ^ _236_/X (sky130_fd_sc_hd__buf_1)
                                         _067_ (net)
                  0.44    0.00    2.90 ^ _245_/S1 (sky130_fd_sc_hd__mux4_2)
     1    0.00    0.08    0.38    3.29 v _245_/X (sky130_fd_sc_hd__mux4_2)
                                         _075_ (net)
                  0.08    0.00    3.29 v _250_/A2 (sky130_fd_sc_hd__o21a_2)
     1    0.04    0.11    0.30    3.58 v _250_/X (sky130_fd_sc_hd__o21a_2)
                                         readData2[1] (net)
                  0.11    0.00    3.59 v readData2[1] (out)
                                  3.59   data arrival time

                  0.15   10.00   10.00   clock clk (rise edge)
                          0.00   10.00   clock network delay (ideal)
                         -0.25    9.75   clock uncertainty
                          0.00    9.75   clock reconvergence pessimism
                         -2.00    7.75   output external delay
                                  7.75   data required time
-----------------------------------------------------------------------------
                                  7.75   data required time
                                 -3.59   data arrival time
-----------------------------------------------------------------------------
                                  4.16   slack (MET)




===========================================================================
report_checks --slack_max -0.01
============================================================================
======================= Typical Corner ===================================

No paths found.


===========================================================================
 report_check_types -max_slew -max_cap -max_fanout -violators
============================================================================
======================= Typical Corner ===================================


max slew violations count Typical: 0
max fanout violations count Typical: 0
max cap violations count Typical: 0

===========================================================================
report_parasitic_annotation -report_unannotated
============================================================================
Found 1 unannotated drivers.
 clk
Found 0 partially unannotated drivers.

===========================================================================
max slew violation count 0
max fanout violation count 0
max cap violation count 0
============================================================================

===========================================================================
check_setup -verbose -unconstrained_endpoints -multiple_clock -no_clock -no_input_delay -loops -generated_clocks
===========================================================================
