
===========================================================================
report_checks -unconstrained
===========================================================================
======================= Typical Corner ===================================

Startpoint: opcode[0] (input port clocked by __VIRTUAL_CLK__)
Endpoint: out[7] (output port clocked by __VIRTUAL_CLK__)
Path Group: __VIRTUAL_CLK__
Path Type: max

Fanout     Cap    Slew   Delay    Time   Description
-----------------------------------------------------------------------------
                  0.00    0.00    0.00   clock __VIRTUAL_CLK__ (rise edge)
                          0.00    0.00   clock network delay (ideal)
                          2.00    2.00 v input external delay
     1    0.00    0.01    0.00    2.00 v opcode[0] (in)
                                         opcode[0] (net)
                  0.01    0.00    2.00 v input17/A (sky130_fd_sc_hd__buf_2)
     7    0.03    0.07    0.16    2.16 v input17/X (sky130_fd_sc_hd__buf_2)
                                         net17 (net)
                  0.07    0.00    2.16 v _120_/A_N (sky130_fd_sc_hd__nand3b_4)
     9    0.04    0.15    0.25    2.41 v _120_/Y (sky130_fd_sc_hd__nand3b_4)
                                         _051_ (net)
                  0.15    0.00    2.42 v _122_/C (sky130_fd_sc_hd__and3_1)
     2    0.01    0.08    0.28    2.70 v _122_/X (sky130_fd_sc_hd__and3_1)
                                         _053_ (net)
                  0.08    0.00    2.70 v _124_/C (sky130_fd_sc_hd__or3_2)
     2    0.01    0.11    0.50    3.19 v _124_/X (sky130_fd_sc_hd__or3_2)
                                         _055_ (net)
                  0.11    0.00    3.19 v _135_/A1 (sky130_fd_sc_hd__a21o_2)
     4    0.02    0.08    0.27    3.46 v _135_/X (sky130_fd_sc_hd__a21o_2)
                                         _065_ (net)
                  0.08    0.00    3.46 v _166_/A1 (sky130_fd_sc_hd__a31o_1)
     3    0.01    0.08    0.23    3.70 v _166_/X (sky130_fd_sc_hd__a31o_1)
                                         _094_ (net)
                  0.08    0.00    3.70 v _200_/A2 (sky130_fd_sc_hd__a31o_1)
     2    0.01    0.08    0.28    3.98 v _200_/X (sky130_fd_sc_hd__a31o_1)
                                         _020_ (net)
                  0.08    0.00    3.98 v _208_/B2 (sky130_fd_sc_hd__a22o_1)
     1    0.01    0.07    0.26    4.23 v _208_/X (sky130_fd_sc_hd__a22o_1)
                                         _027_ (net)
                  0.07    0.00    4.23 v _214_/A (sky130_fd_sc_hd__xnor2_1)
     1    0.01    0.16    0.20    4.44 ^ _214_/Y (sky130_fd_sc_hd__xnor2_1)
                                         _033_ (net)
                  0.16    0.00    4.44 ^ _219_/A2 (sky130_fd_sc_hd__a21o_1)
     1    0.01    0.10    0.19    4.63 ^ _219_/X (sky130_fd_sc_hd__a21o_1)
                                         net27 (net)
                  0.10    0.00    4.63 ^ output27/A (sky130_fd_sc_hd__buf_2)
     1    0.03    0.17    0.23    4.85 ^ output27/X (sky130_fd_sc_hd__buf_2)
                                         out[7] (net)
                  0.17    0.00    4.86 ^ out[7] (out)
                                  4.86   data arrival time

                  0.00   10.00   10.00   clock __VIRTUAL_CLK__ (rise edge)
                          0.00   10.00   clock network delay (ideal)
                         -0.25    9.75   clock uncertainty
                          0.00    9.75   clock reconvergence pessimism
                         -2.00    7.75   output external delay
                                  7.75   data required time
-----------------------------------------------------------------------------
                                  7.75   data required time
                                 -4.86   data arrival time
-----------------------------------------------------------------------------
                                  2.89   slack (MET)




===========================================================================
report_checks --slack_max -0.01
============================================================================
======================= Typical Corner ===================================

No paths found.


===========================================================================
 report_check_types -max_slew -max_cap -max_fanout -violators
============================================================================
======================= Typical Corner ===================================


max slew violations count Typical: 0
max fanout violations count Typical: 0
max cap violations count Typical: 0

===========================================================================
report_parasitic_annotation -report_unannotated
============================================================================
Found 0 unannotated drivers.
Found 0 partially unannotated drivers.

===========================================================================
max slew violation count 0
max fanout violation count 0
max cap violation count 0
============================================================================

===========================================================================
check_setup -verbose -unconstrained_endpoints -multiple_clock -no_clock -no_input_delay -loops -generated_clocks
===========================================================================
