
===========================================================================
report_checks -path_delay max (Setup)
============================================================================
======================= Typical Corner ===================================

Startpoint: opcode[0] (input port clocked by __VIRTUAL_CLK__)
Endpoint: out[7] (output port clocked by __VIRTUAL_CLK__)
Path Group: __VIRTUAL_CLK__
Path Type: max

Fanout     Cap    Slew   Delay    Time   Description
-----------------------------------------------------------------------------
                  0.00    0.00    0.00   clock __VIRTUAL_CLK__ (rise edge)
                          0.00    0.00   clock network delay (ideal)
                          2.00    2.00 v input external delay
     1    0.00    0.01    0.00    2.00 v opcode[0] (in)
                                         opcode[0] (net)
                  0.01    0.00    2.00 v input17/A (sky130_fd_sc_hd__buf_2)
     7    0.03    0.07    0.16    2.16 v input17/X (sky130_fd_sc_hd__buf_2)
                                         net17 (net)
                  0.07    0.00    2.16 v _120_/A_N (sky130_fd_sc_hd__nand3b_4)
     9    0.04    0.15    0.25    2.41 v _120_/Y (sky130_fd_sc_hd__nand3b_4)
                                         _051_ (net)
                  0.15    0.00    2.42 v _122_/C (sky130_fd_sc_hd__and3_1)
     2    0.01    0.08    0.28    2.70 v _122_/X (sky130_fd_sc_hd__and3_1)
                                         _053_ (net)
                  0.08    0.00    2.70 v _124_/C (sky130_fd_sc_hd__or3_2)
     2    0.01    0.11    0.50    3.19 v _124_/X (sky130_fd_sc_hd__or3_2)
                                         _055_ (net)
                  0.11    0.00    3.19 v _135_/A1 (sky130_fd_sc_hd__a21o_2)
     4    0.02    0.08    0.27    3.46 v _135_/X (sky130_fd_sc_hd__a21o_2)
                                         _065_ (net)
                  0.08    0.00    3.46 v _166_/A1 (sky130_fd_sc_hd__a31o_1)
     3    0.01    0.08    0.23    3.70 v _166_/X (sky130_fd_sc_hd__a31o_1)
                                         _094_ (net)
                  0.08    0.00    3.70 v _200_/A2 (sky130_fd_sc_hd__a31o_1)
     2    0.01    0.08    0.28    3.98 v _200_/X (sky130_fd_sc_hd__a31o_1)
                                         _020_ (net)
                  0.08    0.00    3.98 v _208_/B2 (sky130_fd_sc_hd__a22o_1)
     1    0.01    0.07    0.26    4.23 v _208_/X (sky130_fd_sc_hd__a22o_1)
                                         _027_ (net)
                  0.07    0.00    4.23 v _214_/A (sky130_fd_sc_hd__xnor2_1)
     1    0.01    0.16    0.20    4.44 ^ _214_/Y (sky130_fd_sc_hd__xnor2_1)
                                         _033_ (net)
                  0.16    0.00    4.44 ^ _219_/A2 (sky130_fd_sc_hd__a21o_1)
     1    0.01    0.10    0.19    4.63 ^ _219_/X (sky130_fd_sc_hd__a21o_1)
                                         net27 (net)
                  0.10    0.00    4.63 ^ output27/A (sky130_fd_sc_hd__buf_2)
     1    0.03    0.17    0.23    4.85 ^ output27/X (sky130_fd_sc_hd__buf_2)
                                         out[7] (net)
                  0.17    0.00    4.86 ^ out[7] (out)
                                  4.86   data arrival time

                  0.00   10.00   10.00   clock __VIRTUAL_CLK__ (rise edge)
                          0.00   10.00   clock network delay (ideal)
                         -0.25    9.75   clock uncertainty
                          0.00    9.75   clock reconvergence pessimism
                         -2.00    7.75   output external delay
                                  7.75   data required time
-----------------------------------------------------------------------------
                                  7.75   data required time
                                 -4.86   data arrival time
-----------------------------------------------------------------------------
                                  2.89   slack (MET)


Startpoint: opcode[0] (input port clocked by __VIRTUAL_CLK__)
Endpoint: out[5] (output port clocked by __VIRTUAL_CLK__)
Path Group: __VIRTUAL_CLK__
Path Type: max

Fanout     Cap    Slew   Delay    Time   Description
-----------------------------------------------------------------------------
                  0.00    0.00    0.00   clock __VIRTUAL_CLK__ (rise edge)
                          0.00    0.00   clock network delay (ideal)
                          2.00    2.00 v input external delay
     1    0.00    0.01    0.00    2.00 v opcode[0] (in)
                                         opcode[0] (net)
                  0.01    0.00    2.00 v input17/A (sky130_fd_sc_hd__buf_2)
     7    0.03    0.07    0.16    2.16 v input17/X (sky130_fd_sc_hd__buf_2)
                                         net17 (net)
                  0.07    0.00    2.16 v _120_/A_N (sky130_fd_sc_hd__nand3b_4)
     9    0.04    0.15    0.25    2.41 v _120_/Y (sky130_fd_sc_hd__nand3b_4)
                                         _051_ (net)
                  0.15    0.00    2.42 v _122_/C (sky130_fd_sc_hd__and3_1)
     2    0.01    0.08    0.28    2.70 v _122_/X (sky130_fd_sc_hd__and3_1)
                                         _053_ (net)
                  0.08    0.00    2.70 v _124_/C (sky130_fd_sc_hd__or3_2)
     2    0.01    0.11    0.50    3.19 v _124_/X (sky130_fd_sc_hd__or3_2)
                                         _055_ (net)
                  0.11    0.00    3.19 v _135_/A1 (sky130_fd_sc_hd__a21o_2)
     4    0.02    0.08    0.27    3.46 v _135_/X (sky130_fd_sc_hd__a21o_2)
                                         _065_ (net)
                  0.08    0.00    3.46 v _166_/A1 (sky130_fd_sc_hd__a31o_1)
     3    0.01    0.08    0.23    3.70 v _166_/X (sky130_fd_sc_hd__a31o_1)
                                         _094_ (net)
                  0.08    0.00    3.70 v _167_/B (sky130_fd_sc_hd__nand2_1)
     2    0.01    0.14    0.16    3.86 ^ _167_/Y (sky130_fd_sc_hd__nand2_1)
                                         _095_ (net)
                  0.14    0.00    3.86 ^ _187_/B (sky130_fd_sc_hd__nand2_1)
     1    0.01    0.11    0.14    4.00 v _187_/Y (sky130_fd_sc_hd__nand2_1)
                                         _008_ (net)
                  0.11    0.00    4.00 v _188_/B (sky130_fd_sc_hd__xor2_1)
     1    0.01    0.22    0.24    4.24 ^ _188_/X (sky130_fd_sc_hd__xor2_1)
                                         _009_ (net)
                  0.22    0.00    4.24 ^ _194_/A2 (sky130_fd_sc_hd__a21bo_1)
     1    0.01    0.06    0.17    4.41 ^ _194_/X (sky130_fd_sc_hd__a21bo_1)
                                         net25 (net)
                  0.06    0.00    4.41 ^ output25/A (sky130_fd_sc_hd__buf_2)
     1    0.03    0.17    0.21    4.62 ^ output25/X (sky130_fd_sc_hd__buf_2)
                                         out[5] (net)
                  0.17    0.00    4.62 ^ out[5] (out)
                                  4.62   data arrival time

                  0.00   10.00   10.00   clock __VIRTUAL_CLK__ (rise edge)
                          0.00   10.00   clock network delay (ideal)
                         -0.25    9.75   clock uncertainty
                          0.00    9.75   clock reconvergence pessimism
                         -2.00    7.75   output external delay
                                  7.75   data required time
-----------------------------------------------------------------------------
                                  7.75   data required time
                                 -4.62   data arrival time
-----------------------------------------------------------------------------
                                  3.13   slack (MET)


Startpoint: opcode[0] (input port clocked by __VIRTUAL_CLK__)
Endpoint: out[6] (output port clocked by __VIRTUAL_CLK__)
Path Group: __VIRTUAL_CLK__
Path Type: max

Fanout     Cap    Slew   Delay    Time   Description
-----------------------------------------------------------------------------
                  0.00    0.00    0.00   clock __VIRTUAL_CLK__ (rise edge)
                          0.00    0.00   clock network delay (ideal)
                          2.00    2.00 v input external delay
     1    0.00    0.01    0.00    2.00 v opcode[0] (in)
                                         opcode[0] (net)
                  0.01    0.00    2.00 v input17/A (sky130_fd_sc_hd__buf_2)
     7    0.03    0.07    0.16    2.16 v input17/X (sky130_fd_sc_hd__buf_2)
                                         net17 (net)
                  0.07    0.00    2.16 v _120_/A_N (sky130_fd_sc_hd__nand3b_4)
     9    0.04    0.15    0.25    2.41 v _120_/Y (sky130_fd_sc_hd__nand3b_4)
                                         _051_ (net)
                  0.15    0.00    2.42 v _122_/C (sky130_fd_sc_hd__and3_1)
     2    0.01    0.08    0.28    2.70 v _122_/X (sky130_fd_sc_hd__and3_1)
                                         _053_ (net)
                  0.08    0.00    2.70 v _124_/C (sky130_fd_sc_hd__or3_2)
     2    0.01    0.11    0.50    3.19 v _124_/X (sky130_fd_sc_hd__or3_2)
                                         _055_ (net)
                  0.11    0.00    3.19 v _135_/A1 (sky130_fd_sc_hd__a21o_2)
     4    0.02    0.08    0.27    3.46 v _135_/X (sky130_fd_sc_hd__a21o_2)
                                         _065_ (net)
                  0.08    0.00    3.46 v _166_/A1 (sky130_fd_sc_hd__a31o_1)
     3    0.01    0.08    0.23    3.70 v _166_/X (sky130_fd_sc_hd__a31o_1)
                                         _094_ (net)
                  0.08    0.00    3.70 v _200_/A2 (sky130_fd_sc_hd__a31o_1)
     2    0.01    0.08    0.28    3.98 v _200_/X (sky130_fd_sc_hd__a31o_1)
                                         _020_ (net)
                  0.08    0.00    3.98 v _201_/B (sky130_fd_sc_hd__xor2_1)
     1    0.00    0.07    0.17    4.15 v _201_/X (sky130_fd_sc_hd__xor2_1)
                                         _021_ (net)
                  0.07    0.00    4.15 v _207_/A2 (sky130_fd_sc_hd__a21bo_1)
     1    0.01    0.05    0.22    4.36 v _207_/X (sky130_fd_sc_hd__a21bo_1)
                                         net26 (net)
                  0.05    0.00    4.36 v output26/A (sky130_fd_sc_hd__buf_2)
     1    0.03    0.09    0.19    4.55 v output26/X (sky130_fd_sc_hd__buf_2)
                                         out[6] (net)
                  0.09    0.00    4.55 v out[6] (out)
                                  4.55   data arrival time

                  0.00   10.00   10.00   clock __VIRTUAL_CLK__ (rise edge)
                          0.00   10.00   clock network delay (ideal)
                         -0.25    9.75   clock uncertainty
                          0.00    9.75   clock reconvergence pessimism
                         -2.00    7.75   output external delay
                                  7.75   data required time
-----------------------------------------------------------------------------
                                  7.75   data required time
                                 -4.55   data arrival time
-----------------------------------------------------------------------------
                                  3.20   slack (MET)


Startpoint: opcode[0] (input port clocked by __VIRTUAL_CLK__)
Endpoint: out[1] (output port clocked by __VIRTUAL_CLK__)
Path Group: __VIRTUAL_CLK__
Path Type: max

Fanout     Cap    Slew   Delay    Time   Description
-----------------------------------------------------------------------------
                  0.00    0.00    0.00   clock __VIRTUAL_CLK__ (rise edge)
                          0.00    0.00   clock network delay (ideal)
                          2.00    2.00 v input external delay
     1    0.00    0.01    0.00    2.00 v opcode[0] (in)
                                         opcode[0] (net)
                  0.01    0.00    2.00 v input17/A (sky130_fd_sc_hd__buf_2)
     7    0.03    0.07    0.16    2.16 v input17/X (sky130_fd_sc_hd__buf_2)
                                         net17 (net)
                  0.07    0.00    2.16 v _120_/A_N (sky130_fd_sc_hd__nand3b_4)
     9    0.04    0.15    0.25    2.41 v _120_/Y (sky130_fd_sc_hd__nand3b_4)
                                         _051_ (net)
                  0.15    0.00    2.42 v _122_/C (sky130_fd_sc_hd__and3_1)
     2    0.01    0.08    0.28    2.70 v _122_/X (sky130_fd_sc_hd__and3_1)
                                         _053_ (net)
                  0.08    0.00    2.70 v _124_/C (sky130_fd_sc_hd__or3_2)
     2    0.01    0.11    0.50    3.19 v _124_/X (sky130_fd_sc_hd__or3_2)
                                         _055_ (net)
                  0.11    0.00    3.19 v _125_/B (sky130_fd_sc_hd__and2b_1)
     2    0.01    0.06    0.22    3.42 v _125_/X (sky130_fd_sc_hd__and2b_1)
                                         _056_ (net)
                  0.06    0.00    3.42 v _127_/A1 (sky130_fd_sc_hd__o21ai_1)
     1    0.01    0.18    0.21    3.62 ^ _127_/Y (sky130_fd_sc_hd__o21ai_1)
                                         _058_ (net)
                  0.18    0.00    3.62 ^ _128_/B1 (sky130_fd_sc_hd__a21oi_1)
     1    0.00    0.06    0.07    3.70 v _128_/Y (sky130_fd_sc_hd__a21oi_1)
                                         _059_ (net)
                  0.06    0.00    3.70 v _133_/A (sky130_fd_sc_hd__or3_1)
     1    0.01    0.08    0.41    4.11 v _133_/X (sky130_fd_sc_hd__or3_1)
                                         _064_ (net)
                  0.08    0.00    4.11 v _134_/A (sky130_fd_sc_hd__buf_1)
     1    0.01    0.05    0.13    4.24 v _134_/X (sky130_fd_sc_hd__buf_1)
                                         net21 (net)
                  0.05    0.00    4.24 v output21/A (sky130_fd_sc_hd__buf_2)
     1    0.03    0.09    0.19    4.44 v output21/X (sky130_fd_sc_hd__buf_2)
                                         out[1] (net)
                  0.09    0.00    4.44 v out[1] (out)
                                  4.44   data arrival time

                  0.00   10.00   10.00   clock __VIRTUAL_CLK__ (rise edge)
                          0.00   10.00   clock network delay (ideal)
                         -0.25    9.75   clock uncertainty
                          0.00    9.75   clock reconvergence pessimism
                         -2.00    7.75   output external delay
                                  7.75   data required time
-----------------------------------------------------------------------------
                                  7.75   data required time
                                 -4.44   data arrival time
-----------------------------------------------------------------------------
                                  3.31   slack (MET)


Startpoint: opcode[0] (input port clocked by __VIRTUAL_CLK__)
Endpoint: out[3] (output port clocked by __VIRTUAL_CLK__)
Path Group: __VIRTUAL_CLK__
Path Type: max

Fanout     Cap    Slew   Delay    Time   Description
-----------------------------------------------------------------------------
                  0.00    0.00    0.00   clock __VIRTUAL_CLK__ (rise edge)
                          0.00    0.00   clock network delay (ideal)
                          2.00    2.00 v input external delay
     1    0.00    0.01    0.00    2.00 v opcode[0] (in)
                                         opcode[0] (net)
                  0.01    0.00    2.00 v input17/A (sky130_fd_sc_hd__buf_2)
     7    0.03    0.07    0.16    2.16 v input17/X (sky130_fd_sc_hd__buf_2)
                                         net17 (net)
                  0.07    0.00    2.16 v _120_/A_N (sky130_fd_sc_hd__nand3b_4)
     9    0.04    0.15    0.25    2.41 v _120_/Y (sky130_fd_sc_hd__nand3b_4)
                                         _051_ (net)
                  0.15    0.00    2.42 v _122_/C (sky130_fd_sc_hd__and3_1)
     2    0.01    0.08    0.28    2.70 v _122_/X (sky130_fd_sc_hd__and3_1)
                                         _053_ (net)
                  0.08    0.00    2.70 v _124_/C (sky130_fd_sc_hd__or3_2)
     2    0.01    0.11    0.50    3.19 v _124_/X (sky130_fd_sc_hd__or3_2)
                                         _055_ (net)
                  0.11    0.00    3.19 v _135_/A1 (sky130_fd_sc_hd__a21o_2)
     4    0.02    0.08    0.27    3.46 v _135_/X (sky130_fd_sc_hd__a21o_2)
                                         _065_ (net)
                  0.08    0.00    3.46 v _153_/A1 (sky130_fd_sc_hd__a21o_1)
     2    0.01    0.07    0.22    3.68 v _153_/X (sky130_fd_sc_hd__a21o_1)
                                         _082_ (net)
                  0.07    0.00    3.68 v _155_/B (sky130_fd_sc_hd__or2_1)
     1    0.00    0.05    0.23    3.91 v _155_/X (sky130_fd_sc_hd__or2_1)
                                         _084_ (net)
                  0.05    0.00    3.91 v _160_/A3 (sky130_fd_sc_hd__a31o_1)
     1    0.01    0.06    0.25    4.16 v _160_/X (sky130_fd_sc_hd__a31o_1)
                                         net23 (net)
                  0.06    0.00    4.16 v output23/A (sky130_fd_sc_hd__buf_2)
     1    0.03    0.09    0.19    4.36 v output23/X (sky130_fd_sc_hd__buf_2)
                                         out[3] (net)
                  0.09    0.00    4.36 v out[3] (out)
                                  4.36   data arrival time

                  0.00   10.00   10.00   clock __VIRTUAL_CLK__ (rise edge)
                          0.00   10.00   clock network delay (ideal)
                         -0.25    9.75   clock uncertainty
                          0.00    9.75   clock reconvergence pessimism
                         -2.00    7.75   output external delay
                                  7.75   data required time
-----------------------------------------------------------------------------
                                  7.75   data required time
                                 -4.36   data arrival time
-----------------------------------------------------------------------------
                                  3.39   slack (MET)


Startpoint: opcode[0] (input port clocked by __VIRTUAL_CLK__)
Endpoint: out[4] (output port clocked by __VIRTUAL_CLK__)
Path Group: __VIRTUAL_CLK__
Path Type: max

Fanout     Cap    Slew   Delay    Time   Description
-----------------------------------------------------------------------------
                  0.00    0.00    0.00   clock __VIRTUAL_CLK__ (rise edge)
                          0.00    0.00   clock network delay (ideal)
                          2.00    2.00 v input external delay
     1    0.00    0.01    0.00    2.00 v opcode[0] (in)
                                         opcode[0] (net)
                  0.01    0.00    2.00 v input17/A (sky130_fd_sc_hd__buf_2)
     7    0.03    0.07    0.16    2.16 v input17/X (sky130_fd_sc_hd__buf_2)
                                         net17 (net)
                  0.07    0.00    2.16 v _120_/A_N (sky130_fd_sc_hd__nand3b_4)
     9    0.04    0.15    0.25    2.41 v _120_/Y (sky130_fd_sc_hd__nand3b_4)
                                         _051_ (net)
                  0.15    0.00    2.42 v _122_/C (sky130_fd_sc_hd__and3_1)
     2    0.01    0.08    0.28    2.70 v _122_/X (sky130_fd_sc_hd__and3_1)
                                         _053_ (net)
                  0.08    0.00    2.70 v _124_/C (sky130_fd_sc_hd__or3_2)
     2    0.01    0.11    0.50    3.19 v _124_/X (sky130_fd_sc_hd__or3_2)
                                         _055_ (net)
                  0.11    0.00    3.19 v _135_/A1 (sky130_fd_sc_hd__a21o_2)
     4    0.02    0.08    0.27    3.46 v _135_/X (sky130_fd_sc_hd__a21o_2)
                                         _065_ (net)
                  0.08    0.00    3.46 v _166_/A1 (sky130_fd_sc_hd__a31o_1)
     3    0.01    0.08    0.23    3.70 v _166_/X (sky130_fd_sc_hd__a31o_1)
                                         _094_ (net)
                  0.08    0.00    3.70 v _169_/A2 (sky130_fd_sc_hd__o21a_1)
     1    0.00    0.04    0.19    3.89 v _169_/X (sky130_fd_sc_hd__o21a_1)
                                         _097_ (net)
                  0.04    0.00    3.89 v _180_/A2 (sky130_fd_sc_hd__a21bo_1)
     1    0.00    0.04    0.20    4.09 v _180_/X (sky130_fd_sc_hd__a21bo_1)
                                         net24 (net)
                  0.04    0.00    4.09 v output24/A (sky130_fd_sc_hd__buf_2)
     1    0.03    0.09    0.19    4.28 v output24/X (sky130_fd_sc_hd__buf_2)
                                         out[4] (net)
                  0.09    0.00    4.28 v out[4] (out)
                                  4.28   data arrival time

                  0.00   10.00   10.00   clock __VIRTUAL_CLK__ (rise edge)
                          0.00   10.00   clock network delay (ideal)
                         -0.25    9.75   clock uncertainty
                          0.00    9.75   clock reconvergence pessimism
                         -2.00    7.75   output external delay
                                  7.75   data required time
-----------------------------------------------------------------------------
                                  7.75   data required time
                                 -4.28   data arrival time
-----------------------------------------------------------------------------
                                  3.47   slack (MET)


Startpoint: opcode[0] (input port clocked by __VIRTUAL_CLK__)
Endpoint: out[2] (output port clocked by __VIRTUAL_CLK__)
Path Group: __VIRTUAL_CLK__
Path Type: max

Fanout     Cap    Slew   Delay    Time   Description
-----------------------------------------------------------------------------
                  0.00    0.00    0.00   clock __VIRTUAL_CLK__ (rise edge)
                          0.00    0.00   clock network delay (ideal)
                          2.00    2.00 v input external delay
     1    0.00    0.01    0.00    2.00 v opcode[0] (in)
                                         opcode[0] (net)
                  0.01    0.00    2.00 v input17/A (sky130_fd_sc_hd__buf_2)
     7    0.03    0.07    0.16    2.16 v input17/X (sky130_fd_sc_hd__buf_2)
                                         net17 (net)
                  0.07    0.00    2.16 v _120_/A_N (sky130_fd_sc_hd__nand3b_4)
     9    0.04    0.15    0.25    2.41 v _120_/Y (sky130_fd_sc_hd__nand3b_4)
                                         _051_ (net)
                  0.15    0.00    2.42 v _122_/C (sky130_fd_sc_hd__and3_1)
     2    0.01    0.08    0.28    2.70 v _122_/X (sky130_fd_sc_hd__and3_1)
                                         _053_ (net)
                  0.08    0.00    2.70 v _124_/C (sky130_fd_sc_hd__or3_2)
     2    0.01    0.11    0.50    3.19 v _124_/X (sky130_fd_sc_hd__or3_2)
                                         _055_ (net)
                  0.11    0.00    3.19 v _135_/A1 (sky130_fd_sc_hd__a21o_2)
     4    0.02    0.08    0.27    3.46 v _135_/X (sky130_fd_sc_hd__a21o_2)
                                         _065_ (net)
                  0.08    0.00    3.46 v _140_/A (sky130_fd_sc_hd__or2_1)
     1    0.01    0.09    0.30    3.76 v _140_/X (sky130_fd_sc_hd__or2_1)
                                         _070_ (net)
                  0.09    0.00    3.76 v _145_/A3 (sky130_fd_sc_hd__a31o_1)
     1    0.01    0.06    0.27    4.03 v _145_/X (sky130_fd_sc_hd__a31o_1)
                                         net22 (net)
                  0.06    0.00    4.03 v output22/A (sky130_fd_sc_hd__buf_2)
     1    0.03    0.09    0.20    4.22 v output22/X (sky130_fd_sc_hd__buf_2)
                                         out[2] (net)
                  0.09    0.00    4.22 v out[2] (out)
                                  4.22   data arrival time

                  0.00   10.00   10.00   clock __VIRTUAL_CLK__ (rise edge)
                          0.00   10.00   clock network delay (ideal)
                         -0.25    9.75   clock uncertainty
                          0.00    9.75   clock reconvergence pessimism
                         -2.00    7.75   output external delay
                                  7.75   data required time
-----------------------------------------------------------------------------
                                  7.75   data required time
                                 -4.22   data arrival time
-----------------------------------------------------------------------------
                                  3.53   slack (MET)


Startpoint: opcode[1] (input port clocked by __VIRTUAL_CLK__)
Endpoint: out[0] (output port clocked by __VIRTUAL_CLK__)
Path Group: __VIRTUAL_CLK__
Path Type: max

Fanout     Cap    Slew   Delay    Time   Description
-----------------------------------------------------------------------------
                  0.00    0.00    0.00   clock __VIRTUAL_CLK__ (rise edge)
                          0.00    0.00   clock network delay (ideal)
                          2.00    2.00 v input external delay
     1    0.00    0.01    0.00    2.00 v opcode[1] (in)
                                         opcode[1] (net)
                  0.01    0.00    2.00 v input18/A (sky130_fd_sc_hd__buf_4)
    10    0.05    0.07    0.17    2.18 v input18/X (sky130_fd_sc_hd__buf_4)
                                         net18 (net)
                  0.07    0.00    2.18 v _114_/C_N (sky130_fd_sc_hd__or3b_1)
     1    0.00    0.04    0.17    2.35 ^ _114_/X (sky130_fd_sc_hd__or3b_1)
                                         _046_ (net)
                  0.04    0.00    2.35 ^ _115_/A (sky130_fd_sc_hd__clkbuf_4)
     7    0.04    0.12    0.20    2.55 ^ _115_/X (sky130_fd_sc_hd__clkbuf_4)
                                         _047_ (net)
                  0.12    0.00    2.55 ^ _116_/A (sky130_fd_sc_hd__inv_2)
     2    0.01    0.04    0.06    2.61 v _116_/Y (sky130_fd_sc_hd__inv_2)
                                         _048_ (net)
                  0.04    0.00    2.61 v _117_/B2 (sky130_fd_sc_hd__o2bb2a_1)
     1    0.01    0.07    0.31    2.92 v _117_/X (sky130_fd_sc_hd__o2bb2a_1)
                                         _049_ (net)
                  0.07    0.00    2.92 v _118_/B2 (sky130_fd_sc_hd__o22a_1)
     1    0.01    0.07    0.20    3.12 v _118_/X (sky130_fd_sc_hd__o22a_1)
                                         _050_ (net)
                  0.07    0.00    3.12 v _119_/C1 (sky130_fd_sc_hd__a311o_1)
     1    0.01    0.07    0.30    3.43 v _119_/X (sky130_fd_sc_hd__a311o_1)
                                         net20 (net)
                  0.07    0.00    3.43 v output20/A (sky130_fd_sc_hd__buf_2)
     1    0.03    0.09    0.20    3.63 v output20/X (sky130_fd_sc_hd__buf_2)
                                         out[0] (net)
                  0.09    0.00    3.63 v out[0] (out)
                                  3.63   data arrival time

                  0.00   10.00   10.00   clock __VIRTUAL_CLK__ (rise edge)
                          0.00   10.00   clock network delay (ideal)
                         -0.25    9.75   clock uncertainty
                          0.00    9.75   clock reconvergence pessimism
                         -2.00    7.75   output external delay
                                  7.75   data required time
-----------------------------------------------------------------------------
                                  7.75   data required time
                                 -3.63   data arrival time
-----------------------------------------------------------------------------
                                  4.12   slack (MET)



worst slack corner Typical: 2.8949
