OpenROAD b16bda7e82721d10566ff7e2b68f1ff0be9f9e38 
Features included (+) or not (-): +Charts +GPU +GUI +Python
This program is licensed under the BSD-3 license. See the LICENSE file for details.
Components of this program may be licensed under more restrictive licenses which must be honored.
define_corners Typical
read_liberty -corner Typical /home/pikachu/.volare/sky130A/libs.ref/sky130_fd_sc_hd/lib/sky130_fd_sc_hd__tt_025C_1v80.lib
Using 1e-12 for capacitance...
Using 1e+03 for resistance...
Using 1e-09 for time...
Using 1e+00 for voltage...
Using 1e-03 for current...
Using 1e-09 for power...
Using 1e-06 for distance...
[INFO]: Reading ODB at '/openlane/designs/alu/runs/RUN_2025.04.27_14.15.03/tmp/16-alu.odb'…
Reading design constraints file at '/openlane/scripts/base.sdc'…
[INFO]: Setting output delay to: 2.0
[INFO]: Setting input delay to: 2.0
[WARNING STA-0366] port '__VIRTUAL_CLK__' not found.
[INFO]: Setting load to: 0.033442
[INFO]: Setting clock uncertainty to: 0.25
[INFO]: Setting clock transition to: 0.15
[WARNING STA-0419] transition time can not be specified for virtual clocks.
[INFO]: Setting timing derate to: 5.0 %
[INFO]: Propagating all clocks
[WARNING STA-0450] virtual clock __VIRTUAL_CLK__ can not be propagated.
[INFO]: Setting RC values...
[WARNING GRT-0026] Missing route to pin _122_/A.
[WARNING GRT-0026] Missing route to pin _122_/C.
[WARNING GRT-0026] Missing route to pin clone1/A_N.
[WARNING GRT-0026] Missing route to pin clone1/B.
[WARNING GRT-0026] Missing route to pin clone1/C.
min_report

===========================================================================
report_checks -path_delay min (Hold)
============================================================================
======================= Typical Corner ===================================

Startpoint: B[0] (input port clocked by __VIRTUAL_CLK__)
Endpoint: out[0] (output port clocked by __VIRTUAL_CLK__)
Path Group: __VIRTUAL_CLK__
Path Type: min

Fanout     Cap    Slew   Delay    Time   Description
-----------------------------------------------------------------------------
                  0.00    0.00    0.00   clock __VIRTUAL_CLK__ (rise edge)
                          0.00    0.00   clock network delay (ideal)
                          2.00    2.00 ^ input external delay
     1    0.00    0.02    0.01    2.01 ^ B[0] (in)
                                         B[0] (net)
                  0.02    0.00    2.01 ^ input9/A (sky130_fd_sc_hd__buf_2)
     9    0.02    0.11    0.14    2.15 ^ input9/X (sky130_fd_sc_hd__buf_2)
                                         net9 (net)
                  0.11    0.00    2.15 ^ _119_/A1 (sky130_fd_sc_hd__a311o_1)
     1    0.01    0.08    0.19    2.34 ^ _119_/X (sky130_fd_sc_hd__a311o_1)
                                         net20 (net)
                  0.08    0.00    2.34 ^ output20/A (sky130_fd_sc_hd__buf_2)
     1    0.04    0.18    0.21    2.55 ^ output20/X (sky130_fd_sc_hd__buf_2)
                                         out[0] (net)
                  0.18    0.00    2.55 ^ out[0] (out)
                                  2.55   data arrival time

                  0.00    0.00    0.00   clock __VIRTUAL_CLK__ (rise edge)
                          0.00    0.00   clock network delay (ideal)
                          0.25    0.25   clock uncertainty
                          0.00    0.25   clock reconvergence pessimism
                         -2.00   -1.75   output external delay
                                 -1.75   data required time
-----------------------------------------------------------------------------
                                 -1.75   data required time
                                 -2.55   data arrival time
-----------------------------------------------------------------------------
                                  4.30   slack (MET)


Startpoint: opcode[0] (input port clocked by __VIRTUAL_CLK__)
Endpoint: out[5] (output port clocked by __VIRTUAL_CLK__)
Path Group: __VIRTUAL_CLK__
Path Type: min

Fanout     Cap    Slew   Delay    Time   Description
-----------------------------------------------------------------------------
                  0.00    0.00    0.00   clock __VIRTUAL_CLK__ (rise edge)
                          0.00    0.00   clock network delay (ideal)
                          2.00    2.00 ^ input external delay
     1    0.00    0.02    0.01    2.01 ^ opcode[0] (in)
                                         opcode[0] (net)
                  0.02    0.00    2.01 ^ input17/A (sky130_fd_sc_hd__buf_2)
     8    0.02    0.08    0.12    2.13 ^ input17/X (sky130_fd_sc_hd__buf_2)
                                         net17 (net)
                  0.08    0.00    2.13 ^ _168_/A1 (sky130_fd_sc_hd__o21a_2)
     4    0.01    0.07    0.16    2.29 ^ _168_/X (sky130_fd_sc_hd__o21a_2)
                                         _096_ (net)
                  0.07    0.00    2.29 ^ _194_/A1 (sky130_fd_sc_hd__a21bo_1)
     1    0.00    0.03    0.09    2.38 ^ _194_/X (sky130_fd_sc_hd__a21bo_1)
                                         net25 (net)
                  0.03    0.00    2.38 ^ output25/A (sky130_fd_sc_hd__buf_2)
     1    0.03    0.17    0.18    2.56 ^ output25/X (sky130_fd_sc_hd__buf_2)
                                         out[5] (net)
                  0.17    0.00    2.56 ^ out[5] (out)
                                  2.56   data arrival time

                  0.00    0.00    0.00   clock __VIRTUAL_CLK__ (rise edge)
                          0.00    0.00   clock network delay (ideal)
                          0.25    0.25   clock uncertainty
                          0.00    0.25   clock reconvergence pessimism
                         -2.00   -1.75   output external delay
                                 -1.75   data required time
-----------------------------------------------------------------------------
                                 -1.75   data required time
                                 -2.56   data arrival time
-----------------------------------------------------------------------------
                                  4.31   slack (MET)


Startpoint: opcode[0] (input port clocked by __VIRTUAL_CLK__)
Endpoint: out[6] (output port clocked by __VIRTUAL_CLK__)
Path Group: __VIRTUAL_CLK__
Path Type: min

Fanout     Cap    Slew   Delay    Time   Description
-----------------------------------------------------------------------------
                  0.00    0.00    0.00   clock __VIRTUAL_CLK__ (rise edge)
                          0.00    0.00   clock network delay (ideal)
                          2.00    2.00 ^ input external delay
     1    0.00    0.02    0.01    2.01 ^ opcode[0] (in)
                                         opcode[0] (net)
                  0.02    0.00    2.01 ^ input17/A (sky130_fd_sc_hd__buf_2)
     8    0.02    0.08    0.12    2.13 ^ input17/X (sky130_fd_sc_hd__buf_2)
                                         net17 (net)
                  0.08    0.00    2.13 ^ _168_/A1 (sky130_fd_sc_hd__o21a_2)
     4    0.01    0.07    0.16    2.29 ^ _168_/X (sky130_fd_sc_hd__o21a_2)
                                         _096_ (net)
                  0.07    0.00    2.29 ^ _207_/A1 (sky130_fd_sc_hd__a21bo_1)
     1    0.00    0.03    0.09    2.38 ^ _207_/X (sky130_fd_sc_hd__a21bo_1)
                                         net26 (net)
                  0.03    0.00    2.38 ^ output26/A (sky130_fd_sc_hd__buf_2)
     1    0.03    0.17    0.18    2.56 ^ output26/X (sky130_fd_sc_hd__buf_2)
                                         out[6] (net)
                  0.17    0.00    2.56 ^ out[6] (out)
                                  2.56   data arrival time

                  0.00    0.00    0.00   clock __VIRTUAL_CLK__ (rise edge)
                          0.00    0.00   clock network delay (ideal)
                          0.25    0.25   clock uncertainty
                          0.00    0.25   clock reconvergence pessimism
                         -2.00   -1.75   output external delay
                                 -1.75   data required time
-----------------------------------------------------------------------------
                                 -1.75   data required time
                                 -2.56   data arrival time
-----------------------------------------------------------------------------
                                  4.31   slack (MET)


Startpoint: opcode[0] (input port clocked by __VIRTUAL_CLK__)
Endpoint: out[7] (output port clocked by __VIRTUAL_CLK__)
Path Group: __VIRTUAL_CLK__
Path Type: min

Fanout     Cap    Slew   Delay    Time   Description
-----------------------------------------------------------------------------
                  0.00    0.00    0.00   clock __VIRTUAL_CLK__ (rise edge)
                          0.00    0.00   clock network delay (ideal)
                          2.00    2.00 ^ input external delay
     1    0.00    0.02    0.01    2.01 ^ opcode[0] (in)
                                         opcode[0] (net)
                  0.02    0.00    2.01 ^ input17/A (sky130_fd_sc_hd__buf_2)
     8    0.02    0.08    0.12    2.13 ^ input17/X (sky130_fd_sc_hd__buf_2)
                                         net17 (net)
                  0.08    0.00    2.13 ^ _168_/A1 (sky130_fd_sc_hd__o21a_2)
     4    0.01    0.07    0.16    2.29 ^ _168_/X (sky130_fd_sc_hd__o21a_2)
                                         _096_ (net)
                  0.07    0.00    2.29 ^ _219_/A1 (sky130_fd_sc_hd__a21o_1)
     1    0.00    0.03    0.09    2.38 ^ _219_/X (sky130_fd_sc_hd__a21o_1)
                                         net27 (net)
                  0.03    0.00    2.38 ^ output27/A (sky130_fd_sc_hd__buf_2)
     1    0.03    0.17    0.18    2.56 ^ output27/X (sky130_fd_sc_hd__buf_2)
                                         out[7] (net)
                  0.17    0.00    2.56 ^ out[7] (out)
                                  2.56   data arrival time

                  0.00    0.00    0.00   clock __VIRTUAL_CLK__ (rise edge)
                          0.00    0.00   clock network delay (ideal)
                          0.25    0.25   clock uncertainty
                          0.00    0.25   clock reconvergence pessimism
                         -2.00   -1.75   output external delay
                                 -1.75   data required time
-----------------------------------------------------------------------------
                                 -1.75   data required time
                                 -2.56   data arrival time
-----------------------------------------------------------------------------
                                  4.31   slack (MET)


Startpoint: B[3] (input port clocked by __VIRTUAL_CLK__)
Endpoint: out[3] (output port clocked by __VIRTUAL_CLK__)
Path Group: __VIRTUAL_CLK__
Path Type: min

Fanout     Cap    Slew   Delay    Time   Description
-----------------------------------------------------------------------------
                  0.00    0.00    0.00   clock __VIRTUAL_CLK__ (rise edge)
                          0.00    0.00   clock network delay (ideal)
                          2.00    2.00 ^ input external delay
     1    0.00    0.02    0.01    2.01 ^ B[3] (in)
                                         B[3] (net)
                  0.02    0.00    2.01 ^ input12/A (sky130_fd_sc_hd__clkbuf_4)
     9    0.02    0.08    0.14    2.15 ^ input12/X (sky130_fd_sc_hd__clkbuf_4)
                                         net12 (net)
                  0.08    0.00    2.15 ^ _159_/A1 (sky130_fd_sc_hd__a311o_1)
     1    0.00    0.04    0.14    2.30 ^ _159_/X (sky130_fd_sc_hd__a311o_1)
                                         _088_ (net)
                  0.04    0.00    2.30 ^ _160_/B1 (sky130_fd_sc_hd__a31o_1)
     1    0.01    0.09    0.12    2.42 ^ _160_/X (sky130_fd_sc_hd__a31o_1)
                                         net23 (net)
                  0.09    0.00    2.42 ^ output23/A (sky130_fd_sc_hd__buf_2)
     1    0.03    0.17    0.20    2.62 ^ output23/X (sky130_fd_sc_hd__buf_2)
                                         out[3] (net)
                  0.17    0.00    2.62 ^ out[3] (out)
                                  2.62   data arrival time

                  0.00    0.00    0.00   clock __VIRTUAL_CLK__ (rise edge)
                          0.00    0.00   clock network delay (ideal)
                          0.25    0.25   clock uncertainty
                          0.00    0.25   clock reconvergence pessimism
                         -2.00   -1.75   output external delay
                                 -1.75   data required time
-----------------------------------------------------------------------------
                                 -1.75   data required time
                                 -2.62   data arrival time
-----------------------------------------------------------------------------
                                  4.37   slack (MET)


Startpoint: A[2] (input port clocked by __VIRTUAL_CLK__)
Endpoint: out[2] (output port clocked by __VIRTUAL_CLK__)
Path Group: __VIRTUAL_CLK__
Path Type: min

Fanout     Cap    Slew   Delay    Time   Description
-----------------------------------------------------------------------------
                  0.00    0.00    0.00   clock __VIRTUAL_CLK__ (rise edge)
                          0.00    0.00   clock network delay (ideal)
                          2.00    2.00 ^ input external delay
     1    0.00    0.03    0.01    2.01 ^ A[2] (in)
                                         A[2] (net)
                  0.03    0.00    2.01 ^ input3/A (sky130_fd_sc_hd__buf_4)
     9    0.04    0.12    0.15    2.16 ^ input3/X (sky130_fd_sc_hd__buf_4)
                                         net3 (net)
                  0.12    0.00    2.16 ^ _144_/A1 (sky130_fd_sc_hd__a311o_1)
     1    0.00    0.04    0.15    2.32 ^ _144_/X (sky130_fd_sc_hd__a311o_1)
                                         _074_ (net)
                  0.04    0.00    2.32 ^ _145_/B1 (sky130_fd_sc_hd__a31o_1)
     1    0.01    0.09    0.12    2.44 ^ _145_/X (sky130_fd_sc_hd__a31o_1)
                                         net22 (net)
                  0.09    0.00    2.44 ^ output22/A (sky130_fd_sc_hd__buf_2)
     1    0.04    0.18    0.21    2.65 ^ output22/X (sky130_fd_sc_hd__buf_2)
                                         out[2] (net)
                  0.18    0.00    2.65 ^ out[2] (out)
                                  2.65   data arrival time

                  0.00    0.00    0.00   clock __VIRTUAL_CLK__ (rise edge)
                          0.00    0.00   clock network delay (ideal)
                          0.25    0.25   clock uncertainty
                          0.00    0.25   clock reconvergence pessimism
                         -2.00   -1.75   output external delay
                                 -1.75   data required time
-----------------------------------------------------------------------------
                                 -1.75   data required time
                                 -2.65   data arrival time
-----------------------------------------------------------------------------
                                  4.40   slack (MET)


Startpoint: opcode[0] (input port clocked by __VIRTUAL_CLK__)
Endpoint: out[4] (output port clocked by __VIRTUAL_CLK__)
Path Group: __VIRTUAL_CLK__
Path Type: min

Fanout     Cap    Slew   Delay    Time   Description
-----------------------------------------------------------------------------
                  0.00    0.00    0.00   clock __VIRTUAL_CLK__ (rise edge)
                          0.00    0.00   clock network delay (ideal)
                          2.00    2.00 ^ input external delay
     1    0.00    0.02    0.01    2.01 ^ opcode[0] (in)
                                         opcode[0] (net)
                  0.02    0.00    2.01 ^ input17/A (sky130_fd_sc_hd__buf_2)
     8    0.02    0.08    0.12    2.13 ^ input17/X (sky130_fd_sc_hd__buf_2)
                                         net17 (net)
                  0.08    0.00    2.13 ^ _168_/A1 (sky130_fd_sc_hd__o21a_2)
     4    0.01    0.07    0.16    2.29 ^ _168_/X (sky130_fd_sc_hd__o21a_2)
                                         _096_ (net)
                  0.07    0.00    2.29 ^ _169_/B1 (sky130_fd_sc_hd__o21a_1)
     1    0.00    0.04    0.11    2.39 ^ _169_/X (sky130_fd_sc_hd__o21a_1)
                                         _097_ (net)
                  0.04    0.00    2.39 ^ _180_/A2 (sky130_fd_sc_hd__a21bo_1)
     1    0.00    0.05    0.10    2.50 ^ _180_/X (sky130_fd_sc_hd__a21bo_1)
                                         net24 (net)
                  0.05    0.00    2.50 ^ output24/A (sky130_fd_sc_hd__buf_2)
     1    0.03    0.17    0.19    2.68 ^ output24/X (sky130_fd_sc_hd__buf_2)
                                         out[4] (net)
                  0.17    0.00    2.68 ^ out[4] (out)
                                  2.68   data arrival time

                  0.00    0.00    0.00   clock __VIRTUAL_CLK__ (rise edge)
                          0.00    0.00   clock network delay (ideal)
                          0.25    0.25   clock uncertainty
                          0.00    0.25   clock reconvergence pessimism
                         -2.00   -1.75   output external delay
                                 -1.75   data required time
-----------------------------------------------------------------------------
                                 -1.75   data required time
                                 -2.68   data arrival time
-----------------------------------------------------------------------------
                                  4.43   slack (MET)


Startpoint: B[1] (input port clocked by __VIRTUAL_CLK__)
Endpoint: out[1] (output port clocked by __VIRTUAL_CLK__)
Path Group: __VIRTUAL_CLK__
Path Type: min

Fanout     Cap    Slew   Delay    Time   Description
-----------------------------------------------------------------------------
                  0.00    0.00    0.00   clock __VIRTUAL_CLK__ (rise edge)
                          0.00    0.00   clock network delay (ideal)
                          2.00    2.00 ^ input external delay
     1    0.00    0.02    0.01    2.01 ^ B[1] (in)
                                         B[1] (net)
                  0.02    0.00    2.01 ^ input10/A (sky130_fd_sc_hd__clkbuf_4)
     9    0.02    0.09    0.15    2.16 ^ input10/X (sky130_fd_sc_hd__clkbuf_4)
                                         net10 (net)
                  0.09    0.00    2.16 ^ _132_/A2 (sky130_fd_sc_hd__o22a_1)
     1    0.00    0.04    0.13    2.29 ^ _132_/X (sky130_fd_sc_hd__o22a_1)
                                         _063_ (net)
                  0.04    0.00    2.29 ^ _133_/C (sky130_fd_sc_hd__or3_1)
     1    0.00    0.04    0.08    2.37 ^ _133_/X (sky130_fd_sc_hd__or3_1)
                                         _064_ (net)
                  0.04    0.00    2.37 ^ _134_/A (sky130_fd_sc_hd__buf_1)
     1    0.01    0.11    0.12    2.49 ^ _134_/X (sky130_fd_sc_hd__buf_1)
                                         net21 (net)
                  0.11    0.00    2.49 ^ output21/A (sky130_fd_sc_hd__buf_2)
     1    0.03    0.17    0.21    2.70 ^ output21/X (sky130_fd_sc_hd__buf_2)
                                         out[1] (net)
                  0.17    0.00    2.70 ^ out[1] (out)
                                  2.70   data arrival time

                  0.00    0.00    0.00   clock __VIRTUAL_CLK__ (rise edge)
                          0.00    0.00   clock network delay (ideal)
                          0.25    0.25   clock uncertainty
                          0.00    0.25   clock reconvergence pessimism
                         -2.00   -1.75   output external delay
                                 -1.75   data required time
-----------------------------------------------------------------------------
                                 -1.75   data required time
                                 -2.70   data arrival time
-----------------------------------------------------------------------------
                                  4.45   slack (MET)



worst slack corner Typical: 4.2968
min_report_end
max_report

===========================================================================
report_checks -path_delay max (Setup)
============================================================================
======================= Typical Corner ===================================

Startpoint: B[0] (input port clocked by __VIRTUAL_CLK__)
Endpoint: out[7] (output port clocked by __VIRTUAL_CLK__)
Path Group: __VIRTUAL_CLK__
Path Type: max

Fanout     Cap    Slew   Delay    Time   Description
-----------------------------------------------------------------------------
                  0.00    0.00    0.00   clock __VIRTUAL_CLK__ (rise edge)
                          0.00    0.00   clock network delay (ideal)
                          2.00    2.00 v input external delay
     1    0.00    0.01    0.01    2.01 v B[0] (in)
                                         B[0] (net)
                  0.01    0.00    2.01 v input9/A (sky130_fd_sc_hd__buf_2)
     9    0.02    0.06    0.15    2.15 v input9/X (sky130_fd_sc_hd__buf_2)
                                         net9 (net)
                  0.06    0.00    2.15 v _146_/A (sky130_fd_sc_hd__or3_4)
     4    0.02    0.09    0.45    2.60 v _146_/X (sky130_fd_sc_hd__or3_4)
                                         _075_ (net)
                  0.09    0.00    2.60 v _147_/A2 (sky130_fd_sc_hd__a21bo_1)
     3    0.02    0.10    0.28    2.88 v _147_/X (sky130_fd_sc_hd__a21bo_1)
                                         _076_ (net)
                  0.10    0.00    2.88 v _164_/A1 (sky130_fd_sc_hd__a21o_1)
     1    0.01    0.06    0.21    3.09 v _164_/X (sky130_fd_sc_hd__a21o_1)
                                         _092_ (net)
                  0.06    0.00    3.09 v _165_/A3 (sky130_fd_sc_hd__a31o_1)
     1    0.00    0.04    0.23    3.32 v _165_/X (sky130_fd_sc_hd__a31o_1)
                                         _093_ (net)
                  0.04    0.00    3.32 v _166_/B1 (sky130_fd_sc_hd__a31o_1)
     3    0.01    0.08    0.24    3.56 v _166_/X (sky130_fd_sc_hd__a31o_1)
                                         _094_ (net)
                  0.08    0.00    3.56 v _200_/A2 (sky130_fd_sc_hd__a31o_1)
     2    0.01    0.05    0.24    3.80 v _200_/X (sky130_fd_sc_hd__a31o_1)
                                         _020_ (net)
                  0.05    0.00    3.80 v _208_/B2 (sky130_fd_sc_hd__a22o_1)
     1    0.00    0.05    0.21    4.02 v _208_/X (sky130_fd_sc_hd__a22o_1)
                                         _027_ (net)
                  0.05    0.00    4.02 v _214_/A (sky130_fd_sc_hd__xnor2_1)
     1    0.00    0.05    0.12    4.14 v _214_/Y (sky130_fd_sc_hd__xnor2_1)
                                         _033_ (net)
                  0.05    0.00    4.14 v _219_/A2 (sky130_fd_sc_hd__a21o_1)
     1    0.00    0.03    0.17    4.31 v _219_/X (sky130_fd_sc_hd__a21o_1)
                                         net27 (net)
                  0.03    0.00    4.31 v output27/A (sky130_fd_sc_hd__buf_2)
     1    0.03    0.09    0.18    4.49 v output27/X (sky130_fd_sc_hd__buf_2)
                                         out[7] (net)
                  0.09    0.00    4.49 v out[7] (out)
                                  4.49   data arrival time

                  0.00   10.00   10.00   clock __VIRTUAL_CLK__ (rise edge)
                          0.00   10.00   clock network delay (ideal)
                         -0.25    9.75   clock uncertainty
                          0.00    9.75   clock reconvergence pessimism
                         -2.00    7.75   output external delay
                                  7.75   data required time
-----------------------------------------------------------------------------
                                  7.75   data required time
                                 -4.49   data arrival time
-----------------------------------------------------------------------------
                                  3.26   slack (MET)


Startpoint: B[0] (input port clocked by __VIRTUAL_CLK__)
Endpoint: out[5] (output port clocked by __VIRTUAL_CLK__)
Path Group: __VIRTUAL_CLK__
Path Type: max

Fanout     Cap    Slew   Delay    Time   Description
-----------------------------------------------------------------------------
                  0.00    0.00    0.00   clock __VIRTUAL_CLK__ (rise edge)
                          0.00    0.00   clock network delay (ideal)
                          2.00    2.00 v input external delay
     1    0.00    0.01    0.01    2.01 v B[0] (in)
                                         B[0] (net)
                  0.01    0.00    2.01 v input9/A (sky130_fd_sc_hd__buf_2)
     9    0.02    0.06    0.15    2.15 v input9/X (sky130_fd_sc_hd__buf_2)
                                         net9 (net)
                  0.06    0.00    2.15 v _146_/A (sky130_fd_sc_hd__or3_4)
     4    0.02    0.09    0.45    2.60 v _146_/X (sky130_fd_sc_hd__or3_4)
                                         _075_ (net)
                  0.09    0.00    2.60 v _147_/A2 (sky130_fd_sc_hd__a21bo_1)
     3    0.02    0.10    0.28    2.88 v _147_/X (sky130_fd_sc_hd__a21bo_1)
                                         _076_ (net)
                  0.10    0.00    2.88 v _150_/B (sky130_fd_sc_hd__and3_1)
     2    0.01    0.07    0.23    3.11 v _150_/X (sky130_fd_sc_hd__and3_1)
                                         _079_ (net)
                  0.07    0.00    3.11 v _151_/B (sky130_fd_sc_hd__nor2_1)
     3    0.01    0.27    0.25    3.36 ^ _151_/Y (sky130_fd_sc_hd__nor2_1)
                                         _080_ (net)
                  0.27    0.00    3.36 ^ _166_/A3 (sky130_fd_sc_hd__a31o_1)
     3    0.01    0.14    0.27    3.63 ^ _166_/X (sky130_fd_sc_hd__a31o_1)
                                         _094_ (net)
                  0.14    0.00    3.63 ^ _167_/B (sky130_fd_sc_hd__nand2_1)
     2    0.01    0.10    0.11    3.75 v _167_/Y (sky130_fd_sc_hd__nand2_1)
                                         _095_ (net)
                  0.10    0.00    3.75 v _187_/B (sky130_fd_sc_hd__nand2_1)
     1    0.00    0.06    0.10    3.85 ^ _187_/Y (sky130_fd_sc_hd__nand2_1)
                                         _008_ (net)
                  0.06    0.00    3.85 ^ _188_/B (sky130_fd_sc_hd__xor2_1)
     1    0.01    0.24    0.25    4.09 ^ _188_/X (sky130_fd_sc_hd__xor2_1)
                                         _009_ (net)
                  0.24    0.00    4.10 ^ _194_/A2 (sky130_fd_sc_hd__a21bo_1)
     1    0.00    0.03    0.14    4.24 ^ _194_/X (sky130_fd_sc_hd__a21bo_1)
                                         net25 (net)
                  0.03    0.00    4.24 ^ output25/A (sky130_fd_sc_hd__buf_2)
     1    0.03    0.17    0.20    4.44 ^ output25/X (sky130_fd_sc_hd__buf_2)
                                         out[5] (net)
                  0.17    0.00    4.44 ^ out[5] (out)
                                  4.44   data arrival time

                  0.00   10.00   10.00   clock __VIRTUAL_CLK__ (rise edge)
                          0.00   10.00   clock network delay (ideal)
                         -0.25    9.75   clock uncertainty
                          0.00    9.75   clock reconvergence pessimism
                         -2.00    7.75   output external delay
                                  7.75   data required time
-----------------------------------------------------------------------------
                                  7.75   data required time
                                 -4.44   data arrival time
-----------------------------------------------------------------------------
                                  3.31   slack (MET)


Startpoint: B[0] (input port clocked by __VIRTUAL_CLK__)
Endpoint: out[6] (output port clocked by __VIRTUAL_CLK__)
Path Group: __VIRTUAL_CLK__
Path Type: max

Fanout     Cap    Slew   Delay    Time   Description
-----------------------------------------------------------------------------
                  0.00    0.00    0.00   clock __VIRTUAL_CLK__ (rise edge)
                          0.00    0.00   clock network delay (ideal)
                          2.00    2.00 v input external delay
     1    0.00    0.01    0.01    2.01 v B[0] (in)
                                         B[0] (net)
                  0.01    0.00    2.01 v input9/A (sky130_fd_sc_hd__buf_2)
     9    0.02    0.06    0.15    2.15 v input9/X (sky130_fd_sc_hd__buf_2)
                                         net9 (net)
                  0.06    0.00    2.15 v _146_/A (sky130_fd_sc_hd__or3_4)
     4    0.02    0.09    0.45    2.60 v _146_/X (sky130_fd_sc_hd__or3_4)
                                         _075_ (net)
                  0.09    0.00    2.60 v _147_/A2 (sky130_fd_sc_hd__a21bo_1)
     3    0.02    0.10    0.28    2.88 v _147_/X (sky130_fd_sc_hd__a21bo_1)
                                         _076_ (net)
                  0.10    0.00    2.88 v _150_/B (sky130_fd_sc_hd__and3_1)
     2    0.01    0.07    0.23    3.11 v _150_/X (sky130_fd_sc_hd__and3_1)
                                         _079_ (net)
                  0.07    0.00    3.11 v _151_/B (sky130_fd_sc_hd__nor2_1)
     3    0.01    0.27    0.25    3.36 ^ _151_/Y (sky130_fd_sc_hd__nor2_1)
                                         _080_ (net)
                  0.27    0.00    3.36 ^ _166_/A3 (sky130_fd_sc_hd__a31o_1)
     3    0.01    0.14    0.27    3.63 ^ _166_/X (sky130_fd_sc_hd__a31o_1)
                                         _094_ (net)
                  0.14    0.00    3.63 ^ _200_/A2 (sky130_fd_sc_hd__a31o_1)
     2    0.01    0.08    0.20    3.83 ^ _200_/X (sky130_fd_sc_hd__a31o_1)
                                         _020_ (net)
                  0.08    0.00    3.83 ^ _201_/B (sky130_fd_sc_hd__xor2_1)
     1    0.01    0.17    0.20    4.03 ^ _201_/X (sky130_fd_sc_hd__xor2_1)
                                         _021_ (net)
                  0.17    0.00    4.03 ^ _207_/A2 (sky130_fd_sc_hd__a21bo_1)
     1    0.00    0.03    0.13    4.16 ^ _207_/X (sky130_fd_sc_hd__a21bo_1)
                                         net26 (net)
                  0.03    0.00    4.16 ^ output26/A (sky130_fd_sc_hd__buf_2)
     1    0.03    0.17    0.20    4.36 ^ output26/X (sky130_fd_sc_hd__buf_2)
                                         out[6] (net)
                  0.17    0.00    4.36 ^ out[6] (out)
                                  4.36   data arrival time

                  0.00   10.00   10.00   clock __VIRTUAL_CLK__ (rise edge)
                          0.00   10.00   clock network delay (ideal)
                         -0.25    9.75   clock uncertainty
                          0.00    9.75   clock reconvergence pessimism
                         -2.00    7.75   output external delay
                                  7.75   data required time
-----------------------------------------------------------------------------
                                  7.75   data required time
                                 -4.36   data arrival time
-----------------------------------------------------------------------------
                                  3.39   slack (MET)


Startpoint: opcode[0] (input port clocked by __VIRTUAL_CLK__)
Endpoint: out[1] (output port clocked by __VIRTUAL_CLK__)
Path Group: __VIRTUAL_CLK__
Path Type: max

Fanout     Cap    Slew   Delay    Time   Description
-----------------------------------------------------------------------------
                  0.00    0.00    0.00   clock __VIRTUAL_CLK__ (rise edge)
                          0.00    0.00   clock network delay (ideal)
                          2.00    2.00 v input external delay
     1    0.00    0.01    0.00    2.00 v opcode[0] (in)
                                         opcode[0] (net)
                  0.01    0.00    2.00 v input17/A (sky130_fd_sc_hd__buf_2)
     8    0.01    0.05    0.13    2.14 v input17/X (sky130_fd_sc_hd__buf_2)
                                         net17 (net)
                  0.05    0.00    2.14 v _120_/A_N (sky130_fd_sc_hd__nand3b_4)
     5    0.03    0.11    0.21    2.35 v _120_/Y (sky130_fd_sc_hd__nand3b_4)
                                         _051_ (net)
                  0.11    0.00    2.35 v _122_/A (sky130_fd_sc_hd__and3_1)
     2    0.01    0.08    0.23    2.58 v _122_/X (sky130_fd_sc_hd__and3_1)
                                         _053_ (net)
                  0.08    0.00    2.58 v _124_/C (sky130_fd_sc_hd__or3_2)
     2    0.01    0.09    0.47    3.05 v _124_/X (sky130_fd_sc_hd__or3_2)
                                         _055_ (net)
                  0.09    0.00    3.05 v _125_/B (sky130_fd_sc_hd__and2b_1)
     2    0.01    0.07    0.22    3.27 v _125_/X (sky130_fd_sc_hd__and2b_1)
                                         _056_ (net)
                  0.07    0.00    3.27 v _127_/A1 (sky130_fd_sc_hd__o21ai_1)
     1    0.01    0.20    0.22    3.49 ^ _127_/Y (sky130_fd_sc_hd__o21ai_1)
                                         _058_ (net)
                  0.20    0.00    3.49 ^ _128_/B1 (sky130_fd_sc_hd__a21oi_1)
     1    0.00    0.06    0.08    3.57 v _128_/Y (sky130_fd_sc_hd__a21oi_1)
                                         _059_ (net)
                  0.06    0.00    3.57 v _133_/A (sky130_fd_sc_hd__or3_1)
     1    0.00    0.06    0.38    3.95 v _133_/X (sky130_fd_sc_hd__or3_1)
                                         _064_ (net)
                  0.06    0.00    3.95 v _134_/A (sky130_fd_sc_hd__buf_1)
     1    0.01    0.06    0.13    4.08 v _134_/X (sky130_fd_sc_hd__buf_1)
                                         net21 (net)
                  0.06    0.00    4.08 v output21/A (sky130_fd_sc_hd__buf_2)
     1    0.03    0.09    0.19    4.28 v output21/X (sky130_fd_sc_hd__buf_2)
                                         out[1] (net)
                  0.09    0.00    4.28 v out[1] (out)
                                  4.28   data arrival time

                  0.00   10.00   10.00   clock __VIRTUAL_CLK__ (rise edge)
                          0.00   10.00   clock network delay (ideal)
                         -0.25    9.75   clock uncertainty
                          0.00    9.75   clock reconvergence pessimism
                         -2.00    7.75   output external delay
                                  7.75   data required time
-----------------------------------------------------------------------------
                                  7.75   data required time
                                 -4.28   data arrival time
-----------------------------------------------------------------------------
                                  3.47   slack (MET)


Startpoint: opcode[0] (input port clocked by __VIRTUAL_CLK__)
Endpoint: out[3] (output port clocked by __VIRTUAL_CLK__)
Path Group: __VIRTUAL_CLK__
Path Type: max

Fanout     Cap    Slew   Delay    Time   Description
-----------------------------------------------------------------------------
                  0.00    0.00    0.00   clock __VIRTUAL_CLK__ (rise edge)
                          0.00    0.00   clock network delay (ideal)
                          2.00    2.00 v input external delay
     1    0.00    0.01    0.00    2.00 v opcode[0] (in)
                                         opcode[0] (net)
                  0.01    0.00    2.00 v input17/A (sky130_fd_sc_hd__buf_2)
     8    0.01    0.05    0.13    2.14 v input17/X (sky130_fd_sc_hd__buf_2)
                                         net17 (net)
                  0.05    0.00    2.14 v _120_/A_N (sky130_fd_sc_hd__nand3b_4)
     5    0.03    0.11    0.21    2.35 v _120_/Y (sky130_fd_sc_hd__nand3b_4)
                                         _051_ (net)
                  0.11    0.00    2.35 v _122_/A (sky130_fd_sc_hd__and3_1)
     2    0.01    0.08    0.23    2.58 v _122_/X (sky130_fd_sc_hd__and3_1)
                                         _053_ (net)
                  0.08    0.00    2.58 v _124_/C (sky130_fd_sc_hd__or3_2)
     2    0.01    0.09    0.47    3.05 v _124_/X (sky130_fd_sc_hd__or3_2)
                                         _055_ (net)
                  0.09    0.00    3.05 v _135_/A1 (sky130_fd_sc_hd__a21o_2)
     4    0.02    0.07    0.26    3.31 v _135_/X (sky130_fd_sc_hd__a21o_2)
                                         _065_ (net)
                  0.07    0.00    3.31 v _153_/A1 (sky130_fd_sc_hd__a21o_1)
     2    0.00    0.04    0.17    3.48 v _153_/X (sky130_fd_sc_hd__a21o_1)
                                         _082_ (net)
                  0.04    0.00    3.48 v _155_/B (sky130_fd_sc_hd__or2_1)
     1    0.01    0.06    0.23    3.71 v _155_/X (sky130_fd_sc_hd__or2_1)
                                         _084_ (net)
                  0.06    0.00    3.71 v _160_/A3 (sky130_fd_sc_hd__a31o_1)
     1    0.01    0.06    0.26    3.97 v _160_/X (sky130_fd_sc_hd__a31o_1)
                                         net23 (net)
                  0.06    0.00    3.97 v output23/A (sky130_fd_sc_hd__buf_2)
     1    0.03    0.09    0.20    4.16 v output23/X (sky130_fd_sc_hd__buf_2)
                                         out[3] (net)
                  0.09    0.00    4.16 v out[3] (out)
                                  4.16   data arrival time

                  0.00   10.00   10.00   clock __VIRTUAL_CLK__ (rise edge)
                          0.00   10.00   clock network delay (ideal)
                         -0.25    9.75   clock uncertainty
                          0.00    9.75   clock reconvergence pessimism
                         -2.00    7.75   output external delay
                                  7.75   data required time
-----------------------------------------------------------------------------
                                  7.75   data required time
                                 -4.16   data arrival time
-----------------------------------------------------------------------------
                                  3.59   slack (MET)


Startpoint: B[0] (input port clocked by __VIRTUAL_CLK__)
Endpoint: out[4] (output port clocked by __VIRTUAL_CLK__)
Path Group: __VIRTUAL_CLK__
Path Type: max

Fanout     Cap    Slew   Delay    Time   Description
-----------------------------------------------------------------------------
                  0.00    0.00    0.00   clock __VIRTUAL_CLK__ (rise edge)
                          0.00    0.00   clock network delay (ideal)
                          2.00    2.00 v input external delay
     1    0.00    0.01    0.01    2.01 v B[0] (in)
                                         B[0] (net)
                  0.01    0.00    2.01 v input9/A (sky130_fd_sc_hd__buf_2)
     9    0.02    0.06    0.15    2.15 v input9/X (sky130_fd_sc_hd__buf_2)
                                         net9 (net)
                  0.06    0.00    2.15 v _146_/A (sky130_fd_sc_hd__or3_4)
     4    0.02    0.09    0.45    2.60 v _146_/X (sky130_fd_sc_hd__or3_4)
                                         _075_ (net)
                  0.09    0.00    2.60 v _147_/A2 (sky130_fd_sc_hd__a21bo_1)
     3    0.02    0.10    0.28    2.88 v _147_/X (sky130_fd_sc_hd__a21bo_1)
                                         _076_ (net)
                  0.10    0.00    2.88 v _150_/B (sky130_fd_sc_hd__and3_1)
     2    0.01    0.07    0.23    3.11 v _150_/X (sky130_fd_sc_hd__and3_1)
                                         _079_ (net)
                  0.07    0.00    3.11 v _151_/B (sky130_fd_sc_hd__nor2_1)
     3    0.01    0.27    0.25    3.36 ^ _151_/Y (sky130_fd_sc_hd__nor2_1)
                                         _080_ (net)
                  0.27    0.00    3.36 ^ _166_/A3 (sky130_fd_sc_hd__a31o_1)
     3    0.01    0.14    0.27    3.63 ^ _166_/X (sky130_fd_sc_hd__a31o_1)
                                         _094_ (net)
                  0.14    0.00    3.63 ^ _167_/B (sky130_fd_sc_hd__nand2_1)
     2    0.01    0.10    0.11    3.75 v _167_/Y (sky130_fd_sc_hd__nand2_1)
                                         _095_ (net)
                  0.10    0.00    3.75 v _180_/A1 (sky130_fd_sc_hd__a21bo_1)
     1    0.00    0.04    0.20    3.95 v _180_/X (sky130_fd_sc_hd__a21bo_1)
                                         net24 (net)
                  0.04    0.00    3.95 v output24/A (sky130_fd_sc_hd__buf_2)
     1    0.03    0.09    0.19    4.13 v output24/X (sky130_fd_sc_hd__buf_2)
                                         out[4] (net)
                  0.09    0.00    4.13 v out[4] (out)
                                  4.13   data arrival time

                  0.00   10.00   10.00   clock __VIRTUAL_CLK__ (rise edge)
                          0.00   10.00   clock network delay (ideal)
                         -0.25    9.75   clock uncertainty
                          0.00    9.75   clock reconvergence pessimism
                         -2.00    7.75   output external delay
                                  7.75   data required time
-----------------------------------------------------------------------------
                                  7.75   data required time
                                 -4.13   data arrival time
-----------------------------------------------------------------------------
                                  3.62   slack (MET)


Startpoint: opcode[0] (input port clocked by __VIRTUAL_CLK__)
Endpoint: out[2] (output port clocked by __VIRTUAL_CLK__)
Path Group: __VIRTUAL_CLK__
Path Type: max

Fanout     Cap    Slew   Delay    Time   Description
-----------------------------------------------------------------------------
                  0.00    0.00    0.00   clock __VIRTUAL_CLK__ (rise edge)
                          0.00    0.00   clock network delay (ideal)
                          2.00    2.00 v input external delay
     1    0.00    0.01    0.00    2.00 v opcode[0] (in)
                                         opcode[0] (net)
                  0.01    0.00    2.00 v input17/A (sky130_fd_sc_hd__buf_2)
     8    0.01    0.05    0.13    2.14 v input17/X (sky130_fd_sc_hd__buf_2)
                                         net17 (net)
                  0.05    0.00    2.14 v _120_/A_N (sky130_fd_sc_hd__nand3b_4)
     5    0.03    0.11    0.21    2.35 v _120_/Y (sky130_fd_sc_hd__nand3b_4)
                                         _051_ (net)
                  0.11    0.00    2.35 v _122_/A (sky130_fd_sc_hd__and3_1)
     2    0.01    0.08    0.23    2.58 v _122_/X (sky130_fd_sc_hd__and3_1)
                                         _053_ (net)
                  0.08    0.00    2.58 v _124_/C (sky130_fd_sc_hd__or3_2)
     2    0.01    0.09    0.47    3.05 v _124_/X (sky130_fd_sc_hd__or3_2)
                                         _055_ (net)
                  0.09    0.00    3.05 v _135_/A1 (sky130_fd_sc_hd__a21o_2)
     4    0.02    0.07    0.26    3.31 v _135_/X (sky130_fd_sc_hd__a21o_2)
                                         _065_ (net)
                  0.07    0.00    3.31 v _140_/A (sky130_fd_sc_hd__or2_1)
     1    0.00    0.05    0.24    3.55 v _140_/X (sky130_fd_sc_hd__or2_1)
                                         _070_ (net)
                  0.05    0.00    3.55 v _145_/A3 (sky130_fd_sc_hd__a31o_1)
     1    0.01    0.06    0.25    3.80 v _145_/X (sky130_fd_sc_hd__a31o_1)
                                         net22 (net)
                  0.06    0.00    3.80 v output22/A (sky130_fd_sc_hd__buf_2)
     1    0.04    0.09    0.20    4.00 v output22/X (sky130_fd_sc_hd__buf_2)
                                         out[2] (net)
                  0.09    0.00    4.00 v out[2] (out)
                                  4.00   data arrival time

                  0.00   10.00   10.00   clock __VIRTUAL_CLK__ (rise edge)
                          0.00   10.00   clock network delay (ideal)
                         -0.25    9.75   clock uncertainty
                          0.00    9.75   clock reconvergence pessimism
                         -2.00    7.75   output external delay
                                  7.75   data required time
-----------------------------------------------------------------------------
                                  7.75   data required time
                                 -4.00   data arrival time
-----------------------------------------------------------------------------
                                  3.75   slack (MET)


Startpoint: opcode[1] (input port clocked by __VIRTUAL_CLK__)
Endpoint: out[0] (output port clocked by __VIRTUAL_CLK__)
Path Group: __VIRTUAL_CLK__
Path Type: max

Fanout     Cap    Slew   Delay    Time   Description
-----------------------------------------------------------------------------
                  0.00    0.00    0.00   clock __VIRTUAL_CLK__ (rise edge)
                          0.00    0.00   clock network delay (ideal)
                          2.00    2.00 ^ input external delay
     1    0.00    0.02    0.02    2.02 ^ opcode[1] (in)
                                         opcode[1] (net)
                  0.02    0.00    2.02 ^ input18/A (sky130_fd_sc_hd__buf_4)
    11    0.04    0.11    0.16    2.17 ^ input18/X (sky130_fd_sc_hd__buf_4)
                                         net18 (net)
                  0.11    0.00    2.17 ^ _106_/B (sky130_fd_sc_hd__nand2_1)
     2    0.01    0.09    0.12    2.29 v _106_/Y (sky130_fd_sc_hd__nand2_1)
                                         _038_ (net)
                  0.09    0.00    2.29 v _113_/B (sky130_fd_sc_hd__and2_2)
     5    0.02    0.06    0.26    2.55 v _113_/X (sky130_fd_sc_hd__and2_2)
                                         _045_ (net)
                  0.06    0.00    2.55 v _117_/B1 (sky130_fd_sc_hd__o2bb2a_1)
     1    0.00    0.05    0.30    2.85 v _117_/X (sky130_fd_sc_hd__o2bb2a_1)
                                         _049_ (net)
                  0.05    0.00    2.85 v _118_/B2 (sky130_fd_sc_hd__o22a_1)
     1    0.01    0.07    0.19    3.04 v _118_/X (sky130_fd_sc_hd__o22a_1)
                                         _050_ (net)
                  0.07    0.00    3.04 v _119_/C1 (sky130_fd_sc_hd__a311o_1)
     1    0.01    0.07    0.31    3.35 v _119_/X (sky130_fd_sc_hd__a311o_1)
                                         net20 (net)
                  0.07    0.00    3.35 v output20/A (sky130_fd_sc_hd__buf_2)
     1    0.04    0.09    0.21    3.56 v output20/X (sky130_fd_sc_hd__buf_2)
                                         out[0] (net)
                  0.09    0.00    3.56 v out[0] (out)
                                  3.56   data arrival time

                  0.00   10.00   10.00   clock __VIRTUAL_CLK__ (rise edge)
                          0.00   10.00   clock network delay (ideal)
                         -0.25    9.75   clock uncertainty
                          0.00    9.75   clock reconvergence pessimism
                         -2.00    7.75   output external delay
                                  7.75   data required time
-----------------------------------------------------------------------------
                                  7.75   data required time
                                 -3.56   data arrival time
-----------------------------------------------------------------------------
                                  4.19   slack (MET)



worst slack corner Typical: 3.2571
max_report_end
checks_report

===========================================================================
report_checks -unconstrained
===========================================================================
======================= Typical Corner ===================================

Startpoint: B[0] (input port clocked by __VIRTUAL_CLK__)
Endpoint: out[7] (output port clocked by __VIRTUAL_CLK__)
Path Group: __VIRTUAL_CLK__
Path Type: max

Fanout     Cap    Slew   Delay    Time   Description
-----------------------------------------------------------------------------
                  0.00    0.00    0.00   clock __VIRTUAL_CLK__ (rise edge)
                          0.00    0.00   clock network delay (ideal)
                          2.00    2.00 v input external delay
     1    0.00    0.01    0.01    2.01 v B[0] (in)
                                         B[0] (net)
                  0.01    0.00    2.01 v input9/A (sky130_fd_sc_hd__buf_2)
     9    0.02    0.06    0.15    2.15 v input9/X (sky130_fd_sc_hd__buf_2)
                                         net9 (net)
                  0.06    0.00    2.15 v _146_/A (sky130_fd_sc_hd__or3_4)
     4    0.02    0.09    0.45    2.60 v _146_/X (sky130_fd_sc_hd__or3_4)
                                         _075_ (net)
                  0.09    0.00    2.60 v _147_/A2 (sky130_fd_sc_hd__a21bo_1)
     3    0.02    0.10    0.28    2.88 v _147_/X (sky130_fd_sc_hd__a21bo_1)
                                         _076_ (net)
                  0.10    0.00    2.88 v _164_/A1 (sky130_fd_sc_hd__a21o_1)
     1    0.01    0.06    0.21    3.09 v _164_/X (sky130_fd_sc_hd__a21o_1)
                                         _092_ (net)
                  0.06    0.00    3.09 v _165_/A3 (sky130_fd_sc_hd__a31o_1)
     1    0.00    0.04    0.23    3.32 v _165_/X (sky130_fd_sc_hd__a31o_1)
                                         _093_ (net)
                  0.04    0.00    3.32 v _166_/B1 (sky130_fd_sc_hd__a31o_1)
     3    0.01    0.08    0.24    3.56 v _166_/X (sky130_fd_sc_hd__a31o_1)
                                         _094_ (net)
                  0.08    0.00    3.56 v _200_/A2 (sky130_fd_sc_hd__a31o_1)
     2    0.01    0.05    0.24    3.80 v _200_/X (sky130_fd_sc_hd__a31o_1)
                                         _020_ (net)
                  0.05    0.00    3.80 v _208_/B2 (sky130_fd_sc_hd__a22o_1)
     1    0.00    0.05    0.21    4.02 v _208_/X (sky130_fd_sc_hd__a22o_1)
                                         _027_ (net)
                  0.05    0.00    4.02 v _214_/A (sky130_fd_sc_hd__xnor2_1)
     1    0.00    0.05    0.12    4.14 v _214_/Y (sky130_fd_sc_hd__xnor2_1)
                                         _033_ (net)
                  0.05    0.00    4.14 v _219_/A2 (sky130_fd_sc_hd__a21o_1)
     1    0.00    0.03    0.17    4.31 v _219_/X (sky130_fd_sc_hd__a21o_1)
                                         net27 (net)
                  0.03    0.00    4.31 v output27/A (sky130_fd_sc_hd__buf_2)
     1    0.03    0.09    0.18    4.49 v output27/X (sky130_fd_sc_hd__buf_2)
                                         out[7] (net)
                  0.09    0.00    4.49 v out[7] (out)
                                  4.49   data arrival time

                  0.00   10.00   10.00   clock __VIRTUAL_CLK__ (rise edge)
                          0.00   10.00   clock network delay (ideal)
                         -0.25    9.75   clock uncertainty
                          0.00    9.75   clock reconvergence pessimism
                         -2.00    7.75   output external delay
                                  7.75   data required time
-----------------------------------------------------------------------------
                                  7.75   data required time
                                 -4.49   data arrival time
-----------------------------------------------------------------------------
                                  3.26   slack (MET)




===========================================================================
report_checks --slack_max -0.01
============================================================================
======================= Typical Corner ===================================

No paths found.


===========================================================================
 report_check_types -max_slew -max_cap -max_fanout -violators
============================================================================
======================= Typical Corner ===================================

max fanout

Pin                                   Limit Fanout  Slack
---------------------------------------------------------
input18/X                                10     11        (VIOLATED)


max slew violations count Typical: 0
max fanout violations count Typical: 1
max cap violations count Typical: 0

===========================================================================
report_parasitic_annotation -report_unannotated
============================================================================
Found 1 unannotated drivers.
 clone1/Y
Found 78 partially unannotated drivers.
 A[0]
 A[7]
 B[3]
 B[5]
 _107_/Y
 _108_/X
 _109_/X
 _111_/X
 _113_/X
 _115_/X
 _116_/Y
 _117_/X
 _120_/Y
 _121_/Y
 _123_/X
 _124_/X
 _126_/X
 _131_/Y
 _133_/X
 _135_/X
 _137_/Y
 _140_/X
 _143_/Y
 _144_/X
 _146_/X
 _152_/X
 _153_/X
 _156_/Y
 _159_/X
 _161_/Y
 _162_/Y
 _167_/Y
 _168_/X
 _169_/X
 _170_/Y
 _171_/Y
 _177_/X
 _179_/X
 _181_/X
 _182_/Y
 _184_/X
 _186_/X
 _187_/Y
 _189_/Y
 _194_/X
 _195_/X
 _197_/Y
 _198_/X
 _199_/Y
 _200_/X
 _202_/Y
 _203_/Y
 _204_/Y
 _205_/X
 _207_/X
 _208_/X
 _209_/Y
 _210_/X
 _212_/X
 _214_/Y
 _217_/X
 _218_/X
 _219_/X
 input10/X
 input11/X
 input12/X
 input14/X
 input16/X
 input17/X
 input18/X
 input19/X
 input2/X
 input3/X
 input4/X
 input5/X
 input6/X
 input7/X
 input9/X

===========================================================================
max slew violation count 0
max fanout violation count 1
max cap violation count 0
============================================================================

===========================================================================
check_setup -verbose -unconstrained_endpoints -multiple_clock -no_clock -no_input_delay -loops -generated_clocks
===========================================================================
checks_report_end
power_report

===========================================================================
 report_power
============================================================================
======================= Typical Corner ===================================

Group                  Internal  Switching    Leakage      Total
                          Power      Power      Power      Power (Watts)
----------------------------------------------------------------
Sequential             0.00e+00   0.00e+00   0.00e+00   0.00e+00   0.0%
Combinational          3.11e-05   4.54e-05   5.46e-10   7.65e-05 100.0%
Clock                  0.00e+00   0.00e+00   1.81e-10   1.81e-10   0.0%
Macro                  0.00e+00   0.00e+00   0.00e+00   0.00e+00   0.0%
Pad                    0.00e+00   0.00e+00   0.00e+00   0.00e+00   0.0%
----------------------------------------------------------------
Total                  3.11e-05   4.54e-05   7.27e-10   7.65e-05 100.0%
                          40.7%      59.3%       0.0%

power_report_end
summary_report

===========================================================================
report_tns
============================================================================
tns 0.00

===========================================================================
report_wns
============================================================================
wns 0.00

===========================================================================
report_worst_slack -max (Setup)
============================================================================
worst slack 3.26

===========================================================================
report_worst_slack -min (Hold)
============================================================================
worst slack 4.30
summary_report_end
area_report

===========================================================================
report_design_area
============================================================================
Design area 1206 u^2 18% utilization.
area_report_end
check_nonpropagated_clocks
__VIRTUAL_CLK__
check_nonpropagated_clocks_end
[WARNING] Did not save OpenROAD database!
Writing SDF to '/openlane/designs/alu/runs/RUN_2025.04.27_14.15.03/results/signoff/alu.sdf'…
Writing timing model to '/openlane/designs/alu/runs/RUN_2025.04.27_14.15.03/results/signoff/alu.lib'…
