OpenROAD b16bda7e82721d10566ff7e2b68f1ff0be9f9e38 
Features included (+) or not (-): +Charts +GPU +GUI +Python
This program is licensed under the BSD-3 license. See the LICENSE file for details.
Components of this program may be licensed under more restrictive licenses which must be honored.
define_corners Typical
read_liberty -corner Typical /home/pikachu/.volare/sky130A/libs.ref/sky130_fd_sc_hd/lib/sky130_fd_sc_hd__tt_025C_1v80.lib
Using 1e-12 for capacitance...
Using 1e+03 for resistance...
Using 1e-09 for time...
Using 1e+00 for voltage...
Using 1e-03 for current...
Using 1e-09 for power...
Using 1e-06 for distance...
[INFO]: Reading ODB at '/openlane/designs/alu/runs/RUN_2025.04.27_14.15.03/tmp/routing/18-global.odb'…
Reading design constraints file at '/openlane/scripts/base.sdc'…
[INFO]: Setting output delay to: 2.0
[INFO]: Setting input delay to: 2.0
[WARNING STA-0366] port '__VIRTUAL_CLK__' not found.
[INFO]: Setting load to: 0.033442
[INFO]: Setting clock uncertainty to: 0.25
[INFO]: Setting clock transition to: 0.15
[WARNING STA-0419] transition time can not be specified for virtual clocks.
[INFO]: Setting timing derate to: 5.0 %
[INFO]: Propagating all clocks
[WARNING STA-0450] virtual clock __VIRTUAL_CLK__ can not be propagated.
min_report

===========================================================================
report_checks -path_delay min (Hold)
============================================================================
======================= Typical Corner ===================================

Startpoint: A[0] (input port clocked by __VIRTUAL_CLK__)
Endpoint: out[0] (output port clocked by __VIRTUAL_CLK__)
Path Group: __VIRTUAL_CLK__
Path Type: min

Fanout     Cap    Slew   Delay    Time   Description
-----------------------------------------------------------------------------
                  0.00    0.00    0.00   clock __VIRTUAL_CLK__ (rise edge)
                          0.00    0.00   clock network delay (ideal)
                          2.00    2.00 ^ input external delay
     1    0.00    0.02    0.01    2.01 ^ A[0] (in)
                                         A[0] (net)
                  0.02    0.00    2.01 ^ input1/A (sky130_fd_sc_hd__buf_2)
     6    0.01    0.07    0.11    2.12 ^ input1/X (sky130_fd_sc_hd__buf_2)
                                         net1 (net)
                  0.07    0.00    2.12 ^ _119_/A2 (sky130_fd_sc_hd__a311o_1)
     1    0.00    0.04    0.14    2.26 ^ _119_/X (sky130_fd_sc_hd__a311o_1)
                                         net20 (net)
                  0.04    0.00    2.26 ^ output20/A (sky130_fd_sc_hd__buf_2)
     1    0.03    0.17    0.18    2.44 ^ output20/X (sky130_fd_sc_hd__buf_2)
                                         out[0] (net)
                  0.17    0.00    2.44 ^ out[0] (out)
                                  2.44   data arrival time

                  0.00    0.00    0.00   clock __VIRTUAL_CLK__ (rise edge)
                          0.00    0.00   clock network delay (ideal)
                          0.25    0.25   clock uncertainty
                          0.00    0.25   clock reconvergence pessimism
                         -2.00   -1.75   output external delay
                                 -1.75   data required time
-----------------------------------------------------------------------------
                                 -1.75   data required time
                                 -2.44   data arrival time
-----------------------------------------------------------------------------
                                  4.19   slack (MET)


Startpoint: A[4] (input port clocked by __VIRTUAL_CLK__)
Endpoint: out[4] (output port clocked by __VIRTUAL_CLK__)
Path Group: __VIRTUAL_CLK__
Path Type: min

Fanout     Cap    Slew   Delay    Time   Description
-----------------------------------------------------------------------------
                  0.00    0.00    0.00   clock __VIRTUAL_CLK__ (rise edge)
                          0.00    0.00   clock network delay (ideal)
                          2.00    2.00 ^ input external delay
     1    0.00    0.02    0.01    2.01 ^ A[4] (in)
                                         A[4] (net)
                  0.02    0.00    2.01 ^ input5/A (sky130_fd_sc_hd__buf_2)
     5    0.02    0.09    0.12    2.13 ^ input5/X (sky130_fd_sc_hd__buf_2)
                                         net5 (net)
                  0.09    0.00    2.13 ^ _163_/A (sky130_fd_sc_hd__xnor2_2)
     3    0.01    0.05    0.08    2.21 v _163_/Y (sky130_fd_sc_hd__xnor2_2)
                                         _091_ (net)
                  0.05    0.00    2.21 v _167_/A (sky130_fd_sc_hd__nand2_1)
     2    0.00    0.06    0.06    2.27 ^ _167_/Y (sky130_fd_sc_hd__nand2_1)
                                         _095_ (net)
                  0.06    0.00    2.27 ^ _180_/A1 (sky130_fd_sc_hd__a21bo_1)
     1    0.00    0.03    0.09    2.36 ^ _180_/X (sky130_fd_sc_hd__a21bo_1)
                                         net24 (net)
                  0.03    0.00    2.36 ^ output24/A (sky130_fd_sc_hd__buf_2)
     1    0.03    0.17    0.18    2.54 ^ output24/X (sky130_fd_sc_hd__buf_2)
                                         out[4] (net)
                  0.17    0.00    2.54 ^ out[4] (out)
                                  2.54   data arrival time

                  0.00    0.00    0.00   clock __VIRTUAL_CLK__ (rise edge)
                          0.00    0.00   clock network delay (ideal)
                          0.25    0.25   clock uncertainty
                          0.00    0.25   clock reconvergence pessimism
                         -2.00   -1.75   output external delay
                                 -1.75   data required time
-----------------------------------------------------------------------------
                                 -1.75   data required time
                                 -2.54   data arrival time
-----------------------------------------------------------------------------
                                  4.29   slack (MET)


Startpoint: opcode[0] (input port clocked by __VIRTUAL_CLK__)
Endpoint: out[5] (output port clocked by __VIRTUAL_CLK__)
Path Group: __VIRTUAL_CLK__
Path Type: min

Fanout     Cap    Slew   Delay    Time   Description
-----------------------------------------------------------------------------
                  0.00    0.00    0.00   clock __VIRTUAL_CLK__ (rise edge)
                          0.00    0.00   clock network delay (ideal)
                          2.00    2.00 ^ input external delay
     1    0.00    0.02    0.01    2.01 ^ opcode[0] (in)
                                         opcode[0] (net)
                  0.02    0.00    2.01 ^ input17/A (sky130_fd_sc_hd__buf_2)
     8    0.02    0.08    0.12    2.12 ^ input17/X (sky130_fd_sc_hd__buf_2)
                                         net17 (net)
                  0.08    0.00    2.12 ^ _168_/A1 (sky130_fd_sc_hd__o21a_2)
     4    0.01    0.06    0.15    2.28 ^ _168_/X (sky130_fd_sc_hd__o21a_2)
                                         _096_ (net)
                  0.06    0.00    2.28 ^ _194_/A1 (sky130_fd_sc_hd__a21bo_1)
     1    0.00    0.03    0.09    2.37 ^ _194_/X (sky130_fd_sc_hd__a21bo_1)
                                         net25 (net)
                  0.03    0.00    2.37 ^ output25/A (sky130_fd_sc_hd__buf_2)
     1    0.03    0.17    0.18    2.55 ^ output25/X (sky130_fd_sc_hd__buf_2)
                                         out[5] (net)
                  0.17    0.00    2.55 ^ out[5] (out)
                                  2.55   data arrival time

                  0.00    0.00    0.00   clock __VIRTUAL_CLK__ (rise edge)
                          0.00    0.00   clock network delay (ideal)
                          0.25    0.25   clock uncertainty
                          0.00    0.25   clock reconvergence pessimism
                         -2.00   -1.75   output external delay
                                 -1.75   data required time
-----------------------------------------------------------------------------
                                 -1.75   data required time
                                 -2.55   data arrival time
-----------------------------------------------------------------------------
                                  4.30   slack (MET)


Startpoint: opcode[0] (input port clocked by __VIRTUAL_CLK__)
Endpoint: out[6] (output port clocked by __VIRTUAL_CLK__)
Path Group: __VIRTUAL_CLK__
Path Type: min

Fanout     Cap    Slew   Delay    Time   Description
-----------------------------------------------------------------------------
                  0.00    0.00    0.00   clock __VIRTUAL_CLK__ (rise edge)
                          0.00    0.00   clock network delay (ideal)
                          2.00    2.00 ^ input external delay
     1    0.00    0.02    0.01    2.01 ^ opcode[0] (in)
                                         opcode[0] (net)
                  0.02    0.00    2.01 ^ input17/A (sky130_fd_sc_hd__buf_2)
     8    0.02    0.08    0.12    2.12 ^ input17/X (sky130_fd_sc_hd__buf_2)
                                         net17 (net)
                  0.08    0.00    2.12 ^ _168_/A1 (sky130_fd_sc_hd__o21a_2)
     4    0.01    0.06    0.15    2.28 ^ _168_/X (sky130_fd_sc_hd__o21a_2)
                                         _096_ (net)
                  0.06    0.00    2.28 ^ _207_/A1 (sky130_fd_sc_hd__a21bo_1)
     1    0.00    0.03    0.09    2.37 ^ _207_/X (sky130_fd_sc_hd__a21bo_1)
                                         net26 (net)
                  0.03    0.00    2.37 ^ output26/A (sky130_fd_sc_hd__buf_2)
     1    0.03    0.17    0.18    2.55 ^ output26/X (sky130_fd_sc_hd__buf_2)
                                         out[6] (net)
                  0.17    0.00    2.55 ^ out[6] (out)
                                  2.55   data arrival time

                  0.00    0.00    0.00   clock __VIRTUAL_CLK__ (rise edge)
                          0.00    0.00   clock network delay (ideal)
                          0.25    0.25   clock uncertainty
                          0.00    0.25   clock reconvergence pessimism
                         -2.00   -1.75   output external delay
                                 -1.75   data required time
-----------------------------------------------------------------------------
                                 -1.75   data required time
                                 -2.55   data arrival time
-----------------------------------------------------------------------------
                                  4.30   slack (MET)


Startpoint: B[3] (input port clocked by __VIRTUAL_CLK__)
Endpoint: out[3] (output port clocked by __VIRTUAL_CLK__)
Path Group: __VIRTUAL_CLK__
Path Type: min

Fanout     Cap    Slew   Delay    Time   Description
-----------------------------------------------------------------------------
                  0.00    0.00    0.00   clock __VIRTUAL_CLK__ (rise edge)
                          0.00    0.00   clock network delay (ideal)
                          2.00    2.00 ^ input external delay
     1    0.00    0.02    0.01    2.01 ^ B[3] (in)
                                         B[3] (net)
                  0.02    0.00    2.01 ^ input12/A (sky130_fd_sc_hd__clkbuf_4)
     9    0.02    0.08    0.14    2.15 ^ input12/X (sky130_fd_sc_hd__clkbuf_4)
                                         net12 (net)
                  0.08    0.00    2.15 ^ _159_/A1 (sky130_fd_sc_hd__a311o_1)
     1    0.00    0.04    0.14    2.30 ^ _159_/X (sky130_fd_sc_hd__a311o_1)
                                         _088_ (net)
                  0.04    0.00    2.30 ^ _160_/B1 (sky130_fd_sc_hd__a31o_1)
     1    0.00    0.03    0.08    2.37 ^ _160_/X (sky130_fd_sc_hd__a31o_1)
                                         net23 (net)
                  0.03    0.00    2.37 ^ output23/A (sky130_fd_sc_hd__buf_2)
     1    0.03    0.17    0.18    2.55 ^ output23/X (sky130_fd_sc_hd__buf_2)
                                         out[3] (net)
                  0.17    0.00    2.55 ^ out[3] (out)
                                  2.55   data arrival time

                  0.00    0.00    0.00   clock __VIRTUAL_CLK__ (rise edge)
                          0.00    0.00   clock network delay (ideal)
                          0.25    0.25   clock uncertainty
                          0.00    0.25   clock reconvergence pessimism
                         -2.00   -1.75   output external delay
                                 -1.75   data required time
-----------------------------------------------------------------------------
                                 -1.75   data required time
                                 -2.55   data arrival time
-----------------------------------------------------------------------------
                                  4.30   slack (MET)


Startpoint: opcode[0] (input port clocked by __VIRTUAL_CLK__)
Endpoint: out[7] (output port clocked by __VIRTUAL_CLK__)
Path Group: __VIRTUAL_CLK__
Path Type: min

Fanout     Cap    Slew   Delay    Time   Description
-----------------------------------------------------------------------------
                  0.00    0.00    0.00   clock __VIRTUAL_CLK__ (rise edge)
                          0.00    0.00   clock network delay (ideal)
                          2.00    2.00 ^ input external delay
     1    0.00    0.02    0.01    2.01 ^ opcode[0] (in)
                                         opcode[0] (net)
                  0.02    0.00    2.01 ^ input17/A (sky130_fd_sc_hd__buf_2)
     8    0.02    0.08    0.12    2.12 ^ input17/X (sky130_fd_sc_hd__buf_2)
                                         net17 (net)
                  0.08    0.00    2.12 ^ _168_/A1 (sky130_fd_sc_hd__o21a_2)
     4    0.01    0.06    0.15    2.28 ^ _168_/X (sky130_fd_sc_hd__o21a_2)
                                         _096_ (net)
                  0.06    0.00    2.28 ^ _219_/A1 (sky130_fd_sc_hd__a21o_1)
     2    0.00    0.04    0.10    2.38 ^ _219_/X (sky130_fd_sc_hd__a21o_1)
                                         net27 (net)
                  0.04    0.00    2.38 ^ output27/A (sky130_fd_sc_hd__buf_2)
     1    0.03    0.17    0.18    2.56 ^ output27/X (sky130_fd_sc_hd__buf_2)
                                         out[7] (net)
                  0.17    0.00    2.56 ^ out[7] (out)
                                  2.56   data arrival time

                  0.00    0.00    0.00   clock __VIRTUAL_CLK__ (rise edge)
                          0.00    0.00   clock network delay (ideal)
                          0.25    0.25   clock uncertainty
                          0.00    0.25   clock reconvergence pessimism
                         -2.00   -1.75   output external delay
                                 -1.75   data required time
-----------------------------------------------------------------------------
                                 -1.75   data required time
                                 -2.56   data arrival time
-----------------------------------------------------------------------------
                                  4.31   slack (MET)


Startpoint: B[2] (input port clocked by __VIRTUAL_CLK__)
Endpoint: out[2] (output port clocked by __VIRTUAL_CLK__)
Path Group: __VIRTUAL_CLK__
Path Type: min

Fanout     Cap    Slew   Delay    Time   Description
-----------------------------------------------------------------------------
                  0.00    0.00    0.00   clock __VIRTUAL_CLK__ (rise edge)
                          0.00    0.00   clock network delay (ideal)
                          2.00    2.00 ^ input external delay
     1    0.00    0.02    0.01    2.01 ^ B[2] (in)
                                         B[2] (net)
                  0.02    0.00    2.01 ^ input11/A (sky130_fd_sc_hd__buf_4)
     7    0.03    0.11    0.14    2.15 ^ input11/X (sky130_fd_sc_hd__buf_4)
                                         net11 (net)
                  0.11    0.00    2.15 ^ _144_/A2 (sky130_fd_sc_hd__a311o_1)
     1    0.00    0.04    0.16    2.31 ^ _144_/X (sky130_fd_sc_hd__a311o_1)
                                         _074_ (net)
                  0.04    0.00    2.31 ^ _145_/B1 (sky130_fd_sc_hd__a31o_1)
     1    0.00    0.03    0.08    2.38 ^ _145_/X (sky130_fd_sc_hd__a31o_1)
                                         net22 (net)
                  0.03    0.00    2.38 ^ output22/A (sky130_fd_sc_hd__buf_2)
     1    0.03    0.17    0.18    2.56 ^ output22/X (sky130_fd_sc_hd__buf_2)
                                         out[2] (net)
                  0.17    0.00    2.56 ^ out[2] (out)
                                  2.56   data arrival time

                  0.00    0.00    0.00   clock __VIRTUAL_CLK__ (rise edge)
                          0.00    0.00   clock network delay (ideal)
                          0.25    0.25   clock uncertainty
                          0.00    0.25   clock reconvergence pessimism
                         -2.00   -1.75   output external delay
                                 -1.75   data required time
-----------------------------------------------------------------------------
                                 -1.75   data required time
                                 -2.56   data arrival time
-----------------------------------------------------------------------------
                                  4.31   slack (MET)


Startpoint: A[1] (input port clocked by __VIRTUAL_CLK__)
Endpoint: out[1] (output port clocked by __VIRTUAL_CLK__)
Path Group: __VIRTUAL_CLK__
Path Type: min

Fanout     Cap    Slew   Delay    Time   Description
-----------------------------------------------------------------------------
                  0.00    0.00    0.00   clock __VIRTUAL_CLK__ (rise edge)
                          0.00    0.00   clock network delay (ideal)
                          2.00    2.00 ^ input external delay
     1    0.00    0.02    0.01    2.01 ^ A[1] (in)
                                         A[1] (net)
                  0.02    0.00    2.01 ^ input2/A (sky130_fd_sc_hd__buf_2)
     8    0.02    0.10    0.13    2.14 ^ input2/X (sky130_fd_sc_hd__buf_2)
                                         net2 (net)
                  0.10    0.00    2.14 ^ _130_/A1 (sky130_fd_sc_hd__a31o_1)
     1    0.00    0.03    0.12    2.26 ^ _130_/X (sky130_fd_sc_hd__a31o_1)
                                         _061_ (net)
                  0.03    0.00    2.26 ^ _133_/B (sky130_fd_sc_hd__or3_1)
     1    0.00    0.03    0.08    2.34 ^ _133_/X (sky130_fd_sc_hd__or3_1)
                                         _064_ (net)
                  0.03    0.00    2.34 ^ _134_/A (sky130_fd_sc_hd__buf_1)
     1    0.00    0.03    0.07    2.41 ^ _134_/X (sky130_fd_sc_hd__buf_1)
                                         net21 (net)
                  0.03    0.00    2.41 ^ output21/A (sky130_fd_sc_hd__buf_2)
     1    0.03    0.17    0.18    2.59 ^ output21/X (sky130_fd_sc_hd__buf_2)
                                         out[1] (net)
                  0.17    0.00    2.59 ^ out[1] (out)
                                  2.59   data arrival time

                  0.00    0.00    0.00   clock __VIRTUAL_CLK__ (rise edge)
                          0.00    0.00   clock network delay (ideal)
                          0.25    0.25   clock uncertainty
                          0.00    0.25   clock reconvergence pessimism
                         -2.00   -1.75   output external delay
                                 -1.75   data required time
-----------------------------------------------------------------------------
                                 -1.75   data required time
                                 -2.59   data arrival time
-----------------------------------------------------------------------------
                                  4.34   slack (MET)



worst slack corner Typical: 4.1937
min_report_end
max_report

===========================================================================
report_checks -path_delay max (Setup)
============================================================================
======================= Typical Corner ===================================

Startpoint: B[0] (input port clocked by __VIRTUAL_CLK__)
Endpoint: out[7] (output port clocked by __VIRTUAL_CLK__)
Path Group: __VIRTUAL_CLK__
Path Type: max

Fanout     Cap    Slew   Delay    Time   Description
-----------------------------------------------------------------------------
                  0.00    0.00    0.00   clock __VIRTUAL_CLK__ (rise edge)
                          0.00    0.00   clock network delay (ideal)
                          2.00    2.00 v input external delay
     1    0.00    0.01    0.00    2.00 v B[0] (in)
                                         B[0] (net)
                  0.01    0.00    2.00 v input9/A (sky130_fd_sc_hd__buf_2)
     9    0.02    0.06    0.14    2.15 v input9/X (sky130_fd_sc_hd__buf_2)
                                         net9 (net)
                  0.06    0.00    2.15 v _146_/A (sky130_fd_sc_hd__or3_4)
     4    0.01    0.08    0.43    2.58 v _146_/X (sky130_fd_sc_hd__or3_4)
                                         _075_ (net)
                  0.08    0.00    2.58 v _181_/A3 (sky130_fd_sc_hd__o31a_2)
     2    0.01    0.07    0.33    2.91 v _181_/X (sky130_fd_sc_hd__o31a_2)
                                         _002_ (net)
                  0.07    0.00    2.91 v _195_/B (sky130_fd_sc_hd__or2_1)
     2    0.00    0.05    0.23    3.14 v _195_/X (sky130_fd_sc_hd__or2_1)
                                         _015_ (net)
                  0.05    0.00    3.14 v _196_/B (sky130_fd_sc_hd__and2_1)
     1    0.01    0.06    0.19    3.33 v _196_/X (sky130_fd_sc_hd__and2_1)
                                         _016_ (net)
                  0.06    0.00    3.33 v _197_/B (sky130_fd_sc_hd__xnor2_2)
     2    0.01    0.07    0.16    3.48 v _197_/Y (sky130_fd_sc_hd__xnor2_2)
                                         _017_ (net)
                  0.07    0.00    3.48 v _198_/B (sky130_fd_sc_hd__xor2_2)
     2    0.01    0.07    0.16    3.65 v _198_/X (sky130_fd_sc_hd__xor2_2)
                                         _018_ (net)
                  0.07    0.00    3.65 v _208_/B1 (sky130_fd_sc_hd__a22o_1)
     1    0.00    0.05    0.20    3.85 v _208_/X (sky130_fd_sc_hd__a22o_1)
                                         _027_ (net)
                  0.05    0.00    3.85 v _214_/A (sky130_fd_sc_hd__xnor2_1)
     1    0.00    0.04    0.12    3.97 v _214_/Y (sky130_fd_sc_hd__xnor2_1)
                                         _033_ (net)
                  0.04    0.00    3.97 v _219_/A2 (sky130_fd_sc_hd__a21o_1)
     2    0.00    0.03    0.18    4.15 v _219_/X (sky130_fd_sc_hd__a21o_1)
                                         net27 (net)
                  0.03    0.00    4.15 v output27/A (sky130_fd_sc_hd__buf_2)
     1    0.03    0.09    0.18    4.33 v output27/X (sky130_fd_sc_hd__buf_2)
                                         out[7] (net)
                  0.09    0.00    4.33 v out[7] (out)
                                  4.33   data arrival time

                  0.00   10.00   10.00   clock __VIRTUAL_CLK__ (rise edge)
                          0.00   10.00   clock network delay (ideal)
                         -0.25    9.75   clock uncertainty
                          0.00    9.75   clock reconvergence pessimism
                         -2.00    7.75   output external delay
                                  7.75   data required time
-----------------------------------------------------------------------------
                                  7.75   data required time
                                 -4.33   data arrival time
-----------------------------------------------------------------------------
                                  3.42   slack (MET)


Startpoint: B[0] (input port clocked by __VIRTUAL_CLK__)
Endpoint: out[6] (output port clocked by __VIRTUAL_CLK__)
Path Group: __VIRTUAL_CLK__
Path Type: max

Fanout     Cap    Slew   Delay    Time   Description
-----------------------------------------------------------------------------
                  0.00    0.00    0.00   clock __VIRTUAL_CLK__ (rise edge)
                          0.00    0.00   clock network delay (ideal)
                          2.00    2.00 v input external delay
     1    0.00    0.01    0.00    2.00 v B[0] (in)
                                         B[0] (net)
                  0.01    0.00    2.00 v input9/A (sky130_fd_sc_hd__buf_2)
     9    0.02    0.06    0.14    2.15 v input9/X (sky130_fd_sc_hd__buf_2)
                                         net9 (net)
                  0.06    0.00    2.15 v _146_/A (sky130_fd_sc_hd__or3_4)
     4    0.01    0.08    0.43    2.58 v _146_/X (sky130_fd_sc_hd__or3_4)
                                         _075_ (net)
                  0.08    0.00    2.58 v _181_/A3 (sky130_fd_sc_hd__o31a_2)
     2    0.01    0.07    0.33    2.91 v _181_/X (sky130_fd_sc_hd__o31a_2)
                                         _002_ (net)
                  0.07    0.00    2.91 v _195_/B (sky130_fd_sc_hd__or2_1)
     2    0.00    0.05    0.23    3.14 v _195_/X (sky130_fd_sc_hd__or2_1)
                                         _015_ (net)
                  0.05    0.00    3.14 v _196_/B (sky130_fd_sc_hd__and2_1)
     1    0.01    0.06    0.19    3.33 v _196_/X (sky130_fd_sc_hd__and2_1)
                                         _016_ (net)
                  0.06    0.00    3.33 v _197_/B (sky130_fd_sc_hd__xnor2_2)
     2    0.01    0.07    0.16    3.48 v _197_/Y (sky130_fd_sc_hd__xnor2_2)
                                         _017_ (net)
                  0.07    0.00    3.48 v _198_/B (sky130_fd_sc_hd__xor2_2)
     2    0.01    0.07    0.16    3.65 v _198_/X (sky130_fd_sc_hd__xor2_2)
                                         _018_ (net)
                  0.07    0.00    3.65 v _201_/A (sky130_fd_sc_hd__xor2_1)
     1    0.00    0.05    0.17    3.82 v _201_/X (sky130_fd_sc_hd__xor2_1)
                                         _021_ (net)
                  0.05    0.00    3.82 v _207_/A2 (sky130_fd_sc_hd__a21bo_1)
     1    0.00    0.03    0.19    4.00 v _207_/X (sky130_fd_sc_hd__a21bo_1)
                                         net26 (net)
                  0.03    0.00    4.00 v output26/A (sky130_fd_sc_hd__buf_2)
     1    0.03    0.09    0.18    4.18 v output26/X (sky130_fd_sc_hd__buf_2)
                                         out[6] (net)
                  0.09    0.00    4.18 v out[6] (out)
                                  4.18   data arrival time

                  0.00   10.00   10.00   clock __VIRTUAL_CLK__ (rise edge)
                          0.00   10.00   clock network delay (ideal)
                         -0.25    9.75   clock uncertainty
                          0.00    9.75   clock reconvergence pessimism
                         -2.00    7.75   output external delay
                                  7.75   data required time
-----------------------------------------------------------------------------
                                  7.75   data required time
                                 -4.18   data arrival time
-----------------------------------------------------------------------------
                                  3.57   slack (MET)


Startpoint: B[0] (input port clocked by __VIRTUAL_CLK__)
Endpoint: out[5] (output port clocked by __VIRTUAL_CLK__)
Path Group: __VIRTUAL_CLK__
Path Type: max

Fanout     Cap    Slew   Delay    Time   Description
-----------------------------------------------------------------------------
                  0.00    0.00    0.00   clock __VIRTUAL_CLK__ (rise edge)
                          0.00    0.00   clock network delay (ideal)
                          2.00    2.00 v input external delay
     1    0.00    0.01    0.00    2.00 v B[0] (in)
                                         B[0] (net)
                  0.01    0.00    2.00 v input9/A (sky130_fd_sc_hd__buf_2)
     9    0.02    0.06    0.14    2.15 v input9/X (sky130_fd_sc_hd__buf_2)
                                         net9 (net)
                  0.06    0.00    2.15 v _146_/A (sky130_fd_sc_hd__or3_4)
     4    0.01    0.08    0.43    2.58 v _146_/X (sky130_fd_sc_hd__or3_4)
                                         _075_ (net)
                  0.08    0.00    2.58 v _147_/A2 (sky130_fd_sc_hd__a21bo_1)
     3    0.01    0.05    0.23    2.80 v _147_/X (sky130_fd_sc_hd__a21bo_1)
                                         _076_ (net)
                  0.05    0.00    2.80 v _164_/A1 (sky130_fd_sc_hd__a21o_1)
     1    0.00    0.03    0.16    2.96 v _164_/X (sky130_fd_sc_hd__a21o_1)
                                         _092_ (net)
                  0.03    0.00    2.96 v _165_/A3 (sky130_fd_sc_hd__a31o_1)
     1    0.00    0.03    0.21    3.17 v _165_/X (sky130_fd_sc_hd__a31o_1)
                                         _093_ (net)
                  0.03    0.00    3.17 v _166_/B1 (sky130_fd_sc_hd__a31o_1)
     3    0.01    0.06    0.21    3.37 v _166_/X (sky130_fd_sc_hd__a31o_1)
                                         _094_ (net)
                  0.06    0.00    3.37 v _167_/B (sky130_fd_sc_hd__nand2_1)
     2    0.00    0.06    0.08    3.46 ^ _167_/Y (sky130_fd_sc_hd__nand2_1)
                                         _095_ (net)
                  0.06    0.00    3.46 ^ _187_/B (sky130_fd_sc_hd__nand2_1)
     1    0.00    0.04    0.06    3.52 v _187_/Y (sky130_fd_sc_hd__nand2_1)
                                         _008_ (net)
                  0.04    0.00    3.52 v _188_/B (sky130_fd_sc_hd__xor2_1)
     1    0.00    0.05    0.14    3.66 v _188_/X (sky130_fd_sc_hd__xor2_1)
                                         _009_ (net)
                  0.05    0.00    3.66 v _194_/A2 (sky130_fd_sc_hd__a21bo_1)
     1    0.00    0.03    0.19    3.84 v _194_/X (sky130_fd_sc_hd__a21bo_1)
                                         net25 (net)
                  0.03    0.00    3.84 v output25/A (sky130_fd_sc_hd__buf_2)
     1    0.03    0.09    0.18    4.03 v output25/X (sky130_fd_sc_hd__buf_2)
                                         out[5] (net)
                  0.09    0.00    4.03 v out[5] (out)
                                  4.03   data arrival time

                  0.00   10.00   10.00   clock __VIRTUAL_CLK__ (rise edge)
                          0.00   10.00   clock network delay (ideal)
                         -0.25    9.75   clock uncertainty
                          0.00    9.75   clock reconvergence pessimism
                         -2.00    7.75   output external delay
                                  7.75   data required time
-----------------------------------------------------------------------------
                                  7.75   data required time
                                 -4.03   data arrival time
-----------------------------------------------------------------------------
                                  3.72   slack (MET)


Startpoint: B[0] (input port clocked by __VIRTUAL_CLK__)
Endpoint: out[4] (output port clocked by __VIRTUAL_CLK__)
Path Group: __VIRTUAL_CLK__
Path Type: max

Fanout     Cap    Slew   Delay    Time   Description
-----------------------------------------------------------------------------
                  0.00    0.00    0.00   clock __VIRTUAL_CLK__ (rise edge)
                          0.00    0.00   clock network delay (ideal)
                          2.00    2.00 v input external delay
     1    0.00    0.01    0.00    2.00 v B[0] (in)
                                         B[0] (net)
                  0.01    0.00    2.00 v input9/A (sky130_fd_sc_hd__buf_2)
     9    0.02    0.06    0.14    2.15 v input9/X (sky130_fd_sc_hd__buf_2)
                                         net9 (net)
                  0.06    0.00    2.15 v _146_/A (sky130_fd_sc_hd__or3_4)
     4    0.01    0.08    0.43    2.58 v _146_/X (sky130_fd_sc_hd__or3_4)
                                         _075_ (net)
                  0.08    0.00    2.58 v _147_/A2 (sky130_fd_sc_hd__a21bo_1)
     3    0.01    0.05    0.23    2.80 v _147_/X (sky130_fd_sc_hd__a21bo_1)
                                         _076_ (net)
                  0.05    0.00    2.80 v _164_/A1 (sky130_fd_sc_hd__a21o_1)
     1    0.00    0.03    0.16    2.96 v _164_/X (sky130_fd_sc_hd__a21o_1)
                                         _092_ (net)
                  0.03    0.00    2.96 v _165_/A3 (sky130_fd_sc_hd__a31o_1)
     1    0.00    0.03    0.21    3.17 v _165_/X (sky130_fd_sc_hd__a31o_1)
                                         _093_ (net)
                  0.03    0.00    3.17 v _166_/B1 (sky130_fd_sc_hd__a31o_1)
     3    0.01    0.06    0.21    3.37 v _166_/X (sky130_fd_sc_hd__a31o_1)
                                         _094_ (net)
                  0.06    0.00    3.37 v _169_/A2 (sky130_fd_sc_hd__o21a_1)
     1    0.00    0.03    0.17    3.54 v _169_/X (sky130_fd_sc_hd__o21a_1)
                                         _097_ (net)
                  0.03    0.00    3.54 v _180_/A2 (sky130_fd_sc_hd__a21bo_1)
     1    0.00    0.03    0.18    3.72 v _180_/X (sky130_fd_sc_hd__a21bo_1)
                                         net24 (net)
                  0.03    0.00    3.72 v output24/A (sky130_fd_sc_hd__buf_2)
     1    0.03    0.09    0.18    3.90 v output24/X (sky130_fd_sc_hd__buf_2)
                                         out[4] (net)
                  0.09    0.00    3.90 v out[4] (out)
                                  3.90   data arrival time

                  0.00   10.00   10.00   clock __VIRTUAL_CLK__ (rise edge)
                          0.00   10.00   clock network delay (ideal)
                         -0.25    9.75   clock uncertainty
                          0.00    9.75   clock reconvergence pessimism
                         -2.00    7.75   output external delay
                                  7.75   data required time
-----------------------------------------------------------------------------
                                  7.75   data required time
                                 -3.90   data arrival time
-----------------------------------------------------------------------------
                                  3.85   slack (MET)


Startpoint: opcode[0] (input port clocked by __VIRTUAL_CLK__)
Endpoint: out[1] (output port clocked by __VIRTUAL_CLK__)
Path Group: __VIRTUAL_CLK__
Path Type: max

Fanout     Cap    Slew   Delay    Time   Description
-----------------------------------------------------------------------------
                  0.00    0.00    0.00   clock __VIRTUAL_CLK__ (rise edge)
                          0.00    0.00   clock network delay (ideal)
                          2.00    2.00 v input external delay
     1    0.00    0.01    0.00    2.00 v opcode[0] (in)
                                         opcode[0] (net)
                  0.01    0.00    2.00 v input17/A (sky130_fd_sc_hd__buf_2)
     8    0.01    0.05    0.13    2.13 v input17/X (sky130_fd_sc_hd__buf_2)
                                         net17 (net)
                  0.05    0.00    2.13 v _120_/A_N (sky130_fd_sc_hd__nand3b_4)
     5    0.01    0.07    0.18    2.31 v _120_/Y (sky130_fd_sc_hd__nand3b_4)
                                         _051_ (net)
                  0.07    0.00    2.31 v _122_/A (sky130_fd_sc_hd__and3_1)
     2    0.00    0.04    0.16    2.48 v _122_/X (sky130_fd_sc_hd__and3_1)
                                         _053_ (net)
                  0.04    0.00    2.48 v _124_/C (sky130_fd_sc_hd__or3_2)
     2    0.00    0.08    0.43    2.91 v _124_/X (sky130_fd_sc_hd__or3_2)
                                         _055_ (net)
                  0.08    0.00    2.91 v _125_/B (sky130_fd_sc_hd__and2b_1)
     2    0.00    0.04    0.18    3.09 v _125_/X (sky130_fd_sc_hd__and2b_1)
                                         _056_ (net)
                  0.04    0.00    3.09 v _127_/A1 (sky130_fd_sc_hd__o21ai_1)
     1    0.00    0.09    0.12    3.21 ^ _127_/Y (sky130_fd_sc_hd__o21ai_1)
                                         _058_ (net)
                  0.09    0.00    3.21 ^ _128_/B1 (sky130_fd_sc_hd__a21oi_1)
     1    0.00    0.03    0.04    3.26 v _128_/Y (sky130_fd_sc_hd__a21oi_1)
                                         _059_ (net)
                  0.03    0.00    3.26 v _133_/A (sky130_fd_sc_hd__or3_1)
     1    0.00    0.06    0.37    3.62 v _133_/X (sky130_fd_sc_hd__or3_1)
                                         _064_ (net)
                  0.06    0.00    3.62 v _134_/A (sky130_fd_sc_hd__buf_1)
     1    0.00    0.02    0.09    3.72 v _134_/X (sky130_fd_sc_hd__buf_1)
                                         net21 (net)
                  0.02    0.00    3.72 v output21/A (sky130_fd_sc_hd__buf_2)
     1    0.03    0.09    0.18    3.89 v output21/X (sky130_fd_sc_hd__buf_2)
                                         out[1] (net)
                  0.09    0.00    3.89 v out[1] (out)
                                  3.89   data arrival time

                  0.00   10.00   10.00   clock __VIRTUAL_CLK__ (rise edge)
                          0.00   10.00   clock network delay (ideal)
                         -0.25    9.75   clock uncertainty
                          0.00    9.75   clock reconvergence pessimism
                         -2.00    7.75   output external delay
                                  7.75   data required time
-----------------------------------------------------------------------------
                                  7.75   data required time
                                 -3.89   data arrival time
-----------------------------------------------------------------------------
                                  3.86   slack (MET)


Startpoint: opcode[0] (input port clocked by __VIRTUAL_CLK__)
Endpoint: out[3] (output port clocked by __VIRTUAL_CLK__)
Path Group: __VIRTUAL_CLK__
Path Type: max

Fanout     Cap    Slew   Delay    Time   Description
-----------------------------------------------------------------------------
                  0.00    0.00    0.00   clock __VIRTUAL_CLK__ (rise edge)
                          0.00    0.00   clock network delay (ideal)
                          2.00    2.00 v input external delay
     1    0.00    0.01    0.00    2.00 v opcode[0] (in)
                                         opcode[0] (net)
                  0.01    0.00    2.00 v input17/A (sky130_fd_sc_hd__buf_2)
     8    0.01    0.05    0.13    2.13 v input17/X (sky130_fd_sc_hd__buf_2)
                                         net17 (net)
                  0.05    0.00    2.13 v _120_/A_N (sky130_fd_sc_hd__nand3b_4)
     5    0.01    0.07    0.18    2.31 v _120_/Y (sky130_fd_sc_hd__nand3b_4)
                                         _051_ (net)
                  0.07    0.00    2.31 v _122_/A (sky130_fd_sc_hd__and3_1)
     2    0.00    0.04    0.16    2.48 v _122_/X (sky130_fd_sc_hd__and3_1)
                                         _053_ (net)
                  0.04    0.00    2.48 v _124_/C (sky130_fd_sc_hd__or3_2)
     2    0.00    0.08    0.43    2.91 v _124_/X (sky130_fd_sc_hd__or3_2)
                                         _055_ (net)
                  0.08    0.00    2.91 v _135_/A1 (sky130_fd_sc_hd__a21o_2)
     4    0.01    0.05    0.23    3.13 v _135_/X (sky130_fd_sc_hd__a21o_2)
                                         _065_ (net)
                  0.05    0.00    3.13 v _153_/A1 (sky130_fd_sc_hd__a21o_1)
     2    0.00    0.04    0.16    3.29 v _153_/X (sky130_fd_sc_hd__a21o_1)
                                         _082_ (net)
                  0.04    0.00    3.29 v _155_/B (sky130_fd_sc_hd__or2_1)
     1    0.00    0.05    0.20    3.50 v _155_/X (sky130_fd_sc_hd__or2_1)
                                         _084_ (net)
                  0.05    0.00    3.50 v _160_/A3 (sky130_fd_sc_hd__a31o_1)
     1    0.00    0.03    0.21    3.71 v _160_/X (sky130_fd_sc_hd__a31o_1)
                                         net23 (net)
                  0.03    0.00    3.71 v output23/A (sky130_fd_sc_hd__buf_2)
     1    0.03    0.09    0.18    3.89 v output23/X (sky130_fd_sc_hd__buf_2)
                                         out[3] (net)
                  0.09    0.00    3.89 v out[3] (out)
                                  3.89   data arrival time

                  0.00   10.00   10.00   clock __VIRTUAL_CLK__ (rise edge)
                          0.00   10.00   clock network delay (ideal)
                         -0.25    9.75   clock uncertainty
                          0.00    9.75   clock reconvergence pessimism
                         -2.00    7.75   output external delay
                                  7.75   data required time
-----------------------------------------------------------------------------
                                  7.75   data required time
                                 -3.89   data arrival time
-----------------------------------------------------------------------------
                                  3.86   slack (MET)


Startpoint: opcode[0] (input port clocked by __VIRTUAL_CLK__)
Endpoint: out[2] (output port clocked by __VIRTUAL_CLK__)
Path Group: __VIRTUAL_CLK__
Path Type: max

Fanout     Cap    Slew   Delay    Time   Description
-----------------------------------------------------------------------------
                  0.00    0.00    0.00   clock __VIRTUAL_CLK__ (rise edge)
                          0.00    0.00   clock network delay (ideal)
                          2.00    2.00 v input external delay
     1    0.00    0.01    0.00    2.00 v opcode[0] (in)
                                         opcode[0] (net)
                  0.01    0.00    2.00 v input17/A (sky130_fd_sc_hd__buf_2)
     8    0.01    0.05    0.13    2.13 v input17/X (sky130_fd_sc_hd__buf_2)
                                         net17 (net)
                  0.05    0.00    2.13 v _120_/A_N (sky130_fd_sc_hd__nand3b_4)
     5    0.01    0.07    0.18    2.31 v _120_/Y (sky130_fd_sc_hd__nand3b_4)
                                         _051_ (net)
                  0.07    0.00    2.31 v _122_/A (sky130_fd_sc_hd__and3_1)
     2    0.00    0.04    0.16    2.48 v _122_/X (sky130_fd_sc_hd__and3_1)
                                         _053_ (net)
                  0.04    0.00    2.48 v _124_/C (sky130_fd_sc_hd__or3_2)
     2    0.00    0.08    0.43    2.91 v _124_/X (sky130_fd_sc_hd__or3_2)
                                         _055_ (net)
                  0.08    0.00    2.91 v _135_/A1 (sky130_fd_sc_hd__a21o_2)
     4    0.01    0.05    0.23    3.13 v _135_/X (sky130_fd_sc_hd__a21o_2)
                                         _065_ (net)
                  0.05    0.00    3.13 v _140_/A (sky130_fd_sc_hd__or2_1)
     1    0.00    0.05    0.23    3.36 v _140_/X (sky130_fd_sc_hd__or2_1)
                                         _070_ (net)
                  0.05    0.00    3.36 v _145_/A3 (sky130_fd_sc_hd__a31o_1)
     1    0.00    0.03    0.21    3.57 v _145_/X (sky130_fd_sc_hd__a31o_1)
                                         net22 (net)
                  0.03    0.00    3.57 v output22/A (sky130_fd_sc_hd__buf_2)
     1    0.03    0.09    0.18    3.75 v output22/X (sky130_fd_sc_hd__buf_2)
                                         out[2] (net)
                  0.09    0.00    3.75 v out[2] (out)
                                  3.75   data arrival time

                  0.00   10.00   10.00   clock __VIRTUAL_CLK__ (rise edge)
                          0.00   10.00   clock network delay (ideal)
                         -0.25    9.75   clock uncertainty
                          0.00    9.75   clock reconvergence pessimism
                         -2.00    7.75   output external delay
                                  7.75   data required time
-----------------------------------------------------------------------------
                                  7.75   data required time
                                 -3.75   data arrival time
-----------------------------------------------------------------------------
                                  4.00   slack (MET)


Startpoint: opcode[1] (input port clocked by __VIRTUAL_CLK__)
Endpoint: out[0] (output port clocked by __VIRTUAL_CLK__)
Path Group: __VIRTUAL_CLK__
Path Type: max

Fanout     Cap    Slew   Delay    Time   Description
-----------------------------------------------------------------------------
                  0.00    0.00    0.00   clock __VIRTUAL_CLK__ (rise edge)
                          0.00    0.00   clock network delay (ideal)
                          2.00    2.00 v input external delay
     1    0.00    0.01    0.00    2.00 v opcode[1] (in)
                                         opcode[1] (net)
                  0.01    0.00    2.00 v input18/A (sky130_fd_sc_hd__buf_4)
    11    0.03    0.06    0.16    2.16 v input18/X (sky130_fd_sc_hd__buf_4)
                                         net18 (net)
                  0.06    0.00    2.16 v _114_/C_N (sky130_fd_sc_hd__or3b_1)
     1    0.00    0.04    0.16    2.33 ^ _114_/X (sky130_fd_sc_hd__or3b_1)
                                         _046_ (net)
                  0.04    0.00    2.33 ^ _115_/A (sky130_fd_sc_hd__clkbuf_4)
     7    0.02    0.08    0.17    2.49 ^ _115_/X (sky130_fd_sc_hd__clkbuf_4)
                                         _047_ (net)
                  0.08    0.00    2.49 ^ _116_/A (sky130_fd_sc_hd__inv_2)
     2    0.00    0.02    0.04    2.53 v _116_/Y (sky130_fd_sc_hd__inv_2)
                                         _048_ (net)
                  0.02    0.00    2.53 v _117_/B2 (sky130_fd_sc_hd__o2bb2a_1)
     1    0.00    0.05    0.27    2.80 v _117_/X (sky130_fd_sc_hd__o2bb2a_1)
                                         _049_ (net)
                  0.05    0.00    2.80 v _118_/B2 (sky130_fd_sc_hd__o22a_1)
     1    0.00    0.04    0.15    2.96 v _118_/X (sky130_fd_sc_hd__o22a_1)
                                         _050_ (net)
                  0.04    0.00    2.96 v _119_/C1 (sky130_fd_sc_hd__a311o_1)
     1    0.00    0.05    0.26    3.22 v _119_/X (sky130_fd_sc_hd__a311o_1)
                                         net20 (net)
                  0.05    0.00    3.22 v output20/A (sky130_fd_sc_hd__buf_2)
     1    0.03    0.09    0.19    3.41 v output20/X (sky130_fd_sc_hd__buf_2)
                                         out[0] (net)
                  0.09    0.00    3.41 v out[0] (out)
                                  3.41   data arrival time

                  0.00   10.00   10.00   clock __VIRTUAL_CLK__ (rise edge)
                          0.00   10.00   clock network delay (ideal)
                         -0.25    9.75   clock uncertainty
                          0.00    9.75   clock reconvergence pessimism
                         -2.00    7.75   output external delay
                                  7.75   data required time
-----------------------------------------------------------------------------
                                  7.75   data required time
                                 -3.41   data arrival time
-----------------------------------------------------------------------------
                                  4.34   slack (MET)



worst slack corner Typical: 3.4195
max_report_end
checks_report

===========================================================================
report_checks -unconstrained
===========================================================================
======================= Typical Corner ===================================

Startpoint: B[0] (input port clocked by __VIRTUAL_CLK__)
Endpoint: out[7] (output port clocked by __VIRTUAL_CLK__)
Path Group: __VIRTUAL_CLK__
Path Type: max

Fanout     Cap    Slew   Delay    Time   Description
-----------------------------------------------------------------------------
                  0.00    0.00    0.00   clock __VIRTUAL_CLK__ (rise edge)
                          0.00    0.00   clock network delay (ideal)
                          2.00    2.00 v input external delay
     1    0.00    0.01    0.00    2.00 v B[0] (in)
                                         B[0] (net)
                  0.01    0.00    2.00 v input9/A (sky130_fd_sc_hd__buf_2)
     9    0.02    0.06    0.14    2.15 v input9/X (sky130_fd_sc_hd__buf_2)
                                         net9 (net)
                  0.06    0.00    2.15 v _146_/A (sky130_fd_sc_hd__or3_4)
     4    0.01    0.08    0.43    2.58 v _146_/X (sky130_fd_sc_hd__or3_4)
                                         _075_ (net)
                  0.08    0.00    2.58 v _181_/A3 (sky130_fd_sc_hd__o31a_2)
     2    0.01    0.07    0.33    2.91 v _181_/X (sky130_fd_sc_hd__o31a_2)
                                         _002_ (net)
                  0.07    0.00    2.91 v _195_/B (sky130_fd_sc_hd__or2_1)
     2    0.00    0.05    0.23    3.14 v _195_/X (sky130_fd_sc_hd__or2_1)
                                         _015_ (net)
                  0.05    0.00    3.14 v _196_/B (sky130_fd_sc_hd__and2_1)
     1    0.01    0.06    0.19    3.33 v _196_/X (sky130_fd_sc_hd__and2_1)
                                         _016_ (net)
                  0.06    0.00    3.33 v _197_/B (sky130_fd_sc_hd__xnor2_2)
     2    0.01    0.07    0.16    3.48 v _197_/Y (sky130_fd_sc_hd__xnor2_2)
                                         _017_ (net)
                  0.07    0.00    3.48 v _198_/B (sky130_fd_sc_hd__xor2_2)
     2    0.01    0.07    0.16    3.65 v _198_/X (sky130_fd_sc_hd__xor2_2)
                                         _018_ (net)
                  0.07    0.00    3.65 v _208_/B1 (sky130_fd_sc_hd__a22o_1)
     1    0.00    0.05    0.20    3.85 v _208_/X (sky130_fd_sc_hd__a22o_1)
                                         _027_ (net)
                  0.05    0.00    3.85 v _214_/A (sky130_fd_sc_hd__xnor2_1)
     1    0.00    0.04    0.12    3.97 v _214_/Y (sky130_fd_sc_hd__xnor2_1)
                                         _033_ (net)
                  0.04    0.00    3.97 v _219_/A2 (sky130_fd_sc_hd__a21o_1)
     2    0.00    0.03    0.18    4.15 v _219_/X (sky130_fd_sc_hd__a21o_1)
                                         net27 (net)
                  0.03    0.00    4.15 v output27/A (sky130_fd_sc_hd__buf_2)
     1    0.03    0.09    0.18    4.33 v output27/X (sky130_fd_sc_hd__buf_2)
                                         out[7] (net)
                  0.09    0.00    4.33 v out[7] (out)
                                  4.33   data arrival time

                  0.00   10.00   10.00   clock __VIRTUAL_CLK__ (rise edge)
                          0.00   10.00   clock network delay (ideal)
                         -0.25    9.75   clock uncertainty
                          0.00    9.75   clock reconvergence pessimism
                         -2.00    7.75   output external delay
                                  7.75   data required time
-----------------------------------------------------------------------------
                                  7.75   data required time
                                 -4.33   data arrival time
-----------------------------------------------------------------------------
                                  3.42   slack (MET)




===========================================================================
report_checks --slack_max -0.01
============================================================================
======================= Typical Corner ===================================

No paths found.


===========================================================================
 report_check_types -max_slew -max_cap -max_fanout -violators
============================================================================
======================= Typical Corner ===================================

max fanout

Pin                                   Limit Fanout  Slack
---------------------------------------------------------
input18/X                                10     11        (VIOLATED)


max slew violations count Typical: 0
max fanout violations count Typical: 1
max cap violations count Typical: 0

===========================================================================
report_parasitic_annotation -report_unannotated
============================================================================
Found 161 unannotated drivers.
 A[0]
 A[1]
 A[2]
 A[3]
 A[4]
 A[5]
 A[6]
 A[7]
 B[0]
 B[1]
 B[2]
 B[3]
 B[4]
 B[5]
 B[6]
 B[7]
 opcode[0]
 opcode[1]
 opcode[2]
 _106_/Y
 _107_/Y
 _108_/X
 _109_/X
 _110_/Y
 _111_/X
 _112_/Y
 _113_/X
 _114_/X
 _115_/X
 _116_/Y
 _117_/X
 _118_/X
 _119_/X
 _120_/Y
 _121_/Y
 _122_/X
 _123_/X
 _124_/X
 _125_/X
 _126_/X
 _127_/Y
 _128_/Y
 _129_/Y
 _130_/X
 _131_/Y
 _132_/X
 _133_/X
 _134_/X
 _135_/X
 _136_/X
 _137_/Y
 _138_/X
 _139_/Y
 _140_/X
 _141_/Y
 _142_/X
 _143_/Y
 _144_/X
 _145_/X
 _146_/X
 _147_/X
 _148_/Y
 _149_/Y
 _150_/X
 _151_/Y
 _152_/X
 _153_/X
 _154_/Y
 _155_/X
 _156_/Y
 _157_/Y
 _158_/X
 _159_/X
 _160_/X
 _161_/Y
 _162_/Y
 _163_/Y
 _164_/X
 _165_/X
 _166_/X
 _167_/Y
 _168_/X
 _169_/X
 _170_/Y
 _171_/Y
 _172_/X
 _173_/X
 _174_/Y
 _175_/X
 _176_/X
 _177_/X
 _178_/X
 _179_/X
 _180_/X
 _181_/X
 _182_/Y
 _183_/Y
 _184_/X
 _185_/Y
 _186_/X
 _187_/Y
 _188_/X
 _189_/Y
 _190_/Y
 _191_/X
 _192_/X
 _193_/X
 _194_/X
 _195_/X
 _196_/X
 _197_/Y
 _198_/X
 _199_/Y
 _200_/X
 _201_/X
 _202_/Y
 _203_/Y
 _204_/Y
 _205_/X
 _206_/Y
 _207_/X
 _208_/X
 _209_/Y
 _210_/X
 _211_/Y
 _212_/X
 _213_/Y
 _214_/Y
 _215_/Y
 _216_/Y
 _217_/X
 _218_/X
 _219_/X
 clone1/Y
 input1/X
 input10/X
 input11/X
 input12/X
 input13/X
 input14/X
 input15/X
 input16/X
 input17/X
 input18/X
 input19/X
 input2/X
 input3/X
 input4/X
 input5/X
 input6/X
 input7/X
 input8/X
 input9/X
 output20/X
 output21/X
 output22/X
 output23/X
 output24/X
 output25/X
 output26/X
 output27/X
Found 0 partially unannotated drivers.

===========================================================================
max slew violation count 0
max fanout violation count 1
max cap violation count 0
============================================================================

===========================================================================
check_setup -verbose -unconstrained_endpoints -multiple_clock -no_clock -no_input_delay -loops -generated_clocks
===========================================================================
checks_report_end
power_report

===========================================================================
 report_power
============================================================================
======================= Typical Corner ===================================

Group                  Internal  Switching    Leakage      Total
                          Power      Power      Power      Power (Watts)
----------------------------------------------------------------
Sequential             0.00e+00   0.00e+00   0.00e+00   0.00e+00   0.0%
Combinational          3.08e-05   3.30e-05   5.46e-10   6.38e-05 100.0%
Clock                  5.41e-11   0.00e+00   1.81e-10   2.36e-10   0.0%
Macro                  0.00e+00   0.00e+00   0.00e+00   0.00e+00   0.0%
Pad                    0.00e+00   0.00e+00   0.00e+00   0.00e+00   0.0%
----------------------------------------------------------------
Total                  3.08e-05   3.30e-05   7.27e-10   6.38e-05 100.0%
                          48.3%      51.7%       0.0%

power_report_end
summary_report

===========================================================================
report_tns
============================================================================
tns 0.00

===========================================================================
report_wns
============================================================================
wns 0.00

===========================================================================
report_worst_slack -max (Setup)
============================================================================
worst slack 3.42

===========================================================================
report_worst_slack -min (Hold)
============================================================================
worst slack 4.19
summary_report_end
area_report

===========================================================================
report_design_area
============================================================================
Design area 1214 u^2 18% utilization.
area_report_end
check_nonpropagated_clocks
__VIRTUAL_CLK__
check_nonpropagated_clocks_end
[WARNING] Did not save OpenROAD database!
