OpenSTA 2.5.0 GITDIR-NOT Copyright (c) 2024, Parallax Software, Inc.
License GPLv3: GNU GPL version 3 <http://gnu.org/licenses/gpl.html>

This is free software, and you are free to change and redistribute it
under certain conditions; type `show_copying' for details. 
This program comes with ABSOLUTELY NO WARRANTY; for details type `show_warranty'.
define_corners Typical
read_liberty -corner Typical /home/pikachu/.volare/sky130A/libs.ref/sky130_fd_sc_hd/lib/sky130_fd_sc_hd__tt_025C_1v80.lib
Using 1e-12 for capacitance...
Using 1e+03 for resistance...
Using 1e-09 for time...
Using 1e+00 for voltage...
Using 1e-03 for current...
Using 1e-09 for power...
Using 1e-06 for distance...
Reading netlist '/openlane/designs/alu/runs/RUN_2025.04.27_14.15.03/results/synthesis/alu.v'…
Reading design constraints file at '/openlane/scripts/base.sdc'…
[INFO]: Setting output delay to: 2.0
[INFO]: Setting input delay to: 2.0
Warning: base.sdc line 18, port '__VIRTUAL_CLK__' not found.
[INFO]: Setting load to: 0.033442
[INFO]: Setting clock uncertainty to: 0.25
[INFO]: Setting clock transition to: 0.15
Warning: base.sdc line 52, transition time can not be specified for virtual clocks.
[INFO]: Setting timing derate to: 5.0 %
min_report

===========================================================================
report_checks -path_delay min (Hold)
============================================================================
======================= Typical Corner ===================================

Startpoint: A[0] (input port clocked by __VIRTUAL_CLK__)
Endpoint: out[0] (output port clocked by __VIRTUAL_CLK__)
Path Group: __VIRTUAL_CLK__
Path Type: min

Fanout     Cap    Slew   Delay    Time   Description
-----------------------------------------------------------------------------
                  0.00    0.00    0.00   clock __VIRTUAL_CLK__ (rise edge)
                          0.00    0.00   clock network delay (ideal)
                          2.00    2.00 v input external delay
     6    0.01    0.03    0.02    2.02 v A[0] (in)
                                         A[0] (net)
                  0.03    0.00    2.02 v _110_/A (sky130_fd_sc_hd__nor2_2)
     1    0.00    0.06    0.08    2.10 ^ _110_/Y (sky130_fd_sc_hd__nor2_2)
                                         _042_ (net)
                  0.06    0.00    2.10 ^ _119_/B1 (sky130_fd_sc_hd__a311o_2)
     1    0.03    0.18    0.20    2.31 ^ _119_/X (sky130_fd_sc_hd__a311o_2)
                                         out[0] (net)
                  0.18    0.00    2.31 ^ out[0] (out)
                                  2.31   data arrival time

                  0.00    0.00    0.00   clock __VIRTUAL_CLK__ (rise edge)
                          0.00    0.00   clock network delay (ideal)
                          0.25    0.25   clock uncertainty
                          0.00    0.25   clock reconvergence pessimism
                         -2.00   -1.75   output external delay
                                 -1.75   data required time
-----------------------------------------------------------------------------
                                 -1.75   data required time
                                 -2.31   data arrival time
-----------------------------------------------------------------------------
                                  4.06   slack (MET)


Startpoint: B[7] (input port clocked by __VIRTUAL_CLK__)
Endpoint: out[7] (output port clocked by __VIRTUAL_CLK__)
Path Group: __VIRTUAL_CLK__
Path Type: min

Fanout     Cap    Slew   Delay    Time   Description
-----------------------------------------------------------------------------
                  0.00    0.00    0.00   clock __VIRTUAL_CLK__ (rise edge)
                          0.00    0.00   clock network delay (ideal)
                          2.00    2.00 ^ input external delay
     3    0.01    0.05    0.03    2.03 ^ B[7] (in)
                                         B[7] (net)
                  0.05    0.00    2.03 ^ _217_/A1 (sky130_fd_sc_hd__a31o_2)
     1    0.00    0.03    0.12    2.15 ^ _217_/X (sky130_fd_sc_hd__a31o_2)
                                         _036_ (net)
                  0.03    0.00    2.15 ^ _218_/C1 (sky130_fd_sc_hd__a211o_2)
     1    0.00    0.03    0.07    2.23 ^ _218_/X (sky130_fd_sc_hd__a211o_2)
                                         _037_ (net)
                  0.03    0.00    2.23 ^ _219_/B1 (sky130_fd_sc_hd__a21o_2)
     1    0.03    0.17    0.17    2.39 ^ _219_/X (sky130_fd_sc_hd__a21o_2)
                                         out[7] (net)
                  0.17    0.00    2.39 ^ out[7] (out)
                                  2.39   data arrival time

                  0.00    0.00    0.00   clock __VIRTUAL_CLK__ (rise edge)
                          0.00    0.00   clock network delay (ideal)
                          0.25    0.25   clock uncertainty
                          0.00    0.25   clock reconvergence pessimism
                         -2.00   -1.75   output external delay
                                 -1.75   data required time
-----------------------------------------------------------------------------
                                 -1.75   data required time
                                 -2.39   data arrival time
-----------------------------------------------------------------------------
                                  4.14   slack (MET)


Startpoint: B[6] (input port clocked by __VIRTUAL_CLK__)
Endpoint: out[6] (output port clocked by __VIRTUAL_CLK__)
Path Group: __VIRTUAL_CLK__
Path Type: min

Fanout     Cap    Slew   Delay    Time   Description
-----------------------------------------------------------------------------
                  0.00    0.00    0.00   clock __VIRTUAL_CLK__ (rise edge)
                          0.00    0.00   clock network delay (ideal)
                          2.00    2.00 v input external delay
     4    0.02    0.04    0.03    2.03 v B[6] (in)
                                         B[6] (net)
                  0.04    0.00    2.03 v _202_/A (sky130_fd_sc_hd__nand2_2)
     2    0.01    0.05    0.06    2.09 ^ _202_/Y (sky130_fd_sc_hd__nand2_2)
                                         _022_ (net)
                  0.05    0.00    2.09 ^ _206_/A1 (sky130_fd_sc_hd__a21boi_2)
     1    0.00    0.03    0.04    2.13 v _206_/Y (sky130_fd_sc_hd__a21boi_2)
                                         _026_ (net)
                  0.03    0.00    2.13 v _207_/B1_N (sky130_fd_sc_hd__a21bo_2)
     1    0.03    0.18    0.27    2.40 ^ _207_/X (sky130_fd_sc_hd__a21bo_2)
                                         out[6] (net)
                  0.18    0.00    2.40 ^ out[6] (out)
                                  2.40   data arrival time

                  0.00    0.00    0.00   clock __VIRTUAL_CLK__ (rise edge)
                          0.00    0.00   clock network delay (ideal)
                          0.25    0.25   clock uncertainty
                          0.00    0.25   clock reconvergence pessimism
                         -2.00   -1.75   output external delay
                                 -1.75   data required time
-----------------------------------------------------------------------------
                                 -1.75   data required time
                                 -2.40   data arrival time
-----------------------------------------------------------------------------
                                  4.15   slack (MET)


Startpoint: A[3] (input port clocked by __VIRTUAL_CLK__)
Endpoint: out[3] (output port clocked by __VIRTUAL_CLK__)
Path Group: __VIRTUAL_CLK__
Path Type: min

Fanout     Cap    Slew   Delay    Time   Description
-----------------------------------------------------------------------------
                  0.00    0.00    0.00   clock __VIRTUAL_CLK__ (rise edge)
                          0.00    0.00   clock network delay (ideal)
                          2.00    2.00 v input external delay
     9    0.03    0.06    0.04    2.04 v A[3] (in)
                                         A[3] (net)
                  0.06    0.00    2.04 v _156_/A (sky130_fd_sc_hd__nor2_2)
     1    0.00    0.06    0.09    2.13 ^ _156_/Y (sky130_fd_sc_hd__nor2_2)
                                         _085_ (net)
                  0.06    0.00    2.13 ^ _159_/B1 (sky130_fd_sc_hd__a311o_2)
     1    0.00    0.03    0.09    2.23 ^ _159_/X (sky130_fd_sc_hd__a311o_2)
                                         _088_ (net)
                  0.03    0.00    2.23 ^ _160_/B1 (sky130_fd_sc_hd__a31o_2)
     1    0.03    0.19    0.19    2.42 ^ _160_/X (sky130_fd_sc_hd__a31o_2)
                                         out[3] (net)
                  0.19    0.00    2.42 ^ out[3] (out)
                                  2.42   data arrival time

                  0.00    0.00    0.00   clock __VIRTUAL_CLK__ (rise edge)
                          0.00    0.00   clock network delay (ideal)
                          0.25    0.25   clock uncertainty
                          0.00    0.25   clock reconvergence pessimism
                         -2.00   -1.75   output external delay
                                 -1.75   data required time
-----------------------------------------------------------------------------
                                 -1.75   data required time
                                 -2.42   data arrival time
-----------------------------------------------------------------------------
                                  4.17   slack (MET)


Startpoint: opcode[0] (input port clocked by __VIRTUAL_CLK__)
Endpoint: out[5] (output port clocked by __VIRTUAL_CLK__)
Path Group: __VIRTUAL_CLK__
Path Type: min

Fanout     Cap    Slew   Delay    Time   Description
-----------------------------------------------------------------------------
                  0.00    0.00    0.00   clock __VIRTUAL_CLK__ (rise edge)
                          0.00    0.00   clock network delay (ideal)
                          2.00    2.00 ^ input external delay
     7    0.01    0.07    0.05    2.05 ^ opcode[0] (in)
                                         opcode[0] (net)
                  0.07    0.00    2.05 ^ _168_/A1 (sky130_fd_sc_hd__o21a_2)
     4    0.01    0.06    0.15    2.20 ^ _168_/X (sky130_fd_sc_hd__o21a_2)
                                         _096_ (net)
                  0.06    0.00    2.20 ^ _194_/A1 (sky130_fd_sc_hd__a21bo_2)
     1    0.03    0.18    0.22    2.42 ^ _194_/X (sky130_fd_sc_hd__a21bo_2)
                                         out[5] (net)
                  0.18    0.00    2.42 ^ out[5] (out)
                                  2.42   data arrival time

                  0.00    0.00    0.00   clock __VIRTUAL_CLK__ (rise edge)
                          0.00    0.00   clock network delay (ideal)
                          0.25    0.25   clock uncertainty
                          0.00    0.25   clock reconvergence pessimism
                         -2.00   -1.75   output external delay
                                 -1.75   data required time
-----------------------------------------------------------------------------
                                 -1.75   data required time
                                 -2.42   data arrival time
-----------------------------------------------------------------------------
                                  4.17   slack (MET)


Startpoint: A[2] (input port clocked by __VIRTUAL_CLK__)
Endpoint: out[2] (output port clocked by __VIRTUAL_CLK__)
Path Group: __VIRTUAL_CLK__
Path Type: min

Fanout     Cap    Slew   Delay    Time   Description
-----------------------------------------------------------------------------
                  0.00    0.00    0.00   clock __VIRTUAL_CLK__ (rise edge)
                          0.00    0.00   clock network delay (ideal)
                          2.00    2.00 v input external delay
     9    0.03    0.07    0.05    2.05 v A[2] (in)
                                         A[2] (net)
                  0.07    0.00    2.05 v _143_/A (sky130_fd_sc_hd__nor2_2)
     1    0.00    0.06    0.09    2.14 ^ _143_/Y (sky130_fd_sc_hd__nor2_2)
                                         _073_ (net)
                  0.06    0.00    2.14 ^ _144_/C1 (sky130_fd_sc_hd__a311o_2)
     1    0.00    0.03    0.09    2.23 ^ _144_/X (sky130_fd_sc_hd__a311o_2)
                                         _074_ (net)
                  0.03    0.00    2.23 ^ _145_/B1 (sky130_fd_sc_hd__a31o_2)
     1    0.03    0.19    0.19    2.42 ^ _145_/X (sky130_fd_sc_hd__a31o_2)
                                         out[2] (net)
                  0.19    0.00    2.42 ^ out[2] (out)
                                  2.42   data arrival time

                  0.00    0.00    0.00   clock __VIRTUAL_CLK__ (rise edge)
                          0.00    0.00   clock network delay (ideal)
                          0.25    0.25   clock uncertainty
                          0.00    0.25   clock reconvergence pessimism
                         -2.00   -1.75   output external delay
                                 -1.75   data required time
-----------------------------------------------------------------------------
                                 -1.75   data required time
                                 -2.42   data arrival time
-----------------------------------------------------------------------------
                                  4.17   slack (MET)


Startpoint: A[4] (input port clocked by __VIRTUAL_CLK__)
Endpoint: out[4] (output port clocked by __VIRTUAL_CLK__)
Path Group: __VIRTUAL_CLK__
Path Type: min

Fanout     Cap    Slew   Delay    Time   Description
-----------------------------------------------------------------------------
                  0.00    0.00    0.00   clock __VIRTUAL_CLK__ (rise edge)
                          0.00    0.00   clock network delay (ideal)
                          2.00    2.00 ^ input external delay
     5    0.02    0.09    0.06    2.06 ^ A[4] (in)
                                         A[4] (net)
                  0.09    0.00    2.06 ^ _163_/A (sky130_fd_sc_hd__xnor2_2)
     3    0.01    0.05    0.09    2.15 v _163_/Y (sky130_fd_sc_hd__xnor2_2)
                                         _091_ (net)
                  0.05    0.00    2.15 v _167_/A (sky130_fd_sc_hd__nand2_2)
     2    0.01    0.05    0.06    2.21 ^ _167_/Y (sky130_fd_sc_hd__nand2_2)
                                         _095_ (net)
                  0.05    0.00    2.21 ^ _180_/A1 (sky130_fd_sc_hd__a21bo_2)
     1    0.03    0.18    0.22    2.43 ^ _180_/X (sky130_fd_sc_hd__a21bo_2)
                                         out[4] (net)
                  0.18    0.00    2.43 ^ out[4] (out)
                                  2.43   data arrival time

                  0.00    0.00    0.00   clock __VIRTUAL_CLK__ (rise edge)
                          0.00    0.00   clock network delay (ideal)
                          0.25    0.25   clock uncertainty
                          0.00    0.25   clock reconvergence pessimism
                         -2.00   -1.75   output external delay
                                 -1.75   data required time
-----------------------------------------------------------------------------
                                 -1.75   data required time
                                 -2.43   data arrival time
-----------------------------------------------------------------------------
                                  4.18   slack (MET)


Startpoint: A[1] (input port clocked by __VIRTUAL_CLK__)
Endpoint: out[1] (output port clocked by __VIRTUAL_CLK__)
Path Group: __VIRTUAL_CLK__
Path Type: min

Fanout     Cap    Slew   Delay    Time   Description
-----------------------------------------------------------------------------
                  0.00    0.00    0.00   clock __VIRTUAL_CLK__ (rise edge)
                          0.00    0.00   clock network delay (ideal)
                          2.00    2.00 v input external delay
     8    0.02    0.05    0.03    2.03 v A[1] (in)
                                         A[1] (net)
                  0.05    0.00    2.03 v _129_/A (sky130_fd_sc_hd__nor2_2)
     1    0.00    0.06    0.09    2.12 ^ _129_/Y (sky130_fd_sc_hd__nor2_2)
                                         _060_ (net)
                  0.06    0.00    2.12 ^ _130_/B1 (sky130_fd_sc_hd__a31o_2)
     1    0.00    0.03    0.08    2.20 ^ _130_/X (sky130_fd_sc_hd__a31o_2)
                                         _061_ (net)
                  0.03    0.00    2.20 ^ _133_/B (sky130_fd_sc_hd__or3_2)
     1    0.00    0.03    0.08    2.29 ^ _133_/X (sky130_fd_sc_hd__or3_2)
                                         _064_ (net)
                  0.03    0.00    2.29 ^ _134_/A (sky130_fd_sc_hd__buf_1)
     1    0.03    0.40    0.30    2.59 ^ _134_/X (sky130_fd_sc_hd__buf_1)
                                         out[1] (net)
                  0.40    0.00    2.59 ^ out[1] (out)
                                  2.59   data arrival time

                  0.00    0.00    0.00   clock __VIRTUAL_CLK__ (rise edge)
                          0.00    0.00   clock network delay (ideal)
                          0.25    0.25   clock uncertainty
                          0.00    0.25   clock reconvergence pessimism
                         -2.00   -1.75   output external delay
                                 -1.75   data required time
-----------------------------------------------------------------------------
                                 -1.75   data required time
                                 -2.59   data arrival time
-----------------------------------------------------------------------------
                                  4.34   slack (MET)



worst slack corner Typical: 4.0558
min_report_end
max_report

===========================================================================
report_checks -path_delay max (Setup)
============================================================================
======================= Typical Corner ===================================

Startpoint: B[0] (input port clocked by __VIRTUAL_CLK__)
Endpoint: out[7] (output port clocked by __VIRTUAL_CLK__)
Path Group: __VIRTUAL_CLK__
Path Type: max

Fanout     Cap    Slew   Delay    Time   Description
-----------------------------------------------------------------------------
                  0.00    0.00    0.00   clock __VIRTUAL_CLK__ (rise edge)
                          0.00    0.00   clock network delay (ideal)
                          2.00    2.00 v input external delay
     9    0.02    0.04    0.03    2.03 v B[0] (in)
                                         B[0] (net)
                  0.04    0.00    2.03 v _146_/A (sky130_fd_sc_hd__or3_2)
     4    0.01    0.11    0.55    2.58 v _146_/X (sky130_fd_sc_hd__or3_2)
                                         _075_ (net)
                  0.11    0.00    2.58 v _147_/A2 (sky130_fd_sc_hd__a21bo_2)
     3    0.01    0.05    0.26    2.84 v _147_/X (sky130_fd_sc_hd__a21bo_2)
                                         _076_ (net)
                  0.05    0.00    2.84 v _150_/B (sky130_fd_sc_hd__and3_2)
     2    0.01    0.05    0.21    3.06 v _150_/X (sky130_fd_sc_hd__and3_2)
                                         _079_ (net)
                  0.05    0.00    3.06 v _165_/B1 (sky130_fd_sc_hd__a31o_2)
     1    0.00    0.04    0.21    3.27 v _165_/X (sky130_fd_sc_hd__a31o_2)
                                         _093_ (net)
                  0.04    0.00    3.27 v _166_/B1 (sky130_fd_sc_hd__a31o_2)
     3    0.01    0.05    0.24    3.51 v _166_/X (sky130_fd_sc_hd__a31o_2)
                                         _094_ (net)
                  0.05    0.00    3.51 v _200_/A2 (sky130_fd_sc_hd__a31o_2)
     2    0.01    0.06    0.27    3.77 v _200_/X (sky130_fd_sc_hd__a31o_2)
                                         _020_ (net)
                  0.06    0.00    3.77 v _208_/B2 (sky130_fd_sc_hd__a22o_2)
     1    0.01    0.05    0.26    4.03 v _208_/X (sky130_fd_sc_hd__a22o_2)
                                         _027_ (net)
                  0.05    0.00    4.03 v _214_/A (sky130_fd_sc_hd__xnor2_2)
     1    0.00    0.04    0.13    4.16 v _214_/Y (sky130_fd_sc_hd__xnor2_2)
                                         _033_ (net)
                  0.04    0.00    4.16 v _219_/A2 (sky130_fd_sc_hd__a21o_2)
     1    0.03    0.10    0.30    4.46 v _219_/X (sky130_fd_sc_hd__a21o_2)
                                         out[7] (net)
                  0.10    0.00    4.46 v out[7] (out)
                                  4.46   data arrival time

                  0.00   10.00   10.00   clock __VIRTUAL_CLK__ (rise edge)
                          0.00   10.00   clock network delay (ideal)
                         -0.25    9.75   clock uncertainty
                          0.00    9.75   clock reconvergence pessimism
                         -2.00    7.75   output external delay
                                  7.75   data required time
-----------------------------------------------------------------------------
                                  7.75   data required time
                                 -4.46   data arrival time
-----------------------------------------------------------------------------
                                  3.29   slack (MET)


Startpoint: B[0] (input port clocked by __VIRTUAL_CLK__)
Endpoint: out[6] (output port clocked by __VIRTUAL_CLK__)
Path Group: __VIRTUAL_CLK__
Path Type: max

Fanout     Cap    Slew   Delay    Time   Description
-----------------------------------------------------------------------------
                  0.00    0.00    0.00   clock __VIRTUAL_CLK__ (rise edge)
                          0.00    0.00   clock network delay (ideal)
                          2.00    2.00 v input external delay
     9    0.02    0.04    0.03    2.03 v B[0] (in)
                                         B[0] (net)
                  0.04    0.00    2.03 v _146_/A (sky130_fd_sc_hd__or3_2)
     4    0.01    0.11    0.55    2.58 v _146_/X (sky130_fd_sc_hd__or3_2)
                                         _075_ (net)
                  0.11    0.00    2.58 v _181_/A3 (sky130_fd_sc_hd__o31a_2)
     2    0.01    0.07    0.34    2.93 v _181_/X (sky130_fd_sc_hd__o31a_2)
                                         _002_ (net)
                  0.07    0.00    2.93 v _195_/B (sky130_fd_sc_hd__or2_2)
     2    0.00    0.06    0.29    3.22 v _195_/X (sky130_fd_sc_hd__or2_2)
                                         _015_ (net)
                  0.06    0.00    3.22 v _196_/B (sky130_fd_sc_hd__and2_2)
     1    0.01    0.05    0.22    3.44 v _196_/X (sky130_fd_sc_hd__and2_2)
                                         _016_ (net)
                  0.05    0.00    3.44 v _197_/B (sky130_fd_sc_hd__xnor2_2)
     2    0.01    0.07    0.15    3.59 v _197_/Y (sky130_fd_sc_hd__xnor2_2)
                                         _017_ (net)
                  0.07    0.00    3.59 v _198_/B (sky130_fd_sc_hd__xor2_2)
     2    0.01    0.09    0.18    3.77 v _198_/X (sky130_fd_sc_hd__xor2_2)
                                         _018_ (net)
                  0.09    0.00    3.77 v _201_/A (sky130_fd_sc_hd__xor2_2)
     1    0.00    0.05    0.18    3.95 v _201_/X (sky130_fd_sc_hd__xor2_2)
                                         _021_ (net)
                  0.05    0.00    3.95 v _207_/A2 (sky130_fd_sc_hd__a21bo_2)
     1    0.03    0.10    0.30    4.26 v _207_/X (sky130_fd_sc_hd__a21bo_2)
                                         out[6] (net)
                  0.10    0.00    4.26 v out[6] (out)
                                  4.26   data arrival time

                  0.00   10.00   10.00   clock __VIRTUAL_CLK__ (rise edge)
                          0.00   10.00   clock network delay (ideal)
                         -0.25    9.75   clock uncertainty
                          0.00    9.75   clock reconvergence pessimism
                         -2.00    7.75   output external delay
                                  7.75   data required time
-----------------------------------------------------------------------------
                                  7.75   data required time
                                 -4.26   data arrival time
-----------------------------------------------------------------------------
                                  3.49   slack (MET)


Startpoint: opcode[0] (input port clocked by __VIRTUAL_CLK__)
Endpoint: out[1] (output port clocked by __VIRTUAL_CLK__)
Path Group: __VIRTUAL_CLK__
Path Type: max

Fanout     Cap    Slew   Delay    Time   Description
-----------------------------------------------------------------------------
                  0.00    0.00    0.00   clock __VIRTUAL_CLK__ (rise edge)
                          0.00    0.00   clock network delay (ideal)
                          2.00    2.00 v input external delay
     7    0.01    0.03    0.02    2.02 v opcode[0] (in)
                                         opcode[0] (net)
                  0.03    0.00    2.02 v _120_/A_N (sky130_fd_sc_hd__nand3b_2)
     9    0.03    0.17    0.30    2.32 v _120_/Y (sky130_fd_sc_hd__nand3b_2)
                                         _051_ (net)
                  0.17    0.00    2.32 v _122_/C (sky130_fd_sc_hd__and3_2)
     2    0.00    0.04    0.28    2.60 v _122_/X (sky130_fd_sc_hd__and3_2)
                                         _053_ (net)
                  0.04    0.00    2.60 v _124_/C (sky130_fd_sc_hd__or3_2)
     2    0.00    0.08    0.43    3.03 v _124_/X (sky130_fd_sc_hd__or3_2)
                                         _055_ (net)
                  0.08    0.00    3.03 v _125_/B (sky130_fd_sc_hd__and2b_2)
     2    0.01    0.05    0.23    3.26 v _125_/X (sky130_fd_sc_hd__and2b_2)
                                         _056_ (net)
                  0.05    0.00    3.26 v _127_/A1 (sky130_fd_sc_hd__o21ai_2)
     1    0.00    0.10    0.14    3.41 ^ _127_/Y (sky130_fd_sc_hd__o21ai_2)
                                         _058_ (net)
                  0.10    0.00    3.41 ^ _128_/B1 (sky130_fd_sc_hd__a21oi_2)
     1    0.00    0.03    0.03    3.44 v _128_/Y (sky130_fd_sc_hd__a21oi_2)
                                         _059_ (net)
                  0.03    0.00    3.44 v _133_/A (sky130_fd_sc_hd__or3_2)
     1    0.00    0.07    0.48    3.92 v _133_/X (sky130_fd_sc_hd__or3_2)
                                         _064_ (net)
                  0.07    0.00    3.92 v _134_/A (sky130_fd_sc_hd__buf_1)
     1    0.03    0.19    0.24    4.16 v _134_/X (sky130_fd_sc_hd__buf_1)
                                         out[1] (net)
                  0.19    0.00    4.16 v out[1] (out)
                                  4.16   data arrival time

                  0.00   10.00   10.00   clock __VIRTUAL_CLK__ (rise edge)
                          0.00   10.00   clock network delay (ideal)
                         -0.25    9.75   clock uncertainty
                          0.00    9.75   clock reconvergence pessimism
                         -2.00    7.75   output external delay
                                  7.75   data required time
-----------------------------------------------------------------------------
                                  7.75   data required time
                                 -4.16   data arrival time
-----------------------------------------------------------------------------
                                  3.59   slack (MET)


Startpoint: B[0] (input port clocked by __VIRTUAL_CLK__)
Endpoint: out[5] (output port clocked by __VIRTUAL_CLK__)
Path Group: __VIRTUAL_CLK__
Path Type: max

Fanout     Cap    Slew   Delay    Time   Description
-----------------------------------------------------------------------------
                  0.00    0.00    0.00   clock __VIRTUAL_CLK__ (rise edge)
                          0.00    0.00   clock network delay (ideal)
                          2.00    2.00 v input external delay
     9    0.02    0.04    0.03    2.03 v B[0] (in)
                                         B[0] (net)
                  0.04    0.00    2.03 v _146_/A (sky130_fd_sc_hd__or3_2)
     4    0.01    0.11    0.55    2.58 v _146_/X (sky130_fd_sc_hd__or3_2)
                                         _075_ (net)
                  0.11    0.00    2.58 v _147_/A2 (sky130_fd_sc_hd__a21bo_2)
     3    0.01    0.05    0.26    2.84 v _147_/X (sky130_fd_sc_hd__a21bo_2)
                                         _076_ (net)
                  0.05    0.00    2.84 v _150_/B (sky130_fd_sc_hd__and3_2)
     2    0.01    0.05    0.21    3.06 v _150_/X (sky130_fd_sc_hd__and3_2)
                                         _079_ (net)
                  0.05    0.00    3.06 v _165_/B1 (sky130_fd_sc_hd__a31o_2)
     1    0.00    0.04    0.21    3.27 v _165_/X (sky130_fd_sc_hd__a31o_2)
                                         _093_ (net)
                  0.04    0.00    3.27 v _166_/B1 (sky130_fd_sc_hd__a31o_2)
     3    0.01    0.05    0.24    3.51 v _166_/X (sky130_fd_sc_hd__a31o_2)
                                         _094_ (net)
                  0.05    0.00    3.51 v _167_/B (sky130_fd_sc_hd__nand2_2)
     2    0.01    0.06    0.08    3.59 ^ _167_/Y (sky130_fd_sc_hd__nand2_2)
                                         _095_ (net)
                  0.06    0.00    3.59 ^ _187_/B (sky130_fd_sc_hd__nand2_2)
     1    0.01    0.04    0.06    3.65 v _187_/Y (sky130_fd_sc_hd__nand2_2)
                                         _008_ (net)
                  0.04    0.00    3.65 v _188_/B (sky130_fd_sc_hd__xor2_2)
     1    0.00    0.05    0.14    3.79 v _188_/X (sky130_fd_sc_hd__xor2_2)
                                         _009_ (net)
                  0.05    0.00    3.79 v _194_/A2 (sky130_fd_sc_hd__a21bo_2)
     1    0.03    0.10    0.30    4.09 v _194_/X (sky130_fd_sc_hd__a21bo_2)
                                         out[5] (net)
                  0.10    0.00    4.09 v out[5] (out)
                                  4.09   data arrival time

                  0.00   10.00   10.00   clock __VIRTUAL_CLK__ (rise edge)
                          0.00   10.00   clock network delay (ideal)
                         -0.25    9.75   clock uncertainty
                          0.00    9.75   clock reconvergence pessimism
                         -2.00    7.75   output external delay
                                  7.75   data required time
-----------------------------------------------------------------------------
                                  7.75   data required time
                                 -4.09   data arrival time
-----------------------------------------------------------------------------
                                  3.66   slack (MET)


Startpoint: opcode[0] (input port clocked by __VIRTUAL_CLK__)
Endpoint: out[3] (output port clocked by __VIRTUAL_CLK__)
Path Group: __VIRTUAL_CLK__
Path Type: max

Fanout     Cap    Slew   Delay    Time   Description
-----------------------------------------------------------------------------
                  0.00    0.00    0.00   clock __VIRTUAL_CLK__ (rise edge)
                          0.00    0.00   clock network delay (ideal)
                          2.00    2.00 v input external delay
     7    0.01    0.03    0.02    2.02 v opcode[0] (in)
                                         opcode[0] (net)
                  0.03    0.00    2.02 v _120_/A_N (sky130_fd_sc_hd__nand3b_2)
     9    0.03    0.17    0.30    2.32 v _120_/Y (sky130_fd_sc_hd__nand3b_2)
                                         _051_ (net)
                  0.17    0.00    2.32 v _122_/C (sky130_fd_sc_hd__and3_2)
     2    0.00    0.04    0.28    2.60 v _122_/X (sky130_fd_sc_hd__and3_2)
                                         _053_ (net)
                  0.04    0.00    2.60 v _124_/C (sky130_fd_sc_hd__or3_2)
     2    0.00    0.08    0.43    3.03 v _124_/X (sky130_fd_sc_hd__or3_2)
                                         _055_ (net)
                  0.08    0.00    3.03 v _135_/A1 (sky130_fd_sc_hd__a21o_2)
     4    0.01    0.05    0.23    3.26 v _135_/X (sky130_fd_sc_hd__a21o_2)
                                         _065_ (net)
                  0.05    0.00    3.26 v _153_/A1 (sky130_fd_sc_hd__a21o_2)
     2    0.01    0.04    0.20    3.47 v _153_/X (sky130_fd_sc_hd__a21o_2)
                                         _082_ (net)
                  0.04    0.00    3.47 v _155_/B (sky130_fd_sc_hd__or2_2)
     1    0.00    0.05    0.28    3.74 v _155_/X (sky130_fd_sc_hd__or2_2)
                                         _084_ (net)
                  0.05    0.00    3.74 v _160_/A3 (sky130_fd_sc_hd__a31o_2)
     1    0.03    0.11    0.34    4.08 v _160_/X (sky130_fd_sc_hd__a31o_2)
                                         out[3] (net)
                  0.11    0.00    4.08 v out[3] (out)
                                  4.08   data arrival time

                  0.00   10.00   10.00   clock __VIRTUAL_CLK__ (rise edge)
                          0.00   10.00   clock network delay (ideal)
                         -0.25    9.75   clock uncertainty
                          0.00    9.75   clock reconvergence pessimism
                         -2.00    7.75   output external delay
                                  7.75   data required time
-----------------------------------------------------------------------------
                                  7.75   data required time
                                 -4.08   data arrival time
-----------------------------------------------------------------------------
                                  3.67   slack (MET)


Startpoint: B[0] (input port clocked by __VIRTUAL_CLK__)
Endpoint: out[4] (output port clocked by __VIRTUAL_CLK__)
Path Group: __VIRTUAL_CLK__
Path Type: max

Fanout     Cap    Slew   Delay    Time   Description
-----------------------------------------------------------------------------
                  0.00    0.00    0.00   clock __VIRTUAL_CLK__ (rise edge)
                          0.00    0.00   clock network delay (ideal)
                          2.00    2.00 v input external delay
     9    0.02    0.04    0.03    2.03 v B[0] (in)
                                         B[0] (net)
                  0.04    0.00    2.03 v _146_/A (sky130_fd_sc_hd__or3_2)
     4    0.01    0.11    0.55    2.58 v _146_/X (sky130_fd_sc_hd__or3_2)
                                         _075_ (net)
                  0.11    0.00    2.58 v _147_/A2 (sky130_fd_sc_hd__a21bo_2)
     3    0.01    0.05    0.26    2.84 v _147_/X (sky130_fd_sc_hd__a21bo_2)
                                         _076_ (net)
                  0.05    0.00    2.84 v _150_/B (sky130_fd_sc_hd__and3_2)
     2    0.01    0.05    0.21    3.06 v _150_/X (sky130_fd_sc_hd__and3_2)
                                         _079_ (net)
                  0.05    0.00    3.06 v _165_/B1 (sky130_fd_sc_hd__a31o_2)
     1    0.00    0.04    0.21    3.27 v _165_/X (sky130_fd_sc_hd__a31o_2)
                                         _093_ (net)
                  0.04    0.00    3.27 v _166_/B1 (sky130_fd_sc_hd__a31o_2)
     3    0.01    0.05    0.24    3.51 v _166_/X (sky130_fd_sc_hd__a31o_2)
                                         _094_ (net)
                  0.05    0.00    3.51 v _169_/A2 (sky130_fd_sc_hd__o21a_2)
     1    0.00    0.03    0.20    3.70 v _169_/X (sky130_fd_sc_hd__o21a_2)
                                         _097_ (net)
                  0.03    0.00    3.70 v _180_/A2 (sky130_fd_sc_hd__a21bo_2)
     1    0.03    0.10    0.30    4.00 v _180_/X (sky130_fd_sc_hd__a21bo_2)
                                         out[4] (net)
                  0.10    0.00    4.00 v out[4] (out)
                                  4.00   data arrival time

                  0.00   10.00   10.00   clock __VIRTUAL_CLK__ (rise edge)
                          0.00   10.00   clock network delay (ideal)
                         -0.25    9.75   clock uncertainty
                          0.00    9.75   clock reconvergence pessimism
                         -2.00    7.75   output external delay
                                  7.75   data required time
-----------------------------------------------------------------------------
                                  7.75   data required time
                                 -4.00   data arrival time
-----------------------------------------------------------------------------
                                  3.75   slack (MET)


Startpoint: opcode[0] (input port clocked by __VIRTUAL_CLK__)
Endpoint: out[2] (output port clocked by __VIRTUAL_CLK__)
Path Group: __VIRTUAL_CLK__
Path Type: max

Fanout     Cap    Slew   Delay    Time   Description
-----------------------------------------------------------------------------
                  0.00    0.00    0.00   clock __VIRTUAL_CLK__ (rise edge)
                          0.00    0.00   clock network delay (ideal)
                          2.00    2.00 v input external delay
     7    0.01    0.03    0.02    2.02 v opcode[0] (in)
                                         opcode[0] (net)
                  0.03    0.00    2.02 v _120_/A_N (sky130_fd_sc_hd__nand3b_2)
     9    0.03    0.17    0.30    2.32 v _120_/Y (sky130_fd_sc_hd__nand3b_2)
                                         _051_ (net)
                  0.17    0.00    2.32 v _122_/C (sky130_fd_sc_hd__and3_2)
     2    0.00    0.04    0.28    2.60 v _122_/X (sky130_fd_sc_hd__and3_2)
                                         _053_ (net)
                  0.04    0.00    2.60 v _124_/C (sky130_fd_sc_hd__or3_2)
     2    0.00    0.08    0.43    3.03 v _124_/X (sky130_fd_sc_hd__or3_2)
                                         _055_ (net)
                  0.08    0.00    3.03 v _135_/A1 (sky130_fd_sc_hd__a21o_2)
     4    0.01    0.05    0.23    3.26 v _135_/X (sky130_fd_sc_hd__a21o_2)
                                         _065_ (net)
                  0.05    0.00    3.26 v _140_/A (sky130_fd_sc_hd__or2_2)
     1    0.00    0.05    0.30    3.56 v _140_/X (sky130_fd_sc_hd__or2_2)
                                         _070_ (net)
                  0.05    0.00    3.56 v _145_/A3 (sky130_fd_sc_hd__a31o_2)
     1    0.03    0.11    0.34    3.90 v _145_/X (sky130_fd_sc_hd__a31o_2)
                                         out[2] (net)
                  0.11    0.00    3.90 v out[2] (out)
                                  3.90   data arrival time

                  0.00   10.00   10.00   clock __VIRTUAL_CLK__ (rise edge)
                          0.00   10.00   clock network delay (ideal)
                         -0.25    9.75   clock uncertainty
                          0.00    9.75   clock reconvergence pessimism
                         -2.00    7.75   output external delay
                                  7.75   data required time
-----------------------------------------------------------------------------
                                  7.75   data required time
                                 -3.90   data arrival time
-----------------------------------------------------------------------------
                                  3.85   slack (MET)


Startpoint: opcode[1] (input port clocked by __VIRTUAL_CLK__)
Endpoint: out[0] (output port clocked by __VIRTUAL_CLK__)
Path Group: __VIRTUAL_CLK__
Path Type: max

Fanout     Cap    Slew   Delay    Time   Description
-----------------------------------------------------------------------------
                  0.00    0.00    0.00   clock __VIRTUAL_CLK__ (rise edge)
                          0.00    0.00   clock network delay (ideal)
                          2.00    2.00 v input external delay
    10    0.03    0.06    0.04    2.04 v opcode[1] (in)
                                         opcode[1] (net)
                  0.06    0.00    2.04 v _114_/C_N (sky130_fd_sc_hd__or3b_2)
     1    0.00    0.03    0.19    2.24 ^ _114_/X (sky130_fd_sc_hd__or3b_2)
                                         _046_ (net)
                  0.03    0.00    2.24 ^ _115_/A (sky130_fd_sc_hd__buf_1)
     7    0.03    0.35    0.30    2.54 ^ _115_/X (sky130_fd_sc_hd__buf_1)
                                         _047_ (net)
                  0.35    0.00    2.54 ^ _116_/A (sky130_fd_sc_hd__inv_2)
     2    0.01    0.07    0.07    2.61 v _116_/Y (sky130_fd_sc_hd__inv_2)
                                         _048_ (net)
                  0.07    0.00    2.61 v _117_/B2 (sky130_fd_sc_hd__o2bb2a_2)
     1    0.00    0.04    0.26    2.86 v _117_/X (sky130_fd_sc_hd__o2bb2a_2)
                                         _049_ (net)
                  0.04    0.00    2.86 v _118_/B2 (sky130_fd_sc_hd__o22a_2)
     1    0.00    0.03    0.18    3.04 v _118_/X (sky130_fd_sc_hd__o22a_2)
                                         _050_ (net)
                  0.03    0.00    3.04 v _119_/C1 (sky130_fd_sc_hd__a311o_2)
     1    0.03    0.13    0.42    3.46 v _119_/X (sky130_fd_sc_hd__a311o_2)
                                         out[0] (net)
                  0.13    0.00    3.46 v out[0] (out)
                                  3.46   data arrival time

                  0.00   10.00   10.00   clock __VIRTUAL_CLK__ (rise edge)
                          0.00   10.00   clock network delay (ideal)
                         -0.25    9.75   clock uncertainty
                          0.00    9.75   clock reconvergence pessimism
                         -2.00    7.75   output external delay
                                  7.75   data required time
-----------------------------------------------------------------------------
                                  7.75   data required time
                                 -3.46   data arrival time
-----------------------------------------------------------------------------
                                  4.29   slack (MET)



worst slack corner Typical: 3.2913
max_report_end
checks_report

===========================================================================
report_checks -unconstrained
===========================================================================
======================= Typical Corner ===================================

Startpoint: B[0] (input port clocked by __VIRTUAL_CLK__)
Endpoint: out[7] (output port clocked by __VIRTUAL_CLK__)
Path Group: __VIRTUAL_CLK__
Path Type: max

Fanout     Cap    Slew   Delay    Time   Description
-----------------------------------------------------------------------------
                  0.00    0.00    0.00   clock __VIRTUAL_CLK__ (rise edge)
                          0.00    0.00   clock network delay (ideal)
                          2.00    2.00 v input external delay
     9    0.02    0.04    0.03    2.03 v B[0] (in)
                                         B[0] (net)
                  0.04    0.00    2.03 v _146_/A (sky130_fd_sc_hd__or3_2)
     4    0.01    0.11    0.55    2.58 v _146_/X (sky130_fd_sc_hd__or3_2)
                                         _075_ (net)
                  0.11    0.00    2.58 v _147_/A2 (sky130_fd_sc_hd__a21bo_2)
     3    0.01    0.05    0.26    2.84 v _147_/X (sky130_fd_sc_hd__a21bo_2)
                                         _076_ (net)
                  0.05    0.00    2.84 v _150_/B (sky130_fd_sc_hd__and3_2)
     2    0.01    0.05    0.21    3.06 v _150_/X (sky130_fd_sc_hd__and3_2)
                                         _079_ (net)
                  0.05    0.00    3.06 v _165_/B1 (sky130_fd_sc_hd__a31o_2)
     1    0.00    0.04    0.21    3.27 v _165_/X (sky130_fd_sc_hd__a31o_2)
                                         _093_ (net)
                  0.04    0.00    3.27 v _166_/B1 (sky130_fd_sc_hd__a31o_2)
     3    0.01    0.05    0.24    3.51 v _166_/X (sky130_fd_sc_hd__a31o_2)
                                         _094_ (net)
                  0.05    0.00    3.51 v _200_/A2 (sky130_fd_sc_hd__a31o_2)
     2    0.01    0.06    0.27    3.77 v _200_/X (sky130_fd_sc_hd__a31o_2)
                                         _020_ (net)
                  0.06    0.00    3.77 v _208_/B2 (sky130_fd_sc_hd__a22o_2)
     1    0.01    0.05    0.26    4.03 v _208_/X (sky130_fd_sc_hd__a22o_2)
                                         _027_ (net)
                  0.05    0.00    4.03 v _214_/A (sky130_fd_sc_hd__xnor2_2)
     1    0.00    0.04    0.13    4.16 v _214_/Y (sky130_fd_sc_hd__xnor2_2)
                                         _033_ (net)
                  0.04    0.00    4.16 v _219_/A2 (sky130_fd_sc_hd__a21o_2)
     1    0.03    0.10    0.30    4.46 v _219_/X (sky130_fd_sc_hd__a21o_2)
                                         out[7] (net)
                  0.10    0.00    4.46 v out[7] (out)
                                  4.46   data arrival time

                  0.00   10.00   10.00   clock __VIRTUAL_CLK__ (rise edge)
                          0.00   10.00   clock network delay (ideal)
                         -0.25    9.75   clock uncertainty
                          0.00    9.75   clock reconvergence pessimism
                         -2.00    7.75   output external delay
                                  7.75   data required time
-----------------------------------------------------------------------------
                                  7.75   data required time
                                 -4.46   data arrival time
-----------------------------------------------------------------------------
                                  3.29   slack (MET)




===========================================================================
report_checks --slack_max -0.01
============================================================================
======================= Typical Corner ===================================

No paths found.


===========================================================================
 report_check_types -max_slew -max_cap -max_fanout -violators
============================================================================
======================= Typical Corner ===================================


max slew violations count Typical: 0
max fanout violations count Typical: 0
max cap violations count Typical: 0

===========================================================================
report_parasitic_annotation -report_unannotated
============================================================================
Found 133 unannotated drivers.
 A[0]
 A[1]
 A[2]
 A[3]
 A[4]
 A[5]
 A[6]
 A[7]
 B[0]
 B[1]
 B[2]
 B[3]
 B[4]
 B[5]
 B[6]
 B[7]
 opcode[0]
 opcode[1]
 opcode[2]
 _106_/Y
 _107_/Y
 _108_/X
 _109_/X
 _110_/Y
 _111_/X
 _112_/Y
 _113_/X
 _114_/X
 _115_/X
 _116_/Y
 _117_/X
 _118_/X
 _119_/X
 _120_/Y
 _121_/Y
 _122_/X
 _123_/X
 _124_/X
 _125_/X
 _126_/X
 _127_/Y
 _128_/Y
 _129_/Y
 _130_/X
 _131_/Y
 _132_/X
 _133_/X
 _134_/X
 _135_/X
 _136_/X
 _137_/Y
 _138_/X
 _139_/Y
 _140_/X
 _141_/Y
 _142_/X
 _143_/Y
 _144_/X
 _145_/X
 _146_/X
 _147_/X
 _148_/Y
 _149_/Y
 _150_/X
 _151_/Y
 _152_/X
 _153_/X
 _154_/Y
 _155_/X
 _156_/Y
 _157_/Y
 _158_/X
 _159_/X
 _160_/X
 _161_/Y
 _162_/Y
 _163_/Y
 _164_/X
 _165_/X
 _166_/X
 _167_/Y
 _168_/X
 _169_/X
 _170_/Y
 _171_/Y
 _172_/X
 _173_/X
 _174_/Y
 _175_/X
 _176_/X
 _177_/X
 _178_/X
 _179_/X
 _180_/X
 _181_/X
 _182_/Y
 _183_/Y
 _184_/X
 _185_/Y
 _186_/X
 _187_/Y
 _188_/X
 _189_/Y
 _190_/Y
 _191_/X
 _192_/X
 _193_/X
 _194_/X
 _195_/X
 _196_/X
 _197_/Y
 _198_/X
 _199_/Y
 _200_/X
 _201_/X
 _202_/Y
 _203_/Y
 _204_/Y
 _205_/X
 _206_/Y
 _207_/X
 _208_/X
 _209_/Y
 _210_/X
 _211_/Y
 _212_/X
 _213_/Y
 _214_/Y
 _215_/Y
 _216_/Y
 _217_/X
 _218_/X
 _219_/X
Found 0 partially unannotated drivers.

===========================================================================
max slew violation count 0
max fanout violation count 0
max cap violation count 0
============================================================================

===========================================================================
check_setup -verbose -unconstrained_endpoints -multiple_clock -no_clock -no_input_delay -loops -generated_clocks
===========================================================================
checks_report_end
power_report

===========================================================================
 report_power
============================================================================
======================= Typical Corner ===================================

Group                  Internal  Switching    Leakage      Total
                          Power      Power      Power      Power (Watts)
----------------------------------------------------------------
Sequential             0.00e+00   0.00e+00   0.00e+00   0.00e+00   0.0%
Combinational          2.95e-05   2.84e-05   4.01e-10   5.79e-05 100.0%
Clock                  0.00e+00   0.00e+00   0.00e+00   0.00e+00   0.0%
Macro                  0.00e+00   0.00e+00   0.00e+00   0.00e+00   0.0%
Pad                    0.00e+00   0.00e+00   0.00e+00   0.00e+00   0.0%
----------------------------------------------------------------
Total                  2.95e-05   2.84e-05   4.01e-10   5.79e-05 100.0%
                          50.9%      49.1%       0.0%

power_report_end
summary_report

===========================================================================
report_tns
============================================================================
tns 0.00

===========================================================================
report_wns
============================================================================
wns 0.00

===========================================================================
report_worst_slack -max (Setup)
============================================================================
worst slack 3.29

===========================================================================
report_worst_slack -min (Hold)
============================================================================
worst slack 4.06
summary_report_end
check_nonpropagated_clocks
__VIRTUAL_CLK__
check_nonpropagated_clocks_end
[WARNING] Did not save OpenROAD database!
Writing SDF to '/openlane/designs/alu/runs/RUN_2025.04.27_14.15.03/results/synthesis/alu.sdf'…
