
===========================================================================
 report_power
============================================================================
======================= Fastest Corner ===================================

Group                  Internal  Switching    Leakage      Total
                          Power      Power      Power      Power (Watts)
----------------------------------------------------------------
Sequential             3.61e-04   4.19e-05   9.28e-10   4.03e-04  36.9%
Combinational          2.08e-04   1.33e-04   3.18e-09   3.41e-04  31.2%
Clock                  2.23e-04   1.25e-04   1.32e-09   3.47e-04  31.8%
Macro                  0.00e+00   0.00e+00   0.00e+00   0.00e+00   0.0%
Pad                    0.00e+00   0.00e+00   0.00e+00   0.00e+00   0.0%
----------------------------------------------------------------
Total                  7.92e-04   2.99e-04   5.43e-09   1.09e-03 100.0%
                          72.6%      27.4%       0.0%

======================= Slowest Corner ===================================

Group                  Internal  Switching    Leakage      Total
                          Power      Power      Power      Power (Watts)
----------------------------------------------------------------
Sequential             2.44e-04   2.66e-05   9.31e-07   2.72e-04  36.4%
Combinational          1.47e-04   8.70e-05   2.24e-06   2.36e-04  31.6%
Clock                  1.59e-04   8.02e-05   2.18e-07   2.39e-04  32.0%
Macro                  0.00e+00   0.00e+00   0.00e+00   0.00e+00   0.0%
Pad                    0.00e+00   0.00e+00   0.00e+00   0.00e+00   0.0%
----------------------------------------------------------------
Total                  5.50e-04   1.94e-04   3.39e-06   7.47e-04 100.0%
                          73.6%      25.9%       0.5%

======================= Typical Corner ===================================

Group                  Internal  Switching    Leakage      Total
                          Power      Power      Power      Power (Watts)
----------------------------------------------------------------
Sequential             3.12e-04   3.47e-05   5.37e-10   3.47e-04  36.8%
Combinational          1.84e-04   1.11e-04   1.57e-09   2.95e-04  31.3%
Clock                  1.95e-04   1.05e-04   7.58e-10   3.00e-04  31.8%
Macro                  0.00e+00   0.00e+00   0.00e+00   0.00e+00   0.0%
Pad                    0.00e+00   0.00e+00   0.00e+00   0.00e+00   0.0%
----------------------------------------------------------------
Total                  6.91e-04   2.51e-04   2.87e-09   9.42e-04 100.0%
                          73.4%      26.6%       0.0%

