
===========================================================================
report_checks -path_delay max (Setup)
============================================================================
======================= Typical Corner ===================================

Startpoint: opcode[0] (input port clocked by __VIRTUAL_CLK__)
Endpoint: out[7] (output port clocked by __VIRTUAL_CLK__)
Path Group: __VIRTUAL_CLK__
Path Type: max

Fanout     Cap    Slew   Delay    Time   Description
-----------------------------------------------------------------------------
                  0.00    0.00    0.00   clock __VIRTUAL_CLK__ (rise edge)
                          0.00    0.00   clock network delay (ideal)
                          2.00    2.00 v input external delay
     1    0.00    0.01    0.00    2.00 v opcode[0] (in)
                                         opcode[0] (net)
                  0.01    0.00    2.00 v input17/A (sky130_fd_sc_hd__buf_2)
     7    0.01    0.05    0.13    2.14 v input17/X (sky130_fd_sc_hd__buf_2)
                                         net17 (net)
                  0.05    0.00    2.14 v _120_/A_N (sky130_fd_sc_hd__nand3b_4)
     9    0.04    0.16    0.25    2.38 v _120_/Y (sky130_fd_sc_hd__nand3b_4)
                                         _051_ (net)
                  0.16    0.00    2.38 v _122_/C (sky130_fd_sc_hd__and3_1)
     2    0.01    0.08    0.29    2.67 v _122_/X (sky130_fd_sc_hd__and3_1)
                                         _053_ (net)
                  0.08    0.00    2.68 v _124_/C (sky130_fd_sc_hd__or3_2)
     2    0.01    0.09    0.47    3.15 v _124_/X (sky130_fd_sc_hd__or3_2)
                                         _055_ (net)
                  0.09    0.00    3.15 v _135_/A1 (sky130_fd_sc_hd__a21o_2)
     4    0.02    0.07    0.26    3.41 v _135_/X (sky130_fd_sc_hd__a21o_2)
                                         _065_ (net)
                  0.07    0.00    3.41 v _166_/A1 (sky130_fd_sc_hd__a31o_1)
     3    0.01    0.08    0.24    3.65 v _166_/X (sky130_fd_sc_hd__a31o_1)
                                         _094_ (net)
                  0.08    0.00    3.65 v _200_/A2 (sky130_fd_sc_hd__a31o_1)
     2    0.01    0.05    0.24    3.89 v _200_/X (sky130_fd_sc_hd__a31o_1)
                                         _020_ (net)
                  0.05    0.00    3.89 v _208_/B2 (sky130_fd_sc_hd__a22o_1)
     1    0.00    0.05    0.21    4.11 v _208_/X (sky130_fd_sc_hd__a22o_1)
                                         _027_ (net)
                  0.05    0.00    4.11 v _214_/A (sky130_fd_sc_hd__xnor2_1)
     1    0.00    0.05    0.12    4.23 v _214_/Y (sky130_fd_sc_hd__xnor2_1)
                                         _033_ (net)
                  0.05    0.00    4.23 v _219_/A2 (sky130_fd_sc_hd__a21o_1)
     1    0.00    0.03    0.17    4.40 v _219_/X (sky130_fd_sc_hd__a21o_1)
                                         net27 (net)
                  0.03    0.00    4.40 v output27/A (sky130_fd_sc_hd__buf_2)
     1    0.03    0.09    0.18    4.58 v output27/X (sky130_fd_sc_hd__buf_2)
                                         out[7] (net)
                  0.09    0.00    4.58 v out[7] (out)
                                  4.58   data arrival time

                  0.00   10.00   10.00   clock __VIRTUAL_CLK__ (rise edge)
                          0.00   10.00   clock network delay (ideal)
                         -0.25    9.75   clock uncertainty
                          0.00    9.75   clock reconvergence pessimism
                         -2.00    7.75   output external delay
                                  7.75   data required time
-----------------------------------------------------------------------------
                                  7.75   data required time
                                 -4.58   data arrival time
-----------------------------------------------------------------------------
                                  3.17   slack (MET)


Startpoint: B[0] (input port clocked by __VIRTUAL_CLK__)
Endpoint: out[5] (output port clocked by __VIRTUAL_CLK__)
Path Group: __VIRTUAL_CLK__
Path Type: max

Fanout     Cap    Slew   Delay    Time   Description
-----------------------------------------------------------------------------
                  0.00    0.00    0.00   clock __VIRTUAL_CLK__ (rise edge)
                          0.00    0.00   clock network delay (ideal)
                          2.00    2.00 v input external delay
     1    0.00    0.01    0.01    2.01 v B[0] (in)
                                         B[0] (net)
                  0.01    0.00    2.01 v input9/A (sky130_fd_sc_hd__buf_2)
     9    0.02    0.06    0.15    2.15 v input9/X (sky130_fd_sc_hd__buf_2)
                                         net9 (net)
                  0.06    0.00    2.15 v _146_/A (sky130_fd_sc_hd__or3_4)
     4    0.02    0.09    0.45    2.60 v _146_/X (sky130_fd_sc_hd__or3_4)
                                         _075_ (net)
                  0.09    0.00    2.60 v _147_/A2 (sky130_fd_sc_hd__a21bo_1)
     3    0.02    0.10    0.28    2.88 v _147_/X (sky130_fd_sc_hd__a21bo_1)
                                         _076_ (net)
                  0.10    0.00    2.88 v _150_/B (sky130_fd_sc_hd__and3_1)
     2    0.01    0.07    0.23    3.11 v _150_/X (sky130_fd_sc_hd__and3_1)
                                         _079_ (net)
                  0.07    0.00    3.11 v _151_/B (sky130_fd_sc_hd__nor2_1)
     3    0.01    0.27    0.25    3.36 ^ _151_/Y (sky130_fd_sc_hd__nor2_1)
                                         _080_ (net)
                  0.27    0.00    3.36 ^ _166_/A3 (sky130_fd_sc_hd__a31o_1)
     3    0.01    0.14    0.27    3.63 ^ _166_/X (sky130_fd_sc_hd__a31o_1)
                                         _094_ (net)
                  0.14    0.00    3.63 ^ _167_/B (sky130_fd_sc_hd__nand2_1)
     2    0.01    0.10    0.11    3.75 v _167_/Y (sky130_fd_sc_hd__nand2_1)
                                         _095_ (net)
                  0.10    0.00    3.75 v _187_/B (sky130_fd_sc_hd__nand2_1)
     1    0.00    0.06    0.10    3.85 ^ _187_/Y (sky130_fd_sc_hd__nand2_1)
                                         _008_ (net)
                  0.06    0.00    3.85 ^ _188_/B (sky130_fd_sc_hd__xor2_1)
     1    0.01    0.24    0.25    4.09 ^ _188_/X (sky130_fd_sc_hd__xor2_1)
                                         _009_ (net)
                  0.24    0.00    4.09 ^ _194_/A2 (sky130_fd_sc_hd__a21bo_1)
     1    0.00    0.03    0.14    4.24 ^ _194_/X (sky130_fd_sc_hd__a21bo_1)
                                         net25 (net)
                  0.03    0.00    4.24 ^ output25/A (sky130_fd_sc_hd__buf_2)
     1    0.03    0.17    0.20    4.44 ^ output25/X (sky130_fd_sc_hd__buf_2)
                                         out[5] (net)
                  0.17    0.00    4.44 ^ out[5] (out)
                                  4.44   data arrival time

                  0.00   10.00   10.00   clock __VIRTUAL_CLK__ (rise edge)
                          0.00   10.00   clock network delay (ideal)
                         -0.25    9.75   clock uncertainty
                          0.00    9.75   clock reconvergence pessimism
                         -2.00    7.75   output external delay
                                  7.75   data required time
-----------------------------------------------------------------------------
                                  7.75   data required time
                                 -4.44   data arrival time
-----------------------------------------------------------------------------
                                  3.31   slack (MET)


Startpoint: opcode[0] (input port clocked by __VIRTUAL_CLK__)
Endpoint: out[6] (output port clocked by __VIRTUAL_CLK__)
Path Group: __VIRTUAL_CLK__
Path Type: max

Fanout     Cap    Slew   Delay    Time   Description
-----------------------------------------------------------------------------
                  0.00    0.00    0.00   clock __VIRTUAL_CLK__ (rise edge)
                          0.00    0.00   clock network delay (ideal)
                          2.00    2.00 v input external delay
     1    0.00    0.01    0.00    2.00 v opcode[0] (in)
                                         opcode[0] (net)
                  0.01    0.00    2.00 v input17/A (sky130_fd_sc_hd__buf_2)
     7    0.01    0.05    0.13    2.14 v input17/X (sky130_fd_sc_hd__buf_2)
                                         net17 (net)
                  0.05    0.00    2.14 v _120_/A_N (sky130_fd_sc_hd__nand3b_4)
     9    0.04    0.16    0.25    2.38 v _120_/Y (sky130_fd_sc_hd__nand3b_4)
                                         _051_ (net)
                  0.16    0.00    2.38 v _122_/C (sky130_fd_sc_hd__and3_1)
     2    0.01    0.08    0.29    2.67 v _122_/X (sky130_fd_sc_hd__and3_1)
                                         _053_ (net)
                  0.08    0.00    2.68 v _124_/C (sky130_fd_sc_hd__or3_2)
     2    0.01    0.09    0.47    3.15 v _124_/X (sky130_fd_sc_hd__or3_2)
                                         _055_ (net)
                  0.09    0.00    3.15 v _135_/A1 (sky130_fd_sc_hd__a21o_2)
     4    0.02    0.07    0.26    3.41 v _135_/X (sky130_fd_sc_hd__a21o_2)
                                         _065_ (net)
                  0.07    0.00    3.41 v _166_/A1 (sky130_fd_sc_hd__a31o_1)
     3    0.01    0.08    0.24    3.65 v _166_/X (sky130_fd_sc_hd__a31o_1)
                                         _094_ (net)
                  0.08    0.00    3.65 v _200_/A2 (sky130_fd_sc_hd__a31o_1)
     2    0.01    0.05    0.24    3.89 v _200_/X (sky130_fd_sc_hd__a31o_1)
                                         _020_ (net)
                  0.05    0.00    3.89 v _201_/B (sky130_fd_sc_hd__xor2_1)
     1    0.01    0.07    0.16    4.05 v _201_/X (sky130_fd_sc_hd__xor2_1)
                                         _021_ (net)
                  0.07    0.00    4.05 v _207_/A2 (sky130_fd_sc_hd__a21bo_1)
     1    0.00    0.03    0.19    4.25 v _207_/X (sky130_fd_sc_hd__a21bo_1)
                                         net26 (net)
                  0.03    0.00    4.25 v output26/A (sky130_fd_sc_hd__buf_2)
     1    0.03    0.09    0.18    4.43 v output26/X (sky130_fd_sc_hd__buf_2)
                                         out[6] (net)
                  0.09    0.00    4.43 v out[6] (out)
                                  4.43   data arrival time

                  0.00   10.00   10.00   clock __VIRTUAL_CLK__ (rise edge)
                          0.00   10.00   clock network delay (ideal)
                         -0.25    9.75   clock uncertainty
                          0.00    9.75   clock reconvergence pessimism
                         -2.00    7.75   output external delay
                                  7.75   data required time
-----------------------------------------------------------------------------
                                  7.75   data required time
                                 -4.43   data arrival time
-----------------------------------------------------------------------------
                                  3.32   slack (MET)


Startpoint: opcode[0] (input port clocked by __VIRTUAL_CLK__)
Endpoint: out[1] (output port clocked by __VIRTUAL_CLK__)
Path Group: __VIRTUAL_CLK__
Path Type: max

Fanout     Cap    Slew   Delay    Time   Description
-----------------------------------------------------------------------------
                  0.00    0.00    0.00   clock __VIRTUAL_CLK__ (rise edge)
                          0.00    0.00   clock network delay (ideal)
                          2.00    2.00 v input external delay
     1    0.00    0.01    0.00    2.00 v opcode[0] (in)
                                         opcode[0] (net)
                  0.01    0.00    2.00 v input17/A (sky130_fd_sc_hd__buf_2)
     7    0.01    0.05    0.13    2.14 v input17/X (sky130_fd_sc_hd__buf_2)
                                         net17 (net)
                  0.05    0.00    2.14 v _120_/A_N (sky130_fd_sc_hd__nand3b_4)
     9    0.04    0.16    0.25    2.38 v _120_/Y (sky130_fd_sc_hd__nand3b_4)
                                         _051_ (net)
                  0.16    0.00    2.38 v _122_/C (sky130_fd_sc_hd__and3_1)
     2    0.01    0.08    0.29    2.67 v _122_/X (sky130_fd_sc_hd__and3_1)
                                         _053_ (net)
                  0.08    0.00    2.68 v _124_/C (sky130_fd_sc_hd__or3_2)
     2    0.01    0.09    0.47    3.15 v _124_/X (sky130_fd_sc_hd__or3_2)
                                         _055_ (net)
                  0.09    0.00    3.15 v _125_/B (sky130_fd_sc_hd__and2b_1)
     2    0.01    0.07    0.22    3.37 v _125_/X (sky130_fd_sc_hd__and2b_1)
                                         _056_ (net)
                  0.07    0.00    3.37 v _127_/A1 (sky130_fd_sc_hd__o21ai_1)
     1    0.01    0.20    0.22    3.59 ^ _127_/Y (sky130_fd_sc_hd__o21ai_1)
                                         _058_ (net)
                  0.20    0.00    3.59 ^ _128_/B1 (sky130_fd_sc_hd__a21oi_1)
     1    0.00    0.06    0.08    3.67 v _128_/Y (sky130_fd_sc_hd__a21oi_1)
                                         _059_ (net)
                  0.06    0.00    3.67 v _133_/A (sky130_fd_sc_hd__or3_1)
     1    0.00    0.06    0.38    4.05 v _133_/X (sky130_fd_sc_hd__or3_1)
                                         _064_ (net)
                  0.06    0.00    4.05 v _134_/A (sky130_fd_sc_hd__buf_1)
     1    0.01    0.06    0.13    4.18 v _134_/X (sky130_fd_sc_hd__buf_1)
                                         net21 (net)
                  0.06    0.00    4.18 v output21/A (sky130_fd_sc_hd__buf_2)
     1    0.03    0.09    0.19    4.37 v output21/X (sky130_fd_sc_hd__buf_2)
                                         out[1] (net)
                  0.09    0.00    4.37 v out[1] (out)
                                  4.37   data arrival time

                  0.00   10.00   10.00   clock __VIRTUAL_CLK__ (rise edge)
                          0.00   10.00   clock network delay (ideal)
                         -0.25    9.75   clock uncertainty
                          0.00    9.75   clock reconvergence pessimism
                         -2.00    7.75   output external delay
                                  7.75   data required time
-----------------------------------------------------------------------------
                                  7.75   data required time
                                 -4.37   data arrival time
-----------------------------------------------------------------------------
                                  3.38   slack (MET)


Startpoint: opcode[0] (input port clocked by __VIRTUAL_CLK__)
Endpoint: out[3] (output port clocked by __VIRTUAL_CLK__)
Path Group: __VIRTUAL_CLK__
Path Type: max

Fanout     Cap    Slew   Delay    Time   Description
-----------------------------------------------------------------------------
                  0.00    0.00    0.00   clock __VIRTUAL_CLK__ (rise edge)
                          0.00    0.00   clock network delay (ideal)
                          2.00    2.00 v input external delay
     1    0.00    0.01    0.00    2.00 v opcode[0] (in)
                                         opcode[0] (net)
                  0.01    0.00    2.00 v input17/A (sky130_fd_sc_hd__buf_2)
     7    0.01    0.05    0.13    2.14 v input17/X (sky130_fd_sc_hd__buf_2)
                                         net17 (net)
                  0.05    0.00    2.14 v _120_/A_N (sky130_fd_sc_hd__nand3b_4)
     9    0.04    0.16    0.25    2.38 v _120_/Y (sky130_fd_sc_hd__nand3b_4)
                                         _051_ (net)
                  0.16    0.00    2.38 v _122_/C (sky130_fd_sc_hd__and3_1)
     2    0.01    0.08    0.29    2.67 v _122_/X (sky130_fd_sc_hd__and3_1)
                                         _053_ (net)
                  0.08    0.00    2.68 v _124_/C (sky130_fd_sc_hd__or3_2)
     2    0.01    0.09    0.47    3.15 v _124_/X (sky130_fd_sc_hd__or3_2)
                                         _055_ (net)
                  0.09    0.00    3.15 v _135_/A1 (sky130_fd_sc_hd__a21o_2)
     4    0.02    0.07    0.26    3.41 v _135_/X (sky130_fd_sc_hd__a21o_2)
                                         _065_ (net)
                  0.07    0.00    3.41 v _153_/A1 (sky130_fd_sc_hd__a21o_1)
     2    0.00    0.04    0.17    3.58 v _153_/X (sky130_fd_sc_hd__a21o_1)
                                         _082_ (net)
                  0.04    0.00    3.58 v _155_/B (sky130_fd_sc_hd__or2_1)
     1    0.01    0.06    0.23    3.81 v _155_/X (sky130_fd_sc_hd__or2_1)
                                         _084_ (net)
                  0.06    0.00    3.81 v _160_/A3 (sky130_fd_sc_hd__a31o_1)
     1    0.01    0.06    0.26    4.06 v _160_/X (sky130_fd_sc_hd__a31o_1)
                                         net23 (net)
                  0.06    0.00    4.06 v output23/A (sky130_fd_sc_hd__buf_2)
     1    0.03    0.09    0.20    4.26 v output23/X (sky130_fd_sc_hd__buf_2)
                                         out[3] (net)
                  0.09    0.00    4.26 v out[3] (out)
                                  4.26   data arrival time

                  0.00   10.00   10.00   clock __VIRTUAL_CLK__ (rise edge)
                          0.00   10.00   clock network delay (ideal)
                         -0.25    9.75   clock uncertainty
                          0.00    9.75   clock reconvergence pessimism
                         -2.00    7.75   output external delay
                                  7.75   data required time
-----------------------------------------------------------------------------
                                  7.75   data required time
                                 -4.26   data arrival time
-----------------------------------------------------------------------------
                                  3.49   slack (MET)


Startpoint: opcode[0] (input port clocked by __VIRTUAL_CLK__)
Endpoint: out[4] (output port clocked by __VIRTUAL_CLK__)
Path Group: __VIRTUAL_CLK__
Path Type: max

Fanout     Cap    Slew   Delay    Time   Description
-----------------------------------------------------------------------------
                  0.00    0.00    0.00   clock __VIRTUAL_CLK__ (rise edge)
                          0.00    0.00   clock network delay (ideal)
                          2.00    2.00 v input external delay
     1    0.00    0.01    0.00    2.00 v opcode[0] (in)
                                         opcode[0] (net)
                  0.01    0.00    2.00 v input17/A (sky130_fd_sc_hd__buf_2)
     7    0.01    0.05    0.13    2.14 v input17/X (sky130_fd_sc_hd__buf_2)
                                         net17 (net)
                  0.05    0.00    2.14 v _120_/A_N (sky130_fd_sc_hd__nand3b_4)
     9    0.04    0.16    0.25    2.38 v _120_/Y (sky130_fd_sc_hd__nand3b_4)
                                         _051_ (net)
                  0.16    0.00    2.38 v _122_/C (sky130_fd_sc_hd__and3_1)
     2    0.01    0.08    0.29    2.67 v _122_/X (sky130_fd_sc_hd__and3_1)
                                         _053_ (net)
                  0.08    0.00    2.68 v _124_/C (sky130_fd_sc_hd__or3_2)
     2    0.01    0.09    0.47    3.15 v _124_/X (sky130_fd_sc_hd__or3_2)
                                         _055_ (net)
                  0.09    0.00    3.15 v _135_/A1 (sky130_fd_sc_hd__a21o_2)
     4    0.02    0.07    0.26    3.41 v _135_/X (sky130_fd_sc_hd__a21o_2)
                                         _065_ (net)
                  0.07    0.00    3.41 v _166_/A1 (sky130_fd_sc_hd__a31o_1)
     3    0.01    0.08    0.24    3.65 v _166_/X (sky130_fd_sc_hd__a31o_1)
                                         _094_ (net)
                  0.08    0.00    3.65 v _169_/A2 (sky130_fd_sc_hd__o21a_1)
     1    0.00    0.03    0.18    3.83 v _169_/X (sky130_fd_sc_hd__o21a_1)
                                         _097_ (net)
                  0.03    0.00    3.83 v _180_/A2 (sky130_fd_sc_hd__a21bo_1)
     1    0.00    0.04    0.20    4.03 v _180_/X (sky130_fd_sc_hd__a21bo_1)
                                         net24 (net)
                  0.04    0.00    4.03 v output24/A (sky130_fd_sc_hd__buf_2)
     1    0.03    0.09    0.19    4.21 v output24/X (sky130_fd_sc_hd__buf_2)
                                         out[4] (net)
                  0.09    0.00    4.21 v out[4] (out)
                                  4.21   data arrival time

                  0.00   10.00   10.00   clock __VIRTUAL_CLK__ (rise edge)
                          0.00   10.00   clock network delay (ideal)
                         -0.25    9.75   clock uncertainty
                          0.00    9.75   clock reconvergence pessimism
                         -2.00    7.75   output external delay
                                  7.75   data required time
-----------------------------------------------------------------------------
                                  7.75   data required time
                                 -4.21   data arrival time
-----------------------------------------------------------------------------
                                  3.54   slack (MET)


Startpoint: opcode[0] (input port clocked by __VIRTUAL_CLK__)
Endpoint: out[2] (output port clocked by __VIRTUAL_CLK__)
Path Group: __VIRTUAL_CLK__
Path Type: max

Fanout     Cap    Slew   Delay    Time   Description
-----------------------------------------------------------------------------
                  0.00    0.00    0.00   clock __VIRTUAL_CLK__ (rise edge)
                          0.00    0.00   clock network delay (ideal)
                          2.00    2.00 v input external delay
     1    0.00    0.01    0.00    2.00 v opcode[0] (in)
                                         opcode[0] (net)
                  0.01    0.00    2.00 v input17/A (sky130_fd_sc_hd__buf_2)
     7    0.01    0.05    0.13    2.14 v input17/X (sky130_fd_sc_hd__buf_2)
                                         net17 (net)
                  0.05    0.00    2.14 v _120_/A_N (sky130_fd_sc_hd__nand3b_4)
     9    0.04    0.16    0.25    2.38 v _120_/Y (sky130_fd_sc_hd__nand3b_4)
                                         _051_ (net)
                  0.16    0.00    2.38 v _122_/C (sky130_fd_sc_hd__and3_1)
     2    0.01    0.08    0.29    2.67 v _122_/X (sky130_fd_sc_hd__and3_1)
                                         _053_ (net)
                  0.08    0.00    2.68 v _124_/C (sky130_fd_sc_hd__or3_2)
     2    0.01    0.09    0.47    3.15 v _124_/X (sky130_fd_sc_hd__or3_2)
                                         _055_ (net)
                  0.09    0.00    3.15 v _135_/A1 (sky130_fd_sc_hd__a21o_2)
     4    0.02    0.07    0.26    3.41 v _135_/X (sky130_fd_sc_hd__a21o_2)
                                         _065_ (net)
                  0.07    0.00    3.41 v _140_/A (sky130_fd_sc_hd__or2_1)
     1    0.00    0.05    0.24    3.64 v _140_/X (sky130_fd_sc_hd__or2_1)
                                         _070_ (net)
                  0.05    0.00    3.64 v _145_/A3 (sky130_fd_sc_hd__a31o_1)
     1    0.01    0.06    0.25    3.89 v _145_/X (sky130_fd_sc_hd__a31o_1)
                                         net22 (net)
                  0.06    0.00    3.89 v output22/A (sky130_fd_sc_hd__buf_2)
     1    0.04    0.09    0.20    4.10 v output22/X (sky130_fd_sc_hd__buf_2)
                                         out[2] (net)
                  0.09    0.00    4.10 v out[2] (out)
                                  4.10   data arrival time

                  0.00   10.00   10.00   clock __VIRTUAL_CLK__ (rise edge)
                          0.00   10.00   clock network delay (ideal)
                         -0.25    9.75   clock uncertainty
                          0.00    9.75   clock reconvergence pessimism
                         -2.00    7.75   output external delay
                                  7.75   data required time
-----------------------------------------------------------------------------
                                  7.75   data required time
                                 -4.10   data arrival time
-----------------------------------------------------------------------------
                                  3.65   slack (MET)


Startpoint: opcode[1] (input port clocked by __VIRTUAL_CLK__)
Endpoint: out[0] (output port clocked by __VIRTUAL_CLK__)
Path Group: __VIRTUAL_CLK__
Path Type: max

Fanout     Cap    Slew   Delay    Time   Description
-----------------------------------------------------------------------------
                  0.00    0.00    0.00   clock __VIRTUAL_CLK__ (rise edge)
                          0.00    0.00   clock network delay (ideal)
                          2.00    2.00 ^ input external delay
     1    0.00    0.02    0.02    2.02 ^ opcode[1] (in)
                                         opcode[1] (net)
                  0.02    0.00    2.02 ^ input18/A (sky130_fd_sc_hd__buf_4)
    10    0.03    0.10    0.15    2.16 ^ input18/X (sky130_fd_sc_hd__buf_4)
                                         net18 (net)
                  0.10    0.00    2.16 ^ _106_/B (sky130_fd_sc_hd__nand2_1)
     2    0.01    0.09    0.12    2.28 v _106_/Y (sky130_fd_sc_hd__nand2_1)
                                         _038_ (net)
                  0.09    0.00    2.28 v _113_/B (sky130_fd_sc_hd__and2_2)
     5    0.02    0.06    0.25    2.54 v _113_/X (sky130_fd_sc_hd__and2_2)
                                         _045_ (net)
                  0.06    0.00    2.54 v _117_/B1 (sky130_fd_sc_hd__o2bb2a_1)
     1    0.00    0.05    0.30    2.84 v _117_/X (sky130_fd_sc_hd__o2bb2a_1)
                                         _049_ (net)
                  0.05    0.00    2.84 v _118_/B2 (sky130_fd_sc_hd__o22a_1)
     1    0.01    0.07    0.19    3.03 v _118_/X (sky130_fd_sc_hd__o22a_1)
                                         _050_ (net)
                  0.07    0.00    3.03 v _119_/C1 (sky130_fd_sc_hd__a311o_1)
     1    0.01    0.07    0.31    3.34 v _119_/X (sky130_fd_sc_hd__a311o_1)
                                         net20 (net)
                  0.07    0.00    3.34 v output20/A (sky130_fd_sc_hd__buf_2)
     1    0.04    0.09    0.21    3.55 v output20/X (sky130_fd_sc_hd__buf_2)
                                         out[0] (net)
                  0.09    0.00    3.55 v out[0] (out)
                                  3.55   data arrival time

                  0.00   10.00   10.00   clock __VIRTUAL_CLK__ (rise edge)
                          0.00   10.00   clock network delay (ideal)
                         -0.25    9.75   clock uncertainty
                          0.00    9.75   clock reconvergence pessimism
                         -2.00    7.75   output external delay
                                  7.75   data required time
-----------------------------------------------------------------------------
                                  7.75   data required time
                                 -3.55   data arrival time
-----------------------------------------------------------------------------
                                  4.20   slack (MET)



worst slack corner Typical: 3.1672
