
===========================================================================
report_checks -path_delay max (Setup)
============================================================================
======================= Typical Corner ===================================

Startpoint: B[0] (input port clocked by __VIRTUAL_CLK__)
Endpoint: out[7] (output port clocked by __VIRTUAL_CLK__)
Path Group: __VIRTUAL_CLK__
Path Type: max

Fanout     Cap    Slew   Delay    Time   Description
-----------------------------------------------------------------------------
                  0.00    0.00    0.00   clock __VIRTUAL_CLK__ (rise edge)
                          0.00    0.00   clock network delay (ideal)
                          2.00    2.00 v input external delay
     1    0.00    0.01    0.01    2.01 v B[0] (in)
                                         B[0] (net)
                  0.01    0.00    2.01 v input9/A (sky130_fd_sc_hd__buf_2)
     9    0.02    0.06    0.15    2.15 v input9/X (sky130_fd_sc_hd__buf_2)
                                         net9 (net)
                  0.06    0.00    2.15 v _146_/A (sky130_fd_sc_hd__or3_4)
     4    0.02    0.09    0.45    2.60 v _146_/X (sky130_fd_sc_hd__or3_4)
                                         _075_ (net)
                  0.09    0.00    2.60 v _147_/A2 (sky130_fd_sc_hd__a21bo_1)
     3    0.02    0.10    0.28    2.88 v _147_/X (sky130_fd_sc_hd__a21bo_1)
                                         _076_ (net)
                  0.10    0.00    2.88 v _164_/A1 (sky130_fd_sc_hd__a21o_1)
     1    0.01    0.06    0.21    3.09 v _164_/X (sky130_fd_sc_hd__a21o_1)
                                         _092_ (net)
                  0.06    0.00    3.09 v _165_/A3 (sky130_fd_sc_hd__a31o_1)
     1    0.00    0.04    0.23    3.32 v _165_/X (sky130_fd_sc_hd__a31o_1)
                                         _093_ (net)
                  0.04    0.00    3.32 v _166_/B1 (sky130_fd_sc_hd__a31o_1)
     3    0.01    0.08    0.24    3.56 v _166_/X (sky130_fd_sc_hd__a31o_1)
                                         _094_ (net)
                  0.08    0.00    3.56 v _200_/A2 (sky130_fd_sc_hd__a31o_1)
     2    0.01    0.05    0.24    3.80 v _200_/X (sky130_fd_sc_hd__a31o_1)
                                         _020_ (net)
                  0.05    0.00    3.80 v _208_/B2 (sky130_fd_sc_hd__a22o_1)
     1    0.00    0.05    0.21    4.02 v _208_/X (sky130_fd_sc_hd__a22o_1)
                                         _027_ (net)
                  0.05    0.00    4.02 v _214_/A (sky130_fd_sc_hd__xnor2_1)
     1    0.00    0.05    0.12    4.14 v _214_/Y (sky130_fd_sc_hd__xnor2_1)
                                         _033_ (net)
                  0.05    0.00    4.14 v _219_/A2 (sky130_fd_sc_hd__a21o_1)
     1    0.00    0.03    0.17    4.31 v _219_/X (sky130_fd_sc_hd__a21o_1)
                                         net27 (net)
                  0.03    0.00    4.31 v output27/A (sky130_fd_sc_hd__buf_2)
     1    0.03    0.09    0.18    4.49 v output27/X (sky130_fd_sc_hd__buf_2)
                                         out[7] (net)
                  0.09    0.00    4.49 v out[7] (out)
                                  4.49   data arrival time

                  0.00   10.00   10.00   clock __VIRTUAL_CLK__ (rise edge)
                          0.00   10.00   clock network delay (ideal)
                         -0.25    9.75   clock uncertainty
                          0.00    9.75   clock reconvergence pessimism
                         -2.00    7.75   output external delay
                                  7.75   data required time
-----------------------------------------------------------------------------
                                  7.75   data required time
                                 -4.49   data arrival time
-----------------------------------------------------------------------------
                                  3.26   slack (MET)


Startpoint: B[0] (input port clocked by __VIRTUAL_CLK__)
Endpoint: out[5] (output port clocked by __VIRTUAL_CLK__)
Path Group: __VIRTUAL_CLK__
Path Type: max

Fanout     Cap    Slew   Delay    Time   Description
-----------------------------------------------------------------------------
                  0.00    0.00    0.00   clock __VIRTUAL_CLK__ (rise edge)
                          0.00    0.00   clock network delay (ideal)
                          2.00    2.00 v input external delay
     1    0.00    0.01    0.01    2.01 v B[0] (in)
                                         B[0] (net)
                  0.01    0.00    2.01 v input9/A (sky130_fd_sc_hd__buf_2)
     9    0.02    0.06    0.15    2.15 v input9/X (sky130_fd_sc_hd__buf_2)
                                         net9 (net)
                  0.06    0.00    2.15 v _146_/A (sky130_fd_sc_hd__or3_4)
     4    0.02    0.09    0.45    2.60 v _146_/X (sky130_fd_sc_hd__or3_4)
                                         _075_ (net)
                  0.09    0.00    2.60 v _147_/A2 (sky130_fd_sc_hd__a21bo_1)
     3    0.02    0.10    0.28    2.88 v _147_/X (sky130_fd_sc_hd__a21bo_1)
                                         _076_ (net)
                  0.10    0.00    2.88 v _150_/B (sky130_fd_sc_hd__and3_1)
     2    0.01    0.07    0.23    3.11 v _150_/X (sky130_fd_sc_hd__and3_1)
                                         _079_ (net)
                  0.07    0.00    3.11 v _151_/B (sky130_fd_sc_hd__nor2_1)
     3    0.01    0.27    0.25    3.36 ^ _151_/Y (sky130_fd_sc_hd__nor2_1)
                                         _080_ (net)
                  0.27    0.00    3.36 ^ _166_/A3 (sky130_fd_sc_hd__a31o_1)
     3    0.01    0.14    0.27    3.63 ^ _166_/X (sky130_fd_sc_hd__a31o_1)
                                         _094_ (net)
                  0.14    0.00    3.63 ^ _167_/B (sky130_fd_sc_hd__nand2_1)
     2    0.01    0.10    0.11    3.75 v _167_/Y (sky130_fd_sc_hd__nand2_1)
                                         _095_ (net)
                  0.10    0.00    3.75 v _187_/B (sky130_fd_sc_hd__nand2_1)
     1    0.00    0.06    0.10    3.85 ^ _187_/Y (sky130_fd_sc_hd__nand2_1)
                                         _008_ (net)
                  0.06    0.00    3.85 ^ _188_/B (sky130_fd_sc_hd__xor2_1)
     1    0.01    0.24    0.25    4.09 ^ _188_/X (sky130_fd_sc_hd__xor2_1)
                                         _009_ (net)
                  0.24    0.00    4.10 ^ _194_/A2 (sky130_fd_sc_hd__a21bo_1)
     1    0.00    0.03    0.14    4.24 ^ _194_/X (sky130_fd_sc_hd__a21bo_1)
                                         net25 (net)
                  0.03    0.00    4.24 ^ output25/A (sky130_fd_sc_hd__buf_2)
     1    0.03    0.17    0.20    4.44 ^ output25/X (sky130_fd_sc_hd__buf_2)
                                         out[5] (net)
                  0.17    0.00    4.44 ^ out[5] (out)
                                  4.44   data arrival time

                  0.00   10.00   10.00   clock __VIRTUAL_CLK__ (rise edge)
                          0.00   10.00   clock network delay (ideal)
                         -0.25    9.75   clock uncertainty
                          0.00    9.75   clock reconvergence pessimism
                         -2.00    7.75   output external delay
                                  7.75   data required time
-----------------------------------------------------------------------------
                                  7.75   data required time
                                 -4.44   data arrival time
-----------------------------------------------------------------------------
                                  3.31   slack (MET)


Startpoint: B[0] (input port clocked by __VIRTUAL_CLK__)
Endpoint: out[6] (output port clocked by __VIRTUAL_CLK__)
Path Group: __VIRTUAL_CLK__
Path Type: max

Fanout     Cap    Slew   Delay    Time   Description
-----------------------------------------------------------------------------
                  0.00    0.00    0.00   clock __VIRTUAL_CLK__ (rise edge)
                          0.00    0.00   clock network delay (ideal)
                          2.00    2.00 v input external delay
     1    0.00    0.01    0.01    2.01 v B[0] (in)
                                         B[0] (net)
                  0.01    0.00    2.01 v input9/A (sky130_fd_sc_hd__buf_2)
     9    0.02    0.06    0.15    2.15 v input9/X (sky130_fd_sc_hd__buf_2)
                                         net9 (net)
                  0.06    0.00    2.15 v _146_/A (sky130_fd_sc_hd__or3_4)
     4    0.02    0.09    0.45    2.60 v _146_/X (sky130_fd_sc_hd__or3_4)
                                         _075_ (net)
                  0.09    0.00    2.60 v _147_/A2 (sky130_fd_sc_hd__a21bo_1)
     3    0.02    0.10    0.28    2.88 v _147_/X (sky130_fd_sc_hd__a21bo_1)
                                         _076_ (net)
                  0.10    0.00    2.88 v _150_/B (sky130_fd_sc_hd__and3_1)
     2    0.01    0.07    0.23    3.11 v _150_/X (sky130_fd_sc_hd__and3_1)
                                         _079_ (net)
                  0.07    0.00    3.11 v _151_/B (sky130_fd_sc_hd__nor2_1)
     3    0.01    0.27    0.25    3.36 ^ _151_/Y (sky130_fd_sc_hd__nor2_1)
                                         _080_ (net)
                  0.27    0.00    3.36 ^ _166_/A3 (sky130_fd_sc_hd__a31o_1)
     3    0.01    0.14    0.27    3.63 ^ _166_/X (sky130_fd_sc_hd__a31o_1)
                                         _094_ (net)
                  0.14    0.00    3.63 ^ _200_/A2 (sky130_fd_sc_hd__a31o_1)
     2    0.01    0.08    0.20    3.83 ^ _200_/X (sky130_fd_sc_hd__a31o_1)
                                         _020_ (net)
                  0.08    0.00    3.83 ^ _201_/B (sky130_fd_sc_hd__xor2_1)
     1    0.01    0.17    0.20    4.03 ^ _201_/X (sky130_fd_sc_hd__xor2_1)
                                         _021_ (net)
                  0.17    0.00    4.03 ^ _207_/A2 (sky130_fd_sc_hd__a21bo_1)
     1    0.00    0.03    0.13    4.16 ^ _207_/X (sky130_fd_sc_hd__a21bo_1)
                                         net26 (net)
                  0.03    0.00    4.16 ^ output26/A (sky130_fd_sc_hd__buf_2)
     1    0.03    0.17    0.20    4.36 ^ output26/X (sky130_fd_sc_hd__buf_2)
                                         out[6] (net)
                  0.17    0.00    4.36 ^ out[6] (out)
                                  4.36   data arrival time

                  0.00   10.00   10.00   clock __VIRTUAL_CLK__ (rise edge)
                          0.00   10.00   clock network delay (ideal)
                         -0.25    9.75   clock uncertainty
                          0.00    9.75   clock reconvergence pessimism
                         -2.00    7.75   output external delay
                                  7.75   data required time
-----------------------------------------------------------------------------
                                  7.75   data required time
                                 -4.36   data arrival time
-----------------------------------------------------------------------------
                                  3.39   slack (MET)


Startpoint: opcode[0] (input port clocked by __VIRTUAL_CLK__)
Endpoint: out[1] (output port clocked by __VIRTUAL_CLK__)
Path Group: __VIRTUAL_CLK__
Path Type: max

Fanout     Cap    Slew   Delay    Time   Description
-----------------------------------------------------------------------------
                  0.00    0.00    0.00   clock __VIRTUAL_CLK__ (rise edge)
                          0.00    0.00   clock network delay (ideal)
                          2.00    2.00 v input external delay
     1    0.00    0.01    0.00    2.00 v opcode[0] (in)
                                         opcode[0] (net)
                  0.01    0.00    2.00 v input17/A (sky130_fd_sc_hd__buf_2)
     8    0.01    0.05    0.13    2.14 v input17/X (sky130_fd_sc_hd__buf_2)
                                         net17 (net)
                  0.05    0.00    2.14 v _120_/A_N (sky130_fd_sc_hd__nand3b_4)
     5    0.03    0.11    0.21    2.35 v _120_/Y (sky130_fd_sc_hd__nand3b_4)
                                         _051_ (net)
                  0.11    0.00    2.35 v _122_/A (sky130_fd_sc_hd__and3_1)
     2    0.01    0.08    0.23    2.58 v _122_/X (sky130_fd_sc_hd__and3_1)
                                         _053_ (net)
                  0.08    0.00    2.58 v _124_/C (sky130_fd_sc_hd__or3_2)
     2    0.01    0.09    0.47    3.05 v _124_/X (sky130_fd_sc_hd__or3_2)
                                         _055_ (net)
                  0.09    0.00    3.05 v _125_/B (sky130_fd_sc_hd__and2b_1)
     2    0.01    0.07    0.22    3.27 v _125_/X (sky130_fd_sc_hd__and2b_1)
                                         _056_ (net)
                  0.07    0.00    3.27 v _127_/A1 (sky130_fd_sc_hd__o21ai_1)
     1    0.01    0.20    0.22    3.49 ^ _127_/Y (sky130_fd_sc_hd__o21ai_1)
                                         _058_ (net)
                  0.20    0.00    3.49 ^ _128_/B1 (sky130_fd_sc_hd__a21oi_1)
     1    0.00    0.06    0.08    3.57 v _128_/Y (sky130_fd_sc_hd__a21oi_1)
                                         _059_ (net)
                  0.06    0.00    3.57 v _133_/A (sky130_fd_sc_hd__or3_1)
     1    0.00    0.06    0.38    3.95 v _133_/X (sky130_fd_sc_hd__or3_1)
                                         _064_ (net)
                  0.06    0.00    3.95 v _134_/A (sky130_fd_sc_hd__buf_1)
     1    0.01    0.06    0.13    4.08 v _134_/X (sky130_fd_sc_hd__buf_1)
                                         net21 (net)
                  0.06    0.00    4.08 v output21/A (sky130_fd_sc_hd__buf_2)
     1    0.03    0.09    0.19    4.28 v output21/X (sky130_fd_sc_hd__buf_2)
                                         out[1] (net)
                  0.09    0.00    4.28 v out[1] (out)
                                  4.28   data arrival time

                  0.00   10.00   10.00   clock __VIRTUAL_CLK__ (rise edge)
                          0.00   10.00   clock network delay (ideal)
                         -0.25    9.75   clock uncertainty
                          0.00    9.75   clock reconvergence pessimism
                         -2.00    7.75   output external delay
                                  7.75   data required time
-----------------------------------------------------------------------------
                                  7.75   data required time
                                 -4.28   data arrival time
-----------------------------------------------------------------------------
                                  3.47   slack (MET)


Startpoint: opcode[0] (input port clocked by __VIRTUAL_CLK__)
Endpoint: out[3] (output port clocked by __VIRTUAL_CLK__)
Path Group: __VIRTUAL_CLK__
Path Type: max

Fanout     Cap    Slew   Delay    Time   Description
-----------------------------------------------------------------------------
                  0.00    0.00    0.00   clock __VIRTUAL_CLK__ (rise edge)
                          0.00    0.00   clock network delay (ideal)
                          2.00    2.00 v input external delay
     1    0.00    0.01    0.00    2.00 v opcode[0] (in)
                                         opcode[0] (net)
                  0.01    0.00    2.00 v input17/A (sky130_fd_sc_hd__buf_2)
     8    0.01    0.05    0.13    2.14 v input17/X (sky130_fd_sc_hd__buf_2)
                                         net17 (net)
                  0.05    0.00    2.14 v _120_/A_N (sky130_fd_sc_hd__nand3b_4)
     5    0.03    0.11    0.21    2.35 v _120_/Y (sky130_fd_sc_hd__nand3b_4)
                                         _051_ (net)
                  0.11    0.00    2.35 v _122_/A (sky130_fd_sc_hd__and3_1)
     2    0.01    0.08    0.23    2.58 v _122_/X (sky130_fd_sc_hd__and3_1)
                                         _053_ (net)
                  0.08    0.00    2.58 v _124_/C (sky130_fd_sc_hd__or3_2)
     2    0.01    0.09    0.47    3.05 v _124_/X (sky130_fd_sc_hd__or3_2)
                                         _055_ (net)
                  0.09    0.00    3.05 v _135_/A1 (sky130_fd_sc_hd__a21o_2)
     4    0.02    0.07    0.26    3.31 v _135_/X (sky130_fd_sc_hd__a21o_2)
                                         _065_ (net)
                  0.07    0.00    3.31 v _153_/A1 (sky130_fd_sc_hd__a21o_1)
     2    0.00    0.04    0.17    3.48 v _153_/X (sky130_fd_sc_hd__a21o_1)
                                         _082_ (net)
                  0.04    0.00    3.48 v _155_/B (sky130_fd_sc_hd__or2_1)
     1    0.01    0.06    0.23    3.71 v _155_/X (sky130_fd_sc_hd__or2_1)
                                         _084_ (net)
                  0.06    0.00    3.71 v _160_/A3 (sky130_fd_sc_hd__a31o_1)
     1    0.01    0.06    0.26    3.97 v _160_/X (sky130_fd_sc_hd__a31o_1)
                                         net23 (net)
                  0.06    0.00    3.97 v output23/A (sky130_fd_sc_hd__buf_2)
     1    0.03    0.09    0.20    4.16 v output23/X (sky130_fd_sc_hd__buf_2)
                                         out[3] (net)
                  0.09    0.00    4.16 v out[3] (out)
                                  4.16   data arrival time

                  0.00   10.00   10.00   clock __VIRTUAL_CLK__ (rise edge)
                          0.00   10.00   clock network delay (ideal)
                         -0.25    9.75   clock uncertainty
                          0.00    9.75   clock reconvergence pessimism
                         -2.00    7.75   output external delay
                                  7.75   data required time
-----------------------------------------------------------------------------
                                  7.75   data required time
                                 -4.16   data arrival time
-----------------------------------------------------------------------------
                                  3.59   slack (MET)


Startpoint: B[0] (input port clocked by __VIRTUAL_CLK__)
Endpoint: out[4] (output port clocked by __VIRTUAL_CLK__)
Path Group: __VIRTUAL_CLK__
Path Type: max

Fanout     Cap    Slew   Delay    Time   Description
-----------------------------------------------------------------------------
                  0.00    0.00    0.00   clock __VIRTUAL_CLK__ (rise edge)
                          0.00    0.00   clock network delay (ideal)
                          2.00    2.00 v input external delay
     1    0.00    0.01    0.01    2.01 v B[0] (in)
                                         B[0] (net)
                  0.01    0.00    2.01 v input9/A (sky130_fd_sc_hd__buf_2)
     9    0.02    0.06    0.15    2.15 v input9/X (sky130_fd_sc_hd__buf_2)
                                         net9 (net)
                  0.06    0.00    2.15 v _146_/A (sky130_fd_sc_hd__or3_4)
     4    0.02    0.09    0.45    2.60 v _146_/X (sky130_fd_sc_hd__or3_4)
                                         _075_ (net)
                  0.09    0.00    2.60 v _147_/A2 (sky130_fd_sc_hd__a21bo_1)
     3    0.02    0.10    0.28    2.88 v _147_/X (sky130_fd_sc_hd__a21bo_1)
                                         _076_ (net)
                  0.10    0.00    2.88 v _150_/B (sky130_fd_sc_hd__and3_1)
     2    0.01    0.07    0.23    3.11 v _150_/X (sky130_fd_sc_hd__and3_1)
                                         _079_ (net)
                  0.07    0.00    3.11 v _151_/B (sky130_fd_sc_hd__nor2_1)
     3    0.01    0.27    0.25    3.36 ^ _151_/Y (sky130_fd_sc_hd__nor2_1)
                                         _080_ (net)
                  0.27    0.00    3.36 ^ _166_/A3 (sky130_fd_sc_hd__a31o_1)
     3    0.01    0.14    0.27    3.63 ^ _166_/X (sky130_fd_sc_hd__a31o_1)
                                         _094_ (net)
                  0.14    0.00    3.63 ^ _167_/B (sky130_fd_sc_hd__nand2_1)
     2    0.01    0.10    0.11    3.75 v _167_/Y (sky130_fd_sc_hd__nand2_1)
                                         _095_ (net)
                  0.10    0.00    3.75 v _180_/A1 (sky130_fd_sc_hd__a21bo_1)
     1    0.00    0.04    0.20    3.95 v _180_/X (sky130_fd_sc_hd__a21bo_1)
                                         net24 (net)
                  0.04    0.00    3.95 v output24/A (sky130_fd_sc_hd__buf_2)
     1    0.03    0.09    0.19    4.13 v output24/X (sky130_fd_sc_hd__buf_2)
                                         out[4] (net)
                  0.09    0.00    4.13 v out[4] (out)
                                  4.13   data arrival time

                  0.00   10.00   10.00   clock __VIRTUAL_CLK__ (rise edge)
                          0.00   10.00   clock network delay (ideal)
                         -0.25    9.75   clock uncertainty
                          0.00    9.75   clock reconvergence pessimism
                         -2.00    7.75   output external delay
                                  7.75   data required time
-----------------------------------------------------------------------------
                                  7.75   data required time
                                 -4.13   data arrival time
-----------------------------------------------------------------------------
                                  3.62   slack (MET)


Startpoint: opcode[0] (input port clocked by __VIRTUAL_CLK__)
Endpoint: out[2] (output port clocked by __VIRTUAL_CLK__)
Path Group: __VIRTUAL_CLK__
Path Type: max

Fanout     Cap    Slew   Delay    Time   Description
-----------------------------------------------------------------------------
                  0.00    0.00    0.00   clock __VIRTUAL_CLK__ (rise edge)
                          0.00    0.00   clock network delay (ideal)
                          2.00    2.00 v input external delay
     1    0.00    0.01    0.00    2.00 v opcode[0] (in)
                                         opcode[0] (net)
                  0.01    0.00    2.00 v input17/A (sky130_fd_sc_hd__buf_2)
     8    0.01    0.05    0.13    2.14 v input17/X (sky130_fd_sc_hd__buf_2)
                                         net17 (net)
                  0.05    0.00    2.14 v _120_/A_N (sky130_fd_sc_hd__nand3b_4)
     5    0.03    0.11    0.21    2.35 v _120_/Y (sky130_fd_sc_hd__nand3b_4)
                                         _051_ (net)
                  0.11    0.00    2.35 v _122_/A (sky130_fd_sc_hd__and3_1)
     2    0.01    0.08    0.23    2.58 v _122_/X (sky130_fd_sc_hd__and3_1)
                                         _053_ (net)
                  0.08    0.00    2.58 v _124_/C (sky130_fd_sc_hd__or3_2)
     2    0.01    0.09    0.47    3.05 v _124_/X (sky130_fd_sc_hd__or3_2)
                                         _055_ (net)
                  0.09    0.00    3.05 v _135_/A1 (sky130_fd_sc_hd__a21o_2)
     4    0.02    0.07    0.26    3.31 v _135_/X (sky130_fd_sc_hd__a21o_2)
                                         _065_ (net)
                  0.07    0.00    3.31 v _140_/A (sky130_fd_sc_hd__or2_1)
     1    0.00    0.05    0.24    3.55 v _140_/X (sky130_fd_sc_hd__or2_1)
                                         _070_ (net)
                  0.05    0.00    3.55 v _145_/A3 (sky130_fd_sc_hd__a31o_1)
     1    0.01    0.06    0.25    3.80 v _145_/X (sky130_fd_sc_hd__a31o_1)
                                         net22 (net)
                  0.06    0.00    3.80 v output22/A (sky130_fd_sc_hd__buf_2)
     1    0.04    0.09    0.20    4.00 v output22/X (sky130_fd_sc_hd__buf_2)
                                         out[2] (net)
                  0.09    0.00    4.00 v out[2] (out)
                                  4.00   data arrival time

                  0.00   10.00   10.00   clock __VIRTUAL_CLK__ (rise edge)
                          0.00   10.00   clock network delay (ideal)
                         -0.25    9.75   clock uncertainty
                          0.00    9.75   clock reconvergence pessimism
                         -2.00    7.75   output external delay
                                  7.75   data required time
-----------------------------------------------------------------------------
                                  7.75   data required time
                                 -4.00   data arrival time
-----------------------------------------------------------------------------
                                  3.75   slack (MET)


Startpoint: opcode[1] (input port clocked by __VIRTUAL_CLK__)
Endpoint: out[0] (output port clocked by __VIRTUAL_CLK__)
Path Group: __VIRTUAL_CLK__
Path Type: max

Fanout     Cap    Slew   Delay    Time   Description
-----------------------------------------------------------------------------
                  0.00    0.00    0.00   clock __VIRTUAL_CLK__ (rise edge)
                          0.00    0.00   clock network delay (ideal)
                          2.00    2.00 ^ input external delay
     1    0.00    0.02    0.02    2.02 ^ opcode[1] (in)
                                         opcode[1] (net)
                  0.02    0.00    2.02 ^ input18/A (sky130_fd_sc_hd__buf_4)
    11    0.04    0.11    0.16    2.17 ^ input18/X (sky130_fd_sc_hd__buf_4)
                                         net18 (net)
                  0.11    0.00    2.17 ^ _106_/B (sky130_fd_sc_hd__nand2_1)
     2    0.01    0.09    0.12    2.29 v _106_/Y (sky130_fd_sc_hd__nand2_1)
                                         _038_ (net)
                  0.09    0.00    2.29 v _113_/B (sky130_fd_sc_hd__and2_2)
     5    0.02    0.06    0.26    2.55 v _113_/X (sky130_fd_sc_hd__and2_2)
                                         _045_ (net)
                  0.06    0.00    2.55 v _117_/B1 (sky130_fd_sc_hd__o2bb2a_1)
     1    0.00    0.05    0.30    2.85 v _117_/X (sky130_fd_sc_hd__o2bb2a_1)
                                         _049_ (net)
                  0.05    0.00    2.85 v _118_/B2 (sky130_fd_sc_hd__o22a_1)
     1    0.01    0.07    0.19    3.04 v _118_/X (sky130_fd_sc_hd__o22a_1)
                                         _050_ (net)
                  0.07    0.00    3.04 v _119_/C1 (sky130_fd_sc_hd__a311o_1)
     1    0.01    0.07    0.31    3.35 v _119_/X (sky130_fd_sc_hd__a311o_1)
                                         net20 (net)
                  0.07    0.00    3.35 v output20/A (sky130_fd_sc_hd__buf_2)
     1    0.04    0.09    0.21    3.56 v output20/X (sky130_fd_sc_hd__buf_2)
                                         out[0] (net)
                  0.09    0.00    3.56 v out[0] (out)
                                  3.56   data arrival time

                  0.00   10.00   10.00   clock __VIRTUAL_CLK__ (rise edge)
                          0.00   10.00   clock network delay (ideal)
                         -0.25    9.75   clock uncertainty
                          0.00    9.75   clock reconvergence pessimism
                         -2.00    7.75   output external delay
                                  7.75   data required time
-----------------------------------------------------------------------------
                                  7.75   data required time
                                 -3.56   data arrival time
-----------------------------------------------------------------------------
                                  4.19   slack (MET)



worst slack corner Typical: 3.2571
