
===========================================================================
report_checks -unconstrained
===========================================================================
======================= Typical Corner ===================================

Startpoint: B[0] (input port clocked by __VIRTUAL_CLK__)
Endpoint: out[7] (output port clocked by __VIRTUAL_CLK__)
Path Group: __VIRTUAL_CLK__
Path Type: max

Fanout     Cap    Slew   Delay    Time   Description
-----------------------------------------------------------------------------
                  0.00    0.00    0.00   clock __VIRTUAL_CLK__ (rise edge)
                          0.00    0.00   clock network delay (ideal)
                          2.00    2.00 v input external delay
     1    0.00    0.01    0.01    2.01 v B[0] (in)
                                         B[0] (net)
                  0.01    0.00    2.01 v input9/A (sky130_fd_sc_hd__buf_2)
     9    0.02    0.06    0.15    2.15 v input9/X (sky130_fd_sc_hd__buf_2)
                                         net9 (net)
                  0.06    0.00    2.15 v _146_/A (sky130_fd_sc_hd__or3_4)
     4    0.02    0.09    0.45    2.60 v _146_/X (sky130_fd_sc_hd__or3_4)
                                         _075_ (net)
                  0.09    0.00    2.60 v _147_/A2 (sky130_fd_sc_hd__a21bo_1)
     3    0.02    0.10    0.28    2.88 v _147_/X (sky130_fd_sc_hd__a21bo_1)
                                         _076_ (net)
                  0.10    0.00    2.88 v _164_/A1 (sky130_fd_sc_hd__a21o_1)
     1    0.01    0.06    0.21    3.09 v _164_/X (sky130_fd_sc_hd__a21o_1)
                                         _092_ (net)
                  0.06    0.00    3.09 v _165_/A3 (sky130_fd_sc_hd__a31o_1)
     1    0.00    0.04    0.23    3.32 v _165_/X (sky130_fd_sc_hd__a31o_1)
                                         _093_ (net)
                  0.04    0.00    3.32 v _166_/B1 (sky130_fd_sc_hd__a31o_1)
     3    0.01    0.08    0.24    3.56 v _166_/X (sky130_fd_sc_hd__a31o_1)
                                         _094_ (net)
                  0.08    0.00    3.56 v _200_/A2 (sky130_fd_sc_hd__a31o_1)
     2    0.01    0.05    0.24    3.80 v _200_/X (sky130_fd_sc_hd__a31o_1)
                                         _020_ (net)
                  0.05    0.00    3.80 v _208_/B2 (sky130_fd_sc_hd__a22o_1)
     1    0.00    0.05    0.21    4.02 v _208_/X (sky130_fd_sc_hd__a22o_1)
                                         _027_ (net)
                  0.05    0.00    4.02 v _214_/A (sky130_fd_sc_hd__xnor2_1)
     1    0.00    0.05    0.12    4.14 v _214_/Y (sky130_fd_sc_hd__xnor2_1)
                                         _033_ (net)
                  0.05    0.00    4.14 v _219_/A2 (sky130_fd_sc_hd__a21o_1)
     1    0.00    0.03    0.17    4.31 v _219_/X (sky130_fd_sc_hd__a21o_1)
                                         net27 (net)
                  0.03    0.00    4.31 v output27/A (sky130_fd_sc_hd__buf_2)
     1    0.03    0.09    0.18    4.49 v output27/X (sky130_fd_sc_hd__buf_2)
                                         out[7] (net)
                  0.09    0.00    4.49 v out[7] (out)
                                  4.49   data arrival time

                  0.00   10.00   10.00   clock __VIRTUAL_CLK__ (rise edge)
                          0.00   10.00   clock network delay (ideal)
                         -0.25    9.75   clock uncertainty
                          0.00    9.75   clock reconvergence pessimism
                         -2.00    7.75   output external delay
                                  7.75   data required time
-----------------------------------------------------------------------------
                                  7.75   data required time
                                 -4.49   data arrival time
-----------------------------------------------------------------------------
                                  3.26   slack (MET)




===========================================================================
report_checks --slack_max -0.01
============================================================================
======================= Typical Corner ===================================

No paths found.


===========================================================================
 report_check_types -max_slew -max_cap -max_fanout -violators
============================================================================
======================= Typical Corner ===================================

max fanout

Pin                                   Limit Fanout  Slack
---------------------------------------------------------
input18/X                                10     11        (VIOLATED)


max slew violations count Typical: 0
max fanout violations count Typical: 1
max cap violations count Typical: 0

===========================================================================
report_parasitic_annotation -report_unannotated
============================================================================
Found 1 unannotated drivers.
 clone1/Y
Found 78 partially unannotated drivers.
 A[0]
 A[7]
 B[3]
 B[5]
 _107_/Y
 _108_/X
 _109_/X
 _111_/X
 _113_/X
 _115_/X
 _116_/Y
 _117_/X
 _120_/Y
 _121_/Y
 _123_/X
 _124_/X
 _126_/X
 _131_/Y
 _133_/X
 _135_/X
 _137_/Y
 _140_/X
 _143_/Y
 _144_/X
 _146_/X
 _152_/X
 _153_/X
 _156_/Y
 _159_/X
 _161_/Y
 _162_/Y
 _167_/Y
 _168_/X
 _169_/X
 _170_/Y
 _171_/Y
 _177_/X
 _179_/X
 _181_/X
 _182_/Y
 _184_/X
 _186_/X
 _187_/Y
 _189_/Y
 _194_/X
 _195_/X
 _197_/Y
 _198_/X
 _199_/Y
 _200_/X
 _202_/Y
 _203_/Y
 _204_/Y
 _205_/X
 _207_/X
 _208_/X
 _209_/Y
 _210_/X
 _212_/X
 _214_/Y
 _217_/X
 _218_/X
 _219_/X
 input10/X
 input11/X
 input12/X
 input14/X
 input16/X
 input17/X
 input18/X
 input19/X
 input2/X
 input3/X
 input4/X
 input5/X
 input6/X
 input7/X
 input9/X

===========================================================================
max slew violation count 0
max fanout violation count 1
max cap violation count 0
============================================================================

===========================================================================
check_setup -verbose -unconstrained_endpoints -multiple_clock -no_clock -no_input_delay -loops -generated_clocks
===========================================================================
