
===========================================================================
report_checks -path_delay max (Setup)
============================================================================
======================= Typical Corner ===================================

Startpoint: B[0] (input port clocked by __VIRTUAL_CLK__)
Endpoint: out[7] (output port clocked by __VIRTUAL_CLK__)
Path Group: __VIRTUAL_CLK__
Path Type: max

Fanout     Cap    Slew   Delay    Time   Description
-----------------------------------------------------------------------------
                  0.00    0.00    0.00   clock __VIRTUAL_CLK__ (rise edge)
                          0.00    0.00   clock network delay (ideal)
                          2.00    2.00 v input external delay
     1    0.00    0.01    0.00    2.00 v B[0] (in)
                                         B[0] (net)
                  0.01    0.00    2.00 v input9/A (sky130_fd_sc_hd__buf_2)
     9    0.02    0.06    0.14    2.15 v input9/X (sky130_fd_sc_hd__buf_2)
                                         net9 (net)
                  0.06    0.00    2.15 v _146_/A (sky130_fd_sc_hd__or3_4)
     4    0.01    0.08    0.43    2.58 v _146_/X (sky130_fd_sc_hd__or3_4)
                                         _075_ (net)
                  0.08    0.00    2.58 v _181_/A3 (sky130_fd_sc_hd__o31a_2)
     2    0.01    0.07    0.33    2.91 v _181_/X (sky130_fd_sc_hd__o31a_2)
                                         _002_ (net)
                  0.07    0.00    2.91 v _195_/B (sky130_fd_sc_hd__or2_1)
     2    0.00    0.05    0.23    3.14 v _195_/X (sky130_fd_sc_hd__or2_1)
                                         _015_ (net)
                  0.05    0.00    3.14 v _196_/B (sky130_fd_sc_hd__and2_1)
     1    0.01    0.06    0.19    3.33 v _196_/X (sky130_fd_sc_hd__and2_1)
                                         _016_ (net)
                  0.06    0.00    3.33 v _197_/B (sky130_fd_sc_hd__xnor2_2)
     2    0.01    0.07    0.16    3.48 v _197_/Y (sky130_fd_sc_hd__xnor2_2)
                                         _017_ (net)
                  0.07    0.00    3.48 v _198_/B (sky130_fd_sc_hd__xor2_2)
     2    0.01    0.07    0.16    3.65 v _198_/X (sky130_fd_sc_hd__xor2_2)
                                         _018_ (net)
                  0.07    0.00    3.65 v _208_/B1 (sky130_fd_sc_hd__a22o_1)
     1    0.00    0.05    0.20    3.85 v _208_/X (sky130_fd_sc_hd__a22o_1)
                                         _027_ (net)
                  0.05    0.00    3.85 v _214_/A (sky130_fd_sc_hd__xnor2_1)
     1    0.00    0.04    0.12    3.97 v _214_/Y (sky130_fd_sc_hd__xnor2_1)
                                         _033_ (net)
                  0.04    0.00    3.97 v _219_/A2 (sky130_fd_sc_hd__a21o_1)
     2    0.00    0.03    0.18    4.15 v _219_/X (sky130_fd_sc_hd__a21o_1)
                                         net27 (net)
                  0.03    0.00    4.15 v output27/A (sky130_fd_sc_hd__buf_2)
     1    0.03    0.09    0.18    4.33 v output27/X (sky130_fd_sc_hd__buf_2)
                                         out[7] (net)
                  0.09    0.00    4.33 v out[7] (out)
                                  4.33   data arrival time

                  0.00   10.00   10.00   clock __VIRTUAL_CLK__ (rise edge)
                          0.00   10.00   clock network delay (ideal)
                         -0.25    9.75   clock uncertainty
                          0.00    9.75   clock reconvergence pessimism
                         -2.00    7.75   output external delay
                                  7.75   data required time
-----------------------------------------------------------------------------
                                  7.75   data required time
                                 -4.33   data arrival time
-----------------------------------------------------------------------------
                                  3.42   slack (MET)


Startpoint: B[0] (input port clocked by __VIRTUAL_CLK__)
Endpoint: out[6] (output port clocked by __VIRTUAL_CLK__)
Path Group: __VIRTUAL_CLK__
Path Type: max

Fanout     Cap    Slew   Delay    Time   Description
-----------------------------------------------------------------------------
                  0.00    0.00    0.00   clock __VIRTUAL_CLK__ (rise edge)
                          0.00    0.00   clock network delay (ideal)
                          2.00    2.00 v input external delay
     1    0.00    0.01    0.00    2.00 v B[0] (in)
                                         B[0] (net)
                  0.01    0.00    2.00 v input9/A (sky130_fd_sc_hd__buf_2)
     9    0.02    0.06    0.14    2.15 v input9/X (sky130_fd_sc_hd__buf_2)
                                         net9 (net)
                  0.06    0.00    2.15 v _146_/A (sky130_fd_sc_hd__or3_4)
     4    0.01    0.08    0.43    2.58 v _146_/X (sky130_fd_sc_hd__or3_4)
                                         _075_ (net)
                  0.08    0.00    2.58 v _181_/A3 (sky130_fd_sc_hd__o31a_2)
     2    0.01    0.07    0.33    2.91 v _181_/X (sky130_fd_sc_hd__o31a_2)
                                         _002_ (net)
                  0.07    0.00    2.91 v _195_/B (sky130_fd_sc_hd__or2_1)
     2    0.00    0.05    0.23    3.14 v _195_/X (sky130_fd_sc_hd__or2_1)
                                         _015_ (net)
                  0.05    0.00    3.14 v _196_/B (sky130_fd_sc_hd__and2_1)
     1    0.01    0.06    0.19    3.33 v _196_/X (sky130_fd_sc_hd__and2_1)
                                         _016_ (net)
                  0.06    0.00    3.33 v _197_/B (sky130_fd_sc_hd__xnor2_2)
     2    0.01    0.07    0.16    3.48 v _197_/Y (sky130_fd_sc_hd__xnor2_2)
                                         _017_ (net)
                  0.07    0.00    3.48 v _198_/B (sky130_fd_sc_hd__xor2_2)
     2    0.01    0.07    0.16    3.65 v _198_/X (sky130_fd_sc_hd__xor2_2)
                                         _018_ (net)
                  0.07    0.00    3.65 v _201_/A (sky130_fd_sc_hd__xor2_1)
     1    0.00    0.05    0.17    3.82 v _201_/X (sky130_fd_sc_hd__xor2_1)
                                         _021_ (net)
                  0.05    0.00    3.82 v _207_/A2 (sky130_fd_sc_hd__a21bo_1)
     1    0.00    0.03    0.19    4.00 v _207_/X (sky130_fd_sc_hd__a21bo_1)
                                         net26 (net)
                  0.03    0.00    4.00 v output26/A (sky130_fd_sc_hd__buf_2)
     1    0.03    0.09    0.18    4.18 v output26/X (sky130_fd_sc_hd__buf_2)
                                         out[6] (net)
                  0.09    0.00    4.18 v out[6] (out)
                                  4.18   data arrival time

                  0.00   10.00   10.00   clock __VIRTUAL_CLK__ (rise edge)
                          0.00   10.00   clock network delay (ideal)
                         -0.25    9.75   clock uncertainty
                          0.00    9.75   clock reconvergence pessimism
                         -2.00    7.75   output external delay
                                  7.75   data required time
-----------------------------------------------------------------------------
                                  7.75   data required time
                                 -4.18   data arrival time
-----------------------------------------------------------------------------
                                  3.57   slack (MET)


Startpoint: B[0] (input port clocked by __VIRTUAL_CLK__)
Endpoint: out[5] (output port clocked by __VIRTUAL_CLK__)
Path Group: __VIRTUAL_CLK__
Path Type: max

Fanout     Cap    Slew   Delay    Time   Description
-----------------------------------------------------------------------------
                  0.00    0.00    0.00   clock __VIRTUAL_CLK__ (rise edge)
                          0.00    0.00   clock network delay (ideal)
                          2.00    2.00 v input external delay
     1    0.00    0.01    0.00    2.00 v B[0] (in)
                                         B[0] (net)
                  0.01    0.00    2.00 v input9/A (sky130_fd_sc_hd__buf_2)
     9    0.02    0.06    0.14    2.15 v input9/X (sky130_fd_sc_hd__buf_2)
                                         net9 (net)
                  0.06    0.00    2.15 v _146_/A (sky130_fd_sc_hd__or3_4)
     4    0.01    0.08    0.43    2.58 v _146_/X (sky130_fd_sc_hd__or3_4)
                                         _075_ (net)
                  0.08    0.00    2.58 v _147_/A2 (sky130_fd_sc_hd__a21bo_1)
     3    0.01    0.05    0.23    2.80 v _147_/X (sky130_fd_sc_hd__a21bo_1)
                                         _076_ (net)
                  0.05    0.00    2.80 v _164_/A1 (sky130_fd_sc_hd__a21o_1)
     1    0.00    0.03    0.16    2.96 v _164_/X (sky130_fd_sc_hd__a21o_1)
                                         _092_ (net)
                  0.03    0.00    2.96 v _165_/A3 (sky130_fd_sc_hd__a31o_1)
     1    0.00    0.03    0.21    3.17 v _165_/X (sky130_fd_sc_hd__a31o_1)
                                         _093_ (net)
                  0.03    0.00    3.17 v _166_/B1 (sky130_fd_sc_hd__a31o_1)
     3    0.01    0.06    0.21    3.37 v _166_/X (sky130_fd_sc_hd__a31o_1)
                                         _094_ (net)
                  0.06    0.00    3.37 v _167_/B (sky130_fd_sc_hd__nand2_1)
     2    0.00    0.06    0.08    3.46 ^ _167_/Y (sky130_fd_sc_hd__nand2_1)
                                         _095_ (net)
                  0.06    0.00    3.46 ^ _187_/B (sky130_fd_sc_hd__nand2_1)
     1    0.00    0.04    0.06    3.52 v _187_/Y (sky130_fd_sc_hd__nand2_1)
                                         _008_ (net)
                  0.04    0.00    3.52 v _188_/B (sky130_fd_sc_hd__xor2_1)
     1    0.00    0.05    0.14    3.66 v _188_/X (sky130_fd_sc_hd__xor2_1)
                                         _009_ (net)
                  0.05    0.00    3.66 v _194_/A2 (sky130_fd_sc_hd__a21bo_1)
     1    0.00    0.03    0.19    3.84 v _194_/X (sky130_fd_sc_hd__a21bo_1)
                                         net25 (net)
                  0.03    0.00    3.84 v output25/A (sky130_fd_sc_hd__buf_2)
     1    0.03    0.09    0.18    4.03 v output25/X (sky130_fd_sc_hd__buf_2)
                                         out[5] (net)
                  0.09    0.00    4.03 v out[5] (out)
                                  4.03   data arrival time

                  0.00   10.00   10.00   clock __VIRTUAL_CLK__ (rise edge)
                          0.00   10.00   clock network delay (ideal)
                         -0.25    9.75   clock uncertainty
                          0.00    9.75   clock reconvergence pessimism
                         -2.00    7.75   output external delay
                                  7.75   data required time
-----------------------------------------------------------------------------
                                  7.75   data required time
                                 -4.03   data arrival time
-----------------------------------------------------------------------------
                                  3.72   slack (MET)


Startpoint: B[0] (input port clocked by __VIRTUAL_CLK__)
Endpoint: out[4] (output port clocked by __VIRTUAL_CLK__)
Path Group: __VIRTUAL_CLK__
Path Type: max

Fanout     Cap    Slew   Delay    Time   Description
-----------------------------------------------------------------------------
                  0.00    0.00    0.00   clock __VIRTUAL_CLK__ (rise edge)
                          0.00    0.00   clock network delay (ideal)
                          2.00    2.00 v input external delay
     1    0.00    0.01    0.00    2.00 v B[0] (in)
                                         B[0] (net)
                  0.01    0.00    2.00 v input9/A (sky130_fd_sc_hd__buf_2)
     9    0.02    0.06    0.14    2.15 v input9/X (sky130_fd_sc_hd__buf_2)
                                         net9 (net)
                  0.06    0.00    2.15 v _146_/A (sky130_fd_sc_hd__or3_4)
     4    0.01    0.08    0.43    2.58 v _146_/X (sky130_fd_sc_hd__or3_4)
                                         _075_ (net)
                  0.08    0.00    2.58 v _147_/A2 (sky130_fd_sc_hd__a21bo_1)
     3    0.01    0.05    0.23    2.80 v _147_/X (sky130_fd_sc_hd__a21bo_1)
                                         _076_ (net)
                  0.05    0.00    2.80 v _164_/A1 (sky130_fd_sc_hd__a21o_1)
     1    0.00    0.03    0.16    2.96 v _164_/X (sky130_fd_sc_hd__a21o_1)
                                         _092_ (net)
                  0.03    0.00    2.96 v _165_/A3 (sky130_fd_sc_hd__a31o_1)
     1    0.00    0.03    0.21    3.17 v _165_/X (sky130_fd_sc_hd__a31o_1)
                                         _093_ (net)
                  0.03    0.00    3.17 v _166_/B1 (sky130_fd_sc_hd__a31o_1)
     3    0.01    0.06    0.21    3.37 v _166_/X (sky130_fd_sc_hd__a31o_1)
                                         _094_ (net)
                  0.06    0.00    3.37 v _169_/A2 (sky130_fd_sc_hd__o21a_1)
     1    0.00    0.03    0.17    3.54 v _169_/X (sky130_fd_sc_hd__o21a_1)
                                         _097_ (net)
                  0.03    0.00    3.54 v _180_/A2 (sky130_fd_sc_hd__a21bo_1)
     1    0.00    0.03    0.18    3.72 v _180_/X (sky130_fd_sc_hd__a21bo_1)
                                         net24 (net)
                  0.03    0.00    3.72 v output24/A (sky130_fd_sc_hd__buf_2)
     1    0.03    0.09    0.18    3.90 v output24/X (sky130_fd_sc_hd__buf_2)
                                         out[4] (net)
                  0.09    0.00    3.90 v out[4] (out)
                                  3.90   data arrival time

                  0.00   10.00   10.00   clock __VIRTUAL_CLK__ (rise edge)
                          0.00   10.00   clock network delay (ideal)
                         -0.25    9.75   clock uncertainty
                          0.00    9.75   clock reconvergence pessimism
                         -2.00    7.75   output external delay
                                  7.75   data required time
-----------------------------------------------------------------------------
                                  7.75   data required time
                                 -3.90   data arrival time
-----------------------------------------------------------------------------
                                  3.85   slack (MET)


Startpoint: opcode[0] (input port clocked by __VIRTUAL_CLK__)
Endpoint: out[1] (output port clocked by __VIRTUAL_CLK__)
Path Group: __VIRTUAL_CLK__
Path Type: max

Fanout     Cap    Slew   Delay    Time   Description
-----------------------------------------------------------------------------
                  0.00    0.00    0.00   clock __VIRTUAL_CLK__ (rise edge)
                          0.00    0.00   clock network delay (ideal)
                          2.00    2.00 v input external delay
     1    0.00    0.01    0.00    2.00 v opcode[0] (in)
                                         opcode[0] (net)
                  0.01    0.00    2.00 v input17/A (sky130_fd_sc_hd__buf_2)
     8    0.01    0.05    0.13    2.13 v input17/X (sky130_fd_sc_hd__buf_2)
                                         net17 (net)
                  0.05    0.00    2.13 v _120_/A_N (sky130_fd_sc_hd__nand3b_4)
     5    0.01    0.07    0.18    2.31 v _120_/Y (sky130_fd_sc_hd__nand3b_4)
                                         _051_ (net)
                  0.07    0.00    2.31 v _122_/A (sky130_fd_sc_hd__and3_1)
     2    0.00    0.04    0.16    2.48 v _122_/X (sky130_fd_sc_hd__and3_1)
                                         _053_ (net)
                  0.04    0.00    2.48 v _124_/C (sky130_fd_sc_hd__or3_2)
     2    0.00    0.08    0.43    2.91 v _124_/X (sky130_fd_sc_hd__or3_2)
                                         _055_ (net)
                  0.08    0.00    2.91 v _125_/B (sky130_fd_sc_hd__and2b_1)
     2    0.00    0.04    0.18    3.09 v _125_/X (sky130_fd_sc_hd__and2b_1)
                                         _056_ (net)
                  0.04    0.00    3.09 v _127_/A1 (sky130_fd_sc_hd__o21ai_1)
     1    0.00    0.09    0.12    3.21 ^ _127_/Y (sky130_fd_sc_hd__o21ai_1)
                                         _058_ (net)
                  0.09    0.00    3.21 ^ _128_/B1 (sky130_fd_sc_hd__a21oi_1)
     1    0.00    0.03    0.04    3.26 v _128_/Y (sky130_fd_sc_hd__a21oi_1)
                                         _059_ (net)
                  0.03    0.00    3.26 v _133_/A (sky130_fd_sc_hd__or3_1)
     1    0.00    0.06    0.37    3.62 v _133_/X (sky130_fd_sc_hd__or3_1)
                                         _064_ (net)
                  0.06    0.00    3.62 v _134_/A (sky130_fd_sc_hd__buf_1)
     1    0.00    0.02    0.09    3.72 v _134_/X (sky130_fd_sc_hd__buf_1)
                                         net21 (net)
                  0.02    0.00    3.72 v output21/A (sky130_fd_sc_hd__buf_2)
     1    0.03    0.09    0.18    3.89 v output21/X (sky130_fd_sc_hd__buf_2)
                                         out[1] (net)
                  0.09    0.00    3.89 v out[1] (out)
                                  3.89   data arrival time

                  0.00   10.00   10.00   clock __VIRTUAL_CLK__ (rise edge)
                          0.00   10.00   clock network delay (ideal)
                         -0.25    9.75   clock uncertainty
                          0.00    9.75   clock reconvergence pessimism
                         -2.00    7.75   output external delay
                                  7.75   data required time
-----------------------------------------------------------------------------
                                  7.75   data required time
                                 -3.89   data arrival time
-----------------------------------------------------------------------------
                                  3.86   slack (MET)


Startpoint: opcode[0] (input port clocked by __VIRTUAL_CLK__)
Endpoint: out[3] (output port clocked by __VIRTUAL_CLK__)
Path Group: __VIRTUAL_CLK__
Path Type: max

Fanout     Cap    Slew   Delay    Time   Description
-----------------------------------------------------------------------------
                  0.00    0.00    0.00   clock __VIRTUAL_CLK__ (rise edge)
                          0.00    0.00   clock network delay (ideal)
                          2.00    2.00 v input external delay
     1    0.00    0.01    0.00    2.00 v opcode[0] (in)
                                         opcode[0] (net)
                  0.01    0.00    2.00 v input17/A (sky130_fd_sc_hd__buf_2)
     8    0.01    0.05    0.13    2.13 v input17/X (sky130_fd_sc_hd__buf_2)
                                         net17 (net)
                  0.05    0.00    2.13 v _120_/A_N (sky130_fd_sc_hd__nand3b_4)
     5    0.01    0.07    0.18    2.31 v _120_/Y (sky130_fd_sc_hd__nand3b_4)
                                         _051_ (net)
                  0.07    0.00    2.31 v _122_/A (sky130_fd_sc_hd__and3_1)
     2    0.00    0.04    0.16    2.48 v _122_/X (sky130_fd_sc_hd__and3_1)
                                         _053_ (net)
                  0.04    0.00    2.48 v _124_/C (sky130_fd_sc_hd__or3_2)
     2    0.00    0.08    0.43    2.91 v _124_/X (sky130_fd_sc_hd__or3_2)
                                         _055_ (net)
                  0.08    0.00    2.91 v _135_/A1 (sky130_fd_sc_hd__a21o_2)
     4    0.01    0.05    0.23    3.13 v _135_/X (sky130_fd_sc_hd__a21o_2)
                                         _065_ (net)
                  0.05    0.00    3.13 v _153_/A1 (sky130_fd_sc_hd__a21o_1)
     2    0.00    0.04    0.16    3.29 v _153_/X (sky130_fd_sc_hd__a21o_1)
                                         _082_ (net)
                  0.04    0.00    3.29 v _155_/B (sky130_fd_sc_hd__or2_1)
     1    0.00    0.05    0.20    3.50 v _155_/X (sky130_fd_sc_hd__or2_1)
                                         _084_ (net)
                  0.05    0.00    3.50 v _160_/A3 (sky130_fd_sc_hd__a31o_1)
     1    0.00    0.03    0.21    3.71 v _160_/X (sky130_fd_sc_hd__a31o_1)
                                         net23 (net)
                  0.03    0.00    3.71 v output23/A (sky130_fd_sc_hd__buf_2)
     1    0.03    0.09    0.18    3.89 v output23/X (sky130_fd_sc_hd__buf_2)
                                         out[3] (net)
                  0.09    0.00    3.89 v out[3] (out)
                                  3.89   data arrival time

                  0.00   10.00   10.00   clock __VIRTUAL_CLK__ (rise edge)
                          0.00   10.00   clock network delay (ideal)
                         -0.25    9.75   clock uncertainty
                          0.00    9.75   clock reconvergence pessimism
                         -2.00    7.75   output external delay
                                  7.75   data required time
-----------------------------------------------------------------------------
                                  7.75   data required time
                                 -3.89   data arrival time
-----------------------------------------------------------------------------
                                  3.86   slack (MET)


Startpoint: opcode[0] (input port clocked by __VIRTUAL_CLK__)
Endpoint: out[2] (output port clocked by __VIRTUAL_CLK__)
Path Group: __VIRTUAL_CLK__
Path Type: max

Fanout     Cap    Slew   Delay    Time   Description
-----------------------------------------------------------------------------
                  0.00    0.00    0.00   clock __VIRTUAL_CLK__ (rise edge)
                          0.00    0.00   clock network delay (ideal)
                          2.00    2.00 v input external delay
     1    0.00    0.01    0.00    2.00 v opcode[0] (in)
                                         opcode[0] (net)
                  0.01    0.00    2.00 v input17/A (sky130_fd_sc_hd__buf_2)
     8    0.01    0.05    0.13    2.13 v input17/X (sky130_fd_sc_hd__buf_2)
                                         net17 (net)
                  0.05    0.00    2.13 v _120_/A_N (sky130_fd_sc_hd__nand3b_4)
     5    0.01    0.07    0.18    2.31 v _120_/Y (sky130_fd_sc_hd__nand3b_4)
                                         _051_ (net)
                  0.07    0.00    2.31 v _122_/A (sky130_fd_sc_hd__and3_1)
     2    0.00    0.04    0.16    2.48 v _122_/X (sky130_fd_sc_hd__and3_1)
                                         _053_ (net)
                  0.04    0.00    2.48 v _124_/C (sky130_fd_sc_hd__or3_2)
     2    0.00    0.08    0.43    2.91 v _124_/X (sky130_fd_sc_hd__or3_2)
                                         _055_ (net)
                  0.08    0.00    2.91 v _135_/A1 (sky130_fd_sc_hd__a21o_2)
     4    0.01    0.05    0.23    3.13 v _135_/X (sky130_fd_sc_hd__a21o_2)
                                         _065_ (net)
                  0.05    0.00    3.13 v _140_/A (sky130_fd_sc_hd__or2_1)
     1    0.00    0.05    0.23    3.36 v _140_/X (sky130_fd_sc_hd__or2_1)
                                         _070_ (net)
                  0.05    0.00    3.36 v _145_/A3 (sky130_fd_sc_hd__a31o_1)
     1    0.00    0.03    0.21    3.57 v _145_/X (sky130_fd_sc_hd__a31o_1)
                                         net22 (net)
                  0.03    0.00    3.57 v output22/A (sky130_fd_sc_hd__buf_2)
     1    0.03    0.09    0.18    3.75 v output22/X (sky130_fd_sc_hd__buf_2)
                                         out[2] (net)
                  0.09    0.00    3.75 v out[2] (out)
                                  3.75   data arrival time

                  0.00   10.00   10.00   clock __VIRTUAL_CLK__ (rise edge)
                          0.00   10.00   clock network delay (ideal)
                         -0.25    9.75   clock uncertainty
                          0.00    9.75   clock reconvergence pessimism
                         -2.00    7.75   output external delay
                                  7.75   data required time
-----------------------------------------------------------------------------
                                  7.75   data required time
                                 -3.75   data arrival time
-----------------------------------------------------------------------------
                                  4.00   slack (MET)


Startpoint: opcode[1] (input port clocked by __VIRTUAL_CLK__)
Endpoint: out[0] (output port clocked by __VIRTUAL_CLK__)
Path Group: __VIRTUAL_CLK__
Path Type: max

Fanout     Cap    Slew   Delay    Time   Description
-----------------------------------------------------------------------------
                  0.00    0.00    0.00   clock __VIRTUAL_CLK__ (rise edge)
                          0.00    0.00   clock network delay (ideal)
                          2.00    2.00 v input external delay
     1    0.00    0.01    0.00    2.00 v opcode[1] (in)
                                         opcode[1] (net)
                  0.01    0.00    2.00 v input18/A (sky130_fd_sc_hd__buf_4)
    11    0.03    0.06    0.16    2.16 v input18/X (sky130_fd_sc_hd__buf_4)
                                         net18 (net)
                  0.06    0.00    2.16 v _114_/C_N (sky130_fd_sc_hd__or3b_1)
     1    0.00    0.04    0.16    2.33 ^ _114_/X (sky130_fd_sc_hd__or3b_1)
                                         _046_ (net)
                  0.04    0.00    2.33 ^ _115_/A (sky130_fd_sc_hd__clkbuf_4)
     7    0.02    0.08    0.17    2.49 ^ _115_/X (sky130_fd_sc_hd__clkbuf_4)
                                         _047_ (net)
                  0.08    0.00    2.49 ^ _116_/A (sky130_fd_sc_hd__inv_2)
     2    0.00    0.02    0.04    2.53 v _116_/Y (sky130_fd_sc_hd__inv_2)
                                         _048_ (net)
                  0.02    0.00    2.53 v _117_/B2 (sky130_fd_sc_hd__o2bb2a_1)
     1    0.00    0.05    0.27    2.80 v _117_/X (sky130_fd_sc_hd__o2bb2a_1)
                                         _049_ (net)
                  0.05    0.00    2.80 v _118_/B2 (sky130_fd_sc_hd__o22a_1)
     1    0.00    0.04    0.15    2.96 v _118_/X (sky130_fd_sc_hd__o22a_1)
                                         _050_ (net)
                  0.04    0.00    2.96 v _119_/C1 (sky130_fd_sc_hd__a311o_1)
     1    0.00    0.05    0.26    3.22 v _119_/X (sky130_fd_sc_hd__a311o_1)
                                         net20 (net)
                  0.05    0.00    3.22 v output20/A (sky130_fd_sc_hd__buf_2)
     1    0.03    0.09    0.19    3.41 v output20/X (sky130_fd_sc_hd__buf_2)
                                         out[0] (net)
                  0.09    0.00    3.41 v out[0] (out)
                                  3.41   data arrival time

                  0.00   10.00   10.00   clock __VIRTUAL_CLK__ (rise edge)
                          0.00   10.00   clock network delay (ideal)
                         -0.25    9.75   clock uncertainty
                          0.00    9.75   clock reconvergence pessimism
                         -2.00    7.75   output external delay
                                  7.75   data required time
-----------------------------------------------------------------------------
                                  7.75   data required time
                                 -3.41   data arrival time
-----------------------------------------------------------------------------
                                  4.34   slack (MET)



worst slack corner Typical: 3.4195
