
===========================================================================
report_checks -unconstrained
===========================================================================
======================= Typical Corner ===================================

Startpoint: B[0] (input port clocked by __VIRTUAL_CLK__)
Endpoint: out[7] (output port clocked by __VIRTUAL_CLK__)
Path Group: __VIRTUAL_CLK__
Path Type: max

Fanout     Cap    Slew   Delay    Time   Description
-----------------------------------------------------------------------------
                  0.00    0.00    0.00   clock __VIRTUAL_CLK__ (rise edge)
                          0.00    0.00   clock network delay (ideal)
                          2.00    2.00 v input external delay
     1    0.00    0.01    0.00    2.00 v B[0] (in)
                                         B[0] (net)
                  0.01    0.00    2.00 v input9/A (sky130_fd_sc_hd__buf_2)
     9    0.02    0.06    0.14    2.15 v input9/X (sky130_fd_sc_hd__buf_2)
                                         net9 (net)
                  0.06    0.00    2.15 v _146_/A (sky130_fd_sc_hd__or3_4)
     4    0.01    0.08    0.43    2.58 v _146_/X (sky130_fd_sc_hd__or3_4)
                                         _075_ (net)
                  0.08    0.00    2.58 v _181_/A3 (sky130_fd_sc_hd__o31a_2)
     2    0.01    0.07    0.33    2.91 v _181_/X (sky130_fd_sc_hd__o31a_2)
                                         _002_ (net)
                  0.07    0.00    2.91 v _195_/B (sky130_fd_sc_hd__or2_1)
     2    0.00    0.05    0.23    3.14 v _195_/X (sky130_fd_sc_hd__or2_1)
                                         _015_ (net)
                  0.05    0.00    3.14 v _196_/B (sky130_fd_sc_hd__and2_1)
     1    0.01    0.06    0.19    3.33 v _196_/X (sky130_fd_sc_hd__and2_1)
                                         _016_ (net)
                  0.06    0.00    3.33 v _197_/B (sky130_fd_sc_hd__xnor2_2)
     2    0.01    0.07    0.16    3.48 v _197_/Y (sky130_fd_sc_hd__xnor2_2)
                                         _017_ (net)
                  0.07    0.00    3.48 v _198_/B (sky130_fd_sc_hd__xor2_2)
     2    0.01    0.07    0.16    3.65 v _198_/X (sky130_fd_sc_hd__xor2_2)
                                         _018_ (net)
                  0.07    0.00    3.65 v _208_/B1 (sky130_fd_sc_hd__a22o_1)
     1    0.00    0.05    0.20    3.85 v _208_/X (sky130_fd_sc_hd__a22o_1)
                                         _027_ (net)
                  0.05    0.00    3.85 v _214_/A (sky130_fd_sc_hd__xnor2_1)
     1    0.00    0.04    0.12    3.97 v _214_/Y (sky130_fd_sc_hd__xnor2_1)
                                         _033_ (net)
                  0.04    0.00    3.97 v _219_/A2 (sky130_fd_sc_hd__a21o_1)
     2    0.00    0.03    0.18    4.15 v _219_/X (sky130_fd_sc_hd__a21o_1)
                                         net27 (net)
                  0.03    0.00    4.15 v output27/A (sky130_fd_sc_hd__buf_2)
     1    0.03    0.09    0.18    4.33 v output27/X (sky130_fd_sc_hd__buf_2)
                                         out[7] (net)
                  0.09    0.00    4.33 v out[7] (out)
                                  4.33   data arrival time

                  0.00   10.00   10.00   clock __VIRTUAL_CLK__ (rise edge)
                          0.00   10.00   clock network delay (ideal)
                         -0.25    9.75   clock uncertainty
                          0.00    9.75   clock reconvergence pessimism
                         -2.00    7.75   output external delay
                                  7.75   data required time
-----------------------------------------------------------------------------
                                  7.75   data required time
                                 -4.33   data arrival time
-----------------------------------------------------------------------------
                                  3.42   slack (MET)




===========================================================================
report_checks --slack_max -0.01
============================================================================
======================= Typical Corner ===================================

No paths found.


===========================================================================
 report_check_types -max_slew -max_cap -max_fanout -violators
============================================================================
======================= Typical Corner ===================================

max fanout

Pin                                   Limit Fanout  Slack
---------------------------------------------------------
input18/X                                10     11        (VIOLATED)


max slew violations count Typical: 0
max fanout violations count Typical: 1
max cap violations count Typical: 0

===========================================================================
report_parasitic_annotation -report_unannotated
============================================================================
Found 161 unannotated drivers.
 A[0]
 A[1]
 A[2]
 A[3]
 A[4]
 A[5]
 A[6]
 A[7]
 B[0]
 B[1]
 B[2]
 B[3]
 B[4]
 B[5]
 B[6]
 B[7]
 opcode[0]
 opcode[1]
 opcode[2]
 _106_/Y
 _107_/Y
 _108_/X
 _109_/X
 _110_/Y
 _111_/X
 _112_/Y
 _113_/X
 _114_/X
 _115_/X
 _116_/Y
 _117_/X
 _118_/X
 _119_/X
 _120_/Y
 _121_/Y
 _122_/X
 _123_/X
 _124_/X
 _125_/X
 _126_/X
 _127_/Y
 _128_/Y
 _129_/Y
 _130_/X
 _131_/Y
 _132_/X
 _133_/X
 _134_/X
 _135_/X
 _136_/X
 _137_/Y
 _138_/X
 _139_/Y
 _140_/X
 _141_/Y
 _142_/X
 _143_/Y
 _144_/X
 _145_/X
 _146_/X
 _147_/X
 _148_/Y
 _149_/Y
 _150_/X
 _151_/Y
 _152_/X
 _153_/X
 _154_/Y
 _155_/X
 _156_/Y
 _157_/Y
 _158_/X
 _159_/X
 _160_/X
 _161_/Y
 _162_/Y
 _163_/Y
 _164_/X
 _165_/X
 _166_/X
 _167_/Y
 _168_/X
 _169_/X
 _170_/Y
 _171_/Y
 _172_/X
 _173_/X
 _174_/Y
 _175_/X
 _176_/X
 _177_/X
 _178_/X
 _179_/X
 _180_/X
 _181_/X
 _182_/Y
 _183_/Y
 _184_/X
 _185_/Y
 _186_/X
 _187_/Y
 _188_/X
 _189_/Y
 _190_/Y
 _191_/X
 _192_/X
 _193_/X
 _194_/X
 _195_/X
 _196_/X
 _197_/Y
 _198_/X
 _199_/Y
 _200_/X
 _201_/X
 _202_/Y
 _203_/Y
 _204_/Y
 _205_/X
 _206_/Y
 _207_/X
 _208_/X
 _209_/Y
 _210_/X
 _211_/Y
 _212_/X
 _213_/Y
 _214_/Y
 _215_/Y
 _216_/Y
 _217_/X
 _218_/X
 _219_/X
 clone1/Y
 input1/X
 input10/X
 input11/X
 input12/X
 input13/X
 input14/X
 input15/X
 input16/X
 input17/X
 input18/X
 input19/X
 input2/X
 input3/X
 input4/X
 input5/X
 input6/X
 input7/X
 input8/X
 input9/X
 output20/X
 output21/X
 output22/X
 output23/X
 output24/X
 output25/X
 output26/X
 output27/X
Found 0 partially unannotated drivers.

===========================================================================
max slew violation count 0
max fanout violation count 1
max cap violation count 0
============================================================================

===========================================================================
check_setup -verbose -unconstrained_endpoints -multiple_clock -no_clock -no_input_delay -loops -generated_clocks
===========================================================================
