Instance,Terminal,Layer,X location,Y location,Voltage
FILLER_0_27_185,VPWR,li1,90.8500,84.3200,1.799994
FILLER_0_27_181,VPWR,li1,89.7000,84.3200,1.799994
FILLER_0_27_169,VPWR,li1,86.0200,84.3200,1.799996
FILLER_0_27_165,VPWR,li1,82.1100,84.3200,1.799997
FILLER_0_27_153,VPWR,li1,78.6600,84.3200,1.799997
FILLER_0_27_141,VPWR,li1,73.1400,84.3200,1.799997
FILLER_0_27_137,VPWR,li1,69.2300,84.3200,1.799997
FILLER_0_27_129,VPWR,li1,66.7000,84.3200,1.799997
FILLER_0_27_113,VPWR,li1,58.1900,84.3200,1.799998
FILLER_0_27_109,VPWR,li1,56.3500,84.3200,1.799998
FILLER_0_27_97,VPWR,li1,52.9000,84.3200,1.799998
FILLER_0_27_85,VPWR,li1,47.3800,84.3200,1.799998
FILLER_0_27_81,VPWR,li1,43.4700,84.3200,1.799997
FILLER_0_27_69,VPWR,li1,40.0200,84.3200,1.799997
FILLER_0_27_57,VPWR,li1,34.5000,84.3200,1.799997
FILLER_0_27_54,VPWR,li1,30.8200,84.3200,1.799996
FILLER_0_27_42,VPWR,li1,27.6000,84.3200,1.799995
FILLER_0_27_27,VPWR,li1,18.1700,84.3200,1.799995
FILLER_0_27_19,VPWR,li1,16.1000,84.3200,1.799995
FILLER_0_27_7,VPWR,li1,11.5000,84.3200,1.799995
FILLER_0_26_188,VPWR,li1,92.4600,84.3200,1.799994
FILLER_0_26_177,VPWR,li1,87.6300,84.3200,1.799996
FILLER_0_26_165,VPWR,li1,84.1800,84.3200,1.799996
FILLER_0_26_153,VPWR,li1,78.6600,84.3200,1.799997
FILLER_0_26_141,VPWR,li1,73.1400,84.3200,1.799997
FILLER_0_26_139,VPWR,li1,69.6900,84.3200,1.799997
FILLER_0_26_133,VPWR,li1,68.0800,84.3200,1.799997
FILLER_0_26_121,VPWR,li1,63.9400,84.3200,1.799998
FILLER_0_26_109,VPWR,li1,58.4200,84.3200,1.799998
FILLER_0_26_97,VPWR,li1,52.9000,84.3200,1.799998
FILLER_0_26_85,VPWR,li1,47.3800,84.3200,1.799998
FILLER_0_26_83,VPWR,li1,43.9300,84.3200,1.799997
FILLER_0_26_79,VPWR,li1,42.7800,84.3200,1.799997
FILLER_0_26_67,VPWR,li1,39.1000,84.3200,1.799997
FILLER_0_26_41,VPWR,li1,25.0700,84.3200,1.799995
FILLER_0_26_29,VPWR,li1,21.6200,84.3200,1.799995
FILLER_0_26_27,VPWR,li1,18.1700,84.3200,1.799995
FILLER_0_26_15,VPWR,li1,15.1800,84.3200,1.799995
FILLER_0_25_185,VPWR,li1,90.8500,78.8800,1.799993
FILLER_0_25_181,VPWR,li1,89.7000,78.8800,1.799994
FILLER_0_25_169,VPWR,li1,86.0200,78.8800,1.799996
FILLER_0_25_167,VPWR,li1,82.5700,78.8800,1.799995
FILLER_0_25_161,VPWR,li1,80.9600,78.8800,1.799995
FILLER_0_25_149,VPWR,li1,76.8200,78.8800,1.799995
FILLER_0_25_137,VPWR,li1,71.3000,78.8800,1.799996
FILLER_0_25_125,VPWR,li1,65.7800,78.8800,1.799997
FILLER_0_25_113,VPWR,li1,60.2600,78.8800,1.799997
FILLER_0_25_109,VPWR,li1,56.3500,78.8800,1.799997
FILLER_0_25_97,VPWR,li1,52.9000,78.8800,1.799996
FILLER_0_25_85,VPWR,li1,47.3800,78.8800,1.799996
FILLER_0_25_77,VPWR,li1,41.4000,78.8800,1.799996
FILLER_0_25_69,VPWR,li1,39.1000,78.8800,1.799996
FILLER_0_25_57,VPWR,li1,34.5000,78.8800,1.799996
FILLER_0_25_55,VPWR,li1,31.0500,78.8800,1.799996
FILLER_0_25_51,VPWR,li1,29.9000,78.8800,1.799996
FILLER_0_25_45,VPWR,li1,26.9100,78.8800,1.799995
FILLER_0_25_33,VPWR,li1,23.4600,78.8800,1.799995
FILLER_0_25_21,VPWR,li1,17.9400,78.8800,1.799995
FILLER_0_25_9,VPWR,li1,12.4200,78.8800,1.799996
FILLER_0_24_189,VPWR,li1,92.6900,78.8800,1.799993
FILLER_0_24_178,VPWR,li1,88.7800,78.8800,1.799994
FILLER_0_24_169,VPWR,li1,83.9500,78.8800,1.799996
FILLER_0_24_161,VPWR,li1,81.4200,78.8800,1.799995
FILLER_0_24_147,VPWR,li1,73.3700,78.8800,1.799996
FILLER_0_24_141,VPWR,li1,71.7600,78.8800,1.799996
FILLER_0_24_137,VPWR,li1,69.2300,78.8800,1.799996
FILLER_0_24_129,VPWR,li1,66.7000,78.8800,1.799997
FILLER_0_24_117,VPWR,li1,62.1000,78.8800,1.799997
FILLER_0_24_105,VPWR,li1,56.5800,78.8800,1.799997
FILLER_0_24_93,VPWR,li1,51.0600,78.8800,1.799996
FILLER_0_24_78,VPWR,li1,42.7800,78.8800,1.799996
FILLER_0_24_66,VPWR,li1,38.6400,78.8800,1.799996
FILLER_0_24_54,VPWR,li1,33.1200,78.8800,1.799996
FILLER_0_24_42,VPWR,li1,27.6000,78.8800,1.799995
FILLER_0_24_34,VPWR,li1,21.3900,78.8800,1.799995
FILLER_0_24_29,VPWR,li1,19.0900,78.8800,1.799995
FILLER_0_24_27,VPWR,li1,18.1700,78.8800,1.799995
FILLER_0_24_21,VPWR,li1,16.5600,78.8800,1.799995
FILLER_0_24_17,VPWR,li1,13.5700,78.8800,1.799996
FILLER_0_24_9,VPWR,li1,9.8900,78.8800,1.799997
FILLER_0_24_3,VPWR,li1,8.2800,78.8800,1.799997
FILLER_0_23_189,VPWR,li1,92.6900,73.4400,1.799998
FILLER_0_23_181,VPWR,li1,90.6200,73.4400,1.799998
FILLER_0_23_169,VPWR,li1,86.0200,73.4400,1.799998
FILLER_0_23_160,VPWR,li1,80.9600,73.4400,1.799997
FILLER_0_23_150,VPWR,li1,74.9800,73.4400,1.799997
FILLER_0_23_141,VPWR,li1,71.3000,73.4400,1.799997
FILLER_0_23_125,VPWR,li1,64.8600,73.4400,1.799997
FILLER_0_23_113,VPWR,li1,60.2600,73.4400,1.799998
FILLER_0_23_100,VPWR,li1,54.2800,73.4400,1.799997
FILLER_0_23_90,VPWR,li1,47.6100,73.4400,1.799996
FILLER_0_23_81,VPWR,li1,43.4700,73.4400,1.799996
FILLER_0_23_69,VPWR,li1,40.0200,73.4400,1.799997
FILLER_0_23_57,VPWR,li1,34.5000,73.4400,1.799997
FILLER_0_23_52,VPWR,li1,30.3600,73.4400,1.799997
FILLER_0_23_46,VPWR,li1,26.9100,73.4400,1.799996
FILLER_0_23_34,VPWR,li1,23.9200,73.4400,1.799996
FILLER_0_23_22,VPWR,li1,18.4000,73.4400,1.799996
FILLER_0_23_10,VPWR,li1,12.8800,73.4400,1.799995
FILLER_0_22_189,VPWR,li1,92.6900,73.4400,1.799998
FILLER_0_22_179,VPWR,li1,88.3200,73.4400,1.799998
FILLER_0_22_175,VPWR,li1,86.4800,73.4400,1.799998
FILLER_0_22_163,VPWR,li1,83.2600,73.4400,1.799998
FILLER_0_22_157,VPWR,li1,77.9700,73.4400,1.799997
FILLER_0_22_153,VPWR,li1,76.8200,73.4400,1.799997
FILLER_0_22_141,VPWR,li1,73.1400,73.4400,1.799997
FILLER_0_22_139,VPWR,li1,69.6900,73.4400,1.799997
FILLER_0_22_133,VPWR,li1,68.0800,73.4400,1.799997
FILLER_0_22_121,VPWR,li1,63.9400,73.4400,1.799997
FILLER_0_22_109,VPWR,li1,58.4200,73.4400,1.799997
FILLER_0_22_97,VPWR,li1,52.9000,73.4400,1.799997
FILLER_0_22_85,VPWR,li1,47.3800,73.4400,1.799996
FILLER_0_22_83,VPWR,li1,43.9300,73.4400,1.799996
FILLER_0_22_77,VPWR,li1,42.3200,73.4400,1.799996
FILLER_0_22_65,VPWR,li1,38.1800,73.4400,1.799997
FILLER_0_22_53,VPWR,li1,32.6600,73.4400,1.799997
FILLER_0_22_41,VPWR,li1,27.1400,73.4400,1.799996
FILLER_0_22_29,VPWR,li1,21.6200,73.4400,1.799996
FILLER_0_22_27,VPWR,li1,18.1700,73.4400,1.799996
FILLER_0_22_9,VPWR,li1,11.0400,73.4400,1.799996
FILLER_0_21_185,VPWR,li1,90.8500,68.0000,1.799993
FILLER_0_21_177,VPWR,li1,88.7800,68.0000,1.799993
FILLER_0_21_169,VPWR,li1,84.1800,68.0000,1.799995
FILLER_0_21_160,VPWR,li1,80.9600,68.0000,1.799995
FILLER_0_21_148,VPWR,li1,76.3600,68.0000,1.799995
FILLER_0_21_141,VPWR,li1,70.6100,68.0000,1.799996
FILLER_0_21_137,VPWR,li1,69.4600,68.0000,1.799996
FILLER_0_21_125,VPWR,li1,65.7800,68.0000,1.799997
FILLER_0_21_113,VPWR,li1,60.2600,68.0000,1.799998
FILLER_0_21_111,VPWR,li1,56.8100,68.0000,1.799998
FILLER_0_21_99,VPWR,li1,53.8200,68.0000,1.799998
FILLER_0_21_87,VPWR,li1,48.3000,68.0000,1.799998
FILLER_0_21_75,VPWR,li1,42.7800,68.0000,1.799998
FILLER_0_21_63,VPWR,li1,37.2600,68.0000,1.799998
FILLER_0_21_55,VPWR,li1,31.0500,68.0000,1.799997
FILLER_0_21_51,VPWR,li1,29.9000,68.0000,1.799997
FILLER_0_21_39,VPWR,li1,26.2200,68.0000,1.799997
FILLER_0_21_27,VPWR,li1,20.7000,68.0000,1.799997
FILLER_0_21_15,VPWR,li1,15.1800,68.0000,1.799997
FILLER_0_21_3,VPWR,li1,9.6600,68.0000,1.799997
FILLER_0_20_189,VPWR,li1,92.6900,68.0000,1.799993
FILLER_0_20_185,VPWR,li1,91.5400,68.0000,1.799993
FILLER_0_20_161,VPWR,li1,80.0400,68.0000,1.799995
FILLER_0_20_153,VPWR,li1,77.7400,68.0000,1.799995
FILLER_0_20_141,VPWR,li1,73.1400,68.0000,1.799995
FILLER_0_20_139,VPWR,li1,69.6900,68.0000,1.799996
FILLER_0_20_133,VPWR,li1,66.9300,68.0000,1.799997
FILLER_0_20_121,VPWR,li1,63.9400,68.0000,1.799997
FILLER_0_20_109,VPWR,li1,58.4200,68.0000,1.799998
FILLER_0_20_97,VPWR,li1,52.9000,68.0000,1.799998
FILLER_0_20_85,VPWR,li1,47.3800,68.0000,1.799998
FILLER_0_20_83,VPWR,li1,43.9300,68.0000,1.799998
FILLER_0_20_77,VPWR,li1,42.3200,68.0000,1.799998
FILLER_0_20_65,VPWR,li1,38.1800,68.0000,1.799998
FILLER_0_20_53,VPWR,li1,32.6600,68.0000,1.799997
FILLER_0_20_37,VPWR,li1,23.2300,68.0000,1.799997
FILLER_0_20_29,VPWR,li1,20.7000,68.0000,1.799997
FILLER_0_20_27,VPWR,li1,18.1700,68.0000,1.799997
FILLER_0_20_21,VPWR,li1,16.5600,68.0000,1.799997
FILLER_0_20_9,VPWR,li1,12.4200,68.0000,1.799997
FILLER_0_19_188,VPWR,li1,92.4600,62.5600,1.799994
FILLER_0_19_178,VPWR,li1,88.0900,62.5600,1.799995
FILLER_0_19_173,VPWR,li1,85.3300,62.5600,1.799995
FILLER_0_19_169,VPWR,li1,84.1800,62.5600,1.799995
FILLER_0_19_165,VPWR,li1,82.1100,62.5600,1.799995
FILLER_0_19_157,VPWR,li1,77.9700,62.5600,1.799994
FILLER_0_19_153,VPWR,li1,76.8200,62.5600,1.799994
FILLER_0_19_137,VPWR,li1,71.3000,62.5600,1.799995
FILLER_0_19_125,VPWR,li1,65.7800,62.5600,1.799995
FILLER_0_19_113,VPWR,li1,60.2600,62.5600,1.799997
FILLER_0_19_111,VPWR,li1,56.8100,62.5600,1.799997
FILLER_0_19_105,VPWR,li1,55.2000,62.5600,1.799997
FILLER_0_19_93,VPWR,li1,51.0600,62.5600,1.799997
FILLER_0_19_81,VPWR,li1,45.5400,62.5600,1.799997
FILLER_0_19_69,VPWR,li1,40.0200,62.5600,1.799998
FILLER_0_19_57,VPWR,li1,34.5000,62.5600,1.799998
FILLER_0_19_48,VPWR,li1,29.4400,62.5600,1.799998
FILLER_0_19_41,VPWR,li1,24.6100,62.5600,1.799997
FILLER_0_19_33,VPWR,li1,22.5400,62.5600,1.799997
FILLER_0_19_21,VPWR,li1,17.9400,62.5600,1.799997
FILLER_0_19_9,VPWR,li1,12.4200,62.5600,1.799998
FILLER_0_18_189,VPWR,li1,92.6900,62.5600,1.799994
FILLER_0_18_179,VPWR,li1,88.7800,62.5600,1.799994
FILLER_0_18_167,VPWR,li1,85.1000,62.5600,1.799995
FILLER_0_18_153,VPWR,li1,76.1300,62.5600,1.799994
FILLER_0_18_141,VPWR,li1,73.1400,62.5600,1.799994
FILLER_0_18_130,VPWR,li1,66.0100,62.5600,1.799995
FILLER_0_18_121,VPWR,li1,61.4100,62.5600,1.799997
FILLER_0_18_117,VPWR,li1,60.2600,62.5600,1.799997
FILLER_0_18_105,VPWR,li1,56.5800,62.5600,1.799997
FILLER_0_18_93,VPWR,li1,51.0600,62.5600,1.799997
FILLER_0_18_83,VPWR,li1,43.9300,62.5600,1.799997
FILLER_0_18_77,VPWR,li1,42.3200,62.5600,1.799997
FILLER_0_18_65,VPWR,li1,38.1800,62.5600,1.799998
FILLER_0_18_53,VPWR,li1,32.6600,62.5600,1.799998
FILLER_0_18_41,VPWR,li1,27.1400,62.5600,1.799997
FILLER_0_18_29,VPWR,li1,21.6200,62.5600,1.799997
FILLER_0_18_20,VPWR,li1,14.9500,62.5600,1.799997
FILLER_0_18_8,VPWR,li1,11.9600,62.5600,1.799998
FILLER_0_18_3,VPWR,li1,7.1300,62.5600,1.799997
FILLER_0_17_187,VPWR,li1,92.2300,57.1200,1.799994
FILLER_0_17_177,VPWR,li1,87.6300,57.1200,1.799995
FILLER_0_17_169,VPWR,li1,85.1000,57.1200,1.799996
FILLER_0_17_162,VPWR,li1,81.4200,57.1200,1.799996
FILLER_0_17_157,VPWR,li1,78.2000,57.1200,1.799996
FILLER_0_17_145,VPWR,li1,74.9800,57.1200,1.799996
FILLER_0_17_133,VPWR,li1,69.4600,57.1200,1.799996
FILLER_0_17_113,VPWR,li1,60.2600,57.1200,1.799997
FILLER_0_17_111,VPWR,li1,56.8100,57.1200,1.799997
FILLER_0_17_105,VPWR,li1,55.2000,57.1200,1.799997
FILLER_0_17_93,VPWR,li1,51.0600,57.1200,1.799997
FILLER_0_17_81,VPWR,li1,45.5400,57.1200,1.799998
FILLER_0_17_69,VPWR,li1,40.0200,57.1200,1.799998
FILLER_0_17_57,VPWR,li1,34.5000,57.1200,1.799999
FILLER_0_17_55,VPWR,li1,31.0500,57.1200,1.799998
FILLER_0_17_47,VPWR,li1,28.9800,57.1200,1.799998
FILLER_0_17_39,VPWR,li1,23.6900,57.1200,1.799998
FILLER_0_17_31,VPWR,li1,21.6200,57.1200,1.799998
FILLER_0_17_19,VPWR,li1,17.0200,57.1200,1.799998
FILLER_0_17_7,VPWR,li1,11.5000,57.1200,1.799999
FILLER_0_16_183,VPWR,li1,90.3900,57.1200,1.799994
FILLER_0_16_171,VPWR,li1,86.9400,57.1200,1.799995
FILLER_0_16_159,VPWR,li1,81.4200,57.1200,1.799996
FILLER_0_16_147,VPWR,li1,75.9000,57.1200,1.799996
FILLER_0_16_136,VPWR,li1,69.0000,57.1200,1.799996
FILLER_0_16_117,VPWR,li1,62.1000,57.1200,1.799997
FILLER_0_16_105,VPWR,li1,56.5800,57.1200,1.799997
FILLER_0_16_93,VPWR,li1,51.0600,57.1200,1.799997
FILLER_0_16_83,VPWR,li1,43.9300,57.1200,1.799998
FILLER_0_16_77,VPWR,li1,42.3200,57.1200,1.799998
FILLER_0_16_65,VPWR,li1,38.1800,57.1200,1.799998
FILLER_0_16_53,VPWR,li1,32.6600,57.1200,1.799998
FILLER_0_16_41,VPWR,li1,27.1400,57.1200,1.799998
FILLER_0_16_29,VPWR,li1,21.6200,57.1200,1.799998
FILLER_0_16_27,VPWR,li1,18.1700,57.1200,1.799998
FILLER_0_16_19,VPWR,li1,16.1000,57.1200,1.799998
FILLER_0_16_7,VPWR,li1,11.5000,57.1200,1.799999
FILLER_0_15_189,VPWR,li1,92.6900,51.6800,1.799997
FILLER_0_15_185,VPWR,li1,90.8500,51.6800,1.799997
FILLER_0_15_181,VPWR,li1,89.7000,51.6800,1.799997
FILLER_0_15_169,VPWR,li1,86.0200,51.6800,1.799998
FILLER_0_15_167,VPWR,li1,82.5700,51.6800,1.799998
FILLER_0_15_159,VPWR,li1,80.5000,51.6800,1.799998
FILLER_0_15_147,VPWR,li1,75.9000,51.6800,1.799998
FILLER_0_15_141,VPWR,li1,70.6100,51.6800,1.799998
FILLER_0_15_137,VPWR,li1,69.4600,51.6800,1.799998
FILLER_0_15_125,VPWR,li1,65.7800,51.6800,1.799999
FILLER_0_15_113,VPWR,li1,60.2600,51.6800,1.799999
FILLER_0_15_100,VPWR,li1,54.2800,51.6800,1.799999
FILLER_0_15_88,VPWR,li1,48.7600,51.6800,1.799999
FILLER_0_15_76,VPWR,li1,43.2400,51.6800,1.799999
FILLER_0_15_64,VPWR,li1,37.7200,51.6800,1.799999
FILLER_0_15_55,VPWR,li1,31.0500,51.6800,1.799998
FILLER_0_15_51,VPWR,li1,29.9000,51.6800,1.799998
FILLER_0_15_39,VPWR,li1,26.2200,51.6800,1.799998
FILLER_0_15_27,VPWR,li1,20.7000,51.6800,1.799998
FILLER_0_15_15,VPWR,li1,15.1800,51.6800,1.799998
FILLER_0_15_3,VPWR,li1,9.6600,51.6800,1.799998
FILLER_0_14_189,VPWR,li1,92.6900,51.6800,1.799997
FILLER_0_14_185,VPWR,li1,91.5400,51.6800,1.799997
FILLER_0_14_176,VPWR,li1,86.7100,51.6800,1.799998
FILLER_0_14_164,VPWR,li1,83.7200,51.6800,1.799998
FILLER_0_14_153,VPWR,li1,77.7400,51.6800,1.799998
FILLER_0_14_141,VPWR,li1,73.1400,51.6800,1.799998
FILLER_0_14_139,VPWR,li1,69.6900,51.6800,1.799998
FILLER_0_14_133,VPWR,li1,68.0800,51.6800,1.799998
FILLER_0_14_121,VPWR,li1,63.9400,51.6800,1.799999
FILLER_0_14_109,VPWR,li1,58.4200,51.6800,1.799999
FILLER_0_14_97,VPWR,li1,52.9000,51.6800,1.799999
FILLER_0_14_85,VPWR,li1,47.3800,51.6800,1.799999
FILLER_0_14_82,VPWR,li1,43.7000,51.6800,1.799999
FILLER_0_14_70,VPWR,li1,40.4800,51.6800,1.799999
FILLER_0_14_58,VPWR,li1,34.9600,51.6800,1.799998
FILLER_0_14_52,VPWR,li1,29.6700,51.6800,1.799998
FILLER_0_14_46,VPWR,li1,28.0600,51.6800,1.799998
FILLER_0_14_37,VPWR,li1,23.0000,51.6800,1.799998
FILLER_0_14_27,VPWR,li1,18.1700,51.6800,1.799998
FILLER_0_14_19,VPWR,li1,16.1000,51.6800,1.799998
FILLER_0_14_7,VPWR,li1,11.5000,51.6800,1.799998
FILLER_0_13_178,VPWR,li1,90.1600,46.2400,1.799993
FILLER_0_13_169,VPWR,li1,84.6400,46.2400,1.799995
FILLER_0_13_167,VPWR,li1,82.5700,46.2400,1.799995
FILLER_0_13_161,VPWR,li1,80.9600,46.2400,1.799995
FILLER_0_13_149,VPWR,li1,76.8200,46.2400,1.799996
FILLER_0_13_137,VPWR,li1,71.3000,46.2400,1.799997
FILLER_0_13_125,VPWR,li1,65.7800,46.2400,1.799997
FILLER_0_13_113,VPWR,li1,60.2600,46.2400,1.799998
FILLER_0_13_110,VPWR,li1,56.5800,46.2400,1.799998
FILLER_0_13_102,VPWR,li1,54.2800,46.2400,1.799998
FILLER_0_13_90,VPWR,li1,49.6800,46.2400,1.799998
FILLER_0_13_85,VPWR,li1,45.0800,46.2400,1.799998
FILLER_0_13_77,VPWR,li1,42.7800,46.2400,1.799998
FILLER_0_13_69,VPWR,li1,37.9500,46.2400,1.799999
FILLER_0_13_57,VPWR,li1,34.5000,46.2400,1.799999
FILLER_0_13_55,VPWR,li1,31.0500,46.2400,1.799999
FILLER_0_13_49,VPWR,li1,29.4400,46.2400,1.799999
FILLER_0_13_37,VPWR,li1,25.3000,46.2400,1.799999
FILLER_0_13_33,VPWR,li1,20.9300,46.2400,1.799999
FILLER_0_13_25,VPWR,li1,18.8600,46.2400,1.799999
FILLER_0_13_13,VPWR,li1,14.2600,46.2400,1.799999
FILLER_0_12_184,VPWR,li1,90.6200,46.2400,1.799993
FILLER_0_12_178,VPWR,li1,88.0900,46.2400,1.799994
FILLER_0_12_170,VPWR,li1,85.5600,46.2400,1.799995
FILLER_0_12_162,VPWR,li1,80.2700,46.2400,1.799995
FILLER_0_12_150,VPWR,li1,77.2800,46.2400,1.799996
FILLER_0_12_141,VPWR,li1,71.0700,46.2400,1.799997
FILLER_0_12_139,VPWR,li1,69.6900,46.2400,1.799997
FILLER_0_12_133,VPWR,li1,68.0800,46.2400,1.799997
FILLER_0_12_121,VPWR,li1,63.9400,46.2400,1.799998
FILLER_0_12_109,VPWR,li1,58.4200,46.2400,1.799998
FILLER_0_12_97,VPWR,li1,52.9000,46.2400,1.799998
FILLER_0_12_85,VPWR,li1,47.3800,46.2400,1.799998
FILLER_0_12_83,VPWR,li1,43.9300,46.2400,1.799998
FILLER_0_12_77,VPWR,li1,42.3200,46.2400,1.799998
FILLER_0_12_65,VPWR,li1,38.1800,46.2400,1.799999
FILLER_0_12_53,VPWR,li1,32.6600,46.2400,1.799999
FILLER_0_12_41,VPWR,li1,27.1400,46.2400,1.799999
FILLER_0_12_29,VPWR,li1,21.6200,46.2400,1.799999
FILLER_0_12_27,VPWR,li1,18.1700,46.2400,1.799999
FILLER_0_12_15,VPWR,li1,15.1800,46.2400,1.799999
FILLER_0_12_3,VPWR,li1,9.6600,46.2400,1.799999
FILLER_0_11_188,VPWR,li1,92.4600,40.8000,1.800000
FILLER_0_11_176,VPWR,li1,89.2400,40.8000,1.800000
FILLER_0_11_167,VPWR,li1,82.5700,40.8000,1.800000
FILLER_0_11_159,VPWR,li1,80.5000,40.8000,1.800000
FILLER_0_11_147,VPWR,li1,75.9000,40.8000,1.800000
FILLER_0_11_136,VPWR,li1,69.9200,40.8000,1.800000
FILLER_0_11_124,VPWR,li1,65.3200,40.8000,1.800000
FILLER_0_11_113,VPWR,li1,58.8800,40.8000,1.800000
FILLER_0_11_111,VPWR,li1,56.8100,40.8000,1.800000
FILLER_0_11_105,VPWR,li1,55.2000,40.8000,1.800000
FILLER_0_11_93,VPWR,li1,51.0600,40.8000,1.800000
FILLER_0_11_81,VPWR,li1,45.5400,40.8000,1.800000
FILLER_0_11_69,VPWR,li1,40.0200,40.8000,1.800000
FILLER_0_11_57,VPWR,li1,34.5000,40.8000,1.800000
FILLER_0_11_55,VPWR,li1,31.0500,40.8000,1.800000
FILLER_0_11_43,VPWR,li1,28.0600,40.8000,1.799999
FILLER_0_11_31,VPWR,li1,22.5400,40.8000,1.799999
FILLER_0_11_19,VPWR,li1,17.0200,40.8000,1.799999
FILLER_0_11_7,VPWR,li1,11.5000,40.8000,1.799999
FILLER_0_10_189,VPWR,li1,92.6900,40.8000,1.800000
FILLER_0_10_177,VPWR,li1,89.7000,40.8000,1.800000
FILLER_0_10_165,VPWR,li1,84.1800,40.8000,1.800000
FILLER_0_10_153,VPWR,li1,78.6600,40.8000,1.800000
FILLER_0_10_141,VPWR,li1,73.1400,40.8000,1.800000
FILLER_0_10_139,VPWR,li1,69.6900,40.8000,1.800000
FILLER_0_10_133,VPWR,li1,68.0800,40.8000,1.800000
FILLER_0_10_121,VPWR,li1,63.9400,40.8000,1.800000
FILLER_0_10_109,VPWR,li1,58.4200,40.8000,1.800000
FILLER_0_10_97,VPWR,li1,52.9000,40.8000,1.800000
FILLER_0_10_85,VPWR,li1,47.3800,40.8000,1.800000
FILLER_0_10_83,VPWR,li1,43.9300,40.8000,1.800000
FILLER_0_10_77,VPWR,li1,42.3200,40.8000,1.800000
FILLER_0_10_65,VPWR,li1,38.1800,40.8000,1.800000
FILLER_0_10_53,VPWR,li1,32.6600,40.8000,1.800000
FILLER_0_10_41,VPWR,li1,27.1400,40.8000,1.799999
FILLER_0_10_29,VPWR,li1,21.6200,40.8000,1.799999
FILLER_0_10_27,VPWR,li1,18.1700,40.8000,1.799999
FILLER_0_10_19,VPWR,li1,16.1000,40.8000,1.799999
FILLER_0_10_7,VPWR,li1,11.5000,40.8000,1.799999
FILLER_0_9_189,VPWR,li1,92.6900,35.3600,1.799996
FILLER_0_9_185,VPWR,li1,91.5400,35.3600,1.799996
FILLER_0_9_181,VPWR,li1,89.0100,35.3600,1.799996
FILLER_0_9_169,VPWR,li1,86.0200,35.3600,1.799997
FILLER_0_9_167,VPWR,li1,82.5700,35.3600,1.799997
FILLER_0_9_161,VPWR,li1,80.9600,35.3600,1.799997
FILLER_0_9_149,VPWR,li1,76.8200,35.3600,1.799997
FILLER_0_9_137,VPWR,li1,71.3000,35.3600,1.799998
FILLER_0_9_125,VPWR,li1,65.7800,35.3600,1.799998
FILLER_0_9_113,VPWR,li1,60.2600,35.3600,1.799998
FILLER_0_9_111,VPWR,li1,56.8100,35.3600,1.799998
FILLER_0_9_105,VPWR,li1,55.2000,35.3600,1.799998
FILLER_0_9_93,VPWR,li1,51.0600,35.3600,1.799997
FILLER_0_9_81,VPWR,li1,45.5400,35.3600,1.799997
FILLER_0_9_69,VPWR,li1,40.0200,35.3600,1.799997
FILLER_0_9_57,VPWR,li1,34.5000,35.3600,1.799997
FILLER_0_9_50,VPWR,li1,29.9000,35.3600,1.799997
FILLER_0_9_38,VPWR,li1,25.7600,35.3600,1.799996
FILLER_0_9_26,VPWR,li1,20.2400,35.3600,1.799996
FILLER_0_9_14,VPWR,li1,14.7200,35.3600,1.799995
FILLER_0_9_10,VPWR,li1,10.5800,35.3600,1.799995
FILLER_0_9_3,VPWR,li1,7.1300,35.3600,1.799995
FILLER_0_8_185,VPWR,li1,90.8500,35.3600,1.799996
FILLER_0_8_177,VPWR,li1,88.7800,35.3600,1.799996
FILLER_0_8_165,VPWR,li1,84.1800,35.3600,1.799997
FILLER_0_8_153,VPWR,li1,78.6600,35.3600,1.799997
FILLER_0_8_141,VPWR,li1,73.1400,35.3600,1.799998
FILLER_0_8_132,VPWR,li1,68.0800,35.3600,1.799998
FILLER_0_8_123,VPWR,li1,62.5600,35.3600,1.799998
FILLER_0_8_115,VPWR,li1,60.2600,35.3600,1.799998
FILLER_0_8_103,VPWR,li1,55.6600,35.3600,1.799998
FILLER_0_8_85,VPWR,li1,46.4600,35.3600,1.799997
FILLER_0_8_76,VPWR,li1,42.3200,35.3600,1.799997
FILLER_0_8_72,VPWR,li1,38.8700,35.3600,1.799997
FILLER_0_8_68,VPWR,li1,37.0300,35.3600,1.799997
FILLER_0_8_56,VPWR,li1,34.0400,35.3600,1.799997
FILLER_0_8_44,VPWR,li1,28.5200,35.3600,1.799997
FILLER_0_8_29,VPWR,li1,20.7000,35.3600,1.799996
FILLER_0_8_27,VPWR,li1,18.1700,35.3600,1.799996
FILLER_0_8_21,VPWR,li1,16.5600,35.3600,1.799996
FILLER_0_8_15,VPWR,li1,12.6500,35.3600,1.799995
FILLER_0_8_9,VPWR,li1,11.0400,35.3600,1.799995
FILLER_0_7_186,VPWR,li1,92.0000,29.9200,1.799998
FILLER_0_7_181,VPWR,li1,89.2400,29.9200,1.799998
FILLER_0_7_169,VPWR,li1,86.0200,29.9200,1.799998
FILLER_0_7_165,VPWR,li1,82.1100,29.9200,1.799998
FILLER_0_7_149,VPWR,li1,75.9000,29.9200,1.799997
FILLER_0_7_137,VPWR,li1,71.3000,29.9200,1.799997
FILLER_0_7_125,VPWR,li1,65.7800,29.9200,1.799996
FILLER_0_7_113,VPWR,li1,60.2600,29.9200,1.799996
FILLER_0_7_100,VPWR,li1,54.2800,29.9200,1.799996
FILLER_0_7_87,VPWR,li1,45.7700,29.9200,1.799996
FILLER_0_7_81,VPWR,li1,44.1600,29.9200,1.799997
FILLER_0_7_69,VPWR,li1,40.0200,29.9200,1.799997
FILLER_0_7_57,VPWR,li1,34.5000,29.9200,1.799997
FILLER_0_7_55,VPWR,li1,31.0500,29.9200,1.799997
FILLER_0_7_51,VPWR,li1,29.9000,29.9200,1.799997
FILLER_0_7_41,VPWR,li1,25.0700,29.9200,1.799997
FILLER_0_7_33,VPWR,li1,22.5400,29.9200,1.799997
FILLER_0_7_21,VPWR,li1,17.9400,29.9200,1.799997
FILLER_0_7_9,VPWR,li1,12.4200,29.9200,1.799997
FILLER_0_6_189,VPWR,li1,92.6900,29.9200,1.799998
FILLER_0_6_177,VPWR,li1,89.7000,29.9200,1.799998
FILLER_0_6_165,VPWR,li1,84.1800,29.9200,1.799998
FILLER_0_6_153,VPWR,li1,78.6600,29.9200,1.799997
FILLER_0_6_141,VPWR,li1,73.1400,29.9200,1.799997
FILLER_0_6_137,VPWR,li1,69.2300,29.9200,1.799996
FILLER_0_6_125,VPWR,li1,65.7800,29.9200,1.799996
FILLER_0_6_113,VPWR,li1,57.9600,29.9200,1.799996
FILLER_0_6_101,VPWR,li1,54.7400,29.9200,1.799996
FILLER_0_6_89,VPWR,li1,47.8400,29.9200,1.799996
FILLER_0_6_85,VPWR,li1,44.8500,29.9200,1.799996
FILLER_0_6_83,VPWR,li1,43.9300,29.9200,1.799997
FILLER_0_6_79,VPWR,li1,42.7800,29.9200,1.799997
FILLER_0_6_67,VPWR,li1,39.1000,29.9200,1.799997
FILLER_0_6_55,VPWR,li1,33.5800,29.9200,1.799997
FILLER_0_6_43,VPWR,li1,28.0600,29.9200,1.799997
FILLER_0_6_35,VPWR,li1,21.8500,29.9200,1.799997
FILLER_0_6_29,VPWR,li1,20.2400,29.9200,1.799997
FILLER_0_6_27,VPWR,li1,18.1700,29.9200,1.799997
FILLER_0_6_15,VPWR,li1,15.1800,29.9200,1.799997
FILLER_0_6_3,VPWR,li1,9.6600,29.9200,1.799997
FILLER_0_5_189,VPWR,li1,92.6900,24.4800,1.799998
FILLER_0_5_181,VPWR,li1,90.6200,24.4800,1.799998
FILLER_0_5_169,VPWR,li1,86.0200,24.4800,1.799998
FILLER_0_5_149,VPWR,li1,75.4400,24.4800,1.799997
FILLER_0_5_137,VPWR,li1,71.3000,24.4800,1.799998
FILLER_0_5_125,VPWR,li1,65.7800,24.4800,1.799998
FILLER_0_5_113,VPWR,li1,60.2600,24.4800,1.799999
FILLER_0_5_111,VPWR,li1,56.8100,24.4800,1.799998
FILLER_0_5_105,VPWR,li1,55.2000,24.4800,1.799998
FILLER_0_5_93,VPWR,li1,51.0600,24.4800,1.799998
FILLER_0_5_81,VPWR,li1,45.5400,24.4800,1.799998
FILLER_0_5_69,VPWR,li1,40.0200,24.4800,1.799998
FILLER_0_5_57,VPWR,li1,34.5000,24.4800,1.799997
FILLER_0_5_48,VPWR,li1,29.4400,24.4800,1.799997
FILLER_0_5_35,VPWR,li1,23.4600,24.4800,1.799997
FILLER_0_5_25,VPWR,li1,17.2500,24.4800,1.799997
FILLER_0_5_19,VPWR,li1,15.6400,24.4800,1.799997
FILLER_0_5_7,VPWR,li1,11.5000,24.4800,1.799998
FILLER_0_4_187,VPWR,li1,92.2300,24.4800,1.799998
FILLER_0_4_179,VPWR,li1,89.7000,24.4800,1.799998
FILLER_0_4_167,VPWR,li1,85.1000,24.4800,1.799998
FILLER_0_4_155,VPWR,li1,79.5800,24.4800,1.799997
FILLER_0_4_149,VPWR,li1,74.2900,24.4800,1.799997
FILLER_0_4_141,VPWR,li1,72.2200,24.4800,1.799998
FILLER_0_4_134,VPWR,li1,68.5400,24.4800,1.799998
FILLER_0_4_122,VPWR,li1,64.4000,24.4800,1.799998
FILLER_0_4_110,VPWR,li1,58.8800,24.4800,1.799999
FILLER_0_4_105,VPWR,li1,54.2800,24.4800,1.799998
FILLER_0_4_97,VPWR,li1,51.9800,24.4800,1.799998
FILLER_0_4_85,VPWR,li1,47.3800,24.4800,1.799998
FILLER_0_4_76,VPWR,li1,42.3200,24.4800,1.799998
FILLER_0_4_64,VPWR,li1,37.7200,24.4800,1.799998
FILLER_0_4_56,VPWR,li1,31.5100,24.4800,1.799997
FILLER_0_4_52,VPWR,li1,30.3600,24.4800,1.799997
FILLER_0_4_45,VPWR,li1,26.4500,24.4800,1.799997
FILLER_0_4_41,VPWR,li1,25.3000,24.4800,1.799997
FILLER_0_4_29,VPWR,li1,21.6200,24.4800,1.799997
FILLER_0_4_27,VPWR,li1,18.1700,24.4800,1.799997
FILLER_0_4_19,VPWR,li1,16.1000,24.4800,1.799997
FILLER_0_4_7,VPWR,li1,11.5000,24.4800,1.799998
FILLER_0_3_185,VPWR,li1,90.8500,19.0400,1.799991
FILLER_0_3_181,VPWR,li1,89.7000,19.0400,1.799991
FILLER_0_3_169,VPWR,li1,86.0200,19.0400,1.799993
FILLER_0_3_167,VPWR,li1,82.5700,19.0400,1.799994
FILLER_0_3_161,VPWR,li1,80.9600,19.0400,1.799994
FILLER_0_3_149,VPWR,li1,76.8200,19.0400,1.799994
FILLER_0_3_137,VPWR,li1,71.3000,19.0400,1.799994
FILLER_0_3_125,VPWR,li1,65.7800,19.0400,1.799994
FILLER_0_3_113,VPWR,li1,60.2600,19.0400,1.799995
FILLER_0_3_109,VPWR,li1,56.3500,19.0400,1.799995
FILLER_0_3_97,VPWR,li1,52.9000,19.0400,1.799994
FILLER_0_3_85,VPWR,li1,47.3800,19.0400,1.799994
FILLER_0_3_77,VPWR,li1,41.1700,19.0400,1.799995
FILLER_0_3_69,VPWR,li1,39.1000,19.0400,1.799995
FILLER_0_3_57,VPWR,li1,34.5000,19.0400,1.799996
FILLER_0_3_53,VPWR,li1,30.5900,19.0400,1.799996
FILLER_0_3_45,VPWR,li1,28.0600,19.0400,1.799996
FILLER_0_3_23,VPWR,li1,17.4800,19.0400,1.799996
FILLER_0_3_17,VPWR,li1,14.0300,19.0400,1.799996
FILLER_0_3_9,VPWR,li1,11.5000,19.0400,1.799997
FILLER_0_2_189,VPWR,li1,92.6900,19.0400,1.799991
FILLER_0_2_161,VPWR,li1,79.8100,19.0400,1.799994
FILLER_0_2_153,VPWR,li1,77.7400,19.0400,1.799994
FILLER_0_2_141,VPWR,li1,73.1400,19.0400,1.799994
FILLER_0_2_137,VPWR,li1,69.2300,19.0400,1.799994
FILLER_0_2_125,VPWR,li1,65.7800,19.0400,1.799994
FILLER_0_2_114,VPWR,li1,58.8800,19.0400,1.799995
FILLER_0_2_101,VPWR,li1,53.3600,19.0400,1.799994
FILLER_0_2_92,VPWR,li1,49.2200,19.0400,1.799994
FILLER_0_2_83,VPWR,li1,43.9300,19.0400,1.799994
FILLER_0_2_77,VPWR,li1,42.3200,19.0400,1.799995
FILLER_0_2_65,VPWR,li1,38.1800,19.0400,1.799995
FILLER_0_2_53,VPWR,li1,32.6600,19.0400,1.799996
FILLER_0_2_41,VPWR,li1,27.1400,19.0400,1.799996
FILLER_0_2_29,VPWR,li1,21.6200,19.0400,1.799995
FILLER_0_2_27,VPWR,li1,18.1700,19.0400,1.799996
FILLER_0_2_21,VPWR,li1,16.5600,19.0400,1.799996
FILLER_0_2_9,VPWR,li1,12.4200,19.0400,1.799996
FILLER_0_1_189,VPWR,li1,92.6900,13.6000,1.799994
FILLER_0_1_181,VPWR,li1,90.6200,13.6000,1.799995
FILLER_0_1_169,VPWR,li1,86.0200,13.6000,1.799996
FILLER_0_1_160,VPWR,li1,80.9600,13.6000,1.799996
FILLER_0_1_125,VPWR,li1,65.7800,13.6000,1.799997
FILLER_0_1_113,VPWR,li1,60.2600,13.6000,1.799998
FILLER_0_1_111,VPWR,li1,56.8100,13.6000,1.799998
FILLER_0_1_105,VPWR,li1,55.2000,13.6000,1.799998
FILLER_0_1_93,VPWR,li1,51.0600,13.6000,1.799998
FILLER_0_1_81,VPWR,li1,45.5400,13.6000,1.799998
FILLER_0_1_69,VPWR,li1,40.0200,13.6000,1.799998
FILLER_0_1_57,VPWR,li1,34.5000,13.6000,1.799998
FILLER_0_1_55,VPWR,li1,31.0500,13.6000,1.799998
FILLER_0_1_43,VPWR,li1,28.0600,13.6000,1.799998
FILLER_0_1_31,VPWR,li1,22.5400,13.6000,1.799997
FILLER_0_1_19,VPWR,li1,17.0200,13.6000,1.799997
FILLER_0_1_7,VPWR,li1,11.5000,13.6000,1.799997
FILLER_0_0_184,VPWR,li1,90.6200,13.6000,1.799995
FILLER_0_0_181,VPWR,li1,89.0100,13.6000,1.799995
FILLER_0_0_169,VPWR,li1,86.0200,13.6000,1.799996
FILLER_0_0_165,VPWR,li1,82.1100,13.6000,1.799996
FILLER_0_0_157,VPWR,li1,79.5800,13.6000,1.799996
FILLER_0_0_149,VPWR,li1,74.2900,13.6000,1.799996
FILLER_0_0_141,VPWR,li1,72.2200,13.6000,1.799996
FILLER_0_0_137,VPWR,li1,69.2300,13.6000,1.799997
FILLER_0_0_125,VPWR,li1,65.7800,13.6000,1.799997
FILLER_0_0_113,VPWR,li1,60.2600,13.6000,1.799998
FILLER_0_0_109,VPWR,li1,56.3500,13.6000,1.799998
FILLER_0_0_97,VPWR,li1,52.9000,13.6000,1.799998
FILLER_0_0_85,VPWR,li1,47.3800,13.6000,1.799998
FILLER_0_0_83,VPWR,li1,43.9300,13.6000,1.799998
FILLER_0_0_75,VPWR,li1,41.8600,13.6000,1.799998
FILLER_0_0_65,VPWR,li1,36.1100,13.6000,1.799998
FILLER_0_0_57,VPWR,li1,33.5800,13.6000,1.799998
FILLER_0_0_55,VPWR,li1,31.0500,13.6000,1.799998
FILLER_0_0_43,VPWR,li1,28.0600,13.6000,1.799998
FILLER_0_0_35,VPWR,li1,21.8500,13.6000,1.799997
FILLER_0_0_29,VPWR,li1,20.2400,13.6000,1.799997
FILLER_0_0_25,VPWR,li1,17.7100,13.6000,1.799997
FILLER_0_0_13,VPWR,li1,14.2600,13.6000,1.799997
FILLER_0_0_9,VPWR,li1,9.8900,13.6000,1.799997
FILLER_0_0_3,VPWR,li1,8.2800,13.6000,1.799997
ANTENNA_3,VPWR,li1,89.7000,13.6000,1.799995
ANTENNA_2,VPWR,li1,11.5000,35.3600,1.799995
ANTENNA_1,VPWR,li1,87.4000,73.4400,1.799998
clone1,VPWR,li1,49.4500,29.9200,1.799996
output27,VPWR,li1,92.0000,13.6000,1.799994
output26,VPWR,li1,92.0000,19.0400,1.799991
output25,VPWR,li1,92.0000,35.3600,1.799996
output24,VPWR,li1,92.0000,46.2400,1.799992
output23,VPWR,li1,92.0000,57.1200,1.799994
output22,VPWR,li1,92.0000,68.0000,1.799993
output21,VPWR,li1,92.0000,78.8800,1.799993
output20,VPWR,li1,92.0000,84.3200,1.799994
input19,VPWR,li1,8.2800,78.8800,1.799997
input18,VPWR,li1,11.0400,84.3200,1.799995
input17,VPWR,li1,7.8200,84.3200,1.799994
input16,VPWR,li1,9.2000,46.2400,1.799999
input15,VPWR,li1,7.8200,51.6800,1.799998
input14,VPWR,li1,7.8200,57.1200,1.799998
input13,VPWR,li1,7.8200,57.1200,1.799998
input12,VPWR,li1,8.2800,62.5600,1.799997
input11,VPWR,li1,8.2800,68.0000,1.799997
input10,VPWR,li1,8.2800,73.4400,1.799995
input9,VPWR,li1,7.8200,73.4400,1.799994
input8,VPWR,li1,7.8200,13.6000,1.799997
input7,VPWR,li1,8.2800,19.0400,1.799996
input6,VPWR,li1,7.8200,24.4800,1.799997
input5,VPWR,li1,7.8200,24.4800,1.799997
input4,VPWR,li1,8.2800,29.9200,1.799997
input3,VPWR,li1,8.2800,35.3600,1.799995
input2,VPWR,li1,7.8200,40.8000,1.799998
input1,VPWR,li1,7.8200,40.8000,1.799998
TAP_TAPCELL_ROW_27_145,VPWR,li1,83.0300,84.6260,1.799997
TAP_TAPCELL_ROW_27_144,VPWR,li1,70.1500,84.6260,1.799997
TAP_TAPCELL_ROW_27_143,VPWR,li1,57.2700,84.6260,1.799998
TAP_TAPCELL_ROW_27_142,VPWR,li1,44.3900,84.6260,1.799997
TAP_TAPCELL_ROW_27_141,VPWR,li1,31.5100,84.6260,1.799996
TAP_TAPCELL_ROW_27_140,VPWR,li1,18.6300,84.6260,1.799995
TAP_TAPCELL_ROW_26_139,VPWR,li1,70.1500,84.0130,1.799997
TAP_TAPCELL_ROW_26_138,VPWR,li1,44.3900,84.0130,1.799997
TAP_TAPCELL_ROW_26_137,VPWR,li1,18.6300,84.0130,1.799995
TAP_TAPCELL_ROW_25_136,VPWR,li1,83.0300,79.1860,1.799996
TAP_TAPCELL_ROW_25_135,VPWR,li1,57.2700,79.1860,1.799997
TAP_TAPCELL_ROW_25_134,VPWR,li1,31.5100,79.1860,1.799996
TAP_TAPCELL_ROW_24_133,VPWR,li1,70.1500,78.5730,1.799996
TAP_TAPCELL_ROW_24_132,VPWR,li1,44.3900,78.5730,1.799995
TAP_TAPCELL_ROW_24_131,VPWR,li1,18.6300,78.5730,1.799995
TAP_TAPCELL_ROW_23_130,VPWR,li1,83.0300,73.7460,1.799998
TAP_TAPCELL_ROW_23_129,VPWR,li1,57.2700,73.7460,1.799997
TAP_TAPCELL_ROW_23_128,VPWR,li1,31.5100,73.7460,1.799997
TAP_TAPCELL_ROW_22_127,VPWR,li1,70.1500,73.1330,1.799997
TAP_TAPCELL_ROW_22_126,VPWR,li1,44.3900,73.1330,1.799996
TAP_TAPCELL_ROW_22_125,VPWR,li1,18.6300,73.1330,1.799996
TAP_TAPCELL_ROW_21_124,VPWR,li1,83.0300,68.3060,1.799995
TAP_TAPCELL_ROW_21_123,VPWR,li1,57.2700,68.3060,1.799998
TAP_TAPCELL_ROW_21_122,VPWR,li1,31.5100,68.3060,1.799997
TAP_TAPCELL_ROW_20_121,VPWR,li1,70.1500,67.6930,1.799996
TAP_TAPCELL_ROW_20_120,VPWR,li1,44.3900,67.6930,1.799998
TAP_TAPCELL_ROW_20_119,VPWR,li1,18.6300,67.6930,1.799997
TAP_TAPCELL_ROW_19_118,VPWR,li1,83.0300,62.8660,1.799995
TAP_TAPCELL_ROW_19_117,VPWR,li1,57.2700,62.8660,1.799997
TAP_TAPCELL_ROW_19_116,VPWR,li1,31.5100,62.8660,1.799998
TAP_TAPCELL_ROW_18_115,VPWR,li1,70.1500,62.2530,1.799995
TAP_TAPCELL_ROW_18_114,VPWR,li1,44.3900,62.2530,1.799997
TAP_TAPCELL_ROW_18_113,VPWR,li1,18.6300,62.2530,1.799997
TAP_TAPCELL_ROW_17_112,VPWR,li1,83.0300,57.4260,1.799996
TAP_TAPCELL_ROW_17_111,VPWR,li1,57.2700,57.4260,1.799997
TAP_TAPCELL_ROW_17_110,VPWR,li1,31.5100,57.4260,1.799998
TAP_TAPCELL_ROW_16_109,VPWR,li1,70.1500,56.8130,1.799996
TAP_TAPCELL_ROW_16_108,VPWR,li1,44.3900,56.8130,1.799998
TAP_TAPCELL_ROW_16_107,VPWR,li1,18.6300,56.8130,1.799998
TAP_TAPCELL_ROW_15_106,VPWR,li1,83.0300,51.9860,1.799998
TAP_TAPCELL_ROW_15_105,VPWR,li1,57.2700,51.9860,1.799999
TAP_TAPCELL_ROW_15_104,VPWR,li1,31.5100,51.9860,1.799998
TAP_TAPCELL_ROW_14_103,VPWR,li1,70.1500,51.3730,1.799998
TAP_TAPCELL_ROW_14_102,VPWR,li1,44.3900,51.3730,1.799999
TAP_TAPCELL_ROW_14_101,VPWR,li1,18.6300,51.3730,1.799998
TAP_TAPCELL_ROW_13_100,VPWR,li1,83.0300,46.5460,1.799995
TAP_TAPCELL_ROW_13_99,VPWR,li1,57.2700,46.5460,1.799998
TAP_TAPCELL_ROW_13_98,VPWR,li1,31.5100,46.5460,1.799999
TAP_TAPCELL_ROW_12_97,VPWR,li1,70.1500,45.9330,1.799997
TAP_TAPCELL_ROW_12_96,VPWR,li1,44.3900,45.9330,1.799998
TAP_TAPCELL_ROW_12_95,VPWR,li1,18.6300,45.9330,1.799999
TAP_TAPCELL_ROW_11_94,VPWR,li1,83.0300,41.1060,1.800000
TAP_TAPCELL_ROW_11_93,VPWR,li1,57.2700,41.1060,1.800000
TAP_TAPCELL_ROW_11_92,VPWR,li1,31.5100,41.1060,1.800000
TAP_TAPCELL_ROW_10_91,VPWR,li1,70.1500,40.4930,1.800000
TAP_TAPCELL_ROW_10_90,VPWR,li1,44.3900,40.4930,1.800000
TAP_TAPCELL_ROW_10_89,VPWR,li1,18.6300,40.4930,1.799999
TAP_TAPCELL_ROW_9_88,VPWR,li1,83.0300,35.6660,1.799997
TAP_TAPCELL_ROW_9_87,VPWR,li1,57.2700,35.6660,1.799998
TAP_TAPCELL_ROW_9_86,VPWR,li1,31.5100,35.6660,1.799997
TAP_TAPCELL_ROW_8_85,VPWR,li1,70.1500,35.0530,1.799998
TAP_TAPCELL_ROW_8_84,VPWR,li1,44.3900,35.0530,1.799997
TAP_TAPCELL_ROW_8_83,VPWR,li1,18.6300,35.0530,1.799996
TAP_TAPCELL_ROW_7_82,VPWR,li1,83.0300,30.2260,1.799998
TAP_TAPCELL_ROW_7_81,VPWR,li1,57.2700,30.2260,1.799996
TAP_TAPCELL_ROW_7_80,VPWR,li1,31.5100,30.2260,1.799997
TAP_TAPCELL_ROW_6_79,VPWR,li1,70.1500,29.6130,1.799996
TAP_TAPCELL_ROW_6_78,VPWR,li1,44.3900,29.6130,1.799997
TAP_TAPCELL_ROW_6_77,VPWR,li1,18.6300,29.6130,1.799997
TAP_TAPCELL_ROW_5_76,VPWR,li1,83.0300,24.7860,1.799998
TAP_TAPCELL_ROW_5_75,VPWR,li1,57.2700,24.7860,1.799998
TAP_TAPCELL_ROW_5_74,VPWR,li1,31.5100,24.7860,1.799997
TAP_TAPCELL_ROW_4_73,VPWR,li1,70.1500,24.1730,1.799998
TAP_TAPCELL_ROW_4_72,VPWR,li1,44.3900,24.1730,1.799998
TAP_TAPCELL_ROW_4_71,VPWR,li1,18.6300,24.1730,1.799997
TAP_TAPCELL_ROW_3_70,VPWR,li1,83.0300,19.3460,1.799994
TAP_TAPCELL_ROW_3_69,VPWR,li1,57.2700,19.3460,1.799995
TAP_TAPCELL_ROW_3_68,VPWR,li1,31.5100,19.3460,1.799996
TAP_TAPCELL_ROW_2_67,VPWR,li1,70.1500,18.7330,1.799994
TAP_TAPCELL_ROW_2_66,VPWR,li1,44.3900,18.7330,1.799994
TAP_TAPCELL_ROW_2_65,VPWR,li1,18.6300,18.7330,1.799996
TAP_TAPCELL_ROW_1_64,VPWR,li1,83.0300,13.9060,1.799996
TAP_TAPCELL_ROW_1_63,VPWR,li1,57.2700,13.9060,1.799998
TAP_TAPCELL_ROW_1_62,VPWR,li1,31.5100,13.9060,1.799998
TAP_TAPCELL_ROW_0_61,VPWR,li1,83.0300,13.2930,1.799996
TAP_TAPCELL_ROW_0_60,VPWR,li1,70.1500,13.2930,1.799997
TAP_TAPCELL_ROW_0_59,VPWR,li1,57.2700,13.2930,1.799998
TAP_TAPCELL_ROW_0_58,VPWR,li1,44.3900,13.2930,1.799998
TAP_TAPCELL_ROW_0_57,VPWR,li1,31.5100,13.2930,1.799998
TAP_TAPCELL_ROW_0_56,VPWR,li1,18.6300,13.2930,1.799997
PHY_EDGE_ROW_27_Left_55,VPWR,li1,6.2100,84.3200,1.799994
PHY_EDGE_ROW_26_Left_54,VPWR,li1,6.2100,84.3200,1.799994
PHY_EDGE_ROW_25_Left_53,VPWR,li1,6.2100,78.8800,1.799997
PHY_EDGE_ROW_24_Left_52,VPWR,li1,6.2100,78.8800,1.799997
PHY_EDGE_ROW_23_Left_51,VPWR,li1,6.2100,73.4400,1.799994
PHY_EDGE_ROW_22_Left_50,VPWR,li1,6.2100,73.4400,1.799994
PHY_EDGE_ROW_21_Left_49,VPWR,li1,6.2100,68.0000,1.799997
PHY_EDGE_ROW_20_Left_48,VPWR,li1,6.2100,68.0000,1.799997
PHY_EDGE_ROW_19_Left_47,VPWR,li1,6.2100,62.5600,1.799997
PHY_EDGE_ROW_18_Left_46,VPWR,li1,6.2100,62.5600,1.799997
PHY_EDGE_ROW_17_Left_45,VPWR,li1,6.2100,57.1200,1.799998
PHY_EDGE_ROW_16_Left_44,VPWR,li1,6.2100,57.1200,1.799998
PHY_EDGE_ROW_15_Left_43,VPWR,li1,6.2100,51.6800,1.799998
PHY_EDGE_ROW_14_Left_42,VPWR,li1,6.2100,51.6800,1.799998
PHY_EDGE_ROW_13_Left_41,VPWR,li1,6.2100,46.2400,1.799999
PHY_EDGE_ROW_12_Left_40,VPWR,li1,6.2100,46.2400,1.799999
PHY_EDGE_ROW_11_Left_39,VPWR,li1,6.2100,40.8000,1.799998
PHY_EDGE_ROW_10_Left_38,VPWR,li1,6.2100,40.8000,1.799998
PHY_EDGE_ROW_9_Left_37,VPWR,li1,6.2100,35.3600,1.799995
PHY_EDGE_ROW_8_Left_36,VPWR,li1,6.2100,35.3600,1.799995
PHY_EDGE_ROW_7_Left_35,VPWR,li1,6.2100,29.9200,1.799997
PHY_EDGE_ROW_6_Left_34,VPWR,li1,6.2100,29.9200,1.799997
PHY_EDGE_ROW_5_Left_33,VPWR,li1,6.2100,24.4800,1.799997
PHY_EDGE_ROW_4_Left_32,VPWR,li1,6.2100,24.4800,1.799997
PHY_EDGE_ROW_3_Left_31,VPWR,li1,6.2100,19.0400,1.799996
PHY_EDGE_ROW_2_Left_30,VPWR,li1,6.2100,19.0400,1.799996
PHY_EDGE_ROW_1_Left_29,VPWR,li1,6.2100,13.6000,1.799997
PHY_EDGE_ROW_0_Left_28,VPWR,li1,6.2100,13.6000,1.799997
PHY_EDGE_ROW_27_Right_27,VPWR,li1,93.6100,84.3200,1.799994
PHY_EDGE_ROW_26_Right_26,VPWR,li1,93.6100,84.3200,1.799994
PHY_EDGE_ROW_25_Right_25,VPWR,li1,93.6100,78.8800,1.799993
PHY_EDGE_ROW_24_Right_24,VPWR,li1,93.6100,78.8800,1.799993
PHY_EDGE_ROW_23_Right_23,VPWR,li1,93.6100,73.4400,1.799998
PHY_EDGE_ROW_22_Right_22,VPWR,li1,93.6100,73.4400,1.799998
PHY_EDGE_ROW_21_Right_21,VPWR,li1,93.6100,68.0000,1.799993
PHY_EDGE_ROW_20_Right_20,VPWR,li1,93.6100,68.0000,1.799993
PHY_EDGE_ROW_19_Right_19,VPWR,li1,93.6100,62.5600,1.799994
PHY_EDGE_ROW_18_Right_18,VPWR,li1,93.6100,62.5600,1.799994
PHY_EDGE_ROW_17_Right_17,VPWR,li1,93.6100,57.1200,1.799994
PHY_EDGE_ROW_16_Right_16,VPWR,li1,93.6100,57.1200,1.799994
PHY_EDGE_ROW_15_Right_15,VPWR,li1,93.6100,51.6800,1.799997
PHY_EDGE_ROW_14_Right_14,VPWR,li1,93.6100,51.6800,1.799997
PHY_EDGE_ROW_13_Right_13,VPWR,li1,93.6100,46.2400,1.799992
PHY_EDGE_ROW_12_Right_12,VPWR,li1,93.6100,46.2400,1.799992
PHY_EDGE_ROW_11_Right_11,VPWR,li1,93.6100,40.8000,1.800000
PHY_EDGE_ROW_10_Right_10,VPWR,li1,93.6100,40.8000,1.800000
PHY_EDGE_ROW_9_Right_9,VPWR,li1,93.6100,35.3600,1.799996
PHY_EDGE_ROW_8_Right_8,VPWR,li1,93.6100,35.3600,1.799996
PHY_EDGE_ROW_7_Right_7,VPWR,li1,93.6100,29.9200,1.799998
PHY_EDGE_ROW_6_Right_6,VPWR,li1,93.6100,29.9200,1.799998
PHY_EDGE_ROW_5_Right_5,VPWR,li1,93.6100,24.4800,1.799998
PHY_EDGE_ROW_4_Right_4,VPWR,li1,93.6100,24.4800,1.799998
PHY_EDGE_ROW_3_Right_3,VPWR,li1,93.6100,19.0400,1.799991
PHY_EDGE_ROW_2_Right_2,VPWR,li1,93.6100,19.0400,1.799991
PHY_EDGE_ROW_1_Right_1,VPWR,li1,93.6100,13.6000,1.799994
PHY_EDGE_ROW_0_Right_0,VPWR,li1,93.6100,13.6000,1.799994
_219_,VPWR,li1,8.7400,35.3600,1.799995
_218_,VPWR,li1,79.8100,62.5600,1.799994
_217_,VPWR,li1,84.8700,40.8000,1.800000
_216_,VPWR,li1,89.9300,35.3600,1.799996
_215_,VPWR,li1,55.4300,24.4800,1.799998
_214_,VPWR,li1,23.6900,13.6000,1.799997
_213_,VPWR,li1,38.4100,13.6000,1.799998
_212_,VPWR,li1,33.1200,68.0000,1.799998
_211_,VPWR,li1,86.7100,46.2400,1.799994
_210_,VPWR,li1,28.7500,68.0000,1.799997
_209_,VPWR,li1,90.3900,29.9200,1.799998
_208_,VPWR,li1,23.2300,78.8800,1.799995
_207_,VPWR,li1,90.6200,73.4400,1.799998
_206_,VPWR,li1,8.2800,84.3200,1.799995
_205_,VPWR,li1,46.2300,19.0400,1.799994
_204_,VPWR,li1,50.6000,35.3600,1.799997
_203_,VPWR,li1,28.2900,78.8800,1.799995
_202_,VPWR,li1,91.3100,78.8800,1.799993
_201_,VPWR,li1,68.3100,62.5600,1.799995
_200_,VPWR,li1,43.0100,19.0400,1.799994
_199_,VPWR,li1,45.5400,73.4400,1.799996
_198_,VPWR,li1,79.3500,62.5600,1.799994
_197_,VPWR,li1,76.5900,78.8800,1.799995
_196_,VPWR,li1,39.7900,46.2400,1.799998
_195_,VPWR,li1,61.4100,40.8000,1.800000
_194_,VPWR,li1,90.1600,84.3200,1.799994
_193_,VPWR,li1,46.4600,62.5600,1.799997
_192_,VPWR,li1,89.9300,57.1200,1.799994
_191_,VPWR,li1,16.7900,62.5600,1.799997
_190_,VPWR,li1,89.4700,46.2400,1.799993
_189_,VPWR,li1,39.7900,35.3600,1.799997
_188_,VPWR,li1,77.5100,13.6000,1.799996
_187_,VPWR,li1,14.4900,78.8800,1.799996
_186_,VPWR,li1,73.1400,46.2400,1.799996
_185_,VPWR,li1,91.7700,51.6800,1.799997
_184_,VPWR,li1,79.3500,73.4400,1.799997
_183_,VPWR,li1,37.9500,35.3600,1.799997
_182_,VPWR,li1,21.8500,84.3200,1.799995
_181_,VPWR,li1,46.4600,78.8800,1.799996
_180_,VPWR,li1,79.5800,29.9200,1.799997
_179_,VPWR,li1,77.2800,73.4400,1.799997
_178_,VPWR,li1,68.5400,73.4400,1.799997
_177_,VPWR,li1,34.5000,84.3200,1.799997
_176_,VPWR,li1,15.8700,73.4400,1.799995
_175_,VPWR,li1,11.7300,78.8800,1.799997
_174_,VPWR,li1,20.2400,78.8800,1.799995
_173_,VPWR,li1,20.7000,51.6800,1.799998
_172_,VPWR,li1,91.0800,62.5600,1.799994
_171_,VPWR,li1,46.6900,29.9200,1.799996
_170_,VPWR,li1,9.4300,73.4400,1.799995
_169_,VPWR,li1,71.7600,57.1200,1.799996
_168_,VPWR,li1,49.9100,73.4400,1.799996
_167_,VPWR,li1,51.2900,19.0400,1.799994
_166_,VPWR,li1,60.0300,29.9200,1.799996
_165_,VPWR,li1,64.6300,35.3600,1.799998
_164_,VPWR,li1,8.2800,19.0400,1.799996
_163_,VPWR,li1,79.8100,24.4800,1.799997
_162_,VPWR,li1,61.8700,84.3200,1.799998
_161_,VPWR,li1,76.1300,13.6000,1.799996
_160_,VPWR,li1,56.3500,19.0400,1.799995
_159_,VPWR,li1,25.7600,68.0000,1.799997
_158_,VPWR,li1,66.4700,57.1200,1.799996
_157_,VPWR,li1,89.7000,51.6800,1.799997
_156_,VPWR,li1,80.2700,51.6800,1.799998
_155_,VPWR,li1,75.6700,24.4800,1.799997
_154_,VPWR,li1,15.4100,19.0400,1.799996
_153_,VPWR,li1,43.2400,78.8800,1.799995
_152_,VPWR,li1,71.9900,51.6800,1.799998
_151_,VPWR,li1,45.7700,29.9200,1.799996
_150_,VPWR,li1,73.3700,73.4400,1.799997
_149_,VPWR,li1,86.4800,62.5600,1.799995
_148_,VPWR,li1,19.5500,24.4800,1.799997
_147_,VPWR,li1,64.8600,57.1200,1.799996
_146_,VPWR,li1,20.9300,19.0400,1.799995
_145_,VPWR,li1,27.3700,84.3200,1.799995
_144_,VPWR,li1,46.4600,57.1200,1.799997
_143_,VPWR,li1,72.4500,40.8000,1.800000
_142_,VPWR,li1,90.3900,62.5600,1.799994
_141_,VPWR,li1,24.6100,19.0400,1.799995
_140_,VPWR,li1,91.3100,19.0400,1.799991
_139_,VPWR,li1,10.8100,13.6000,1.799997
_138_,VPWR,li1,85.1000,19.0400,1.799993
_137_,VPWR,li1,85.5600,68.0000,1.799994
_136_,VPWR,li1,27.3700,29.9200,1.799997
_135_,VPWR,li1,61.4100,19.0400,1.799995
_134_,VPWR,li1,62.3300,29.9200,1.799996
_133_,VPWR,li1,31.0500,51.6800,1.799998
_132_,VPWR,li1,25.5300,57.1200,1.799998
_131_,VPWR,li1,86.0200,68.0000,1.799994
_130_,VPWR,li1,82.1100,46.2400,1.799995
_129_,VPWR,li1,46.2300,46.2400,1.799998
_128_,VPWR,li1,8.2800,62.5600,1.799997
_127_,VPWR,li1,74.9800,62.5600,1.799994
_126_,VPWR,li1,24.1500,35.3600,1.799996
_125_,VPWR,li1,26.2200,62.5600,1.799997
_124_,VPWR,li1,86.0200,78.8800,1.799996
_123_,VPWR,li1,50.6000,29.9200,1.799996
_122_,VPWR,li1,14.0300,35.3600,1.799995
_121_,VPWR,li1,33.3500,51.6800,1.799998
_120_,VPWR,li1,72.2200,13.6000,1.799996
_119_,VPWR,li1,63.4800,62.5600,1.799996
_118_,VPWR,li1,33.3500,24.4800,1.799997
_117_,VPWR,li1,30.8200,84.3200,1.799996
_116_,VPWR,li1,21.8500,46.2400,1.799999
_115_,VPWR,li1,28.0600,24.4800,1.799997
_114_,VPWR,li1,23.6900,29.9200,1.799997
_113_,VPWR,li1,72.2200,68.0000,1.799995
_112_,VPWR,li1,26.4500,24.4800,1.799997
_111_,VPWR,li1,25.0700,51.6800,1.799998
_110_,VPWR,li1,79.3500,57.1200,1.799996
_109_,VPWR,li1,87.8600,51.6800,1.799997
_108_,VPWR,li1,68.3100,68.0000,1.799996
_107_,VPWR,li1,28.2900,73.4400,1.799996
_106_,VPWR,li1,13.1100,73.4400,1.799995
