Instance,Terminal,Layer,X location,Y location,Voltage
FILLER_0_27_185,VGND,li1,90.8500,87.0400,0.000003
FILLER_0_27_181,VGND,li1,89.7000,87.0400,0.000002
FILLER_0_27_169,VGND,li1,86.0200,87.0400,0.000002
FILLER_0_27_165,VGND,li1,82.1100,87.0400,0.000002
FILLER_0_27_153,VGND,li1,78.6600,87.0400,0.000002
FILLER_0_27_141,VGND,li1,73.1400,87.0400,0.000002
FILLER_0_27_137,VGND,li1,69.2300,87.0400,0.000002
FILLER_0_27_129,VGND,li1,66.7000,87.0400,0.000002
FILLER_0_27_113,VGND,li1,58.1900,87.0400,0.000002
FILLER_0_27_109,VGND,li1,56.3500,87.0400,0.000002
FILLER_0_27_97,VGND,li1,52.9000,87.0400,0.000001
FILLER_0_27_85,VGND,li1,47.3800,87.0400,0.000001
FILLER_0_27_81,VGND,li1,43.4700,87.0400,0.000001
FILLER_0_27_69,VGND,li1,40.0200,87.0400,0.000001
FILLER_0_27_57,VGND,li1,34.5000,87.0400,0.000001
FILLER_0_27_54,VGND,li1,30.8200,87.0400,0.000002
FILLER_0_27_42,VGND,li1,27.6000,87.0400,0.000002
FILLER_0_27_27,VGND,li1,18.1700,87.0400,0.000002
FILLER_0_27_19,VGND,li1,16.1000,87.0400,0.000002
FILLER_0_27_7,VGND,li1,11.5000,87.0400,0.000002
FILLER_0_26_188,VGND,li1,92.4600,81.6000,0.000004
FILLER_0_26_177,VGND,li1,87.6300,81.6000,0.000003
FILLER_0_26_165,VGND,li1,84.1800,81.6000,0.000003
FILLER_0_26_153,VGND,li1,78.6600,81.6000,0.000003
FILLER_0_26_141,VGND,li1,73.1400,81.6000,0.000003
FILLER_0_26_139,VGND,li1,69.6900,81.6000,0.000002
FILLER_0_26_133,VGND,li1,68.0800,81.6000,0.000002
FILLER_0_26_121,VGND,li1,63.9400,81.6000,0.000002
FILLER_0_26_109,VGND,li1,58.4200,81.6000,0.000003
FILLER_0_26_97,VGND,li1,52.9000,81.6000,0.000003
FILLER_0_26_85,VGND,li1,47.3800,81.6000,0.000004
FILLER_0_26_83,VGND,li1,43.9300,81.6000,0.000005
FILLER_0_26_79,VGND,li1,42.7800,81.6000,0.000004
FILLER_0_26_67,VGND,li1,39.1000,81.6000,0.000004
FILLER_0_26_41,VGND,li1,25.0700,81.6000,0.000006
FILLER_0_26_29,VGND,li1,21.6200,81.6000,0.000006
FILLER_0_26_27,VGND,li1,18.1700,81.6000,0.000006
FILLER_0_26_15,VGND,li1,15.1800,81.6000,0.000005
FILLER_0_25_185,VGND,li1,90.8500,81.6000,0.000004
FILLER_0_25_181,VGND,li1,89.7000,81.6000,0.000004
FILLER_0_25_169,VGND,li1,86.0200,81.6000,0.000003
FILLER_0_25_167,VGND,li1,82.5700,81.6000,0.000003
FILLER_0_25_161,VGND,li1,80.9600,81.6000,0.000003
FILLER_0_25_149,VGND,li1,76.8200,81.6000,0.000003
FILLER_0_25_137,VGND,li1,71.3000,81.6000,0.000002
FILLER_0_25_125,VGND,li1,65.7800,81.6000,0.000002
FILLER_0_25_113,VGND,li1,60.2600,81.6000,0.000002
FILLER_0_25_109,VGND,li1,56.3500,81.6000,0.000003
FILLER_0_25_97,VGND,li1,52.9000,81.6000,0.000003
FILLER_0_25_85,VGND,li1,47.3800,81.6000,0.000004
FILLER_0_25_77,VGND,li1,41.4000,81.6000,0.000004
FILLER_0_25_69,VGND,li1,39.1000,81.6000,0.000004
FILLER_0_25_57,VGND,li1,34.5000,81.6000,0.000005
FILLER_0_25_55,VGND,li1,31.0500,81.6000,0.000006
FILLER_0_25_51,VGND,li1,29.9000,81.6000,0.000006
FILLER_0_25_45,VGND,li1,26.9100,81.6000,0.000007
FILLER_0_25_33,VGND,li1,23.4600,81.6000,0.000006
FILLER_0_25_21,VGND,li1,17.9400,81.6000,0.000006
FILLER_0_25_9,VGND,li1,12.4200,81.6000,0.000006
FILLER_0_24_189,VGND,li1,92.6900,76.1600,0.000004
FILLER_0_24_178,VGND,li1,88.7800,76.1600,0.000004
FILLER_0_24_169,VGND,li1,83.9500,76.1600,0.000005
FILLER_0_24_161,VGND,li1,81.4200,76.1600,0.000005
FILLER_0_24_147,VGND,li1,73.3700,76.1600,0.000005
FILLER_0_24_141,VGND,li1,71.7600,76.1600,0.000005
FILLER_0_24_137,VGND,li1,69.2300,76.1600,0.000004
FILLER_0_24_129,VGND,li1,66.7000,76.1600,0.000004
FILLER_0_24_117,VGND,li1,62.1000,76.1600,0.000004
FILLER_0_24_105,VGND,li1,56.5800,76.1600,0.000004
FILLER_0_24_93,VGND,li1,51.0600,76.1600,0.000005
FILLER_0_24_78,VGND,li1,42.7800,76.1600,0.000005
FILLER_0_24_66,VGND,li1,38.6400,76.1600,0.000004
FILLER_0_24_54,VGND,li1,33.1200,76.1600,0.000005
FILLER_0_24_42,VGND,li1,27.6000,76.1600,0.000006
FILLER_0_24_34,VGND,li1,21.3900,76.1600,0.000006
FILLER_0_24_29,VGND,li1,19.0900,76.1600,0.000006
FILLER_0_24_27,VGND,li1,18.1700,76.1600,0.000006
FILLER_0_24_21,VGND,li1,16.5600,76.1600,0.000006
FILLER_0_24_17,VGND,li1,13.5700,76.1600,0.000005
FILLER_0_24_9,VGND,li1,9.8900,76.1600,0.000007
FILLER_0_24_3,VGND,li1,8.2800,76.1600,0.000007
FILLER_0_23_189,VGND,li1,92.6900,76.1600,0.000004
FILLER_0_23_181,VGND,li1,90.6200,76.1600,0.000004
FILLER_0_23_169,VGND,li1,86.0200,76.1600,0.000004
FILLER_0_23_160,VGND,li1,80.9600,76.1600,0.000005
FILLER_0_23_150,VGND,li1,74.9800,76.1600,0.000005
FILLER_0_23_141,VGND,li1,71.3000,76.1600,0.000005
FILLER_0_23_125,VGND,li1,64.8600,76.1600,0.000003
FILLER_0_23_113,VGND,li1,60.2600,76.1600,0.000004
FILLER_0_23_100,VGND,li1,54.2800,76.1600,0.000005
FILLER_0_23_90,VGND,li1,47.6100,76.1600,0.000005
FILLER_0_23_81,VGND,li1,43.4700,76.1600,0.000005
FILLER_0_23_69,VGND,li1,40.0200,76.1600,0.000004
FILLER_0_23_57,VGND,li1,34.5000,76.1600,0.000005
FILLER_0_23_52,VGND,li1,30.3600,76.1600,0.000005
FILLER_0_23_46,VGND,li1,26.9100,76.1600,0.000006
FILLER_0_23_34,VGND,li1,23.9200,76.1600,0.000006
FILLER_0_23_22,VGND,li1,18.4000,76.1600,0.000006
FILLER_0_23_10,VGND,li1,12.8800,76.1600,0.000006
FILLER_0_22_189,VGND,li1,92.6900,70.7200,0.000006
FILLER_0_22_179,VGND,li1,88.3200,70.7200,0.000005
FILLER_0_22_175,VGND,li1,86.4800,70.7200,0.000005
FILLER_0_22_163,VGND,li1,83.2600,70.7200,0.000005
FILLER_0_22_157,VGND,li1,77.9700,70.7200,0.000004
FILLER_0_22_153,VGND,li1,76.8200,70.7200,0.000004
FILLER_0_22_141,VGND,li1,73.1400,70.7200,0.000004
FILLER_0_22_139,VGND,li1,69.6900,70.7200,0.000003
FILLER_0_22_133,VGND,li1,68.0800,70.7200,0.000003
FILLER_0_22_121,VGND,li1,63.9400,70.7200,0.000002
FILLER_0_22_109,VGND,li1,58.4200,70.7200,0.000002
FILLER_0_22_97,VGND,li1,52.9000,70.7200,0.000002
FILLER_0_22_85,VGND,li1,47.3800,70.7200,0.000001
FILLER_0_22_83,VGND,li1,43.9300,70.7200,0.000001
FILLER_0_22_77,VGND,li1,42.3200,70.7200,0.000001
FILLER_0_22_65,VGND,li1,38.1800,70.7200,0.000001
FILLER_0_22_53,VGND,li1,32.6600,70.7200,0.000002
FILLER_0_22_41,VGND,li1,27.1400,70.7200,0.000002
FILLER_0_22_29,VGND,li1,21.6200,70.7200,0.000002
FILLER_0_22_27,VGND,li1,18.1700,70.7200,0.000002
FILLER_0_22_9,VGND,li1,11.0400,70.7200,0.000003
FILLER_0_21_185,VGND,li1,90.8500,70.7200,0.000006
FILLER_0_21_177,VGND,li1,88.7800,70.7200,0.000005
FILLER_0_21_169,VGND,li1,84.1800,70.7200,0.000005
FILLER_0_21_160,VGND,li1,80.9600,70.7200,0.000004
FILLER_0_21_148,VGND,li1,76.3600,70.7200,0.000004
FILLER_0_21_141,VGND,li1,70.6100,70.7200,0.000003
FILLER_0_21_137,VGND,li1,69.4600,70.7200,0.000003
FILLER_0_21_125,VGND,li1,65.7800,70.7200,0.000002
FILLER_0_21_113,VGND,li1,60.2600,70.7200,0.000002
FILLER_0_21_111,VGND,li1,56.8100,70.7200,0.000002
FILLER_0_21_99,VGND,li1,53.8200,70.7200,0.000002
FILLER_0_21_87,VGND,li1,48.3000,70.7200,0.000001
FILLER_0_21_75,VGND,li1,42.7800,70.7200,0.000001
FILLER_0_21_63,VGND,li1,37.2600,70.7200,0.000001
FILLER_0_21_55,VGND,li1,31.0500,70.7200,0.000002
FILLER_0_21_51,VGND,li1,29.9000,70.7200,0.000002
FILLER_0_21_39,VGND,li1,26.2200,70.7200,0.000002
FILLER_0_21_27,VGND,li1,20.7000,70.7200,0.000002
FILLER_0_21_15,VGND,li1,15.1800,70.7200,0.000003
FILLER_0_21_3,VGND,li1,9.6600,70.7200,0.000003
FILLER_0_20_189,VGND,li1,92.6900,65.2800,0.000004
FILLER_0_20_185,VGND,li1,91.5400,65.2800,0.000004
FILLER_0_20_161,VGND,li1,80.0400,65.2800,0.000005
FILLER_0_20_153,VGND,li1,77.7400,65.2800,0.000005
FILLER_0_20_141,VGND,li1,73.1400,65.2800,0.000004
FILLER_0_20_139,VGND,li1,69.6900,65.2800,0.000003
FILLER_0_20_133,VGND,li1,66.9300,65.2800,0.000003
FILLER_0_20_121,VGND,li1,63.9400,65.2800,0.000002
FILLER_0_20_109,VGND,li1,58.4200,65.2800,0.000002
FILLER_0_20_97,VGND,li1,52.9000,65.2800,0.000002
FILLER_0_20_85,VGND,li1,47.3800,65.2800,0.000002
FILLER_0_20_83,VGND,li1,43.9300,65.2800,0.000002
FILLER_0_20_77,VGND,li1,42.3200,65.2800,0.000002
FILLER_0_20_65,VGND,li1,38.1800,65.2800,0.000002
FILLER_0_20_53,VGND,li1,32.6600,65.2800,0.000003
FILLER_0_20_37,VGND,li1,23.2300,65.2800,0.000004
FILLER_0_20_29,VGND,li1,20.7000,65.2800,0.000004
FILLER_0_20_27,VGND,li1,18.1700,65.2800,0.000004
FILLER_0_20_21,VGND,li1,16.5600,65.2800,0.000004
FILLER_0_20_9,VGND,li1,12.4200,65.2800,0.000003
FILLER_0_19_188,VGND,li1,92.4600,65.2800,0.000004
FILLER_0_19_178,VGND,li1,88.0900,65.2800,0.000005
FILLER_0_19_173,VGND,li1,85.3300,65.2800,0.000005
FILLER_0_19_169,VGND,li1,84.1800,65.2800,0.000005
FILLER_0_19_165,VGND,li1,82.1100,65.2800,0.000005
FILLER_0_19_157,VGND,li1,77.9700,65.2800,0.000005
FILLER_0_19_153,VGND,li1,76.8200,65.2800,0.000005
FILLER_0_19_137,VGND,li1,71.3000,65.2800,0.000004
FILLER_0_19_125,VGND,li1,65.7800,65.2800,0.000003
FILLER_0_19_113,VGND,li1,60.2600,65.2800,0.000002
FILLER_0_19_111,VGND,li1,56.8100,65.2800,0.000002
FILLER_0_19_105,VGND,li1,55.2000,65.2800,0.000002
FILLER_0_19_93,VGND,li1,51.0600,65.2800,0.000002
FILLER_0_19_81,VGND,li1,45.5400,65.2800,0.000002
FILLER_0_19_69,VGND,li1,40.0200,65.2800,0.000002
FILLER_0_19_57,VGND,li1,34.5000,65.2800,0.000003
FILLER_0_19_48,VGND,li1,29.4400,65.2800,0.000004
FILLER_0_19_41,VGND,li1,24.6100,65.2800,0.000004
FILLER_0_19_33,VGND,li1,22.5400,65.2800,0.000004
FILLER_0_19_21,VGND,li1,17.9400,65.2800,0.000004
FILLER_0_19_9,VGND,li1,12.4200,65.2800,0.000003
FILLER_0_18_189,VGND,li1,92.6900,59.8400,0.000003
FILLER_0_18_179,VGND,li1,88.7800,59.8400,0.000002
FILLER_0_18_167,VGND,li1,85.1000,59.8400,0.000003
FILLER_0_18_153,VGND,li1,76.1300,59.8400,0.000004
FILLER_0_18_141,VGND,li1,73.1400,59.8400,0.000004
FILLER_0_18_130,VGND,li1,66.0100,59.8400,0.000003
FILLER_0_18_121,VGND,li1,61.4100,59.8400,0.000003
FILLER_0_18_117,VGND,li1,60.2600,59.8400,0.000003
FILLER_0_18_105,VGND,li1,56.5800,59.8400,0.000003
FILLER_0_18_93,VGND,li1,51.0600,59.8400,0.000003
FILLER_0_18_83,VGND,li1,43.9300,59.8400,0.000002
FILLER_0_18_77,VGND,li1,42.3200,59.8400,0.000002
FILLER_0_18_65,VGND,li1,38.1800,59.8400,0.000001
FILLER_0_18_53,VGND,li1,32.6600,59.8400,0.000002
FILLER_0_18_41,VGND,li1,27.1400,59.8400,0.000002
FILLER_0_18_29,VGND,li1,21.6200,59.8400,0.000002
FILLER_0_18_20,VGND,li1,14.9500,59.8400,0.000002
FILLER_0_18_8,VGND,li1,11.9600,59.8400,0.000002
FILLER_0_18_3,VGND,li1,7.1300,59.8400,0.000003
FILLER_0_17_187,VGND,li1,92.2300,59.8400,0.000003
FILLER_0_17_177,VGND,li1,87.6300,59.8400,0.000002
FILLER_0_17_169,VGND,li1,85.1000,59.8400,0.000003
FILLER_0_17_162,VGND,li1,81.4200,59.8400,0.000003
FILLER_0_17_157,VGND,li1,78.2000,59.8400,0.000004
FILLER_0_17_145,VGND,li1,74.9800,59.8400,0.000004
FILLER_0_17_133,VGND,li1,69.4600,59.8400,0.000004
FILLER_0_17_113,VGND,li1,60.2600,59.8400,0.000003
FILLER_0_17_111,VGND,li1,56.8100,59.8400,0.000003
FILLER_0_17_105,VGND,li1,55.2000,59.8400,0.000003
FILLER_0_17_93,VGND,li1,51.0600,59.8400,0.000003
FILLER_0_17_81,VGND,li1,45.5400,59.8400,0.000002
FILLER_0_17_69,VGND,li1,40.0200,59.8400,0.000002
FILLER_0_17_57,VGND,li1,34.5000,59.8400,0.000002
FILLER_0_17_55,VGND,li1,31.0500,59.8400,0.000002
FILLER_0_17_47,VGND,li1,28.9800,59.8400,0.000002
FILLER_0_17_39,VGND,li1,23.6900,59.8400,0.000002
FILLER_0_17_31,VGND,li1,21.6200,59.8400,0.000002
FILLER_0_17_19,VGND,li1,17.0200,59.8400,0.000002
FILLER_0_17_7,VGND,li1,11.5000,59.8400,0.000002
FILLER_0_16_183,VGND,li1,90.3900,54.4000,0.000004
FILLER_0_16_171,VGND,li1,86.9400,54.4000,0.000004
FILLER_0_16_159,VGND,li1,81.4200,54.4000,0.000004
FILLER_0_16_147,VGND,li1,75.9000,54.4000,0.000004
FILLER_0_16_136,VGND,li1,69.0000,54.4000,0.000004
FILLER_0_16_117,VGND,li1,62.1000,54.4000,0.000003
FILLER_0_16_105,VGND,li1,56.5800,54.4000,0.000003
FILLER_0_16_93,VGND,li1,51.0600,54.4000,0.000003
FILLER_0_16_83,VGND,li1,43.9300,54.4000,0.000002
FILLER_0_16_77,VGND,li1,42.3200,54.4000,0.000002
FILLER_0_16_65,VGND,li1,38.1800,54.4000,0.000002
FILLER_0_16_53,VGND,li1,32.6600,54.4000,0.000002
FILLER_0_16_41,VGND,li1,27.1400,54.4000,0.000002
FILLER_0_16_29,VGND,li1,21.6200,54.4000,0.000002
FILLER_0_16_27,VGND,li1,18.1700,54.4000,0.000002
FILLER_0_16_19,VGND,li1,16.1000,54.4000,0.000001
FILLER_0_16_7,VGND,li1,11.5000,54.4000,0.000002
FILLER_0_15_189,VGND,li1,92.6900,54.4000,0.000005
FILLER_0_15_185,VGND,li1,90.8500,54.4000,0.000005
FILLER_0_15_181,VGND,li1,89.7000,54.4000,0.000004
FILLER_0_15_169,VGND,li1,86.0200,54.4000,0.000004
FILLER_0_15_167,VGND,li1,82.5700,54.4000,0.000004
FILLER_0_15_159,VGND,li1,80.5000,54.4000,0.000004
FILLER_0_15_147,VGND,li1,75.9000,54.4000,0.000004
FILLER_0_15_141,VGND,li1,70.6100,54.4000,0.000004
FILLER_0_15_137,VGND,li1,69.4600,54.4000,0.000004
FILLER_0_15_125,VGND,li1,65.7800,54.4000,0.000003
FILLER_0_15_113,VGND,li1,60.2600,54.4000,0.000003
FILLER_0_15_100,VGND,li1,54.2800,54.4000,0.000003
FILLER_0_15_88,VGND,li1,48.7600,54.4000,0.000003
FILLER_0_15_76,VGND,li1,43.2400,54.4000,0.000002
FILLER_0_15_64,VGND,li1,37.7200,54.4000,0.000002
FILLER_0_15_55,VGND,li1,31.0500,54.4000,0.000002
FILLER_0_15_51,VGND,li1,29.9000,54.4000,0.000002
FILLER_0_15_39,VGND,li1,26.2200,54.4000,0.000002
FILLER_0_15_27,VGND,li1,20.7000,54.4000,0.000002
FILLER_0_15_15,VGND,li1,15.1800,54.4000,0.000001
FILLER_0_15_3,VGND,li1,9.6600,54.4000,0.000002
FILLER_0_14_189,VGND,li1,92.6900,48.9600,0.000001
FILLER_0_14_185,VGND,li1,91.5400,48.9600,0.000001
FILLER_0_14_176,VGND,li1,86.7100,48.9600,0.000001
FILLER_0_14_164,VGND,li1,83.7200,48.9600,0.000001
FILLER_0_14_153,VGND,li1,77.7400,48.9600,0.000001
FILLER_0_14_141,VGND,li1,73.1400,48.9600,0.000001
FILLER_0_14_139,VGND,li1,69.6900,48.9600,0.000001
FILLER_0_14_133,VGND,li1,68.0800,48.9600,0.000001
FILLER_0_14_121,VGND,li1,63.9400,48.9600,0.000001
FILLER_0_14_109,VGND,li1,58.4200,48.9600,0.000001
FILLER_0_14_97,VGND,li1,52.9000,48.9600,0.000002
FILLER_0_14_85,VGND,li1,47.3800,48.9600,0.000002
FILLER_0_14_82,VGND,li1,43.7000,48.9600,0.000002
FILLER_0_14_70,VGND,li1,40.4800,48.9600,0.000002
FILLER_0_14_58,VGND,li1,34.9600,48.9600,0.000003
FILLER_0_14_52,VGND,li1,29.6700,48.9600,0.000004
FILLER_0_14_46,VGND,li1,28.0600,48.9600,0.000004
FILLER_0_14_37,VGND,li1,23.0000,48.9600,0.000004
FILLER_0_14_27,VGND,li1,18.1700,48.9600,0.000004
FILLER_0_14_19,VGND,li1,16.1000,48.9600,0.000004
FILLER_0_14_7,VGND,li1,11.5000,48.9600,0.000004
FILLER_0_13_178,VGND,li1,90.1600,48.9600,0.000001
FILLER_0_13_169,VGND,li1,84.6400,48.9600,0.000001
FILLER_0_13_167,VGND,li1,82.5700,48.9600,0.000001
FILLER_0_13_161,VGND,li1,80.9600,48.9600,0.000001
FILLER_0_13_149,VGND,li1,76.8200,48.9600,0.000001
FILLER_0_13_137,VGND,li1,71.3000,48.9600,0.000001
FILLER_0_13_125,VGND,li1,65.7800,48.9600,0.000001
FILLER_0_13_113,VGND,li1,60.2600,48.9600,0.000001
FILLER_0_13_110,VGND,li1,56.5800,48.9600,0.000001
FILLER_0_13_102,VGND,li1,54.2800,48.9600,0.000002
FILLER_0_13_90,VGND,li1,49.6800,48.9600,0.000002
FILLER_0_13_85,VGND,li1,45.0800,48.9600,0.000002
FILLER_0_13_77,VGND,li1,42.7800,48.9600,0.000002
FILLER_0_13_69,VGND,li1,37.9500,48.9600,0.000002
FILLER_0_13_57,VGND,li1,34.5000,48.9600,0.000003
FILLER_0_13_55,VGND,li1,31.0500,48.9600,0.000004
FILLER_0_13_49,VGND,li1,29.4400,48.9600,0.000004
FILLER_0_13_37,VGND,li1,25.3000,48.9600,0.000004
FILLER_0_13_33,VGND,li1,20.9300,48.9600,0.000004
FILLER_0_13_25,VGND,li1,18.8600,48.9600,0.000004
FILLER_0_13_13,VGND,li1,14.2600,48.9600,0.000004
FILLER_0_12_184,VGND,li1,90.6200,43.5200,0.000005
FILLER_0_12_178,VGND,li1,88.0900,43.5200,0.000004
FILLER_0_12_170,VGND,li1,85.5600,43.5200,0.000004
FILLER_0_12_162,VGND,li1,80.2700,43.5200,0.000004
FILLER_0_12_150,VGND,li1,77.2800,43.5200,0.000004
FILLER_0_12_141,VGND,li1,71.0700,43.5200,0.000003
FILLER_0_12_139,VGND,li1,69.6900,43.5200,0.000002
FILLER_0_12_133,VGND,li1,68.0800,43.5200,0.000002
FILLER_0_12_121,VGND,li1,63.9400,43.5200,0.000002
FILLER_0_12_109,VGND,li1,58.4200,43.5200,0.000001
FILLER_0_12_97,VGND,li1,52.9000,43.5200,0.000001
FILLER_0_12_85,VGND,li1,47.3800,43.5200,0.000001
FILLER_0_12_83,VGND,li1,43.9300,43.5200,0.000001
FILLER_0_12_77,VGND,li1,42.3200,43.5200,0.000001
FILLER_0_12_65,VGND,li1,38.1800,43.5200,0.000001
FILLER_0_12_53,VGND,li1,32.6600,43.5200,0.000001
FILLER_0_12_41,VGND,li1,27.1400,43.5200,0.000001
FILLER_0_12_29,VGND,li1,21.6200,43.5200,0.000001
FILLER_0_12_27,VGND,li1,18.1700,43.5200,0.000001
FILLER_0_12_15,VGND,li1,15.1800,43.5200,0.000001
FILLER_0_12_3,VGND,li1,9.6600,43.5200,0.000002
FILLER_0_11_188,VGND,li1,92.4600,43.5200,0.000005
FILLER_0_11_176,VGND,li1,89.2400,43.5200,0.000004
FILLER_0_11_167,VGND,li1,82.5700,43.5200,0.000004
FILLER_0_11_159,VGND,li1,80.5000,43.5200,0.000004
FILLER_0_11_147,VGND,li1,75.9000,43.5200,0.000004
FILLER_0_11_136,VGND,li1,69.9200,43.5200,0.000003
FILLER_0_11_124,VGND,li1,65.3200,43.5200,0.000002
FILLER_0_11_113,VGND,li1,58.8800,43.5200,0.000001
FILLER_0_11_111,VGND,li1,56.8100,43.5200,0.000001
FILLER_0_11_105,VGND,li1,55.2000,43.5200,0.000001
FILLER_0_11_93,VGND,li1,51.0600,43.5200,0.000001
FILLER_0_11_81,VGND,li1,45.5400,43.5200,0.000001
FILLER_0_11_69,VGND,li1,40.0200,43.5200,0.000001
FILLER_0_11_57,VGND,li1,34.5000,43.5200,0.000001
FILLER_0_11_55,VGND,li1,31.0500,43.5200,0.000001
FILLER_0_11_43,VGND,li1,28.0600,43.5200,0.000001
FILLER_0_11_31,VGND,li1,22.5400,43.5200,0.000001
FILLER_0_11_19,VGND,li1,17.0200,43.5200,0.000001
FILLER_0_11_7,VGND,li1,11.5000,43.5200,0.000001
FILLER_0_10_189,VGND,li1,92.6900,38.0800,0.000000
FILLER_0_10_177,VGND,li1,89.7000,38.0800,0.000000
FILLER_0_10_165,VGND,li1,84.1800,38.0800,0.000000
FILLER_0_10_153,VGND,li1,78.6600,38.0800,0.000000
FILLER_0_10_141,VGND,li1,73.1400,38.0800,0.000000
FILLER_0_10_139,VGND,li1,69.6900,38.0800,0.000000
FILLER_0_10_133,VGND,li1,68.0800,38.0800,0.000000
FILLER_0_10_121,VGND,li1,63.9400,38.0800,0.000000
FILLER_0_10_109,VGND,li1,58.4200,38.0800,0.000000
FILLER_0_10_97,VGND,li1,52.9000,38.0800,0.000000
FILLER_0_10_85,VGND,li1,47.3800,38.0800,0.000000
FILLER_0_10_83,VGND,li1,43.9300,38.0800,0.000001
FILLER_0_10_77,VGND,li1,42.3200,38.0800,0.000001
FILLER_0_10_65,VGND,li1,38.1800,38.0800,0.000001
FILLER_0_10_53,VGND,li1,32.6600,38.0800,0.000001
FILLER_0_10_41,VGND,li1,27.1400,38.0800,0.000002
FILLER_0_10_29,VGND,li1,21.6200,38.0800,0.000002
FILLER_0_10_27,VGND,li1,18.1700,38.0800,0.000002
FILLER_0_10_19,VGND,li1,16.1000,38.0800,0.000002
FILLER_0_10_7,VGND,li1,11.5000,38.0800,0.000004
FILLER_0_9_189,VGND,li1,92.6900,38.0800,0.000000
FILLER_0_9_185,VGND,li1,91.5400,38.0800,0.000000
FILLER_0_9_181,VGND,li1,89.0100,38.0800,0.000000
FILLER_0_9_169,VGND,li1,86.0200,38.0800,0.000000
FILLER_0_9_167,VGND,li1,82.5700,38.0800,0.000000
FILLER_0_9_161,VGND,li1,80.9600,38.0800,0.000000
FILLER_0_9_149,VGND,li1,76.8200,38.0800,0.000000
FILLER_0_9_137,VGND,li1,71.3000,38.0800,0.000000
FILLER_0_9_125,VGND,li1,65.7800,38.0800,0.000000
FILLER_0_9_113,VGND,li1,60.2600,38.0800,0.000000
FILLER_0_9_111,VGND,li1,56.8100,38.0800,0.000000
FILLER_0_9_105,VGND,li1,55.2000,38.0800,0.000000
FILLER_0_9_93,VGND,li1,51.0600,38.0800,0.000000
FILLER_0_9_81,VGND,li1,45.5400,38.0800,0.000000
FILLER_0_9_69,VGND,li1,40.0200,38.0800,0.000001
FILLER_0_9_57,VGND,li1,34.5000,38.0800,0.000001
FILLER_0_9_50,VGND,li1,29.9000,38.0800,0.000001
FILLER_0_9_38,VGND,li1,25.7600,38.0800,0.000002
FILLER_0_9_26,VGND,li1,20.2400,38.0800,0.000002
FILLER_0_9_14,VGND,li1,14.7200,38.0800,0.000003
FILLER_0_9_10,VGND,li1,10.5800,38.0800,0.000004
FILLER_0_9_3,VGND,li1,7.1300,38.0800,0.000005
FILLER_0_8_185,VGND,li1,90.8500,32.6400,0.000004
FILLER_0_8_177,VGND,li1,88.7800,32.6400,0.000004
FILLER_0_8_165,VGND,li1,84.1800,32.6400,0.000004
FILLER_0_8_153,VGND,li1,78.6600,32.6400,0.000004
FILLER_0_8_141,VGND,li1,73.1400,32.6400,0.000004
FILLER_0_8_132,VGND,li1,68.0800,32.6400,0.000003
FILLER_0_8_123,VGND,li1,62.5600,32.6400,0.000003
FILLER_0_8_115,VGND,li1,60.2600,32.6400,0.000003
FILLER_0_8_103,VGND,li1,55.6600,32.6400,0.000003
FILLER_0_8_85,VGND,li1,46.4600,32.6400,0.000004
FILLER_0_8_76,VGND,li1,42.3200,32.6400,0.000004
FILLER_0_8_72,VGND,li1,38.8700,32.6400,0.000003
FILLER_0_8_68,VGND,li1,37.0300,32.6400,0.000004
FILLER_0_8_56,VGND,li1,34.0400,32.6400,0.000004
FILLER_0_8_44,VGND,li1,28.5200,32.6400,0.000005
FILLER_0_8_29,VGND,li1,20.7000,32.6400,0.000005
FILLER_0_8_27,VGND,li1,18.1700,32.6400,0.000004
FILLER_0_8_21,VGND,li1,16.5600,32.6400,0.000004
FILLER_0_8_15,VGND,li1,12.6500,32.6400,0.000004
FILLER_0_8_9,VGND,li1,11.0400,32.6400,0.000004
FILLER_0_7_186,VGND,li1,92.0000,32.6400,0.000004
FILLER_0_7_181,VGND,li1,89.2400,32.6400,0.000004
FILLER_0_7_169,VGND,li1,86.0200,32.6400,0.000004
FILLER_0_7_165,VGND,li1,82.1100,32.6400,0.000004
FILLER_0_7_149,VGND,li1,75.9000,32.6400,0.000004
FILLER_0_7_137,VGND,li1,71.3000,32.6400,0.000003
FILLER_0_7_125,VGND,li1,65.7800,32.6400,0.000003
FILLER_0_7_113,VGND,li1,60.2600,32.6400,0.000003
FILLER_0_7_100,VGND,li1,54.2800,32.6400,0.000003
FILLER_0_7_87,VGND,li1,45.7700,32.6400,0.000004
FILLER_0_7_81,VGND,li1,44.1600,32.6400,0.000004
FILLER_0_7_69,VGND,li1,40.0200,32.6400,0.000003
FILLER_0_7_57,VGND,li1,34.5000,32.6400,0.000004
FILLER_0_7_55,VGND,li1,31.0500,32.6400,0.000005
FILLER_0_7_51,VGND,li1,29.9000,32.6400,0.000005
FILLER_0_7_41,VGND,li1,25.0700,32.6400,0.000005
FILLER_0_7_33,VGND,li1,22.5400,32.6400,0.000005
FILLER_0_7_21,VGND,li1,17.9400,32.6400,0.000004
FILLER_0_7_9,VGND,li1,12.4200,32.6400,0.000004
FILLER_0_6_189,VGND,li1,92.6900,27.2000,0.000002
FILLER_0_6_177,VGND,li1,89.7000,27.2000,0.000002
FILLER_0_6_165,VGND,li1,84.1800,27.2000,0.000003
FILLER_0_6_153,VGND,li1,78.6600,27.2000,0.000004
FILLER_0_6_141,VGND,li1,73.1400,27.2000,0.000004
FILLER_0_6_137,VGND,li1,69.2300,27.2000,0.000004
FILLER_0_6_125,VGND,li1,65.7800,27.2000,0.000004
FILLER_0_6_113,VGND,li1,57.9600,27.2000,0.000004
FILLER_0_6_101,VGND,li1,54.7400,27.2000,0.000004
FILLER_0_6_89,VGND,li1,47.8400,27.2000,0.000004
FILLER_0_6_85,VGND,li1,44.8500,27.2000,0.000004
FILLER_0_6_83,VGND,li1,43.9300,27.2000,0.000003
FILLER_0_6_79,VGND,li1,42.7800,27.2000,0.000003
FILLER_0_6_67,VGND,li1,39.1000,27.2000,0.000003
FILLER_0_6_55,VGND,li1,33.5800,27.2000,0.000003
FILLER_0_6_43,VGND,li1,28.0600,27.2000,0.000004
FILLER_0_6_35,VGND,li1,21.8500,27.2000,0.000003
FILLER_0_6_29,VGND,li1,20.2400,27.2000,0.000003
FILLER_0_6_27,VGND,li1,18.1700,27.2000,0.000003
FILLER_0_6_15,VGND,li1,15.1800,27.2000,0.000003
FILLER_0_6_3,VGND,li1,9.6600,27.2000,0.000003
FILLER_0_5_189,VGND,li1,92.6900,27.2000,0.000002
FILLER_0_5_181,VGND,li1,90.6200,27.2000,0.000002
FILLER_0_5_169,VGND,li1,86.0200,27.2000,0.000002
FILLER_0_5_149,VGND,li1,75.4400,27.2000,0.000004
FILLER_0_5_137,VGND,li1,71.3000,27.2000,0.000004
FILLER_0_5_125,VGND,li1,65.7800,27.2000,0.000004
FILLER_0_5_113,VGND,li1,60.2600,27.2000,0.000004
FILLER_0_5_111,VGND,li1,56.8100,27.2000,0.000004
FILLER_0_5_105,VGND,li1,55.2000,27.2000,0.000004
FILLER_0_5_93,VGND,li1,51.0600,27.2000,0.000004
FILLER_0_5_81,VGND,li1,45.5400,27.2000,0.000004
FILLER_0_5_69,VGND,li1,40.0200,27.2000,0.000003
FILLER_0_5_57,VGND,li1,34.5000,27.2000,0.000003
FILLER_0_5_48,VGND,li1,29.4400,27.2000,0.000003
FILLER_0_5_35,VGND,li1,23.4600,27.2000,0.000004
FILLER_0_5_25,VGND,li1,17.2500,27.2000,0.000003
FILLER_0_5_19,VGND,li1,15.6400,27.2000,0.000003
FILLER_0_5_7,VGND,li1,11.5000,27.2000,0.000003
FILLER_0_4_187,VGND,li1,92.2300,21.7600,0.000003
FILLER_0_4_179,VGND,li1,89.7000,21.7600,0.000003
FILLER_0_4_167,VGND,li1,85.1000,21.7600,0.000003
FILLER_0_4_155,VGND,li1,79.5800,21.7600,0.000003
FILLER_0_4_149,VGND,li1,74.2900,21.7600,0.000003
FILLER_0_4_141,VGND,li1,72.2200,21.7600,0.000003
FILLER_0_4_134,VGND,li1,68.5400,21.7600,0.000002
FILLER_0_4_122,VGND,li1,64.4000,21.7600,0.000002
FILLER_0_4_110,VGND,li1,58.8800,21.7600,0.000003
FILLER_0_4_105,VGND,li1,54.2800,21.7600,0.000003
FILLER_0_4_97,VGND,li1,51.9800,21.7600,0.000003
FILLER_0_4_85,VGND,li1,47.3800,21.7600,0.000004
FILLER_0_4_76,VGND,li1,42.3200,21.7600,0.000004
FILLER_0_4_64,VGND,li1,37.7200,21.7600,0.000003
FILLER_0_4_56,VGND,li1,31.5100,21.7600,0.000004
FILLER_0_4_52,VGND,li1,30.3600,21.7600,0.000004
FILLER_0_4_45,VGND,li1,26.4500,21.7600,0.000005
FILLER_0_4_41,VGND,li1,25.3000,21.7600,0.000005
FILLER_0_4_29,VGND,li1,21.6200,21.7600,0.000005
FILLER_0_4_27,VGND,li1,18.1700,21.7600,0.000004
FILLER_0_4_19,VGND,li1,16.1000,21.7600,0.000004
FILLER_0_4_7,VGND,li1,11.5000,21.7600,0.000004
FILLER_0_3_185,VGND,li1,90.8500,21.7600,0.000003
FILLER_0_3_181,VGND,li1,89.7000,21.7600,0.000003
FILLER_0_3_169,VGND,li1,86.0200,21.7600,0.000003
FILLER_0_3_167,VGND,li1,82.5700,21.7600,0.000003
FILLER_0_3_161,VGND,li1,80.9600,21.7600,0.000003
FILLER_0_3_149,VGND,li1,76.8200,21.7600,0.000003
FILLER_0_3_137,VGND,li1,71.3000,21.7600,0.000003
FILLER_0_3_125,VGND,li1,65.7800,21.7600,0.000002
FILLER_0_3_113,VGND,li1,60.2600,21.7600,0.000003
FILLER_0_3_109,VGND,li1,56.3500,21.7600,0.000003
FILLER_0_3_97,VGND,li1,52.9000,21.7600,0.000003
FILLER_0_3_85,VGND,li1,47.3800,21.7600,0.000004
FILLER_0_3_77,VGND,li1,41.1700,21.7600,0.000004
FILLER_0_3_69,VGND,li1,39.1000,21.7600,0.000003
FILLER_0_3_57,VGND,li1,34.5000,21.7600,0.000004
FILLER_0_3_53,VGND,li1,30.5900,21.7600,0.000004
FILLER_0_3_45,VGND,li1,28.0600,21.7600,0.000005
FILLER_0_3_23,VGND,li1,17.4800,21.7600,0.000004
FILLER_0_3_17,VGND,li1,14.0300,21.7600,0.000004
FILLER_0_3_9,VGND,li1,11.5000,21.7600,0.000004
FILLER_0_2_189,VGND,li1,92.6900,16.3200,0.000005
FILLER_0_2_161,VGND,li1,79.8100,16.3200,0.000007
FILLER_0_2_153,VGND,li1,77.7400,16.3200,0.000007
FILLER_0_2_141,VGND,li1,73.1400,16.3200,0.000007
FILLER_0_2_137,VGND,li1,69.2300,16.3200,0.000006
FILLER_0_2_125,VGND,li1,65.7800,16.3200,0.000005
FILLER_0_2_114,VGND,li1,58.8800,16.3200,0.000007
FILLER_0_2_101,VGND,li1,53.3600,16.3200,0.000007
FILLER_0_2_92,VGND,li1,49.2200,16.3200,0.000006
FILLER_0_2_83,VGND,li1,43.9300,16.3200,0.000004
FILLER_0_2_77,VGND,li1,42.3200,16.3200,0.000004
FILLER_0_2_65,VGND,li1,38.1800,16.3200,0.000003
FILLER_0_2_53,VGND,li1,32.6600,16.3200,0.000003
FILLER_0_2_41,VGND,li1,27.1400,16.3200,0.000003
FILLER_0_2_29,VGND,li1,21.6200,16.3200,0.000003
FILLER_0_2_27,VGND,li1,18.1700,16.3200,0.000003
FILLER_0_2_21,VGND,li1,16.5600,16.3200,0.000003
FILLER_0_2_9,VGND,li1,12.4200,16.3200,0.000003
FILLER_0_1_189,VGND,li1,92.6900,16.3200,0.000005
FILLER_0_1_181,VGND,li1,90.6200,16.3200,0.000005
FILLER_0_1_169,VGND,li1,86.0200,16.3200,0.000006
FILLER_0_1_160,VGND,li1,80.9600,16.3200,0.000007
FILLER_0_1_125,VGND,li1,65.7800,16.3200,0.000005
FILLER_0_1_113,VGND,li1,60.2600,16.3200,0.000006
FILLER_0_1_111,VGND,li1,56.8100,16.3200,0.000007
FILLER_0_1_105,VGND,li1,55.2000,16.3200,0.000007
FILLER_0_1_93,VGND,li1,51.0600,16.3200,0.000006
FILLER_0_1_81,VGND,li1,45.5400,16.3200,0.000005
FILLER_0_1_69,VGND,li1,40.0200,16.3200,0.000003
FILLER_0_1_57,VGND,li1,34.5000,16.3200,0.000003
FILLER_0_1_55,VGND,li1,31.0500,16.3200,0.000003
FILLER_0_1_43,VGND,li1,28.0600,16.3200,0.000003
FILLER_0_1_31,VGND,li1,22.5400,16.3200,0.000003
FILLER_0_1_19,VGND,li1,17.0200,16.3200,0.000003
FILLER_0_1_7,VGND,li1,11.5000,16.3200,0.000003
FILLER_0_0_184,VGND,li1,90.6200,10.8800,0.000003
FILLER_0_0_181,VGND,li1,89.0100,10.8800,0.000003
FILLER_0_0_169,VGND,li1,86.0200,10.8800,0.000003
FILLER_0_0_165,VGND,li1,82.1100,10.8800,0.000003
FILLER_0_0_157,VGND,li1,79.5800,10.8800,0.000003
FILLER_0_0_149,VGND,li1,74.2900,10.8800,0.000002
FILLER_0_0_141,VGND,li1,72.2200,10.8800,0.000002
FILLER_0_0_137,VGND,li1,69.2300,10.8800,0.000002
FILLER_0_0_125,VGND,li1,65.7800,10.8800,0.000001
FILLER_0_0_113,VGND,li1,60.2600,10.8800,0.000001
FILLER_0_0_109,VGND,li1,56.3500,10.8800,0.000001
FILLER_0_0_97,VGND,li1,52.9000,10.8800,0.000001
FILLER_0_0_85,VGND,li1,47.3800,10.8800,0.000001
FILLER_0_0_83,VGND,li1,43.9300,10.8800,0.000001
FILLER_0_0_75,VGND,li1,41.8600,10.8800,0.000001
FILLER_0_0_65,VGND,li1,36.1100,10.8800,0.000001
FILLER_0_0_57,VGND,li1,33.5800,10.8800,0.000002
FILLER_0_0_55,VGND,li1,31.0500,10.8800,0.000002
FILLER_0_0_43,VGND,li1,28.0600,10.8800,0.000002
FILLER_0_0_35,VGND,li1,21.8500,10.8800,0.000002
FILLER_0_0_29,VGND,li1,20.2400,10.8800,0.000002
FILLER_0_0_25,VGND,li1,17.7100,10.8800,0.000002
FILLER_0_0_13,VGND,li1,14.2600,10.8800,0.000002
FILLER_0_0_9,VGND,li1,9.8900,10.8800,0.000002
FILLER_0_0_3,VGND,li1,8.2800,10.8800,0.000002
ANTENNA_3,VGND,li1,89.7000,10.8800,0.000003
ANTENNA_2,VGND,li1,11.5000,38.0800,0.000004
ANTENNA_1,VGND,li1,87.4000,70.7200,0.000005
clone1,VGND,li1,49.4500,32.6400,0.000004
output27,VGND,li1,92.0000,10.8800,0.000003
output26,VGND,li1,92.0000,21.7600,0.000003
output25,VGND,li1,92.0000,32.6400,0.000004
output24,VGND,li1,92.0000,43.5200,0.000005
output23,VGND,li1,92.0000,54.4000,0.000005
output22,VGND,li1,92.0000,70.7200,0.000006
output21,VGND,li1,92.0000,81.6000,0.000004
output20,VGND,li1,92.0000,87.0400,0.000003
input19,VGND,li1,8.2800,81.6000,0.000007
input18,VGND,li1,11.0400,81.6000,0.000006
input17,VGND,li1,7.8200,87.0400,0.000003
input16,VGND,li1,9.2000,48.9600,0.000005
input15,VGND,li1,7.8200,48.9600,0.000005
input14,VGND,li1,7.8200,54.4000,0.000002
input13,VGND,li1,7.8200,59.8400,0.000003
input12,VGND,li1,8.2800,65.2800,0.000004
input11,VGND,li1,8.2800,65.2800,0.000004
input10,VGND,li1,8.2800,70.7200,0.000003
input9,VGND,li1,7.8200,76.1600,0.000007
input8,VGND,li1,7.8200,16.3200,0.000005
input7,VGND,li1,8.2800,16.3200,0.000004
input6,VGND,li1,7.8200,21.7600,0.000005
input5,VGND,li1,7.8200,27.2000,0.000004
input4,VGND,li1,8.2800,32.6400,0.000005
input3,VGND,li1,8.2800,32.6400,0.000005
input2,VGND,li1,7.8200,38.0800,0.000005
input1,VGND,li1,7.8200,43.5200,0.000002
TAP_TAPCELL_ROW_27_145,VGND,li1,83.0300,86.7480,0.000002
TAP_TAPCELL_ROW_27_144,VGND,li1,70.1500,86.7480,0.000002
TAP_TAPCELL_ROW_27_143,VGND,li1,57.2700,86.7480,0.000002
TAP_TAPCELL_ROW_27_142,VGND,li1,44.3900,86.7480,0.000001
TAP_TAPCELL_ROW_27_141,VGND,li1,31.5100,86.7480,0.000002
TAP_TAPCELL_ROW_27_140,VGND,li1,18.6300,86.7480,0.000002
TAP_TAPCELL_ROW_26_139,VGND,li1,70.1500,81.8910,0.000002
TAP_TAPCELL_ROW_26_138,VGND,li1,44.3900,81.8910,0.000005
TAP_TAPCELL_ROW_26_137,VGND,li1,18.6300,81.8910,0.000006
TAP_TAPCELL_ROW_25_136,VGND,li1,83.0300,81.3080,0.000003
TAP_TAPCELL_ROW_25_135,VGND,li1,57.2700,81.3080,0.000003
TAP_TAPCELL_ROW_25_134,VGND,li1,31.5100,81.3080,0.000006
TAP_TAPCELL_ROW_24_133,VGND,li1,70.1500,76.4510,0.000004
TAP_TAPCELL_ROW_24_132,VGND,li1,44.3900,76.4510,0.000005
TAP_TAPCELL_ROW_24_131,VGND,li1,18.6300,76.4510,0.000006
TAP_TAPCELL_ROW_23_130,VGND,li1,83.0300,75.8680,0.000005
TAP_TAPCELL_ROW_23_129,VGND,li1,57.2700,75.8680,0.000004
TAP_TAPCELL_ROW_23_128,VGND,li1,31.5100,75.8680,0.000005
TAP_TAPCELL_ROW_22_127,VGND,li1,70.1500,71.0110,0.000003
TAP_TAPCELL_ROW_22_126,VGND,li1,44.3900,71.0110,0.000001
TAP_TAPCELL_ROW_22_125,VGND,li1,18.6300,71.0110,0.000002
TAP_TAPCELL_ROW_21_124,VGND,li1,83.0300,70.4280,0.000005
TAP_TAPCELL_ROW_21_123,VGND,li1,57.2700,70.4280,0.000002
TAP_TAPCELL_ROW_21_122,VGND,li1,31.5100,70.4280,0.000002
TAP_TAPCELL_ROW_20_121,VGND,li1,70.1500,65.5710,0.000004
TAP_TAPCELL_ROW_20_120,VGND,li1,44.3900,65.5710,0.000002
TAP_TAPCELL_ROW_20_119,VGND,li1,18.6300,65.5710,0.000004
TAP_TAPCELL_ROW_19_118,VGND,li1,83.0300,64.9880,0.000005
TAP_TAPCELL_ROW_19_117,VGND,li1,57.2700,64.9880,0.000002
TAP_TAPCELL_ROW_19_116,VGND,li1,31.5100,64.9880,0.000003
TAP_TAPCELL_ROW_18_115,VGND,li1,70.1500,60.1310,0.000004
TAP_TAPCELL_ROW_18_114,VGND,li1,44.3900,60.1310,0.000002
TAP_TAPCELL_ROW_18_113,VGND,li1,18.6300,60.1310,0.000002
TAP_TAPCELL_ROW_17_112,VGND,li1,83.0300,59.5480,0.000003
TAP_TAPCELL_ROW_17_111,VGND,li1,57.2700,59.5480,0.000003
TAP_TAPCELL_ROW_17_110,VGND,li1,31.5100,59.5480,0.000002
TAP_TAPCELL_ROW_16_109,VGND,li1,70.1500,54.6910,0.000004
TAP_TAPCELL_ROW_16_108,VGND,li1,44.3900,54.6910,0.000002
TAP_TAPCELL_ROW_16_107,VGND,li1,18.6300,54.6910,0.000002
TAP_TAPCELL_ROW_15_106,VGND,li1,83.0300,54.1080,0.000004
TAP_TAPCELL_ROW_15_105,VGND,li1,57.2700,54.1080,0.000003
TAP_TAPCELL_ROW_15_104,VGND,li1,31.5100,54.1080,0.000002
TAP_TAPCELL_ROW_14_103,VGND,li1,70.1500,49.2510,0.000001
TAP_TAPCELL_ROW_14_102,VGND,li1,44.3900,49.2510,0.000002
TAP_TAPCELL_ROW_14_101,VGND,li1,18.6300,49.2510,0.000004
TAP_TAPCELL_ROW_13_100,VGND,li1,83.0300,48.6680,0.000001
TAP_TAPCELL_ROW_13_99,VGND,li1,57.2700,48.6680,0.000001
TAP_TAPCELL_ROW_13_98,VGND,li1,31.5100,48.6680,0.000004
TAP_TAPCELL_ROW_12_97,VGND,li1,70.1500,43.8110,0.000003
TAP_TAPCELL_ROW_12_96,VGND,li1,44.3900,43.8110,0.000001
TAP_TAPCELL_ROW_12_95,VGND,li1,18.6300,43.8110,0.000001
TAP_TAPCELL_ROW_11_94,VGND,li1,83.0300,43.2280,0.000004
TAP_TAPCELL_ROW_11_93,VGND,li1,57.2700,43.2280,0.000001
TAP_TAPCELL_ROW_11_92,VGND,li1,31.5100,43.2280,0.000001
TAP_TAPCELL_ROW_10_91,VGND,li1,70.1500,38.3710,0.000000
TAP_TAPCELL_ROW_10_90,VGND,li1,44.3900,38.3710,0.000000
TAP_TAPCELL_ROW_10_89,VGND,li1,18.6300,38.3710,0.000002
TAP_TAPCELL_ROW_9_88,VGND,li1,83.0300,37.7880,0.000000
TAP_TAPCELL_ROW_9_87,VGND,li1,57.2700,37.7880,0.000000
TAP_TAPCELL_ROW_9_86,VGND,li1,31.5100,37.7880,0.000001
TAP_TAPCELL_ROW_8_85,VGND,li1,70.1500,32.9310,0.000003
TAP_TAPCELL_ROW_8_84,VGND,li1,44.3900,32.9310,0.000004
TAP_TAPCELL_ROW_8_83,VGND,li1,18.6300,32.9310,0.000004
TAP_TAPCELL_ROW_7_82,VGND,li1,83.0300,32.3480,0.000004
TAP_TAPCELL_ROW_7_81,VGND,li1,57.2700,32.3480,0.000003
TAP_TAPCELL_ROW_7_80,VGND,li1,31.5100,32.3480,0.000005
TAP_TAPCELL_ROW_6_79,VGND,li1,70.1500,27.4910,0.000004
TAP_TAPCELL_ROW_6_78,VGND,li1,44.3900,27.4910,0.000003
TAP_TAPCELL_ROW_6_77,VGND,li1,18.6300,27.4910,0.000003
TAP_TAPCELL_ROW_5_76,VGND,li1,83.0300,26.9080,0.000003
TAP_TAPCELL_ROW_5_75,VGND,li1,57.2700,26.9080,0.000004
TAP_TAPCELL_ROW_5_74,VGND,li1,31.5100,26.9080,0.000003
TAP_TAPCELL_ROW_4_73,VGND,li1,70.1500,22.0510,0.000002
TAP_TAPCELL_ROW_4_72,VGND,li1,44.3900,22.0510,0.000004
TAP_TAPCELL_ROW_4_71,VGND,li1,18.6300,22.0510,0.000004
TAP_TAPCELL_ROW_3_70,VGND,li1,83.0300,21.4680,0.000003
TAP_TAPCELL_ROW_3_69,VGND,li1,57.2700,21.4680,0.000003
TAP_TAPCELL_ROW_3_68,VGND,li1,31.5100,21.4680,0.000004
TAP_TAPCELL_ROW_2_67,VGND,li1,70.1500,16.6110,0.000006
TAP_TAPCELL_ROW_2_66,VGND,li1,44.3900,16.6110,0.000005
TAP_TAPCELL_ROW_2_65,VGND,li1,18.6300,16.6110,0.000003
TAP_TAPCELL_ROW_1_64,VGND,li1,83.0300,16.0280,0.000006
TAP_TAPCELL_ROW_1_63,VGND,li1,57.2700,16.0280,0.000007
TAP_TAPCELL_ROW_1_62,VGND,li1,31.5100,16.0280,0.000003
TAP_TAPCELL_ROW_0_61,VGND,li1,83.0300,11.1710,0.000003
TAP_TAPCELL_ROW_0_60,VGND,li1,70.1500,11.1710,0.000002
TAP_TAPCELL_ROW_0_59,VGND,li1,57.2700,11.1710,0.000001
TAP_TAPCELL_ROW_0_58,VGND,li1,44.3900,11.1710,0.000001
TAP_TAPCELL_ROW_0_57,VGND,li1,31.5100,11.1710,0.000002
TAP_TAPCELL_ROW_0_56,VGND,li1,18.6300,11.1710,0.000002
PHY_EDGE_ROW_27_Left_55,VGND,li1,6.2100,87.0400,0.000003
PHY_EDGE_ROW_26_Left_54,VGND,li1,6.2100,81.6000,0.000007
PHY_EDGE_ROW_25_Left_53,VGND,li1,6.2100,81.6000,0.000007
PHY_EDGE_ROW_24_Left_52,VGND,li1,6.2100,76.1600,0.000007
PHY_EDGE_ROW_23_Left_51,VGND,li1,6.2100,76.1600,0.000007
PHY_EDGE_ROW_22_Left_50,VGND,li1,6.2100,70.7200,0.000003
PHY_EDGE_ROW_21_Left_49,VGND,li1,6.2100,70.7200,0.000003
PHY_EDGE_ROW_20_Left_48,VGND,li1,6.2100,65.2800,0.000004
PHY_EDGE_ROW_19_Left_47,VGND,li1,6.2100,65.2800,0.000004
PHY_EDGE_ROW_18_Left_46,VGND,li1,6.2100,59.8400,0.000003
PHY_EDGE_ROW_17_Left_45,VGND,li1,6.2100,59.8400,0.000003
PHY_EDGE_ROW_16_Left_44,VGND,li1,6.2100,54.4000,0.000002
PHY_EDGE_ROW_15_Left_43,VGND,li1,6.2100,54.4000,0.000002
PHY_EDGE_ROW_14_Left_42,VGND,li1,6.2100,48.9600,0.000005
PHY_EDGE_ROW_13_Left_41,VGND,li1,6.2100,48.9600,0.000005
PHY_EDGE_ROW_12_Left_40,VGND,li1,6.2100,43.5200,0.000002
PHY_EDGE_ROW_11_Left_39,VGND,li1,6.2100,43.5200,0.000002
PHY_EDGE_ROW_10_Left_38,VGND,li1,6.2100,38.0800,0.000005
PHY_EDGE_ROW_9_Left_37,VGND,li1,6.2100,38.0800,0.000005
PHY_EDGE_ROW_8_Left_36,VGND,li1,6.2100,32.6400,0.000005
PHY_EDGE_ROW_7_Left_35,VGND,li1,6.2100,32.6400,0.000005
PHY_EDGE_ROW_6_Left_34,VGND,li1,6.2100,27.2000,0.000004
PHY_EDGE_ROW_5_Left_33,VGND,li1,6.2100,27.2000,0.000004
PHY_EDGE_ROW_4_Left_32,VGND,li1,6.2100,21.7600,0.000005
PHY_EDGE_ROW_3_Left_31,VGND,li1,6.2100,21.7600,0.000005
PHY_EDGE_ROW_2_Left_30,VGND,li1,6.2100,16.3200,0.000005
PHY_EDGE_ROW_1_Left_29,VGND,li1,6.2100,16.3200,0.000005
PHY_EDGE_ROW_0_Left_28,VGND,li1,6.2100,10.8800,0.000002
PHY_EDGE_ROW_27_Right_27,VGND,li1,93.6100,87.0400,0.000003
PHY_EDGE_ROW_26_Right_26,VGND,li1,93.6100,81.6000,0.000004
PHY_EDGE_ROW_25_Right_25,VGND,li1,93.6100,81.6000,0.000004
PHY_EDGE_ROW_24_Right_24,VGND,li1,93.6100,76.1600,0.000004
PHY_EDGE_ROW_23_Right_23,VGND,li1,93.6100,76.1600,0.000004
PHY_EDGE_ROW_22_Right_22,VGND,li1,93.6100,70.7200,0.000006
PHY_EDGE_ROW_21_Right_21,VGND,li1,93.6100,70.7200,0.000006
PHY_EDGE_ROW_20_Right_20,VGND,li1,93.6100,65.2800,0.000004
PHY_EDGE_ROW_19_Right_19,VGND,li1,93.6100,65.2800,0.000004
PHY_EDGE_ROW_18_Right_18,VGND,li1,93.6100,59.8400,0.000003
PHY_EDGE_ROW_17_Right_17,VGND,li1,93.6100,59.8400,0.000003
PHY_EDGE_ROW_16_Right_16,VGND,li1,93.6100,54.4000,0.000005
PHY_EDGE_ROW_15_Right_15,VGND,li1,93.6100,54.4000,0.000005
PHY_EDGE_ROW_14_Right_14,VGND,li1,93.6100,48.9600,0.000001
PHY_EDGE_ROW_13_Right_13,VGND,li1,93.6100,48.9600,0.000001
PHY_EDGE_ROW_12_Right_12,VGND,li1,93.6100,43.5200,0.000005
PHY_EDGE_ROW_11_Right_11,VGND,li1,93.6100,43.5200,0.000005
PHY_EDGE_ROW_10_Right_10,VGND,li1,93.6100,38.0800,0.000000
PHY_EDGE_ROW_9_Right_9,VGND,li1,93.6100,38.0800,0.000000
PHY_EDGE_ROW_8_Right_8,VGND,li1,93.6100,32.6400,0.000004
PHY_EDGE_ROW_7_Right_7,VGND,li1,93.6100,32.6400,0.000004
PHY_EDGE_ROW_6_Right_6,VGND,li1,93.6100,27.2000,0.000002
PHY_EDGE_ROW_5_Right_5,VGND,li1,93.6100,27.2000,0.000002
PHY_EDGE_ROW_4_Right_4,VGND,li1,93.6100,21.7600,0.000003
PHY_EDGE_ROW_3_Right_3,VGND,li1,93.6100,21.7600,0.000003
PHY_EDGE_ROW_2_Right_2,VGND,li1,93.6100,16.3200,0.000005
PHY_EDGE_ROW_1_Right_1,VGND,li1,93.6100,16.3200,0.000005
PHY_EDGE_ROW_0_Right_0,VGND,li1,93.6100,10.8800,0.000003
_219_,VGND,li1,8.7400,38.0800,0.000004
_218_,VGND,li1,79.8100,65.2800,0.000005
_217_,VGND,li1,84.8700,43.5200,0.000004
_216_,VGND,li1,89.9300,38.0800,0.000000
_215_,VGND,li1,55.4300,21.7600,0.000003
_214_,VGND,li1,23.6900,10.8800,0.000002
_213_,VGND,li1,38.4100,10.8800,0.000001
_212_,VGND,li1,33.1200,70.7200,0.000002
_211_,VGND,li1,86.7100,48.9600,0.000001
_210_,VGND,li1,28.7500,65.2800,0.000004
_209_,VGND,li1,90.3900,32.6400,0.000004
_208_,VGND,li1,23.2300,76.1600,0.000006
_207_,VGND,li1,90.6200,70.7200,0.000006
_206_,VGND,li1,8.2800,81.6000,0.000007
_205_,VGND,li1,46.2300,16.3200,0.000005
_204_,VGND,li1,50.6000,32.6400,0.000004
_203_,VGND,li1,28.2900,81.6000,0.000007
_202_,VGND,li1,91.3100,76.1600,0.000004
_201_,VGND,li1,68.3100,59.8400,0.000004
_200_,VGND,li1,43.0100,21.7600,0.000004
_199_,VGND,li1,45.5400,76.1600,0.000005
_198_,VGND,li1,79.3500,59.8400,0.000004
_197_,VGND,li1,76.5900,76.1600,0.000006
_196_,VGND,li1,39.7900,48.9600,0.000002
_195_,VGND,li1,61.4100,43.5200,0.000002
_194_,VGND,li1,90.1600,81.6000,0.000004
_193_,VGND,li1,46.4600,59.8400,0.000002
_192_,VGND,li1,89.9300,59.8400,0.000003
_191_,VGND,li1,16.7900,59.8400,0.000002
_190_,VGND,li1,89.4700,43.5200,0.000004
_189_,VGND,li1,39.7900,32.6400,0.000003
_188_,VGND,li1,77.5100,16.3200,0.000007
_187_,VGND,li1,14.4900,76.1600,0.000005
_186_,VGND,li1,73.1400,43.5200,0.000003
_185_,VGND,li1,91.7700,54.4000,0.000005
_184_,VGND,li1,79.3500,70.7200,0.000004
_183_,VGND,li1,37.9500,32.6400,0.000004
_182_,VGND,li1,21.8500,87.0400,0.000002
_181_,VGND,li1,46.4600,76.1600,0.000005
_180_,VGND,li1,79.5800,32.6400,0.000004
_179_,VGND,li1,77.2800,76.1600,0.000006
_178_,VGND,li1,68.5400,76.1600,0.000004
_177_,VGND,li1,34.5000,81.6000,0.000005
_176_,VGND,li1,15.8700,70.7200,0.000003
_175_,VGND,li1,11.7300,76.1600,0.000006
_174_,VGND,li1,20.2400,76.1600,0.000006
_173_,VGND,li1,20.7000,48.9600,0.000004
_172_,VGND,li1,91.0800,59.8400,0.000003
_171_,VGND,li1,46.6900,32.6400,0.000004
_170_,VGND,li1,9.4300,76.1600,0.000007
_169_,VGND,li1,71.7600,54.4000,0.000004
_168_,VGND,li1,49.9100,76.1600,0.000005
_167_,VGND,li1,51.2900,16.3200,0.000006
_166_,VGND,li1,60.0300,27.2000,0.000004
_165_,VGND,li1,64.6300,32.6400,0.000003
_164_,VGND,li1,8.2800,21.7600,0.000005
_163_,VGND,li1,79.8100,27.2000,0.000004
_162_,VGND,li1,61.8700,87.0400,0.000002
_161_,VGND,li1,76.1300,10.8800,0.000002
_160_,VGND,li1,56.3500,16.3200,0.000007
_159_,VGND,li1,25.7600,65.2800,0.000004
_158_,VGND,li1,66.4700,54.4000,0.000003
_157_,VGND,li1,89.7000,48.9600,0.000001
_156_,VGND,li1,80.2700,48.9600,0.000001
_155_,VGND,li1,75.6700,21.7600,0.000003
_154_,VGND,li1,15.4100,21.7600,0.000004
_153_,VGND,li1,43.2400,81.6000,0.000005
_152_,VGND,li1,71.9900,54.4000,0.000004
_151_,VGND,li1,45.7700,27.2000,0.000004
_150_,VGND,li1,73.3700,76.1600,0.000005
_149_,VGND,li1,86.4800,65.2800,0.000005
_148_,VGND,li1,19.5500,27.2000,0.000003
_147_,VGND,li1,64.8600,59.8400,0.000003
_146_,VGND,li1,20.9300,21.7600,0.000005
_145_,VGND,li1,27.3700,81.6000,0.000007
_144_,VGND,li1,46.4600,54.4000,0.000003
_143_,VGND,li1,72.4500,43.5200,0.000003
_142_,VGND,li1,90.3900,65.2800,0.000004
_141_,VGND,li1,24.6100,21.7600,0.000005
_140_,VGND,li1,91.3100,16.3200,0.000005
_139_,VGND,li1,10.8100,10.8800,0.000002
_138_,VGND,li1,85.1000,16.3200,0.000006
_137_,VGND,li1,85.5600,65.2800,0.000005
_136_,VGND,li1,27.3700,32.6400,0.000005
_135_,VGND,li1,61.4100,16.3200,0.000006
_134_,VGND,li1,62.3300,27.2000,0.000004
_133_,VGND,li1,31.0500,48.9600,0.000004
_132_,VGND,li1,25.5300,59.8400,0.000002
_131_,VGND,li1,86.0200,70.7200,0.000005
_130_,VGND,li1,82.1100,43.5200,0.000004
_129_,VGND,li1,46.2300,48.9600,0.000002
_128_,VGND,li1,8.2800,59.8400,0.000003
_127_,VGND,li1,74.9800,65.2800,0.000005
_126_,VGND,li1,24.1500,32.6400,0.000005
_125_,VGND,li1,26.2200,65.2800,0.000004
_124_,VGND,li1,86.0200,76.1600,0.000004
_123_,VGND,li1,50.6000,27.2000,0.000004
_122_,VGND,li1,14.0300,32.6400,0.000004
_121_,VGND,li1,33.3500,54.4000,0.000002
_120_,VGND,li1,72.2200,16.3200,0.000007
_119_,VGND,li1,63.4800,59.8400,0.000003
_118_,VGND,li1,33.3500,21.7600,0.000004
_117_,VGND,li1,30.8200,81.6000,0.000006
_116_,VGND,li1,21.8500,48.9600,0.000004
_115_,VGND,li1,28.0600,21.7600,0.000005
_114_,VGND,li1,23.6900,27.2000,0.000004
_113_,VGND,li1,72.2200,70.7200,0.000004
_112_,VGND,li1,26.4500,27.2000,0.000004
_111_,VGND,li1,25.0700,48.9600,0.000004
_110_,VGND,li1,79.3500,59.8400,0.000004
_109_,VGND,li1,87.8600,48.9600,0.000001
_108_,VGND,li1,68.3100,65.2800,0.000003
_107_,VGND,li1,28.2900,76.1600,0.000006
_106_,VGND,li1,13.1100,70.7200,0.000003
