Instance,Terminal,Layer,X location,Y location,Voltage
FILLER_0_30_181,VPWR,li1,89.0100,95.2000,1.799996
FILLER_0_30_169,VPWR,li1,86.0200,95.2000,1.799996
FILLER_0_30_165,VPWR,li1,82.1100,95.2000,1.799996
FILLER_0_30_153,VPWR,li1,78.6600,95.2000,1.799996
FILLER_0_30_141,VPWR,li1,73.1400,95.2000,1.799993
FILLER_0_30_139,VPWR,li1,69.6900,95.2000,1.799991
FILLER_0_30_121,VPWR,li1,61.4100,95.2000,1.799990
FILLER_0_30_107,VPWR,li1,55.2000,95.2000,1.799990
FILLER_0_30_66,VPWR,li1,36.5700,95.2000,1.799994
FILLER_0_30_57,VPWR,li1,33.1200,95.2000,1.799995
FILLER_0_30_53,VPWR,li1,30.5900,95.2000,1.799995
FILLER_0_30_41,VPWR,li1,27.1400,95.2000,1.799996
FILLER_0_30_29,VPWR,li1,21.6200,95.2000,1.799997
FILLER_0_30_27,VPWR,li1,18.1700,95.2000,1.799997
FILLER_0_30_15,VPWR,li1,15.1800,95.2000,1.799998
FILLER_0_30_3,VPWR,li1,9.6600,95.2000,1.799998
FILLER_0_29_181,VPWR,li1,89.0100,89.7600,1.799983
FILLER_0_29_169,VPWR,li1,86.0200,89.7600,1.799983
FILLER_0_29_167,VPWR,li1,82.5700,89.7600,1.799983
FILLER_0_29_159,VPWR,li1,80.5000,89.7600,1.799983
FILLER_0_29_131,VPWR,li1,66.0100,89.7600,1.799971
FILLER_0_29_113,VPWR,li1,57.9600,89.7600,1.799973
FILLER_0_29_57,VPWR,li1,31.9700,89.7600,1.799979
FILLER_0_29_55,VPWR,li1,31.0500,89.7600,1.799980
FILLER_0_29_51,VPWR,li1,29.9000,89.7600,1.799980
FILLER_0_29_39,VPWR,li1,26.2200,89.7600,1.799983
FILLER_0_29_27,VPWR,li1,20.7000,89.7600,1.799987
FILLER_0_29_15,VPWR,li1,15.1800,89.7600,1.799991
FILLER_0_29_3,VPWR,li1,9.6600,89.7600,1.799991
FILLER_0_28_179,VPWR,li1,88.5500,89.7600,1.799983
FILLER_0_28_167,VPWR,li1,85.1000,89.7600,1.799983
FILLER_0_28_141,VPWR,li1,70.8400,89.7600,1.799971
FILLER_0_28_129,VPWR,li1,65.3200,89.7600,1.799971
FILLER_0_28_116,VPWR,li1,59.8000,89.7600,1.799976
FILLER_0_28_103,VPWR,li1,53.1300,89.7600,1.799968
FILLER_0_28_85,VPWR,li1,45.0800,89.7600,1.799969
FILLER_0_28_65,VPWR,li1,35.6500,89.7600,1.799978
FILLER_0_28_44,VPWR,li1,26.6800,89.7600,1.799983
FILLER_0_28_29,VPWR,li1,19.7800,89.7600,1.799989
FILLER_0_28_27,VPWR,li1,18.1700,89.7600,1.799989
FILLER_0_28_15,VPWR,li1,15.1800,89.7600,1.799991
FILLER_0_28_3,VPWR,li1,9.6600,89.7600,1.799991
FILLER_0_27_181,VPWR,li1,89.0100,84.3200,1.799994
FILLER_0_27_169,VPWR,li1,86.0200,84.3200,1.799994
FILLER_0_27_167,VPWR,li1,82.5700,84.3200,1.799994
FILLER_0_27_163,VPWR,li1,81.4200,84.3200,1.799995
FILLER_0_27_151,VPWR,li1,77.7400,84.3200,1.799994
FILLER_0_27_141,VPWR,li1,70.6100,84.3200,1.799992
FILLER_0_27_137,VPWR,li1,69.4600,84.3200,1.799992
FILLER_0_27_125,VPWR,li1,65.7800,84.3200,1.799991
FILLER_0_27_113,VPWR,li1,60.2600,84.3200,1.799992
FILLER_0_27_102,VPWR,li1,52.9000,84.3200,1.799988
FILLER_0_27_89,VPWR,li1,46.6900,84.3200,1.799985
FILLER_0_27_85,VPWR,li1,45.5400,84.3200,1.799985
FILLER_0_27_73,VPWR,li1,41.8600,84.3200,1.799984
FILLER_0_27_50,VPWR,li1,29.2100,84.3200,1.799977
FILLER_0_27_32,VPWR,li1,20.7000,84.3200,1.799977
FILLER_0_27_15,VPWR,li1,12.6500,84.3200,1.799983
FILLER_0_27_3,VPWR,li1,9.6600,84.3200,1.799983
FILLER_0_26_181,VPWR,li1,89.0100,84.3200,1.799994
FILLER_0_26_153,VPWR,li1,76.1300,84.3200,1.799994
FILLER_0_26_141,VPWR,li1,73.1400,84.3200,1.799993
FILLER_0_26_138,VPWR,li1,69.4600,84.3200,1.799992
FILLER_0_26_116,VPWR,li1,59.1100,84.3200,1.799992
FILLER_0_26_99,VPWR,li1,51.2900,84.3200,1.799988
FILLER_0_26_93,VPWR,li1,49.6800,84.3200,1.799986
FILLER_0_26_83,VPWR,li1,43.9300,84.3200,1.799985
FILLER_0_26_79,VPWR,li1,42.7800,84.3200,1.799984
FILLER_0_26_62,VPWR,li1,34.2700,84.3200,1.799979
FILLER_0_26_56,VPWR,li1,32.6600,84.3200,1.799978
FILLER_0_26_38,VPWR,li1,23.2300,84.3200,1.799975
FILLER_0_26_27,VPWR,li1,18.1700,84.3200,1.799980
FILLER_0_26_23,VPWR,li1,17.0200,84.3200,1.799980
FILLER_0_26_19,VPWR,li1,14.4900,84.3200,1.799983
FILLER_0_26_7,VPWR,li1,11.5000,84.3200,1.799983
FILLER_0_25_177,VPWR,li1,87.1700,78.8800,1.799979
FILLER_0_25_165,VPWR,li1,82.1100,78.8800,1.799981
FILLER_0_25_150,VPWR,li1,75.9000,78.8800,1.799985
FILLER_0_25_138,VPWR,li1,71.7600,78.8800,1.799986
FILLER_0_25_116,VPWR,li1,59.1100,78.8800,1.799989
FILLER_0_25_102,VPWR,li1,52.6700,78.8800,1.799989
FILLER_0_25_78,VPWR,li1,42.0900,78.8800,1.799990
FILLER_0_25_65,VPWR,li1,35.6500,78.8800,1.799990
FILLER_0_25_57,VPWR,li1,33.5800,78.8800,1.799989
FILLER_0_25_54,VPWR,li1,30.8200,78.8800,1.799988
FILLER_0_25_46,VPWR,li1,28.5200,78.8800,1.799987
FILLER_0_25_21,VPWR,li1,15.4100,78.8800,1.799987
FILLER_0_25_15,VPWR,li1,13.8000,78.8800,1.799987
FILLER_0_25_3,VPWR,li1,9.6600,78.8800,1.799985
FILLER_0_24_132,VPWR,li1,68.0800,78.8800,1.799986
FILLER_0_24_118,VPWR,li1,61.1800,78.8800,1.799988
FILLER_0_24_106,VPWR,li1,57.0400,78.8800,1.799991
FILLER_0_24_82,VPWR,li1,43.7000,78.8800,1.799990
FILLER_0_24_70,VPWR,li1,40.4800,78.8800,1.799991
FILLER_0_24_61,VPWR,li1,34.9600,78.8800,1.799989
FILLER_0_24_38,VPWR,li1,23.4600,78.8800,1.799986
FILLER_0_24_19,VPWR,li1,15.6400,78.8800,1.799987
FILLER_0_24_7,VPWR,li1,11.5000,78.8800,1.799986
FILLER_0_23_169,VPWR,li1,83.7200,73.4400,1.799966
FILLER_0_23_155,VPWR,li1,77.0500,73.4400,1.799964
FILLER_0_23_151,VPWR,li1,75.9000,73.4400,1.799960
FILLER_0_23_129,VPWR,li1,65.0900,73.4400,1.799944
FILLER_0_23_108,VPWR,li1,55.4300,73.4400,1.799956
FILLER_0_23_90,VPWR,li1,48.3000,73.4400,1.799953
FILLER_0_23_34,VPWR,li1,21.3900,73.4400,1.799971
FILLER_0_23_28,VPWR,li1,19.7800,73.4400,1.799973
FILLER_0_23_3,VPWR,li1,7.1300,73.4400,1.799967
FILLER_0_22_153,VPWR,li1,76.8200,73.4400,1.799964
FILLER_0_22_137,VPWR,li1,69.2300,73.4400,1.799951
FILLER_0_22_113,VPWR,li1,57.7300,73.4400,1.799957
FILLER_0_22_109,VPWR,li1,56.5800,73.4400,1.799957
FILLER_0_22_60,VPWR,li1,34.0400,73.4400,1.799961
FILLER_0_22_53,VPWR,li1,30.1300,73.4400,1.799963
FILLER_0_22_41,VPWR,li1,27.1400,73.4400,1.799966
FILLER_0_22_29,VPWR,li1,21.6200,73.4400,1.799971
FILLER_0_22_22,VPWR,li1,17.0200,73.4400,1.799976
FILLER_0_22_12,VPWR,li1,11.2700,73.4400,1.799969
FILLER_0_22_7,VPWR,li1,9.2000,73.4400,1.799968
FILLER_0_21_169,VPWR,li1,83.4900,68.0000,1.799958
FILLER_0_21_166,VPWR,li1,82.3400,68.0000,1.799958
FILLER_0_21_141,VPWR,li1,70.6100,68.0000,1.799960
FILLER_0_21_137,VPWR,li1,69.4600,68.0000,1.799962
FILLER_0_21_130,VPWR,li1,65.5500,68.0000,1.799965
FILLER_0_21_126,VPWR,li1,64.4000,68.0000,1.799969
FILLER_0_21_113,VPWR,li1,57.7300,68.0000,1.799974
FILLER_0_21_110,VPWR,li1,56.5800,68.0000,1.799974
FILLER_0_21_102,VPWR,li1,54.2800,68.0000,1.799974
FILLER_0_21_90,VPWR,li1,47.6100,68.0000,1.799973
FILLER_0_21_78,VPWR,li1,42.0900,68.0000,1.799973
FILLER_0_21_65,VPWR,li1,36.3400,68.0000,1.799974
FILLER_0_21_55,VPWR,li1,31.0500,68.0000,1.799959
FILLER_0_21_51,VPWR,li1,29.9000,68.0000,1.799959
FILLER_0_21_44,VPWR,li1,25.9900,68.0000,1.799947
FILLER_0_21_40,VPWR,li1,24.8400,68.0000,1.799947
FILLER_0_21_33,VPWR,li1,20.9300,68.0000,1.799954
FILLER_0_21_25,VPWR,li1,18.8600,68.0000,1.799959
FILLER_0_21_16,VPWR,li1,13.1100,68.0000,1.799963
FILLER_0_21_10,VPWR,li1,11.5000,68.0000,1.799963
FILLER_0_21_3,VPWR,li1,7.8200,68.0000,1.799962
FILLER_0_20_177,VPWR,li1,87.1700,68.0000,1.799956
FILLER_0_20_141,VPWR,li1,71.3000,68.0000,1.799960
FILLER_0_20_139,VPWR,li1,69.6900,68.0000,1.799962
FILLER_0_20_135,VPWR,li1,68.5400,68.0000,1.799962
FILLER_0_20_109,VPWR,li1,56.1200,68.0000,1.799974
FILLER_0_20_91,VPWR,li1,47.6100,68.0000,1.799973
FILLER_0_20_85,VPWR,li1,46.0000,68.0000,1.799973
FILLER_0_20_83,VPWR,li1,43.9300,68.0000,1.799973
FILLER_0_20_77,VPWR,li1,42.3200,68.0000,1.799973
FILLER_0_20_65,VPWR,li1,38.1800,68.0000,1.799974
FILLER_0_20_54,VPWR,li1,31.0500,68.0000,1.799959
FILLER_0_20_33,VPWR,li1,20.9300,68.0000,1.799954
FILLER_0_20_29,VPWR,li1,19.7800,68.0000,1.799959
FILLER_0_19_180,VPWR,li1,88.7800,62.5600,1.799976
FILLER_0_19_148,VPWR,li1,74.5200,62.5600,1.799983
FILLER_0_19_113,VPWR,li1,58.4200,62.5600,1.799990
FILLER_0_19_102,VPWR,li1,52.9000,62.5600,1.799988
FILLER_0_19_87,VPWR,li1,45.7700,62.5600,1.799985
FILLER_0_19_57,VPWR,li1,32.4300,62.5600,1.799982
FILLER_0_19_45,VPWR,li1,26.9100,62.5600,1.799981
FILLER_0_19_9,VPWR,li1,10.1200,62.5600,1.799984
FILLER_0_18_151,VPWR,li1,76.3600,62.5600,1.799983
FILLER_0_18_141,VPWR,li1,70.8400,62.5600,1.799984
FILLER_0_18_139,VPWR,li1,69.6900,62.5600,1.799985
FILLER_0_18_133,VPWR,li1,68.0800,62.5600,1.799985
FILLER_0_18_124,VPWR,li1,63.2500,62.5600,1.799987
FILLER_0_18_112,VPWR,li1,59.8000,62.5600,1.799988
FILLER_0_18_96,VPWR,li1,51.5200,62.5600,1.799987
FILLER_0_18_88,VPWR,li1,46.4600,62.5600,1.799986
FILLER_0_18_82,VPWR,li1,43.7000,62.5600,1.799985
FILLER_0_18_78,VPWR,li1,41.6300,62.5600,1.799985
FILLER_0_18_74,VPWR,li1,40.4800,62.5600,1.799985
FILLER_0_18_29,VPWR,li1,19.3200,62.5600,1.799984
FILLER_0_18_26,VPWR,li1,17.9400,62.5600,1.799984
FILLER_0_18_12,VPWR,li1,12.4200,62.5600,1.799985
FILLER_0_17_181,VPWR,li1,89.0100,57.1200,1.799977
FILLER_0_17_149,VPWR,li1,75.9000,57.1200,1.799983
FILLER_0_17_131,VPWR,li1,66.2400,57.1200,1.799981
FILLER_0_17_124,VPWR,li1,62.7900,57.1200,1.799981
FILLER_0_17_116,VPWR,li1,60.7200,57.1200,1.799981
FILLER_0_17_100,VPWR,li1,54.2800,57.1200,1.799981
FILLER_0_17_77,VPWR,li1,41.6300,57.1200,1.799983
FILLER_0_17_65,VPWR,li1,38.1800,57.1200,1.799985
FILLER_0_17_55,VPWR,li1,31.0500,57.1200,1.799983
FILLER_0_17_51,VPWR,li1,29.9000,57.1200,1.799983
FILLER_0_17_21,VPWR,li1,16.5600,57.1200,1.799982
FILLER_0_17_3,VPWR,li1,7.3600,57.1200,1.799977
FILLER_0_16_147,VPWR,li1,73.3700,57.1200,1.799982
FILLER_0_16_141,VPWR,li1,71.7600,57.1200,1.799982
FILLER_0_16_134,VPWR,li1,68.5400,57.1200,1.799982
FILLER_0_16_85,VPWR,li1,46.0000,57.1200,1.799982
FILLER_0_16_66,VPWR,li1,36.1100,57.1200,1.799986
FILLER_0_16_57,VPWR,li1,31.9700,57.1200,1.799984
FILLER_0_16_29,VPWR,li1,19.3200,57.1200,1.799981
FILLER_0_15_149,VPWR,li1,74.7500,51.6800,1.799968
FILLER_0_15_113,VPWR,li1,57.9600,51.6800,1.799954
FILLER_0_15_111,VPWR,li1,56.8100,51.6800,1.799943
FILLER_0_15_57,VPWR,li1,32.2000,51.6800,1.799966
FILLER_0_15_41,VPWR,li1,24.6100,51.6800,1.799969
FILLER_0_15_23,VPWR,li1,16.3300,51.6800,1.799976
FILLER_0_15_19,VPWR,li1,15.1800,51.6800,1.799976
FILLER_0_14_179,VPWR,li1,88.5500,51.6800,1.799971
FILLER_0_14_163,VPWR,li1,82.3400,51.6800,1.799972
FILLER_0_14_158,VPWR,li1,78.6600,51.6800,1.799974
FILLER_0_14_131,VPWR,li1,66.0100,51.6800,1.799959
FILLER_0_14_93,VPWR,li1,48.9900,51.6800,1.799931
FILLER_0_14_85,VPWR,li1,46.4600,51.6800,1.799936
FILLER_0_14_81,VPWR,li1,43.4700,51.6800,1.799943
FILLER_0_14_73,VPWR,li1,40.9400,51.6800,1.799950
FILLER_0_14_65,VPWR,li1,35.8800,51.6800,1.799965
FILLER_0_14_53,VPWR,li1,32.6600,51.6800,1.799966
FILLER_0_14_41,VPWR,li1,27.1400,51.6800,1.799968
FILLER_0_14_29,VPWR,li1,21.6200,51.6800,1.799971
FILLER_0_14_27,VPWR,li1,18.1700,51.6800,1.799973
FILLER_0_14_21,VPWR,li1,16.5600,51.6800,1.799976
FILLER_0_14_11,VPWR,li1,10.8100,51.6800,1.799967
FILLER_0_13_181,VPWR,li1,89.0100,46.2400,1.799984
FILLER_0_13_177,VPWR,li1,87.8600,46.2400,1.799984
FILLER_0_13_158,VPWR,li1,78.6600,46.2400,1.799986
FILLER_0_13_150,VPWR,li1,76.3600,46.2400,1.799984
FILLER_0_13_122,VPWR,li1,63.0200,46.2400,1.799981
FILLER_0_13_110,VPWR,li1,56.5800,46.2400,1.799985
FILLER_0_13_103,VPWR,li1,53.1300,46.2400,1.799985
FILLER_0_13_93,VPWR,li1,48.7600,46.2400,1.799985
FILLER_0_13_78,VPWR,li1,41.8600,46.2400,1.799985
FILLER_0_13_63,VPWR,li1,34.7300,46.2400,1.799984
FILLER_0_13_50,VPWR,li1,29.9000,46.2400,1.799982
FILLER_0_13_22,VPWR,li1,16.5600,46.2400,1.799982
FILLER_0_13_3,VPWR,li1,7.3600,46.2400,1.799978
FILLER_0_12_179,VPWR,li1,88.5500,46.2400,1.799984
FILLER_0_12_147,VPWR,li1,73.3700,46.2400,1.799981
FILLER_0_12_139,VPWR,li1,69.6900,46.2400,1.799979
FILLER_0_12_113,VPWR,li1,57.9600,46.2400,1.799985
FILLER_0_12_29,VPWR,li1,19.0900,46.2400,1.799981
FILLER_0_12_27,VPWR,li1,18.1700,46.2400,1.799981
FILLER_0_12_3,VPWR,li1,7.3600,46.2400,1.799978
FILLER_0_11_166,VPWR,li1,82.3400,40.8000,1.799962
FILLER_0_11_162,VPWR,li1,80.5000,40.8000,1.799964
FILLER_0_11_147,VPWR,li1,74.5200,40.8000,1.799957
FILLER_0_11_137,VPWR,li1,69.0000,40.8000,1.799965
FILLER_0_11_127,VPWR,li1,64.8600,40.8000,1.799974
FILLER_0_11_117,VPWR,li1,59.5700,40.8000,1.799983
FILLER_0_11_113,VPWR,li1,58.4200,40.8000,1.799983
FILLER_0_11_110,VPWR,li1,56.5800,40.8000,1.799983
FILLER_0_11_103,VPWR,li1,53.1300,40.8000,1.799983
FILLER_0_11_94,VPWR,li1,48.9900,40.8000,1.799985
FILLER_0_11_72,VPWR,li1,39.3300,40.8000,1.799987
FILLER_0_11_57,VPWR,li1,33.1200,40.8000,1.799985
FILLER_0_11_34,VPWR,li1,21.3900,40.8000,1.799982
FILLER_0_11_29,VPWR,li1,19.3200,40.8000,1.799983
FILLER_0_11_19,VPWR,li1,14.4900,40.8000,1.799985
FILLER_0_10_164,VPWR,li1,81.4200,40.8000,1.799964
FILLER_0_10_141,VPWR,li1,71.0700,40.8000,1.799962
FILLER_0_10_125,VPWR,li1,63.2500,40.8000,1.799974
FILLER_0_10_118,VPWR,li1,60.4900,40.8000,1.799979
FILLER_0_10_110,VPWR,li1,57.9600,40.8000,1.799983
FILLER_0_10_103,VPWR,li1,53.1300,40.8000,1.799983
FILLER_0_10_97,VPWR,li1,51.5200,40.8000,1.799984
FILLER_0_10_85,VPWR,li1,47.3800,40.8000,1.799985
FILLER_0_10_78,VPWR,li1,42.7800,40.8000,1.799986
FILLER_0_10_60,VPWR,li1,33.3500,40.8000,1.799985
FILLER_0_10_48,VPWR,li1,30.3600,40.8000,1.799984
FILLER_0_10_37,VPWR,li1,23.0000,40.8000,1.799981
FILLER_0_10_27,VPWR,li1,18.1700,40.8000,1.799984
FILLER_0_10_15,VPWR,li1,15.1800,40.8000,1.799985
FILLER_0_10_3,VPWR,li1,9.6600,40.8000,1.799982
FILLER_0_9_169,VPWR,li1,83.9500,35.3600,1.799956
FILLER_0_9_151,VPWR,li1,75.2100,35.3600,1.799953
FILLER_0_9_121,VPWR,li1,61.4100,35.3600,1.799944
FILLER_0_9_57,VPWR,li1,32.4300,35.3600,1.799934
FILLER_0_9_15,VPWR,li1,13.3400,35.3600,1.799956
FILLER_0_9_3,VPWR,li1,9.6600,35.3600,1.799956
FILLER_0_8_164,VPWR,li1,81.4200,35.3600,1.799958
FILLER_0_8_154,VPWR,li1,76.5900,35.3600,1.799953
FILLER_0_8_118,VPWR,li1,60.2600,35.3600,1.799949
FILLER_0_8_85,VPWR,li1,45.0800,35.3600,1.799936
FILLER_0_8_49,VPWR,li1,28.7500,35.3600,1.799930
FILLER_0_8_29,VPWR,li1,19.7800,35.3600,1.799947
FILLER_0_8_26,VPWR,li1,17.9400,35.3600,1.799953
FILLER_0_8_9,VPWR,li1,9.8900,35.3600,1.799956
FILLER_0_8_3,VPWR,li1,8.2800,35.3600,1.799956
FILLER_0_7_147,VPWR,li1,74.0600,29.9200,1.799963
FILLER_0_7_113,VPWR,li1,57.7300,29.9200,1.799973
FILLER_0_7_100,VPWR,li1,52.4400,29.9200,1.799973
FILLER_0_7_88,VPWR,li1,48.7600,29.9200,1.799975
FILLER_0_7_84,VPWR,li1,44.3900,29.9200,1.799977
FILLER_0_7_78,VPWR,li1,42.7800,29.9200,1.799977
FILLER_0_7_38,VPWR,li1,23.2300,29.9200,1.799985
FILLER_0_7_18,VPWR,li1,14.2600,29.9200,1.799990
FILLER_0_7_3,VPWR,li1,9.6600,29.9200,1.799990
FILLER_0_6_170,VPWR,li1,84.1800,29.9200,1.799974
FILLER_0_6_156,VPWR,li1,77.7400,29.9200,1.799968
FILLER_0_6_136,VPWR,li1,69.0000,29.9200,1.799955
FILLER_0_6_120,VPWR,li1,60.9500,29.9200,1.799966
FILLER_0_6_116,VPWR,li1,59.8000,29.9200,1.799966
FILLER_0_6_101,VPWR,li1,52.6700,29.9200,1.799973
FILLER_0_6_93,VPWR,li1,50.1400,29.9200,1.799974
FILLER_0_6_66,VPWR,li1,36.3400,29.9200,1.799983
FILLER_0_6_46,VPWR,li1,27.1400,29.9200,1.799984
FILLER_0_6_23,VPWR,li1,16.5600,29.9200,1.799990
FILLER_0_6_15,VPWR,li1,14.2600,29.9200,1.799990
FILLER_0_6_3,VPWR,li1,9.6600,29.9200,1.799990
FILLER_0_5_181,VPWR,li1,89.0100,24.4800,1.799966
FILLER_0_5_164,VPWR,li1,81.8800,24.4800,1.799971
FILLER_0_5_124,VPWR,li1,63.2500,24.4800,1.799979
FILLER_0_5_116,VPWR,li1,60.7200,24.4800,1.799981
FILLER_0_5_109,VPWR,li1,56.3500,24.4800,1.799984
FILLER_0_5_78,VPWR,li1,41.6300,24.4800,1.799986
FILLER_0_5_15,VPWR,li1,12.6500,24.4800,1.799987
FILLER_0_5_3,VPWR,li1,9.6600,24.4800,1.799987
FILLER_0_4_177,VPWR,li1,87.1700,24.4800,1.799966
FILLER_0_4_160,VPWR,li1,79.3500,24.4800,1.799975
FILLER_0_4_141,VPWR,li1,71.3000,24.4800,1.799975
FILLER_0_4_109,VPWR,li1,55.8900,24.4800,1.799984
FILLER_0_4_85,VPWR,li1,45.3100,24.4800,1.799985
FILLER_0_4_83,VPWR,li1,43.9300,24.4800,1.799985
FILLER_0_4_79,VPWR,li1,42.7800,24.4800,1.799986
FILLER_0_4_70,VPWR,li1,39.1000,24.4800,1.799986
FILLER_0_4_46,VPWR,li1,27.3700,24.4800,1.799981
FILLER_0_4_29,VPWR,li1,20.7000,24.4800,1.799982
FILLER_0_4_27,VPWR,li1,18.1700,24.4800,1.799984
FILLER_0_4_23,VPWR,li1,17.0200,24.4800,1.799984
FILLER_0_4_19,VPWR,li1,14.4900,24.4800,1.799987
FILLER_0_4_15,VPWR,li1,13.3400,24.4800,1.799987
FILLER_0_4_3,VPWR,li1,9.6600,24.4800,1.799987
FILLER_0_3_180,VPWR,li1,88.7800,19.0400,1.799987
FILLER_0_3_169,VPWR,li1,83.9500,19.0400,1.799988
FILLER_0_3_159,VPWR,li1,78.8900,19.0400,1.799988
FILLER_0_3_152,VPWR,li1,75.6700,19.0400,1.799987
FILLER_0_3_148,VPWR,li1,74.5200,19.0400,1.799987
FILLER_0_3_113,VPWR,li1,57.9600,19.0400,1.799988
FILLER_0_3_110,VPWR,li1,56.5800,19.0400,1.799988
FILLER_0_3_96,VPWR,li1,51.0600,19.0400,1.799987
FILLER_0_3_84,VPWR,li1,46.9200,19.0400,1.799987
FILLER_0_3_74,VPWR,li1,40.0200,19.0400,1.799988
FILLER_0_3_53,VPWR,li1,30.5900,19.0400,1.799986
FILLER_0_3_39,VPWR,li1,24.8400,19.0400,1.799988
FILLER_0_3_27,VPWR,li1,20.7000,19.0400,1.799990
FILLER_0_3_15,VPWR,li1,15.1800,19.0400,1.799994
FILLER_0_3_3,VPWR,li1,9.6600,19.0400,1.799994
FILLER_0_2_166,VPWR,li1,84.6400,19.0400,1.799988
FILLER_0_2_144,VPWR,li1,72.2200,19.0400,1.799987
FILLER_0_2_138,VPWR,li1,69.4600,19.0400,1.799986
FILLER_0_2_120,VPWR,li1,60.9500,19.0400,1.799988
FILLER_0_2_100,VPWR,li1,52.2100,19.0400,1.799987
FILLER_0_2_72,VPWR,li1,39.3300,19.0400,1.799988
FILLER_0_2_62,VPWR,li1,34.2700,19.0400,1.799987
FILLER_0_2_33,VPWR,li1,20.9300,19.0400,1.799990
FILLER_0_2_29,VPWR,li1,19.7800,19.0400,1.799992
FILLER_0_2_27,VPWR,li1,18.1700,19.0400,1.799992
FILLER_0_2_15,VPWR,li1,15.1800,19.0400,1.799994
FILLER_0_2_3,VPWR,li1,9.6600,19.0400,1.799994
FILLER_0_1_181,VPWR,li1,89.0100,13.6000,1.799980
FILLER_0_1_169,VPWR,li1,86.0200,13.6000,1.799980
FILLER_0_1_167,VPWR,li1,82.5700,13.6000,1.799980
FILLER_0_1_163,VPWR,li1,81.4200,13.6000,1.799980
FILLER_0_1_113,VPWR,li1,57.9600,13.6000,1.799973
FILLER_0_1_52,VPWR,li1,30.3600,13.6000,1.799979
FILLER_0_1_27,VPWR,li1,19.3200,13.6000,1.799989
FILLER_0_1_15,VPWR,li1,15.1800,13.6000,1.799991
FILLER_0_1_3,VPWR,li1,9.6600,13.6000,1.799991
FILLER_0_0_181,VPWR,li1,89.0100,13.6000,1.799980
FILLER_0_0_169,VPWR,li1,86.0200,13.6000,1.799980
FILLER_0_0_166,VPWR,li1,82.3400,13.6000,1.799980
FILLER_0_0_158,VPWR,li1,80.0400,13.6000,1.799980
FILLER_0_0_139,VPWR,li1,69.6900,13.6000,1.799965
FILLER_0_0_135,VPWR,li1,68.5400,13.6000,1.799965
FILLER_0_0_85,VPWR,li1,44.8500,13.6000,1.799969
FILLER_0_0_57,VPWR,li1,32.2000,13.6000,1.799977
FILLER_0_0_51,VPWR,li1,29.2100,13.6000,1.799980
FILLER_0_0_47,VPWR,li1,28.0600,13.6000,1.799980
FILLER_0_0_35,VPWR,li1,24.3800,13.6000,1.799983
FILLER_0_0_29,VPWR,li1,19.3200,13.6000,1.799989
FILLER_0_0_27,VPWR,li1,18.1700,13.6000,1.799989
FILLER_0_0_15,VPWR,li1,15.1800,13.6000,1.799991
FILLER_0_0_3,VPWR,li1,9.6600,13.6000,1.799991
ANTENNA_1,VPWR,li1,81.4200,40.8000,1.799964
hold64,VPWR,li1,76.8200,29.9200,1.799968
hold63,VPWR,li1,55.6600,51.6800,1.799943
hold62,VPWR,li1,85.1000,46.2400,1.799984
hold61,VPWR,li1,34.9600,35.3600,1.799940
hold60,VPWR,li1,42.3200,57.1200,1.799983
hold59,VPWR,li1,85.1000,62.5600,1.799976
hold58,VPWR,li1,43.7000,62.5600,1.799985
hold57,VPWR,li1,76.3600,51.6800,1.799968
hold56,VPWR,li1,85.1000,24.4800,1.799967
hold55,VPWR,li1,29.4400,29.9200,1.799983
hold54,VPWR,li1,87.4000,68.0000,1.799956
hold53,VPWR,li1,80.9600,19.0400,1.799989
hold52,VPWR,li1,86.4800,19.0400,1.799987
hold51,VPWR,li1,53.8200,73.4400,1.799956
hold50,VPWR,li1,29.4400,89.7600,1.799980
hold49,VPWR,li1,86.0200,51.6800,1.799971
hold48,VPWR,li1,24.8400,29.9200,1.799985
hold47,VPWR,li1,75.4400,89.7600,1.799974
hold46,VPWR,li1,86.9400,84.3200,1.799994
hold45,VPWR,li1,22.5400,51.6800,1.799971
hold44,VPWR,li1,40.4800,95.2000,1.799992
hold43,VPWR,li1,43.7000,73.4400,1.799952
hold42,VPWR,li1,80.9600,46.2400,1.799985
hold41,VPWR,li1,54.2800,19.0400,1.799988
hold40,VPWR,li1,76.3600,13.6000,1.799973
hold39,VPWR,li1,9.6600,46.2400,1.799978
hold38,VPWR,li1,80.0400,19.0400,1.799989
hold37,VPWR,li1,80.5000,89.7600,1.799983
hold36,VPWR,li1,15.1800,68.0000,1.799966
hold35,VPWR,li1,64.4000,78.8800,1.799987
hold34,VPWR,li1,52.9000,95.2000,1.799989
hold33,VPWR,li1,36.3400,13.6000,1.799976
hold32,VPWR,li1,67.6200,46.2400,1.799979
hold31,VPWR,li1,29.4400,24.4800,1.799982
hold30,VPWR,li1,36.8000,46.2400,1.799987
hold29,VPWR,li1,65.7800,68.0000,1.799965
hold28,VPWR,li1,46.4600,95.2000,1.799989
hold27,VPWR,li1,55.2000,35.3600,1.799949
hold26,VPWR,li1,22.5400,89.7600,1.799985
hold25,VPWR,li1,28.0600,19.0400,1.799986
hold24,VPWR,li1,49.6800,57.1200,1.799980
hold23,VPWR,li1,65.3200,57.1200,1.799981
hold22,VPWR,li1,27.1400,62.5600,1.799981
hold21,VPWR,li1,86.0200,73.4400,1.799963
hold20,VPWR,li1,42.3200,19.0400,1.799987
hold19,VPWR,li1,20.7000,40.8000,1.799982
hold18,VPWR,li1,80.9600,57.1200,1.799981
hold17,VPWR,li1,58.8800,19.0400,1.799989
hold16,VPWR,li1,29.4400,84.3200,1.799977
hold15,VPWR,li1,59.3400,95.2000,1.799990
hold14,VPWR,li1,65.3200,24.4800,1.799978
hold13,VPWR,li1,20.2400,35.3600,1.799947
hold12,VPWR,li1,37.7200,19.0400,1.799989
hold11,VPWR,li1,66.2400,95.2000,1.799991
hold10,VPWR,li1,46.4600,29.9200,1.799976
hold9,VPWR,li1,15.6400,62.5600,1.799986
hold8,VPWR,li1,55.2000,84.3200,1.799990
hold7,VPWR,li1,16.5600,73.4400,1.799976
hold6,VPWR,li1,27.1400,57.1200,1.799981
hold5,VPWR,li1,85.1000,78.8800,1.799979
hold4,VPWR,li1,67.1600,19.0400,1.799986
hold3,VPWR,li1,46.4600,84.3200,1.799985
hold2,VPWR,li1,24.8400,78.8800,1.799986
hold1,VPWR,li1,26.6800,46.2400,1.799980
clkload6,VPWR,li1,72.9100,68.0000,1.799958
clkload5,VPWR,li1,58.6500,73.4400,1.799959
clkload4,VPWR,li1,74.0600,35.3600,1.799947
clkload3,VPWR,li1,67.6200,29.9200,1.799950
clkload2,VPWR,li1,22.5400,68.0000,1.799954
clkload1,VPWR,li1,39.1000,29.9200,1.799979
clkload0,VPWR,li1,24.8400,40.8000,1.799980
clkbuf_3_7__f_clk,VPWR,li1,78.2000,68.0000,1.799954
clkbuf_3_6__f_clk,VPWR,li1,63.9400,73.4400,1.799944
clkbuf_3_5__f_clk,VPWR,li1,76.3600,40.8000,1.799955
clkbuf_3_4__f_clk,VPWR,li1,65.3200,35.3600,1.799935
clkbuf_3_3__f_clk,VPWR,li1,39.5600,73.4400,1.799951
clkbuf_3_2__f_clk,VPWR,li1,25.7600,68.0000,1.799947
clkbuf_3_1__f_clk,VPWR,li1,41.4000,35.3600,1.799933
clkbuf_3_0__f_clk,VPWR,li1,26.6800,35.3600,1.799927
clkbuf_0_clk,VPWR,li1,51.9800,51.6800,1.799925
output34,VPWR,li1,63.0200,13.6000,1.799965
output33,VPWR,li1,87.8600,24.4800,1.799966
output32,VPWR,li1,84.6400,68.0000,1.799956
output31,VPWR,li1,88.3200,78.8800,1.799979
output30,VPWR,li1,49.6800,95.2000,1.799988
output29,VPWR,li1,33.5800,13.6000,1.799977
output28,VPWR,li1,7.8200,51.6800,1.799965
output27,VPWR,li1,7.8200,73.4400,1.799967
output26,VPWR,li1,64.8600,13.6000,1.799964
output25,VPWR,li1,88.3200,24.4800,1.799966
output24,VPWR,li1,63.0200,95.2000,1.799990
output23,VPWR,li1,88.3200,78.8800,1.799979
output22,VPWR,li1,48.3000,89.7600,1.799966
output21,VPWR,li1,30.3600,13.6000,1.799979
output20,VPWR,li1,9.6600,51.6800,1.799967
output19,VPWR,li1,7.8200,78.8800,1.799984
input18,VPWR,li1,41.8600,13.6000,1.799971
input17,VPWR,li1,54.7400,13.6000,1.799968
input16,VPWR,li1,59.8000,13.6000,1.799969
input15,VPWR,li1,66.7000,13.6000,1.799965
input14,VPWR,li1,88.3200,19.0400,1.799987
input13,VPWR,li1,88.3200,51.6800,1.799971
input12,VPWR,li1,88.3200,68.0000,1.799956
input11,VPWR,li1,43.2400,95.2000,1.799991
input10,VPWR,li1,20.7000,13.6000,1.799986
input9,VPWR,li1,7.8200,57.1200,1.799977
input8,VPWR,li1,7.8200,84.3200,1.799983
input7,VPWR,li1,47.3800,13.6000,1.799967
input6,VPWR,li1,8.2800,62.5600,1.799984
input5,VPWR,li1,86.9400,40.8000,1.799959
input4,VPWR,li1,86.9400,29.9200,1.799974
input3,VPWR,li1,8.2800,62.5600,1.799984
input2,VPWR,li1,86.9400,35.3600,1.799956
input1,VPWR,li1,86.9400,29.9200,1.799974
TAP_TAPCELL_ROW_30_160,VPWR,li1,83.0300,94.8930,1.799996
TAP_TAPCELL_ROW_30_159,VPWR,li1,70.1500,94.8930,1.799991
TAP_TAPCELL_ROW_30_158,VPWR,li1,57.2700,94.8930,1.799991
TAP_TAPCELL_ROW_30_157,VPWR,li1,44.3900,94.8930,1.799991
TAP_TAPCELL_ROW_30_156,VPWR,li1,31.5100,94.8930,1.799995
TAP_TAPCELL_ROW_30_155,VPWR,li1,18.6300,94.8930,1.799997
TAP_TAPCELL_ROW_29_154,VPWR,li1,83.0300,90.0660,1.799983
TAP_TAPCELL_ROW_29_153,VPWR,li1,57.2700,90.0660,1.799973
TAP_TAPCELL_ROW_29_152,VPWR,li1,31.5100,90.0660,1.799979
TAP_TAPCELL_ROW_28_151,VPWR,li1,70.1500,89.4530,1.799971
TAP_TAPCELL_ROW_28_150,VPWR,li1,44.3900,89.4530,1.799969
TAP_TAPCELL_ROW_28_149,VPWR,li1,18.6300,89.4530,1.799989
TAP_TAPCELL_ROW_27_148,VPWR,li1,83.0300,84.6260,1.799994
TAP_TAPCELL_ROW_27_147,VPWR,li1,57.2700,84.6260,1.799992
TAP_TAPCELL_ROW_27_146,VPWR,li1,31.5100,84.6260,1.799978
TAP_TAPCELL_ROW_26_145,VPWR,li1,70.1500,84.0130,1.799992
TAP_TAPCELL_ROW_26_144,VPWR,li1,44.3900,84.0130,1.799985
TAP_TAPCELL_ROW_26_143,VPWR,li1,18.6300,84.0130,1.799979
TAP_TAPCELL_ROW_25_142,VPWR,li1,83.0300,79.1860,1.799981
TAP_TAPCELL_ROW_25_141,VPWR,li1,57.2700,79.1860,1.799991
TAP_TAPCELL_ROW_25_140,VPWR,li1,31.5100,79.1860,1.799988
TAP_TAPCELL_ROW_24_139,VPWR,li1,70.1500,78.5730,1.799986
TAP_TAPCELL_ROW_24_138,VPWR,li1,44.3900,78.5730,1.799990
TAP_TAPCELL_ROW_24_137,VPWR,li1,18.6300,78.5730,1.799986
TAP_TAPCELL_ROW_23_136,VPWR,li1,83.0300,73.7460,1.799966
TAP_TAPCELL_ROW_23_135,VPWR,li1,57.2700,73.7460,1.799957
TAP_TAPCELL_ROW_23_134,VPWR,li1,31.5100,73.7460,1.799963
TAP_TAPCELL_ROW_22_133,VPWR,li1,70.1500,73.1330,1.799951
TAP_TAPCELL_ROW_22_132,VPWR,li1,44.3900,73.1330,1.799952
TAP_TAPCELL_ROW_22_131,VPWR,li1,18.6300,73.1330,1.799973
TAP_TAPCELL_ROW_21_130,VPWR,li1,83.0300,68.3060,1.799958
TAP_TAPCELL_ROW_21_129,VPWR,li1,57.2700,68.3060,1.799974
TAP_TAPCELL_ROW_21_128,VPWR,li1,31.5100,68.3060,1.799959
TAP_TAPCELL_ROW_20_127,VPWR,li1,70.1500,67.6930,1.799962
TAP_TAPCELL_ROW_20_126,VPWR,li1,44.3900,67.6930,1.799973
TAP_TAPCELL_ROW_20_125,VPWR,li1,18.6300,67.6930,1.799959
TAP_TAPCELL_ROW_19_124,VPWR,li1,83.0300,62.8660,1.799978
TAP_TAPCELL_ROW_19_123,VPWR,li1,57.2700,62.8660,1.799990
TAP_TAPCELL_ROW_19_122,VPWR,li1,31.5100,62.8660,1.799982
TAP_TAPCELL_ROW_18_121,VPWR,li1,70.1500,62.2530,1.799984
TAP_TAPCELL_ROW_18_120,VPWR,li1,44.3900,62.2530,1.799985
TAP_TAPCELL_ROW_18_119,VPWR,li1,18.6300,62.2530,1.799984
TAP_TAPCELL_ROW_17_118,VPWR,li1,83.0300,57.4260,1.799979
TAP_TAPCELL_ROW_17_117,VPWR,li1,57.2700,57.4260,1.799984
TAP_TAPCELL_ROW_17_116,VPWR,li1,31.5100,57.4260,1.799983
TAP_TAPCELL_ROW_16_115,VPWR,li1,70.1500,56.8130,1.799982
TAP_TAPCELL_ROW_16_114,VPWR,li1,44.3900,56.8130,1.799982
TAP_TAPCELL_ROW_16_113,VPWR,li1,18.6300,56.8130,1.799981
TAP_TAPCELL_ROW_15_112,VPWR,li1,83.0300,51.9860,1.799972
TAP_TAPCELL_ROW_15_111,VPWR,li1,57.2700,51.9860,1.799943
TAP_TAPCELL_ROW_15_110,VPWR,li1,31.5100,51.9860,1.799966
TAP_TAPCELL_ROW_14_109,VPWR,li1,70.1500,51.3730,1.799963
TAP_TAPCELL_ROW_14_108,VPWR,li1,44.3900,51.3730,1.799943
TAP_TAPCELL_ROW_14_107,VPWR,li1,18.6300,51.3730,1.799973
TAP_TAPCELL_ROW_13_106,VPWR,li1,83.0300,46.5460,1.799985
TAP_TAPCELL_ROW_13_105,VPWR,li1,57.2700,46.5460,1.799985
TAP_TAPCELL_ROW_13_104,VPWR,li1,31.5100,46.5460,1.799982
TAP_TAPCELL_ROW_12_103,VPWR,li1,70.1500,45.9330,1.799979
TAP_TAPCELL_ROW_12_102,VPWR,li1,44.3900,45.9330,1.799985
TAP_TAPCELL_ROW_12_101,VPWR,li1,18.6300,45.9330,1.799981
TAP_TAPCELL_ROW_11_100,VPWR,li1,83.0300,41.1060,1.799962
TAP_TAPCELL_ROW_11_99,VPWR,li1,57.2700,41.1060,1.799983
TAP_TAPCELL_ROW_11_98,VPWR,li1,31.5100,41.1060,1.799984
TAP_TAPCELL_ROW_10_97,VPWR,li1,70.1500,40.4930,1.799965
TAP_TAPCELL_ROW_10_96,VPWR,li1,44.3900,40.4930,1.799985
TAP_TAPCELL_ROW_10_95,VPWR,li1,18.6300,40.4930,1.799983
TAP_TAPCELL_ROW_9_94,VPWR,li1,83.0300,35.6660,1.799958
TAP_TAPCELL_ROW_9_93,VPWR,li1,57.2700,35.6660,1.799954
TAP_TAPCELL_ROW_9_92,VPWR,li1,31.5100,35.6660,1.799934
TAP_TAPCELL_ROW_8_91,VPWR,li1,70.1500,35.0530,1.799943
TAP_TAPCELL_ROW_8_90,VPWR,li1,44.3900,35.0530,1.799936
TAP_TAPCELL_ROW_8_89,VPWR,li1,18.6300,35.0530,1.799953
TAP_TAPCELL_ROW_7_88,VPWR,li1,83.0300,30.2260,1.799974
TAP_TAPCELL_ROW_7_87,VPWR,li1,57.2700,30.2260,1.799973
TAP_TAPCELL_ROW_7_86,VPWR,li1,31.5100,30.2260,1.799983
TAP_TAPCELL_ROW_6_85,VPWR,li1,70.1500,29.6130,1.799955
TAP_TAPCELL_ROW_6_84,VPWR,li1,44.3900,29.6130,1.799977
TAP_TAPCELL_ROW_6_83,VPWR,li1,18.6300,29.6130,1.799988
TAP_TAPCELL_ROW_5_82,VPWR,li1,83.0300,24.7860,1.799971
TAP_TAPCELL_ROW_5_81,VPWR,li1,57.2700,24.7860,1.799984
TAP_TAPCELL_ROW_5_80,VPWR,li1,31.5100,24.7860,1.799983
TAP_TAPCELL_ROW_4_79,VPWR,li1,70.1500,24.1730,1.799976
TAP_TAPCELL_ROW_4_78,VPWR,li1,44.3900,24.1730,1.799985
TAP_TAPCELL_ROW_4_77,VPWR,li1,18.6300,24.1730,1.799983
TAP_TAPCELL_ROW_3_76,VPWR,li1,83.0300,19.3460,1.799988
TAP_TAPCELL_ROW_3_75,VPWR,li1,57.2700,19.3460,1.799988
TAP_TAPCELL_ROW_3_74,VPWR,li1,31.5100,19.3460,1.799986
TAP_TAPCELL_ROW_2_73,VPWR,li1,70.1500,18.7330,1.799986
TAP_TAPCELL_ROW_2_72,VPWR,li1,44.3900,18.7330,1.799987
TAP_TAPCELL_ROW_2_71,VPWR,li1,18.6300,18.7330,1.799992
TAP_TAPCELL_ROW_1_70,VPWR,li1,83.0300,13.9060,1.799980
TAP_TAPCELL_ROW_1_69,VPWR,li1,57.2700,13.9060,1.799973
TAP_TAPCELL_ROW_1_68,VPWR,li1,31.5100,13.9060,1.799979
TAP_TAPCELL_ROW_0_67,VPWR,li1,83.0300,13.2930,1.799980
TAP_TAPCELL_ROW_0_66,VPWR,li1,70.1500,13.2930,1.799965
TAP_TAPCELL_ROW_0_65,VPWR,li1,57.2700,13.2930,1.799973
TAP_TAPCELL_ROW_0_64,VPWR,li1,44.3900,13.2930,1.799969
TAP_TAPCELL_ROW_0_63,VPWR,li1,31.5100,13.2930,1.799979
TAP_TAPCELL_ROW_0_62,VPWR,li1,18.6300,13.2930,1.799989
PHY_EDGE_ROW_30_Left_61,VPWR,li1,6.2100,95.2000,1.799998
PHY_EDGE_ROW_29_Left_60,VPWR,li1,6.2100,89.7600,1.799991
PHY_EDGE_ROW_28_Left_59,VPWR,li1,6.2100,89.7600,1.799991
PHY_EDGE_ROW_27_Left_58,VPWR,li1,6.2100,84.3200,1.799983
PHY_EDGE_ROW_26_Left_57,VPWR,li1,6.2100,84.3200,1.799983
PHY_EDGE_ROW_25_Left_56,VPWR,li1,6.2100,78.8800,1.799984
PHY_EDGE_ROW_24_Left_55,VPWR,li1,6.2100,78.8800,1.799984
PHY_EDGE_ROW_23_Left_54,VPWR,li1,6.2100,73.4400,1.799967
PHY_EDGE_ROW_22_Left_53,VPWR,li1,6.2100,73.4400,1.799967
PHY_EDGE_ROW_21_Left_52,VPWR,li1,6.2100,68.0000,1.799962
PHY_EDGE_ROW_20_Left_51,VPWR,li1,6.2100,68.0000,1.799962
PHY_EDGE_ROW_19_Left_50,VPWR,li1,6.2100,62.5600,1.799984
PHY_EDGE_ROW_18_Left_49,VPWR,li1,6.2100,62.5600,1.799984
PHY_EDGE_ROW_17_Left_48,VPWR,li1,6.2100,57.1200,1.799977
PHY_EDGE_ROW_16_Left_47,VPWR,li1,6.2100,57.1200,1.799977
PHY_EDGE_ROW_15_Left_46,VPWR,li1,6.2100,51.6800,1.799965
PHY_EDGE_ROW_14_Left_45,VPWR,li1,6.2100,51.6800,1.799965
PHY_EDGE_ROW_13_Left_44,VPWR,li1,6.2100,46.2400,1.799978
PHY_EDGE_ROW_12_Left_43,VPWR,li1,6.2100,46.2400,1.799978
PHY_EDGE_ROW_11_Left_42,VPWR,li1,6.2100,40.8000,1.799982
PHY_EDGE_ROW_10_Left_41,VPWR,li1,6.2100,40.8000,1.799982
PHY_EDGE_ROW_9_Left_40,VPWR,li1,6.2100,35.3600,1.799956
PHY_EDGE_ROW_8_Left_39,VPWR,li1,6.2100,35.3600,1.799956
PHY_EDGE_ROW_7_Left_38,VPWR,li1,6.2100,29.9200,1.799990
PHY_EDGE_ROW_6_Left_37,VPWR,li1,6.2100,29.9200,1.799990
PHY_EDGE_ROW_5_Left_36,VPWR,li1,6.2100,24.4800,1.799987
PHY_EDGE_ROW_4_Left_35,VPWR,li1,6.2100,24.4800,1.799987
PHY_EDGE_ROW_3_Left_34,VPWR,li1,6.2100,19.0400,1.799994
PHY_EDGE_ROW_2_Left_33,VPWR,li1,6.2100,19.0400,1.799994
PHY_EDGE_ROW_1_Left_32,VPWR,li1,6.2100,13.6000,1.799991
PHY_EDGE_ROW_0_Left_31,VPWR,li1,6.2100,13.6000,1.799991
PHY_EDGE_ROW_30_Right_30,VPWR,li1,89.9300,95.2000,1.799996
PHY_EDGE_ROW_29_Right_29,VPWR,li1,89.9300,89.7600,1.799983
PHY_EDGE_ROW_28_Right_28,VPWR,li1,89.9300,89.7600,1.799983
PHY_EDGE_ROW_27_Right_27,VPWR,li1,89.9300,84.3200,1.799994
PHY_EDGE_ROW_26_Right_26,VPWR,li1,89.9300,84.3200,1.799994
PHY_EDGE_ROW_25_Right_25,VPWR,li1,89.9300,78.8800,1.799979
PHY_EDGE_ROW_24_Right_24,VPWR,li1,89.9300,78.8800,1.799979
PHY_EDGE_ROW_23_Right_23,VPWR,li1,89.9300,73.4400,1.799962
PHY_EDGE_ROW_22_Right_22,VPWR,li1,89.9300,73.4400,1.799962
PHY_EDGE_ROW_21_Right_21,VPWR,li1,89.9300,68.0000,1.799956
PHY_EDGE_ROW_20_Right_20,VPWR,li1,89.9300,68.0000,1.799956
PHY_EDGE_ROW_19_Right_19,VPWR,li1,89.9300,62.5600,1.799976
PHY_EDGE_ROW_18_Right_18,VPWR,li1,89.9300,62.5600,1.799976
PHY_EDGE_ROW_17_Right_17,VPWR,li1,89.9300,57.1200,1.799977
PHY_EDGE_ROW_16_Right_16,VPWR,li1,89.9300,57.1200,1.799977
PHY_EDGE_ROW_15_Right_15,VPWR,li1,89.9300,51.6800,1.799971
PHY_EDGE_ROW_14_Right_14,VPWR,li1,89.9300,51.6800,1.799971
PHY_EDGE_ROW_13_Right_13,VPWR,li1,89.9300,46.2400,1.799984
PHY_EDGE_ROW_12_Right_12,VPWR,li1,89.9300,46.2400,1.799984
PHY_EDGE_ROW_11_Right_11,VPWR,li1,89.9300,40.8000,1.799959
PHY_EDGE_ROW_10_Right_10,VPWR,li1,89.9300,40.8000,1.799959
PHY_EDGE_ROW_9_Right_9,VPWR,li1,89.9300,35.3600,1.799956
PHY_EDGE_ROW_8_Right_8,VPWR,li1,89.9300,35.3600,1.799956
PHY_EDGE_ROW_7_Right_7,VPWR,li1,89.9300,29.9200,1.799974
PHY_EDGE_ROW_6_Right_6,VPWR,li1,89.9300,29.9200,1.799974
PHY_EDGE_ROW_5_Right_5,VPWR,li1,89.9300,24.4800,1.799966
PHY_EDGE_ROW_4_Right_4,VPWR,li1,89.9300,24.4800,1.799966
PHY_EDGE_ROW_3_Right_3,VPWR,li1,89.9300,19.0400,1.799987
PHY_EDGE_ROW_2_Right_2,VPWR,li1,89.9300,19.0400,1.799987
PHY_EDGE_ROW_1_Right_1,VPWR,li1,89.9300,13.6000,1.799980
PHY_EDGE_ROW_0_Right_0,VPWR,li1,89.9300,13.6000,1.799980
_545_,VPWR,li1,42.7800,13.6000,1.799971
_544_,VPWR,li1,62.1000,13.6000,1.799965
_543_,VPWR,li1,53.3600,89.7600,1.799968
_542_,VPWR,li1,69.9200,89.7600,1.799971
_541_,VPWR,li1,35.8800,89.7600,1.799978
_540_,VPWR,li1,24.3800,13.6000,1.799983
_539_,VPWR,li1,14.2600,46.2400,1.799979
_538_,VPWR,li1,16.5600,84.3200,1.799980
_537_,VPWR,li1,49.6800,35.3600,1.799941
_536_,VPWR,li1,62.1000,46.2400,1.799982
_535_,VPWR,li1,59.8000,57.1200,1.799981
_534_,VPWR,li1,60.2600,68.0000,1.799975
_533_,VPWR,li1,43.7000,51.6800,1.799943
_532_,VPWR,li1,24.3800,35.3600,1.799932
_531_,VPWR,li1,21.6200,57.1200,1.799980
_530_,VPWR,li1,22.5400,62.5600,1.799980
_529_,VPWR,li1,79.1200,35.3600,1.799961
_528_,VPWR,li1,78.6600,46.2400,1.799986
_527_,VPWR,li1,70.8400,46.2400,1.799979
_526_,VPWR,li1,79.1200,62.5600,1.799982
_525_,VPWR,li1,52.4400,57.1200,1.799980
_524_,VPWR,li1,40.4800,35.3600,1.799933
_523_,VPWR,li1,36.3400,51.6800,1.799965
_522_,VPWR,li1,38.1800,62.5600,1.799985
_521_,VPWR,li1,83.2600,24.4800,1.799971
_520_,VPWR,li1,85.5600,40.8000,1.799959
_519_,VPWR,li1,85.5600,57.1200,1.799977
_518_,VPWR,li1,85.5600,73.4400,1.799963
_517_,VPWR,li1,38.1800,73.4400,1.799959
_516_,VPWR,li1,13.8000,35.3600,1.799956
_515_,VPWR,li1,11.5000,57.1200,1.799978
_514_,VPWR,li1,11.0400,73.4400,1.799969
_513_,VPWR,li1,77.2800,24.4800,1.799973
_512_,VPWR,li1,85.5600,35.3600,1.799956
_511_,VPWR,li1,79.1200,51.6800,1.799974
_510_,VPWR,li1,85.5600,62.5600,1.799976
_509_,VPWR,li1,48.3000,73.4400,1.799953
_508_,VPWR,li1,16.5600,24.4800,1.799984
_507_,VPWR,li1,10.5800,51.6800,1.799967
_506_,VPWR,li1,10.5800,68.0000,1.799962
_505_,VPWR,li1,53.3600,13.6000,1.799968
_504_,VPWR,li1,76.8200,13.6000,1.799973
_503_,VPWR,li1,81.4200,84.3200,1.799995
_502_,VPWR,li1,83.7200,78.8800,1.799981
_501_,VPWR,li1,49.2200,89.7600,1.799966
_500_,VPWR,li1,35.4200,13.6000,1.799976
_499_,VPWR,li1,36.8000,46.2400,1.799987
_498_,VPWR,li1,35.4200,84.3200,1.799979
_497_,VPWR,li1,48.7600,13.6000,1.799967
_496_,VPWR,li1,69.4600,13.6000,1.799965
_495_,VPWR,li1,62.1000,89.7600,1.799972
_494_,VPWR,li1,74.9800,89.7600,1.799974
_493_,VPWR,li1,43.2400,89.7600,1.799971
_492_,VPWR,li1,30.3600,19.0400,1.799985
_491_,VPWR,li1,21.1600,46.2400,1.799979
_490_,VPWR,li1,24.8400,84.3200,1.799975
_489_,VPWR,li1,40.4800,29.9200,1.799979
_488_,VPWR,li1,59.8000,24.4800,1.799984
_487_,VPWR,li1,55.2000,84.3200,1.799990
_486_,VPWR,li1,61.1800,73.4400,1.799951
_485_,VPWR,li1,38.1800,84.3200,1.799983
_484_,VPWR,li1,23.9200,24.4800,1.799980
_483_,VPWR,li1,10.5800,40.8000,1.799982
_482_,VPWR,li1,19.3200,78.8800,1.799986
_481_,VPWR,li1,45.3100,19.0400,1.799987
_480_,VPWR,li1,42.0900,19.0400,1.799987
_479_,VPWR,li1,63.2500,19.0400,1.799987
_478_,VPWR,li1,63.2500,19.0400,1.799987
_477_,VPWR,li1,54.0500,89.7600,1.799968
_476_,VPWR,li1,56.8100,89.7600,1.799973
_475_,VPWR,li1,68.7700,95.2000,1.799991
_474_,VPWR,li1,67.8500,89.7600,1.799971
_473_,VPWR,li1,35.1900,95.2000,1.799994
_472_,VPWR,li1,37.9500,89.7600,1.799978
_471_,VPWR,li1,21.8500,19.0400,1.799990
_470_,VPWR,li1,24.6100,19.0400,1.799988
_469_,VPWR,li1,9.8900,46.2400,1.799978
_468_,VPWR,li1,16.7900,40.8000,1.799984
_467_,VPWR,li1,15.4100,84.3200,1.799983
_466_,VPWR,li1,20.9300,84.3200,1.799977
_465_,VPWR,li1,58.8800,46.2400,1.799985
_464_,VPWR,li1,55.8900,46.2400,1.799985
_463_,VPWR,li1,45.3100,29.9200,1.799976
_462_,VPWR,li1,47.6100,35.3600,1.799939
_461_,VPWR,li1,60.9500,46.2400,1.799982
_460_,VPWR,li1,61.8700,40.8000,1.799979
_459_,VPWR,li1,58.1900,57.1200,1.799984
_458_,VPWR,li1,60.4900,51.6800,1.799955
_457_,VPWR,li1,62.7900,68.0000,1.799969
_456_,VPWR,li1,61.4100,62.5600,1.799988
_455_,VPWR,li1,43.0100,57.1200,1.799983
_454_,VPWR,li1,45.7700,57.1200,1.799982
_453_,VPWR,li1,26.9100,40.8000,1.799981
_452_,VPWR,li1,25.5300,29.9200,1.799984
_451_,VPWR,li1,20.4700,57.1200,1.799980
_450_,VPWR,li1,23.2300,57.1200,1.799980
_449_,VPWR,li1,20.4700,62.5600,1.799982
_448_,VPWR,li1,23.2300,62.5600,1.799980
_447_,VPWR,li1,45.7700,40.8000,1.799985
_446_,VPWR,li1,83.9500,40.8000,1.799962
_445_,VPWR,li1,78.8900,35.3600,1.799961
_444_,VPWR,li1,74.2900,46.2400,1.799983
_443_,VPWR,li1,77.9700,40.8000,1.799955
_442_,VPWR,li1,73.3700,51.6800,1.799965
_441_,VPWR,li1,72.4500,51.6800,1.799965
_440_,VPWR,li1,87.6300,62.5600,1.799976
_439_,VPWR,li1,79.8100,62.5600,1.799982
_438_,VPWR,li1,48.0700,57.1200,1.799980
_437_,VPWR,li1,51.7500,51.6800,1.799925
_436_,VPWR,li1,40.7100,29.9200,1.799979
_435_,VPWR,li1,39.3300,40.8000,1.799987
_434_,VPWR,li1,37.0300,51.6800,1.799965
_433_,VPWR,li1,38.4100,57.1200,1.799985
_432_,VPWR,li1,33.8100,62.5600,1.799983
_431_,VPWR,li1,37.4900,62.5600,1.799985
_430_,VPWR,li1,41.4000,40.8000,1.799986
_429_,VPWR,li1,42.3200,46.2400,1.799985
_428_,VPWR,li1,83.0300,29.9200,1.799974
_427_,VPWR,li1,80.2700,29.9200,1.799975
_426_,VPWR,li1,87.1700,46.2400,1.799984
_425_,VPWR,li1,84.4100,46.2400,1.799985
_424_,VPWR,li1,78.4300,57.1200,1.799984
_423_,VPWR,li1,85.3300,57.1200,1.799977
_422_,VPWR,li1,88.5500,73.4400,1.799962
_421_,VPWR,li1,79.8100,73.4400,1.799969
_420_,VPWR,li1,37.0300,78.8800,1.799990
_419_,VPWR,li1,39.3300,68.0000,1.799974
_418_,VPWR,li1,13.1100,29.9200,1.799990
_417_,VPWR,li1,16.3300,35.3600,1.799958
_416_,VPWR,li1,10.3500,62.5600,1.799984
_415_,VPWR,li1,12.1900,57.1200,1.799978
_414_,VPWR,li1,10.3500,73.4400,1.799968
_413_,VPWR,li1,13.5700,73.4400,1.799972
_412_,VPWR,li1,45.3100,46.2400,1.799985
_411_,VPWR,li1,76.5900,29.9200,1.799968
_410_,VPWR,li1,77.0500,24.4800,1.799973
_409_,VPWR,li1,83.9500,29.9200,1.799974
_408_,VPWR,li1,80.7300,29.9200,1.799975
_407_,VPWR,li1,79.8100,51.6800,1.799974
_406_,VPWR,li1,85.3300,51.6800,1.799971
_405_,VPWR,li1,88.0900,57.1200,1.799977
_404_,VPWR,li1,84.8700,68.0000,1.799956
_403_,VPWR,li1,46.2300,73.4400,1.799953
_402_,VPWR,li1,44.8500,68.0000,1.799973
_401_,VPWR,li1,15.4100,24.4800,1.799987
_400_,VPWR,li1,20.9300,29.9200,1.799987
_399_,VPWR,li1,9.4300,57.1200,1.799977
_398_,VPWR,li1,13.1100,51.6800,1.799972
_397_,VPWR,li1,9.4300,68.0000,1.799962
_396_,VPWR,li1,12.6500,62.5600,1.799985
_395_,VPWR,li1,54.7400,40.8000,1.799983
_394_,VPWR,li1,51.0600,40.8000,1.799984
_393_,VPWR,li1,48.9900,13.6000,1.799967
_392_,VPWR,li1,54.9700,19.0400,1.799988
_391_,VPWR,li1,73.3700,19.0400,1.799987
_390_,VPWR,li1,76.1300,19.0400,1.799987
_389_,VPWR,li1,77.0500,84.3200,1.799994
_388_,VPWR,li1,79.3500,78.8800,1.799985
_387_,VPWR,li1,82.1100,73.4400,1.799966
_386_,VPWR,li1,79.3500,73.4400,1.799969
_385_,VPWR,li1,51.7500,84.3200,1.799988
_384_,VPWR,li1,48.9900,84.3200,1.799986
_383_,VPWR,li1,38.8700,13.6000,1.799978
_382_,VPWR,li1,36.5700,19.0400,1.799989
_381_,VPWR,li1,38.4100,51.6800,1.799957
_380_,VPWR,li1,36.5700,40.8000,1.799987
_379_,VPWR,li1,30.5900,84.3200,1.799977
_378_,VPWR,li1,33.3500,89.7600,1.799979
_377_,VPWR,li1,47.6100,46.2400,1.799985
_376_,VPWR,li1,46.6900,19.0400,1.799987
_375_,VPWR,li1,49.4500,19.0400,1.799987
_374_,VPWR,li1,71.0700,19.0400,1.799986
_373_,VPWR,li1,72.4500,13.6000,1.799969
_372_,VPWR,li1,56.3500,95.2000,1.799990
_371_,VPWR,li1,62.7900,89.7600,1.799972
_370_,VPWR,li1,77.9700,89.7600,1.799979
_369_,VPWR,li1,72.9100,84.3200,1.799993
_368_,VPWR,li1,37.9500,95.2000,1.799994
_367_,VPWR,li1,42.0900,89.7600,1.799971
_366_,VPWR,li1,28.7500,13.6000,1.799980
_365_,VPWR,li1,33.8100,19.0400,1.799987
_364_,VPWR,li1,20.4700,40.8000,1.799982
_363_,VPWR,li1,21.3900,46.2400,1.799979
_362_,VPWR,li1,25.0700,89.7600,1.799983
_361_,VPWR,li1,25.5300,84.3200,1.799976
_360_,VPWR,li1,58.8800,51.6800,1.799954
_359_,VPWR,li1,51.0600,46.2400,1.799985
_358_,VPWR,li1,41.1700,24.4800,1.799986
_357_,VPWR,li1,43.9300,24.4800,1.799985
_356_,VPWR,li1,58.1900,24.4800,1.799984
_355_,VPWR,li1,60.4900,19.0400,1.799988
_354_,VPWR,li1,58.1900,78.8800,1.799991
_353_,VPWR,li1,54.9700,78.8800,1.799990
_352_,VPWR,li1,56.3500,73.4400,1.799957
_351_,VPWR,li1,60.0300,68.0000,1.799975
_350_,VPWR,li1,36.5700,78.8800,1.799990
_349_,VPWR,li1,39.3300,78.8800,1.799991
_348_,VPWR,li1,17.7100,29.9200,1.799990
_347_,VPWR,li1,24.6100,24.4800,1.799980
_346_,VPWR,li1,8.5100,46.2400,1.799978
_345_,VPWR,li1,13.5700,46.2400,1.799979
_344_,VPWR,li1,17.7100,78.8800,1.799986
_343_,VPWR,li1,20.9300,78.8800,1.799986
_342_,VPWR,li1,54.7400,46.2400,1.799985
_341_,VPWR,li1,52.4400,46.2400,1.799985
_340_,VPWR,li1,57.5000,29.9200,1.799973
_339_,VPWR,li1,55.2000,29.9200,1.799973
_338_,VPWR,li1,66.0100,29.9200,1.799950
_337_,VPWR,li1,59.3400,35.3600,1.799949
_336_,VPWR,li1,54.7400,40.8000,1.799983
_335_,VPWR,li1,50.8300,24.4800,1.799984
_334_,VPWR,li1,73.6000,24.4800,1.799974
_333_,VPWR,li1,67.1600,35.3600,1.799938
_332_,VPWR,li1,71.0700,35.3600,1.799943
_331_,VPWR,li1,71.3000,40.8000,1.799962
_330_,VPWR,li1,64.8600,40.8000,1.799974
_329_,VPWR,li1,68.7700,19.0400,1.799986
_328_,VPWR,li1,71.7600,73.4400,1.799955
_327_,VPWR,li1,67.1600,51.6800,1.799959
_326_,VPWR,li1,79.8100,57.1200,1.799984
_325_,VPWR,li1,68.5400,57.1200,1.799982
_324_,VPWR,li1,63.9400,51.6800,1.799957
_323_,VPWR,li1,64.1700,84.3200,1.799991
_322_,VPWR,li1,74.5200,73.4400,1.799960
_321_,VPWR,li1,68.0800,62.5600,1.799985
_320_,VPWR,li1,75.6700,68.0000,1.799956
_319_,VPWR,li1,73.1400,62.5600,1.799983
_318_,VPWR,li1,64.8600,62.5600,1.799987
_317_,VPWR,li1,70.1500,73.4400,1.799951
_316_,VPWR,li1,53.8200,73.4400,1.799956
_315_,VPWR,li1,53.8200,68.0000,1.799974
_314_,VPWR,li1,49.9100,68.0000,1.799973
_313_,VPWR,li1,55.2000,62.5600,1.799989
_312_,VPWR,li1,48.3000,62.5600,1.799986
_311_,VPWR,li1,49.4500,78.8800,1.799989
_310_,VPWR,li1,31.7400,29.9200,1.799983
_309_,VPWR,li1,33.5800,29.9200,1.799983
_308_,VPWR,li1,16.7900,29.9200,1.799990
_307_,VPWR,li1,35.4200,40.8000,1.799987
_306_,VPWR,li1,28.9800,29.9200,1.799983
_305_,VPWR,li1,32.8900,24.4800,1.799983
_304_,VPWR,li1,40.0200,46.2400,1.799986
_303_,VPWR,li1,29.4400,51.6800,1.799967
_302_,VPWR,li1,18.6300,51.6800,1.799973
_301_,VPWR,li1,33.5800,57.1200,1.799984
_300_,VPWR,li1,26.6800,57.1200,1.799981
_299_,VPWR,li1,26.4500,40.8000,1.799980
_298_,VPWR,li1,31.7400,73.4400,1.799963
_297_,VPWR,li1,29.4400,62.5600,1.799981
_296_,VPWR,li1,16.3300,68.0000,1.799966
_295_,VPWR,li1,74.5200,29.9200,1.799963
_294_,VPWR,li1,33.5800,68.0000,1.799967
_293_,VPWR,li1,62.1000,40.8000,1.799979
_292_,VPWR,li1,30.3600,62.5600,1.799981
_291_,VPWR,li1,26.4500,73.4400,1.799966
_290_,VPWR,li1,65.7800,46.2400,1.799980
_289_,VPWR,li1,64.4000,51.6800,1.799957
_288_,VPWR,li1,71.7600,29.9200,1.799959
_287_,VPWR,li1,45.3100,62.5600,1.799985
_286_,VPWR,li1,54.7400,29.9200,1.799973
_285_,VPWR,li1,54.2800,35.3600,1.799949
_284_,VPWR,li1,60.0300,29.9200,1.799966
_283_,VPWR,li1,57.9600,35.3600,1.799954
_282_,VPWR,li1,51.0600,35.3600,1.799941
_281_,VPWR,li1,50.8300,24.4800,1.799984
_280_,VPWR,li1,68.5400,24.4800,1.799976
_279_,VPWR,li1,63.4800,35.3600,1.799939
_278_,VPWR,li1,72.4500,35.3600,1.799947
_277_,VPWR,li1,68.0800,40.8000,1.799968
_276_,VPWR,li1,71.7600,46.2400,1.799981
_275_,VPWR,li1,68.7700,24.4800,1.799976
_274_,VPWR,li1,67.1600,68.0000,1.799965
_273_,VPWR,li1,70.8400,51.6800,1.799963
_272_,VPWR,li1,75.6700,57.1200,1.799983
_271_,VPWR,li1,68.0800,51.6800,1.799961
_270_,VPWR,li1,64.4000,57.1200,1.799981
_269_,VPWR,li1,64.1700,78.8800,1.799987
_268_,VPWR,li1,72.2200,68.0000,1.799960
_267_,VPWR,li1,71.7600,62.5600,1.799984
_266_,VPWR,li1,79.8100,68.0000,1.799954
_265_,VPWR,li1,72.2200,57.1200,1.799982
_264_,VPWR,li1,65.3200,62.5600,1.799986
_263_,VPWR,li1,75.2100,78.8800,1.799985
_262_,VPWR,li1,51.0600,73.4400,1.799954
_261_,VPWR,li1,50.6000,62.5600,1.799987
_260_,VPWR,li1,50.3700,68.0000,1.799973
_259_,VPWR,li1,55.2000,62.5600,1.799989
_258_,VPWR,li1,47.3800,62.5600,1.799986
_257_,VPWR,li1,47.6100,78.8800,1.799989
_256_,VPWR,li1,34.5000,29.9200,1.799983
_255_,VPWR,li1,31.2800,35.3600,1.799934
_254_,VPWR,li1,20.9300,29.9200,1.799987
_253_,VPWR,li1,34.9600,35.3600,1.799940
_252_,VPWR,li1,36.8000,29.9200,1.799983
_251_,VPWR,li1,36.5700,24.4800,1.799987
_250_,VPWR,li1,33.1200,46.2400,1.799984
_249_,VPWR,li1,29.9000,57.1200,1.799983
_248_,VPWR,li1,16.3300,57.1200,1.799982
_247_,VPWR,li1,34.0400,57.1200,1.799985
_246_,VPWR,li1,26.2200,51.6800,1.799969
_245_,VPWR,li1,28.2900,46.2400,1.799980
_244_,VPWR,li1,33.1200,73.4400,1.799961
_243_,VPWR,li1,33.5800,68.0000,1.799967
_242_,VPWR,li1,16.7900,62.5600,1.799986
_241_,VPWR,li1,77.2800,19.0400,1.799988
_240_,VPWR,li1,33.5800,62.5600,1.799983
_239_,VPWR,li1,75.4400,35.3600,1.799953
_238_,VPWR,li1,27.6000,68.0000,1.799953
_237_,VPWR,li1,28.7500,78.8800,1.799987
_236_,VPWR,li1,67.1600,40.8000,1.799968
_235_,VPWR,li1,61.6400,51.6800,1.799955
_234_,VPWR,li1,62.5600,29.9200,1.799959
_233_,VPWR,li1,42.5500,62.5600,1.799985
