Instance,Terminal,Layer,X location,Y location,Voltage
FILLER_0_30_181,VGND,li1,89.0100,92.4800,0.000011
FILLER_0_30_169,VGND,li1,86.0200,92.4800,0.000011
FILLER_0_30_165,VGND,li1,82.1100,92.4800,0.000013
FILLER_0_30_153,VGND,li1,78.6600,92.4800,0.000016
FILLER_0_30_141,VGND,li1,73.1400,92.4800,0.000020
FILLER_0_30_139,VGND,li1,69.6900,92.4800,0.000024
FILLER_0_30_121,VGND,li1,61.4100,92.4800,0.000023
FILLER_0_30_107,VGND,li1,55.2000,92.4800,0.000028
FILLER_0_30_66,VGND,li1,36.5700,92.4800,0.000019
FILLER_0_30_57,VGND,li1,33.1200,92.4800,0.000017
FILLER_0_30_53,VGND,li1,30.5900,92.4800,0.000015
FILLER_0_30_41,VGND,li1,27.1400,92.4800,0.000013
FILLER_0_30_29,VGND,li1,21.6200,92.4800,0.000009
FILLER_0_30_27,VGND,li1,18.1700,92.4800,0.000007
FILLER_0_30_15,VGND,li1,15.1800,92.4800,0.000007
FILLER_0_30_3,VGND,li1,9.6600,92.4800,0.000007
FILLER_0_29_181,VGND,li1,89.0100,92.4800,0.000011
FILLER_0_29_169,VGND,li1,86.0200,92.4800,0.000011
FILLER_0_29_167,VGND,li1,82.5700,92.4800,0.000011
FILLER_0_29_159,VGND,li1,80.5000,92.4800,0.000013
FILLER_0_29_131,VGND,li1,66.0100,92.4800,0.000024
FILLER_0_29_113,VGND,li1,57.9600,92.4800,0.000027
FILLER_0_29_57,VGND,li1,31.9700,92.4800,0.000017
FILLER_0_29_55,VGND,li1,31.0500,92.4800,0.000015
FILLER_0_29_51,VGND,li1,29.9000,92.4800,0.000015
FILLER_0_29_39,VGND,li1,26.2200,92.4800,0.000013
FILLER_0_29_27,VGND,li1,20.7000,92.4800,0.000009
FILLER_0_29_15,VGND,li1,15.1800,92.4800,0.000007
FILLER_0_29_3,VGND,li1,9.6600,92.4800,0.000007
FILLER_0_28_179,VGND,li1,88.5500,87.0400,0.000009
FILLER_0_28_167,VGND,li1,85.1000,87.0400,0.000009
FILLER_0_28_141,VGND,li1,70.8400,87.0400,0.000014
FILLER_0_28_129,VGND,li1,65.3200,87.0400,0.000013
FILLER_0_28_116,VGND,li1,59.8000,87.0400,0.000014
FILLER_0_28_103,VGND,li1,53.1300,87.0400,0.000019
FILLER_0_28_85,VGND,li1,45.0800,87.0400,0.000019
FILLER_0_28_65,VGND,li1,35.6500,87.0400,0.000023
FILLER_0_28_44,VGND,li1,26.6800,87.0400,0.000025
FILLER_0_28_29,VGND,li1,19.7800,87.0400,0.000018
FILLER_0_28_27,VGND,li1,18.1700,87.0400,0.000018
FILLER_0_28_15,VGND,li1,15.1800,87.0400,0.000020
FILLER_0_28_3,VGND,li1,9.6600,87.0400,0.000020
FILLER_0_27_181,VGND,li1,89.0100,87.0400,0.000009
FILLER_0_27_169,VGND,li1,86.0200,87.0400,0.000009
FILLER_0_27_167,VGND,li1,82.5700,87.0400,0.000009
FILLER_0_27_163,VGND,li1,81.4200,87.0400,0.000011
FILLER_0_27_151,VGND,li1,77.7400,87.0400,0.000013
FILLER_0_27_141,VGND,li1,70.6100,87.0400,0.000014
FILLER_0_27_137,VGND,li1,69.4600,87.0400,0.000013
FILLER_0_27_125,VGND,li1,65.7800,87.0400,0.000013
FILLER_0_27_113,VGND,li1,60.2600,87.0400,0.000014
FILLER_0_27_102,VGND,li1,52.9000,87.0400,0.000019
FILLER_0_27_89,VGND,li1,46.6900,87.0400,0.000020
FILLER_0_27_85,VGND,li1,45.5400,87.0400,0.000019
FILLER_0_27_73,VGND,li1,41.8600,87.0400,0.000017
FILLER_0_27_50,VGND,li1,29.2100,87.0400,0.000025
FILLER_0_27_32,VGND,li1,20.7000,87.0400,0.000021
FILLER_0_27_15,VGND,li1,12.6500,87.0400,0.000020
FILLER_0_27_3,VGND,li1,9.6600,87.0400,0.000020
FILLER_0_26_181,VGND,li1,89.0100,81.6000,0.000017
FILLER_0_26_153,VGND,li1,76.1300,81.6000,0.000016
FILLER_0_26_141,VGND,li1,73.1400,81.6000,0.000015
FILLER_0_26_138,VGND,li1,69.4600,81.6000,0.000014
FILLER_0_26_116,VGND,li1,59.1100,81.6000,0.000015
FILLER_0_26_99,VGND,li1,51.2900,81.6000,0.000017
FILLER_0_26_93,VGND,li1,49.6800,81.6000,0.000017
FILLER_0_26_83,VGND,li1,43.9300,81.6000,0.000015
FILLER_0_26_79,VGND,li1,42.7800,81.6000,0.000015
FILLER_0_26_62,VGND,li1,34.2700,81.6000,0.000017
FILLER_0_26_56,VGND,li1,32.6600,81.6000,0.000017
FILLER_0_26_38,VGND,li1,23.2300,81.6000,0.000015
FILLER_0_26_27,VGND,li1,18.1700,81.6000,0.000014
FILLER_0_26_23,VGND,li1,17.0200,81.6000,0.000014
FILLER_0_26_19,VGND,li1,14.4900,81.6000,0.000014
FILLER_0_26_7,VGND,li1,11.5000,81.6000,0.000014
FILLER_0_25_177,VGND,li1,87.1700,81.6000,0.000017
FILLER_0_25_165,VGND,li1,82.1100,81.6000,0.000016
FILLER_0_25_150,VGND,li1,75.9000,81.6000,0.000016
FILLER_0_25_138,VGND,li1,71.7600,81.6000,0.000015
FILLER_0_25_116,VGND,li1,59.1100,81.6000,0.000015
FILLER_0_25_102,VGND,li1,52.6700,81.6000,0.000018
FILLER_0_25_78,VGND,li1,42.0900,81.6000,0.000014
FILLER_0_25_65,VGND,li1,35.6500,81.6000,0.000017
FILLER_0_25_57,VGND,li1,33.5800,81.6000,0.000017
FILLER_0_25_54,VGND,li1,30.8200,81.6000,0.000017
FILLER_0_25_46,VGND,li1,28.5200,81.6000,0.000017
FILLER_0_25_21,VGND,li1,15.4100,81.6000,0.000014
FILLER_0_25_15,VGND,li1,13.8000,81.6000,0.000014
FILLER_0_25_3,VGND,li1,9.6600,81.6000,0.000015
FILLER_0_24_132,VGND,li1,68.0800,76.1600,0.000011
FILLER_0_24_118,VGND,li1,61.1800,76.1600,0.000009
FILLER_0_24_106,VGND,li1,57.0400,76.1600,0.000012
FILLER_0_24_82,VGND,li1,43.7000,76.1600,0.000014
FILLER_0_24_70,VGND,li1,40.4800,76.1600,0.000014
FILLER_0_24_61,VGND,li1,34.9600,76.1600,0.000018
FILLER_0_24_38,VGND,li1,23.4600,76.1600,0.000019
FILLER_0_24_19,VGND,li1,15.6400,76.1600,0.000023
FILLER_0_24_7,VGND,li1,11.5000,76.1600,0.000028
FILLER_0_23_169,VGND,li1,83.7200,76.1600,0.000010
FILLER_0_23_155,VGND,li1,77.0500,76.1600,0.000011
FILLER_0_23_151,VGND,li1,75.9000,76.1600,0.000012
FILLER_0_23_129,VGND,li1,65.0900,76.1600,0.000011
FILLER_0_23_108,VGND,li1,55.4300,76.1600,0.000013
FILLER_0_23_90,VGND,li1,48.3000,76.1600,0.000014
FILLER_0_23_34,VGND,li1,21.3900,76.1600,0.000018
FILLER_0_23_28,VGND,li1,19.7800,76.1600,0.000017
FILLER_0_23_3,VGND,li1,7.1300,76.1600,0.000030
FILLER_0_22_153,VGND,li1,76.8200,70.7200,0.000034
FILLER_0_22_137,VGND,li1,69.2300,70.7200,0.000042
FILLER_0_22_113,VGND,li1,57.7300,70.7200,0.000042
FILLER_0_22_109,VGND,li1,56.5800,70.7200,0.000042
FILLER_0_22_60,VGND,li1,34.0400,70.7200,0.000035
FILLER_0_22_53,VGND,li1,30.1300,70.7200,0.000032
FILLER_0_22_41,VGND,li1,27.1400,70.7200,0.000029
FILLER_0_22_29,VGND,li1,21.6200,70.7200,0.000023
FILLER_0_22_22,VGND,li1,17.0200,70.7200,0.000021
FILLER_0_22_12,VGND,li1,11.2700,70.7200,0.000022
FILLER_0_22_7,VGND,li1,9.2000,70.7200,0.000022
FILLER_0_21_169,VGND,li1,83.4900,70.7200,0.000027
FILLER_0_21_166,VGND,li1,82.3400,70.7200,0.000027
FILLER_0_21_141,VGND,li1,70.6100,70.7200,0.000042
FILLER_0_21_137,VGND,li1,69.4600,70.7200,0.000042
FILLER_0_21_130,VGND,li1,65.5500,70.7200,0.000045
FILLER_0_21_126,VGND,li1,64.4000,70.7200,0.000045
FILLER_0_21_113,VGND,li1,57.7300,70.7200,0.000042
FILLER_0_21_110,VGND,li1,56.5800,70.7200,0.000042
FILLER_0_21_102,VGND,li1,54.2800,70.7200,0.000043
FILLER_0_21_90,VGND,li1,47.6100,70.7200,0.000045
FILLER_0_21_78,VGND,li1,42.0900,70.7200,0.000041
FILLER_0_21_65,VGND,li1,36.3400,70.7200,0.000037
FILLER_0_21_55,VGND,li1,31.0500,70.7200,0.000032
FILLER_0_21_51,VGND,li1,29.9000,70.7200,0.000032
FILLER_0_21_44,VGND,li1,25.9900,70.7200,0.000027
FILLER_0_21_40,VGND,li1,24.8400,70.7200,0.000027
FILLER_0_21_33,VGND,li1,20.9300,70.7200,0.000023
FILLER_0_21_25,VGND,li1,18.8600,70.7200,0.000020
FILLER_0_21_16,VGND,li1,13.1100,70.7200,0.000022
FILLER_0_21_10,VGND,li1,11.5000,70.7200,0.000022
FILLER_0_21_3,VGND,li1,7.8200,70.7200,0.000022
FILLER_0_20_177,VGND,li1,87.1700,65.2800,0.000039
FILLER_0_20_141,VGND,li1,71.3000,65.2800,0.000043
FILLER_0_20_139,VGND,li1,69.6900,65.2800,0.000040
FILLER_0_20_135,VGND,li1,68.5400,65.2800,0.000040
FILLER_0_20_109,VGND,li1,56.1200,65.2800,0.000032
FILLER_0_20_91,VGND,li1,47.6100,65.2800,0.000032
FILLER_0_20_85,VGND,li1,46.0000,65.2800,0.000032
FILLER_0_20_83,VGND,li1,43.9300,65.2800,0.000032
FILLER_0_20_77,VGND,li1,42.3200,65.2800,0.000031
FILLER_0_20_65,VGND,li1,38.1800,65.2800,0.000038
FILLER_0_20_54,VGND,li1,31.0500,65.2800,0.000054
FILLER_0_20_33,VGND,li1,20.9300,65.2800,0.000049
FILLER_0_20_29,VGND,li1,19.7800,65.2800,0.000042
FILLER_0_19_180,VGND,li1,88.7800,65.2800,0.000039
FILLER_0_19_148,VGND,li1,74.5200,65.2800,0.000047
FILLER_0_19_113,VGND,li1,58.4200,65.2800,0.000032
FILLER_0_19_102,VGND,li1,52.9000,65.2800,0.000032
FILLER_0_19_87,VGND,li1,45.7700,65.2800,0.000032
FILLER_0_19_57,VGND,li1,32.4300,65.2800,0.000050
FILLER_0_19_45,VGND,li1,26.9100,65.2800,0.000060
FILLER_0_19_9,VGND,li1,10.1200,65.2800,0.000051
FILLER_0_18_151,VGND,li1,76.3600,59.8400,0.000012
FILLER_0_18_141,VGND,li1,70.8400,59.8400,0.000011
FILLER_0_18_139,VGND,li1,69.6900,59.8400,0.000011
FILLER_0_18_133,VGND,li1,68.0800,59.8400,0.000011
FILLER_0_18_124,VGND,li1,63.2500,59.8400,0.000008
FILLER_0_18_112,VGND,li1,59.8000,59.8400,0.000009
FILLER_0_18_96,VGND,li1,51.5200,59.8400,0.000011
FILLER_0_18_88,VGND,li1,46.4600,59.8400,0.000012
FILLER_0_18_82,VGND,li1,43.7000,59.8400,0.000011
FILLER_0_18_78,VGND,li1,41.6300,59.8400,0.000011
FILLER_0_18_74,VGND,li1,40.4800,59.8400,0.000011
FILLER_0_18_29,VGND,li1,19.3200,59.8400,0.000018
FILLER_0_18_26,VGND,li1,17.9400,59.8400,0.000018
FILLER_0_18_12,VGND,li1,12.4200,59.8400,0.000024
FILLER_0_17_181,VGND,li1,89.0100,59.8400,0.000014
FILLER_0_17_149,VGND,li1,75.9000,59.8400,0.000012
FILLER_0_17_131,VGND,li1,66.2400,59.8400,0.000010
FILLER_0_17_124,VGND,li1,62.7900,59.8400,0.000008
FILLER_0_17_116,VGND,li1,60.7200,59.8400,0.000009
FILLER_0_17_100,VGND,li1,54.2800,59.8400,0.000011
FILLER_0_17_77,VGND,li1,41.6300,59.8400,0.000011
FILLER_0_17_65,VGND,li1,38.1800,59.8400,0.000013
FILLER_0_17_55,VGND,li1,31.0500,59.8400,0.000017
FILLER_0_17_51,VGND,li1,29.9000,59.8400,0.000017
FILLER_0_17_21,VGND,li1,16.5600,59.8400,0.000021
FILLER_0_17_3,VGND,li1,7.3600,59.8400,0.000026
FILLER_0_16_147,VGND,li1,73.3700,54.4000,0.000039
FILLER_0_16_141,VGND,li1,71.7600,54.4000,0.000041
FILLER_0_16_134,VGND,li1,68.5400,54.4000,0.000043
FILLER_0_16_85,VGND,li1,46.0000,54.4000,0.000067
FILLER_0_16_66,VGND,li1,36.1100,54.4000,0.000046
FILLER_0_16_57,VGND,li1,31.9700,54.4000,0.000042
FILLER_0_16_29,VGND,li1,19.3200,54.4000,0.000026
FILLER_0_15_149,VGND,li1,74.7500,54.4000,0.000039
FILLER_0_15_113,VGND,li1,57.9600,54.4000,0.000068
FILLER_0_15_111,VGND,li1,56.8100,54.4000,0.000068
FILLER_0_15_57,VGND,li1,32.2000,54.4000,0.000042
FILLER_0_15_41,VGND,li1,24.6100,54.4000,0.000035
FILLER_0_15_23,VGND,li1,16.3300,54.4000,0.000030
FILLER_0_15_19,VGND,li1,15.1800,54.4000,0.000030
FILLER_0_14_179,VGND,li1,88.5500,48.9600,0.000013
FILLER_0_14_163,VGND,li1,82.3400,48.9600,0.000014
FILLER_0_14_158,VGND,li1,78.6600,48.9600,0.000015
FILLER_0_14_131,VGND,li1,66.0100,48.9600,0.000017
FILLER_0_14_93,VGND,li1,48.9900,48.9600,0.000014
FILLER_0_14_85,VGND,li1,46.4600,48.9600,0.000013
FILLER_0_14_81,VGND,li1,43.4700,48.9600,0.000012
FILLER_0_14_73,VGND,li1,40.9400,48.9600,0.000012
FILLER_0_14_65,VGND,li1,35.8800,48.9600,0.000015
FILLER_0_14_53,VGND,li1,32.6600,48.9600,0.000016
FILLER_0_14_41,VGND,li1,27.1400,48.9600,0.000017
FILLER_0_14_29,VGND,li1,21.6200,48.9600,0.000018
FILLER_0_14_27,VGND,li1,18.1700,48.9600,0.000018
FILLER_0_14_21,VGND,li1,16.5600,48.9600,0.000018
FILLER_0_14_11,VGND,li1,10.8100,48.9600,0.000024
FILLER_0_13_181,VGND,li1,89.0100,48.9600,0.000013
FILLER_0_13_177,VGND,li1,87.8600,48.9600,0.000013
FILLER_0_13_158,VGND,li1,78.6600,48.9600,0.000015
FILLER_0_13_150,VGND,li1,76.3600,48.9600,0.000016
FILLER_0_13_122,VGND,li1,63.0200,48.9600,0.000015
FILLER_0_13_110,VGND,li1,56.5800,48.9600,0.000014
FILLER_0_13_103,VGND,li1,53.1300,48.9600,0.000014
FILLER_0_13_93,VGND,li1,48.7600,48.9600,0.000014
FILLER_0_13_78,VGND,li1,41.8600,48.9600,0.000012
FILLER_0_13_63,VGND,li1,34.7300,48.9600,0.000015
FILLER_0_13_50,VGND,li1,29.9000,48.9600,0.000016
FILLER_0_13_22,VGND,li1,16.5600,48.9600,0.000018
FILLER_0_13_3,VGND,li1,7.3600,48.9600,0.000026
FILLER_0_12_179,VGND,li1,88.5500,43.5200,0.000014
FILLER_0_12_147,VGND,li1,73.3700,43.5200,0.000018
FILLER_0_12_139,VGND,li1,69.6900,43.5200,0.000018
FILLER_0_12_113,VGND,li1,57.9600,43.5200,0.000015
FILLER_0_12_29,VGND,li1,19.0900,43.5200,0.000021
FILLER_0_12_27,VGND,li1,18.1700,43.5200,0.000024
FILLER_0_12_3,VGND,li1,7.3600,43.5200,0.000032
FILLER_0_11_166,VGND,li1,82.3400,43.5200,0.000013
FILLER_0_11_162,VGND,li1,80.5000,43.5200,0.000015
FILLER_0_11_147,VGND,li1,74.5200,43.5200,0.000018
FILLER_0_11_137,VGND,li1,69.0000,43.5200,0.000018
FILLER_0_11_127,VGND,li1,64.8600,43.5200,0.000016
FILLER_0_11_117,VGND,li1,59.5700,43.5200,0.000015
FILLER_0_11_113,VGND,li1,58.4200,43.5200,0.000015
FILLER_0_11_110,VGND,li1,56.5800,43.5200,0.000016
FILLER_0_11_103,VGND,li1,53.1300,43.5200,0.000016
FILLER_0_11_94,VGND,li1,48.9900,43.5200,0.000016
FILLER_0_11_72,VGND,li1,39.3300,43.5200,0.000015
FILLER_0_11_57,VGND,li1,33.1200,43.5200,0.000020
FILLER_0_11_34,VGND,li1,21.3900,43.5200,0.000021
FILLER_0_11_29,VGND,li1,19.3200,43.5200,0.000021
FILLER_0_11_19,VGND,li1,14.4900,43.5200,0.000028
FILLER_0_10_164,VGND,li1,81.4200,38.0800,0.000047
FILLER_0_10_141,VGND,li1,71.0700,38.0800,0.000052
FILLER_0_10_125,VGND,li1,63.2500,38.0800,0.000040
FILLER_0_10_118,VGND,li1,60.4900,38.0800,0.000039
FILLER_0_10_110,VGND,li1,57.9600,38.0800,0.000042
FILLER_0_10_103,VGND,li1,53.1300,38.0800,0.000050
FILLER_0_10_97,VGND,li1,51.5200,38.0800,0.000050
FILLER_0_10_85,VGND,li1,47.3800,38.0800,0.000053
FILLER_0_10_78,VGND,li1,42.7800,38.0800,0.000056
FILLER_0_10_60,VGND,li1,33.3500,38.0800,0.000059
FILLER_0_10_48,VGND,li1,30.3600,38.0800,0.000061
FILLER_0_10_37,VGND,li1,23.0000,38.0800,0.000054
FILLER_0_10_27,VGND,li1,18.1700,38.0800,0.000038
FILLER_0_10_15,VGND,li1,15.1800,38.0800,0.000038
FILLER_0_10_3,VGND,li1,9.6600,38.0800,0.000038
FILLER_0_9_169,VGND,li1,83.9500,38.0800,0.000041
FILLER_0_9_151,VGND,li1,75.2100,38.0800,0.000058
FILLER_0_9_121,VGND,li1,61.4100,38.0800,0.000036
FILLER_0_9_57,VGND,li1,32.4300,38.0800,0.000059
FILLER_0_9_15,VGND,li1,13.3400,38.0800,0.000038
FILLER_0_9_3,VGND,li1,9.6600,38.0800,0.000038
FILLER_0_8_164,VGND,li1,81.4200,32.6400,0.000042
FILLER_0_8_154,VGND,li1,76.5900,32.6400,0.000056
FILLER_0_8_118,VGND,li1,60.2600,32.6400,0.000048
FILLER_0_8_85,VGND,li1,45.0800,32.6400,0.000033
FILLER_0_8_49,VGND,li1,28.7500,32.6400,0.000027
FILLER_0_8_29,VGND,li1,19.7800,32.6400,0.000021
FILLER_0_8_26,VGND,li1,17.9400,32.6400,0.000023
FILLER_0_8_9,VGND,li1,9.8900,32.6400,0.000026
FILLER_0_8_3,VGND,li1,8.2800,32.6400,0.000026
FILLER_0_7_147,VGND,li1,74.0600,32.6400,0.000062
FILLER_0_7_113,VGND,li1,57.7300,32.6400,0.000046
FILLER_0_7_100,VGND,li1,52.4400,32.6400,0.000040
FILLER_0_7_88,VGND,li1,48.7600,32.6400,0.000036
FILLER_0_7_84,VGND,li1,44.3900,32.6400,0.000030
FILLER_0_7_78,VGND,li1,42.7800,32.6400,0.000030
FILLER_0_7_38,VGND,li1,23.2300,32.6400,0.000026
FILLER_0_7_18,VGND,li1,14.2600,32.6400,0.000026
FILLER_0_7_3,VGND,li1,9.6600,32.6400,0.000026
FILLER_0_6_170,VGND,li1,84.1800,27.2000,0.000016
FILLER_0_6_156,VGND,li1,77.7400,27.2000,0.000022
FILLER_0_6_136,VGND,li1,69.0000,27.2000,0.000020
FILLER_0_6_120,VGND,li1,60.9500,27.2000,0.000016
FILLER_0_6_116,VGND,li1,59.8000,27.2000,0.000016
FILLER_0_6_101,VGND,li1,52.6700,27.2000,0.000019
FILLER_0_6_93,VGND,li1,50.1400,27.2000,0.000019
FILLER_0_6_66,VGND,li1,36.3400,27.2000,0.000020
FILLER_0_6_46,VGND,li1,27.1400,27.2000,0.000023
FILLER_0_6_23,VGND,li1,16.5600,27.2000,0.000020
FILLER_0_6_15,VGND,li1,14.2600,27.2000,0.000020
FILLER_0_6_3,VGND,li1,9.6600,27.2000,0.000020
FILLER_0_5_181,VGND,li1,89.0100,27.2000,0.000019
FILLER_0_5_164,VGND,li1,81.8800,27.2000,0.000019
FILLER_0_5_124,VGND,li1,63.2500,27.2000,0.000015
FILLER_0_5_116,VGND,li1,60.7200,27.2000,0.000016
FILLER_0_5_109,VGND,li1,56.3500,27.2000,0.000018
FILLER_0_5_78,VGND,li1,41.6300,27.2000,0.000018
FILLER_0_5_15,VGND,li1,12.6500,27.2000,0.000020
FILLER_0_5_3,VGND,li1,9.6600,27.2000,0.000020
FILLER_0_4_177,VGND,li1,87.1700,21.7600,0.000020
FILLER_0_4_160,VGND,li1,79.3500,21.7600,0.000019
FILLER_0_4_141,VGND,li1,71.3000,21.7600,0.000019
FILLER_0_4_109,VGND,li1,55.8900,21.7600,0.000016
FILLER_0_4_85,VGND,li1,45.3100,21.7600,0.000012
FILLER_0_4_83,VGND,li1,43.9300,21.7600,0.000011
FILLER_0_4_79,VGND,li1,42.7800,21.7600,0.000011
FILLER_0_4_70,VGND,li1,39.1000,21.7600,0.000010
FILLER_0_4_46,VGND,li1,27.3700,21.7600,0.000009
FILLER_0_4_29,VGND,li1,20.7000,21.7600,0.000006
FILLER_0_4_27,VGND,li1,18.1700,21.7600,0.000006
FILLER_0_4_23,VGND,li1,17.0200,21.7600,0.000006
FILLER_0_4_19,VGND,li1,14.4900,21.7600,0.000006
FILLER_0_4_15,VGND,li1,13.3400,21.7600,0.000006
FILLER_0_4_3,VGND,li1,9.6600,21.7600,0.000006
FILLER_0_3_180,VGND,li1,88.7800,21.7600,0.000021
FILLER_0_3_169,VGND,li1,83.9500,21.7600,0.000018
FILLER_0_3_159,VGND,li1,78.8900,21.7600,0.000019
FILLER_0_3_152,VGND,li1,75.6700,21.7600,0.000020
FILLER_0_3_148,VGND,li1,74.5200,21.7600,0.000020
FILLER_0_3_113,VGND,li1,57.9600,21.7600,0.000016
FILLER_0_3_110,VGND,li1,56.5800,21.7600,0.000016
FILLER_0_3_96,VGND,li1,51.0600,21.7600,0.000015
FILLER_0_3_84,VGND,li1,46.9200,21.7600,0.000013
FILLER_0_3_74,VGND,li1,40.0200,21.7600,0.000010
FILLER_0_3_53,VGND,li1,30.5900,21.7600,0.000010
FILLER_0_3_39,VGND,li1,24.8400,21.7600,0.000008
FILLER_0_3_27,VGND,li1,20.7000,21.7600,0.000006
FILLER_0_3_15,VGND,li1,15.1800,21.7600,0.000006
FILLER_0_3_3,VGND,li1,9.6600,21.7600,0.000006
FILLER_0_2_166,VGND,li1,84.6400,16.3200,0.000016
FILLER_0_2_144,VGND,li1,72.2200,16.3200,0.000027
FILLER_0_2_138,VGND,li1,69.4600,16.3200,0.000028
FILLER_0_2_120,VGND,li1,60.9500,16.3200,0.000023
FILLER_0_2_100,VGND,li1,52.2100,16.3200,0.000029
FILLER_0_2_72,VGND,li1,39.3300,16.3200,0.000021
FILLER_0_2_62,VGND,li1,34.2700,16.3200,0.000023
FILLER_0_2_33,VGND,li1,20.9300,16.3200,0.000016
FILLER_0_2_29,VGND,li1,19.7800,16.3200,0.000013
FILLER_0_2_27,VGND,li1,18.1700,16.3200,0.000013
FILLER_0_2_15,VGND,li1,15.1800,16.3200,0.000013
FILLER_0_2_3,VGND,li1,9.6600,16.3200,0.000013
FILLER_0_1_181,VGND,li1,89.0100,16.3200,0.000016
FILLER_0_1_169,VGND,li1,86.0200,16.3200,0.000016
FILLER_0_1_167,VGND,li1,82.5700,16.3200,0.000016
FILLER_0_1_163,VGND,li1,81.4200,16.3200,0.000020
FILLER_0_1_113,VGND,li1,57.9600,16.3200,0.000026
FILLER_0_1_52,VGND,li1,30.3600,16.3200,0.000022
FILLER_0_1_27,VGND,li1,19.3200,16.3200,0.000013
FILLER_0_1_15,VGND,li1,15.1800,16.3200,0.000013
FILLER_0_1_3,VGND,li1,9.6600,16.3200,0.000013
FILLER_0_0_181,VGND,li1,89.0100,10.8800,0.000005
FILLER_0_0_169,VGND,li1,86.0200,10.8800,0.000005
FILLER_0_0_166,VGND,li1,82.3400,10.8800,0.000005
FILLER_0_0_158,VGND,li1,80.0400,10.8800,0.000006
FILLER_0_0_139,VGND,li1,69.6900,10.8800,0.000011
FILLER_0_0_135,VGND,li1,68.5400,10.8800,0.000011
FILLER_0_0_85,VGND,li1,44.8500,10.8800,0.000013
FILLER_0_0_57,VGND,li1,32.2000,10.8800,0.000014
FILLER_0_0_51,VGND,li1,29.2100,10.8800,0.000012
FILLER_0_0_47,VGND,li1,28.0600,10.8800,0.000012
FILLER_0_0_35,VGND,li1,24.3800,10.8800,0.000010
FILLER_0_0_29,VGND,li1,19.3200,10.8800,0.000007
FILLER_0_0_27,VGND,li1,18.1700,10.8800,0.000007
FILLER_0_0_15,VGND,li1,15.1800,10.8800,0.000007
FILLER_0_0_3,VGND,li1,9.6600,10.8800,0.000007
ANTENNA_1,VGND,li1,81.4200,43.5200,0.000015
hold64,VGND,li1,76.8200,32.6400,0.000056
hold63,VGND,li1,55.6600,48.9600,0.000014
hold62,VGND,li1,85.1000,48.9600,0.000013
hold61,VGND,li1,34.9600,38.0800,0.000055
hold60,VGND,li1,42.3200,54.4000,0.000046
hold59,VGND,li1,85.1000,65.2800,0.000038
hold58,VGND,li1,43.7000,65.2800,0.000032
hold57,VGND,li1,76.3600,48.9600,0.000016
hold56,VGND,li1,85.1000,27.2000,0.000018
hold55,VGND,li1,29.4400,32.6400,0.000027
hold54,VGND,li1,87.4000,70.7200,0.000030
hold53,VGND,li1,80.9600,21.7600,0.000019
hold52,VGND,li1,86.4800,21.7600,0.000020
hold51,VGND,li1,53.8200,70.7200,0.000043
hold50,VGND,li1,29.4400,87.0400,0.000025
hold49,VGND,li1,86.0200,48.9600,0.000013
hold48,VGND,li1,24.8400,27.2000,0.000023
hold47,VGND,li1,75.4400,92.4800,0.000018
hold46,VGND,li1,86.9400,81.6000,0.000017
hold45,VGND,li1,22.5400,54.4000,0.000032
hold44,VGND,li1,40.4800,92.4800,0.000018
hold43,VGND,li1,43.7000,76.1600,0.000014
hold42,VGND,li1,80.9600,48.9600,0.000014
hold41,VGND,li1,54.2800,21.7600,0.000016
hold40,VGND,li1,76.3600,10.8800,0.000008
hold39,VGND,li1,9.6600,48.9600,0.000024
hold38,VGND,li1,80.0400,16.3200,0.000020
hold37,VGND,li1,80.5000,87.0400,0.000011
hold36,VGND,li1,15.1800,70.7200,0.000021
hold35,VGND,li1,64.4000,76.1600,0.000011
hold34,VGND,li1,52.9000,92.4800,0.000030
hold33,VGND,li1,36.3400,10.8800,0.000013
hold32,VGND,li1,67.6200,43.5200,0.000017
hold31,VGND,li1,29.4400,27.2000,0.000023
hold30,VGND,li1,36.8000,48.9600,0.000014
hold29,VGND,li1,65.7800,65.2800,0.000034
hold28,VGND,li1,46.4600,92.4800,0.000026
hold27,VGND,li1,55.2000,38.0800,0.000046
hold26,VGND,li1,22.5400,87.0400,0.000023
hold25,VGND,li1,28.0600,21.7600,0.000009
hold24,VGND,li1,49.6800,59.8400,0.000012
hold23,VGND,li1,65.3200,54.4000,0.000045
hold22,VGND,li1,27.1400,59.8400,0.000018
hold21,VGND,li1,86.0200,76.1600,0.000013
hold20,VGND,li1,42.3200,21.7600,0.000011
hold19,VGND,li1,20.7000,38.0800,0.000045
hold18,VGND,li1,80.9600,59.8400,0.000012
hold17,VGND,li1,58.8800,16.3200,0.000026
hold16,VGND,li1,29.4400,81.6000,0.000017
hold15,VGND,li1,59.3400,92.4800,0.000025
hold14,VGND,li1,65.3200,21.7600,0.000017
hold13,VGND,li1,20.2400,38.0800,0.000045
hold12,VGND,li1,37.7200,21.7600,0.000010
hold11,VGND,li1,66.2400,92.4800,0.000024
hold10,VGND,li1,46.4600,27.2000,0.000019
hold9,VGND,li1,15.6400,59.8400,0.000021
hold8,VGND,li1,55.2000,87.0400,0.000018
hold7,VGND,li1,16.5600,76.1600,0.000023
hold6,VGND,li1,27.1400,59.8400,0.000018
hold5,VGND,li1,85.1000,81.6000,0.000016
hold4,VGND,li1,67.1600,16.3200,0.000027
hold3,VGND,li1,46.4600,81.6000,0.000017
hold2,VGND,li1,24.8400,81.6000,0.000015
hold1,VGND,li1,26.6800,48.9600,0.000017
clkload6,VGND,li1,72.9100,65.2800,0.000047
clkload5,VGND,li1,58.6500,70.7200,0.000041
clkload4,VGND,li1,74.0600,38.0800,0.000058
clkload3,VGND,li1,67.6200,32.6400,0.000072
clkload2,VGND,li1,22.5400,70.7200,0.000023
clkload1,VGND,li1,39.1000,32.6400,0.000025
clkload0,VGND,li1,24.8400,38.0800,0.000061
clkbuf_3_7__f_clk,VGND,li1,78.2000,65.2800,0.000054
clkbuf_3_6__f_clk,VGND,li1,63.9400,70.7200,0.000045
clkbuf_3_5__f_clk,VGND,li1,76.3600,38.0800,0.000061
clkbuf_3_4__f_clk,VGND,li1,65.3200,32.6400,0.000068
clkbuf_3_3__f_clk,VGND,li1,39.5600,70.7200,0.000040
clkbuf_3_2__f_clk,VGND,li1,25.7600,65.2800,0.000060
clkbuf_3_1__f_clk,VGND,li1,41.4000,38.0800,0.000056
clkbuf_3_0__f_clk,VGND,li1,26.6800,38.0800,0.000066
clkbuf_0_clk,VGND,li1,51.9800,54.4000,0.000088
output34,VGND,li1,63.0200,10.8800,0.000011
output33,VGND,li1,87.8600,27.2000,0.000019
output32,VGND,li1,84.6400,70.7200,0.000030
output31,VGND,li1,88.3200,76.1600,0.000014
output30,VGND,li1,49.6800,92.4800,0.000029
output29,VGND,li1,33.5800,10.8800,0.000014
output28,VGND,li1,7.8200,48.9600,0.000026
output27,VGND,li1,7.8200,70.7200,0.000022
output26,VGND,li1,64.8600,10.8800,0.000011
output25,VGND,li1,88.3200,21.7600,0.000021
output24,VGND,li1,63.0200,92.4800,0.000023
output23,VGND,li1,88.3200,81.6000,0.000017
output22,VGND,li1,48.3000,92.4800,0.000029
output21,VGND,li1,30.3600,10.8800,0.000014
output20,VGND,li1,9.6600,48.9600,0.000024
output19,VGND,li1,7.8200,76.1600,0.000030
input18,VGND,li1,41.8600,10.8800,0.000011
input17,VGND,li1,54.7400,10.8800,0.000014
input16,VGND,li1,59.8000,10.8800,0.000012
input15,VGND,li1,66.7000,10.8800,0.000011
input14,VGND,li1,88.3200,16.3200,0.000016
input13,VGND,li1,88.3200,54.4000,0.000030
input12,VGND,li1,88.3200,65.2800,0.000039
input11,VGND,li1,43.2400,92.4800,0.000022
input10,VGND,li1,20.7000,10.8800,0.000008
input9,VGND,li1,7.8200,54.4000,0.000036
input8,VGND,li1,7.8200,81.6000,0.000015
input7,VGND,li1,47.3800,16.3200,0.000027
input6,VGND,li1,8.2800,59.8400,0.000026
input5,VGND,li1,86.9400,43.5200,0.000014
input4,VGND,li1,86.9400,32.6400,0.000039
input3,VGND,li1,8.2800,65.2800,0.000051
input2,VGND,li1,86.9400,38.0800,0.000043
input1,VGND,li1,86.9400,27.2000,0.000019
TAP_TAPCELL_ROW_30_160,VGND,li1,83.0300,92.7710,0.000011
TAP_TAPCELL_ROW_30_159,VGND,li1,70.1500,92.7710,0.000024
TAP_TAPCELL_ROW_30_158,VGND,li1,57.2700,92.7710,0.000027
TAP_TAPCELL_ROW_30_157,VGND,li1,44.3900,92.7710,0.000022
TAP_TAPCELL_ROW_30_156,VGND,li1,31.5100,92.7710,0.000015
TAP_TAPCELL_ROW_30_155,VGND,li1,18.6300,92.7710,0.000007
TAP_TAPCELL_ROW_29_154,VGND,li1,83.0300,92.1880,0.000011
TAP_TAPCELL_ROW_29_153,VGND,li1,57.2700,92.1880,0.000027
TAP_TAPCELL_ROW_29_152,VGND,li1,31.5100,92.1880,0.000015
TAP_TAPCELL_ROW_28_151,VGND,li1,70.1500,87.3310,0.000014
TAP_TAPCELL_ROW_28_150,VGND,li1,44.3900,87.3310,0.000019
TAP_TAPCELL_ROW_28_149,VGND,li1,18.6300,87.3310,0.000018
TAP_TAPCELL_ROW_27_148,VGND,li1,83.0300,86.7480,0.000009
TAP_TAPCELL_ROW_27_147,VGND,li1,57.2700,86.7480,0.000016
TAP_TAPCELL_ROW_27_146,VGND,li1,31.5100,86.7480,0.000024
TAP_TAPCELL_ROW_26_145,VGND,li1,70.1500,81.8910,0.000014
TAP_TAPCELL_ROW_26_144,VGND,li1,44.3900,81.8910,0.000015
TAP_TAPCELL_ROW_26_143,VGND,li1,18.6300,81.8910,0.000014
TAP_TAPCELL_ROW_25_142,VGND,li1,83.0300,81.3080,0.000016
TAP_TAPCELL_ROW_25_141,VGND,li1,57.2700,81.3080,0.000016
TAP_TAPCELL_ROW_25_140,VGND,li1,31.5100,81.3080,0.000017
TAP_TAPCELL_ROW_24_139,VGND,li1,70.1500,76.4510,0.000012
TAP_TAPCELL_ROW_24_138,VGND,li1,44.3900,76.4510,0.000014
TAP_TAPCELL_ROW_24_137,VGND,li1,18.6300,76.4510,0.000020
TAP_TAPCELL_ROW_23_136,VGND,li1,83.0300,75.8680,0.000010
TAP_TAPCELL_ROW_23_135,VGND,li1,57.2700,75.8680,0.000012
TAP_TAPCELL_ROW_23_134,VGND,li1,31.5100,75.8680,0.000019
TAP_TAPCELL_ROW_22_133,VGND,li1,70.1500,71.0110,0.000042
TAP_TAPCELL_ROW_22_132,VGND,li1,44.3900,71.0110,0.000043
TAP_TAPCELL_ROW_22_131,VGND,li1,18.6300,71.0110,0.000021
TAP_TAPCELL_ROW_21_130,VGND,li1,83.0300,70.4280,0.000027
TAP_TAPCELL_ROW_21_129,VGND,li1,57.2700,70.4280,0.000042
TAP_TAPCELL_ROW_21_128,VGND,li1,31.5100,70.4280,0.000032
TAP_TAPCELL_ROW_20_127,VGND,li1,70.1500,65.5710,0.000043
TAP_TAPCELL_ROW_20_126,VGND,li1,44.3900,65.5710,0.000032
TAP_TAPCELL_ROW_20_125,VGND,li1,18.6300,65.5710,0.000042
TAP_TAPCELL_ROW_19_124,VGND,li1,83.0300,64.9880,0.000038
TAP_TAPCELL_ROW_19_123,VGND,li1,57.2700,64.9880,0.000032
TAP_TAPCELL_ROW_19_122,VGND,li1,31.5100,64.9880,0.000050
TAP_TAPCELL_ROW_18_121,VGND,li1,70.1500,60.1310,0.000011
TAP_TAPCELL_ROW_18_120,VGND,li1,44.3900,60.1310,0.000012
TAP_TAPCELL_ROW_18_119,VGND,li1,18.6300,60.1310,0.000018
TAP_TAPCELL_ROW_17_118,VGND,li1,83.0300,59.5480,0.000012
TAP_TAPCELL_ROW_17_117,VGND,li1,57.2700,59.5480,0.000010
TAP_TAPCELL_ROW_17_116,VGND,li1,31.5100,59.5480,0.000017
TAP_TAPCELL_ROW_16_115,VGND,li1,70.1500,54.6910,0.000041
TAP_TAPCELL_ROW_16_114,VGND,li1,44.3900,54.6910,0.000059
TAP_TAPCELL_ROW_16_113,VGND,li1,18.6300,54.6910,0.000026
TAP_TAPCELL_ROW_15_112,VGND,li1,83.0300,54.1080,0.000027
TAP_TAPCELL_ROW_15_111,VGND,li1,57.2700,54.1080,0.000068
TAP_TAPCELL_ROW_15_110,VGND,li1,31.5100,54.1080,0.000042
TAP_TAPCELL_ROW_14_109,VGND,li1,70.1500,49.2510,0.000019
TAP_TAPCELL_ROW_14_108,VGND,li1,44.3900,49.2510,0.000013
TAP_TAPCELL_ROW_14_107,VGND,li1,18.6300,49.2510,0.000016
TAP_TAPCELL_ROW_13_106,VGND,li1,83.0300,48.6680,0.000012
TAP_TAPCELL_ROW_13_105,VGND,li1,57.2700,48.6680,0.000014
TAP_TAPCELL_ROW_13_104,VGND,li1,31.5100,48.6680,0.000016
TAP_TAPCELL_ROW_12_103,VGND,li1,70.1500,43.8110,0.000018
TAP_TAPCELL_ROW_12_102,VGND,li1,44.3900,43.8110,0.000016
TAP_TAPCELL_ROW_12_101,VGND,li1,18.6300,43.8110,0.000021
TAP_TAPCELL_ROW_11_100,VGND,li1,83.0300,43.2280,0.000013
TAP_TAPCELL_ROW_11_99,VGND,li1,57.2700,43.2280,0.000016
TAP_TAPCELL_ROW_11_98,VGND,li1,31.5100,43.2280,0.000020
TAP_TAPCELL_ROW_10_97,VGND,li1,70.1500,38.3710,0.000052
TAP_TAPCELL_ROW_10_96,VGND,li1,44.3900,38.3710,0.000054
TAP_TAPCELL_ROW_10_95,VGND,li1,18.6300,38.3710,0.000038
TAP_TAPCELL_ROW_9_94,VGND,li1,83.0300,37.7880,0.000047
TAP_TAPCELL_ROW_9_93,VGND,li1,57.2700,37.7880,0.000042
TAP_TAPCELL_ROW_9_92,VGND,li1,31.5100,37.7880,0.000061
TAP_TAPCELL_ROW_8_91,VGND,li1,70.1500,32.9310,0.000067
TAP_TAPCELL_ROW_8_90,VGND,li1,44.3900,32.9310,0.000030
TAP_TAPCELL_ROW_8_89,VGND,li1,18.6300,32.9310,0.000021
TAP_TAPCELL_ROW_7_88,VGND,li1,83.0300,32.3480,0.000036
TAP_TAPCELL_ROW_7_87,VGND,li1,57.2700,32.3480,0.000046
TAP_TAPCELL_ROW_7_86,VGND,li1,31.5100,32.3480,0.000027
TAP_TAPCELL_ROW_6_85,VGND,li1,70.1500,27.4910,0.000020
TAP_TAPCELL_ROW_6_84,VGND,li1,44.3900,27.4910,0.000018
TAP_TAPCELL_ROW_6_83,VGND,li1,18.6300,27.4910,0.000018
TAP_TAPCELL_ROW_5_82,VGND,li1,83.0300,26.9080,0.000016
TAP_TAPCELL_ROW_5_81,VGND,li1,57.2700,26.9080,0.000017
TAP_TAPCELL_ROW_5_80,VGND,li1,31.5100,26.9080,0.000022
TAP_TAPCELL_ROW_4_79,VGND,li1,70.1500,22.0510,0.000019
TAP_TAPCELL_ROW_4_78,VGND,li1,44.3900,22.0510,0.000012
TAP_TAPCELL_ROW_4_77,VGND,li1,18.6300,22.0510,0.000006
TAP_TAPCELL_ROW_3_76,VGND,li1,83.0300,21.4680,0.000018
TAP_TAPCELL_ROW_3_75,VGND,li1,57.2700,21.4680,0.000016
TAP_TAPCELL_ROW_3_74,VGND,li1,31.5100,21.4680,0.000010
TAP_TAPCELL_ROW_2_73,VGND,li1,70.1500,16.6110,0.000028
TAP_TAPCELL_ROW_2_72,VGND,li1,44.3900,16.6110,0.000026
TAP_TAPCELL_ROW_2_71,VGND,li1,18.6300,16.6110,0.000013
TAP_TAPCELL_ROW_1_70,VGND,li1,83.0300,16.0280,0.000016
TAP_TAPCELL_ROW_1_69,VGND,li1,57.2700,16.0280,0.000026
TAP_TAPCELL_ROW_1_68,VGND,li1,31.5100,16.0280,0.000023
TAP_TAPCELL_ROW_0_67,VGND,li1,83.0300,11.1710,0.000005
TAP_TAPCELL_ROW_0_66,VGND,li1,70.1500,11.1710,0.000011
TAP_TAPCELL_ROW_0_65,VGND,li1,57.2700,11.1710,0.000013
TAP_TAPCELL_ROW_0_64,VGND,li1,44.3900,11.1710,0.000013
TAP_TAPCELL_ROW_0_63,VGND,li1,31.5100,11.1710,0.000014
TAP_TAPCELL_ROW_0_62,VGND,li1,18.6300,11.1710,0.000007
PHY_EDGE_ROW_30_Left_61,VGND,li1,6.2100,92.4800,0.000007
PHY_EDGE_ROW_29_Left_60,VGND,li1,6.2100,92.4800,0.000007
PHY_EDGE_ROW_28_Left_59,VGND,li1,6.2100,87.0400,0.000020
PHY_EDGE_ROW_27_Left_58,VGND,li1,6.2100,87.0400,0.000020
PHY_EDGE_ROW_26_Left_57,VGND,li1,6.2100,81.6000,0.000015
PHY_EDGE_ROW_25_Left_56,VGND,li1,6.2100,81.6000,0.000015
PHY_EDGE_ROW_24_Left_55,VGND,li1,6.2100,76.1600,0.000030
PHY_EDGE_ROW_23_Left_54,VGND,li1,6.2100,76.1600,0.000030
PHY_EDGE_ROW_22_Left_53,VGND,li1,6.2100,70.7200,0.000022
PHY_EDGE_ROW_21_Left_52,VGND,li1,6.2100,70.7200,0.000022
PHY_EDGE_ROW_20_Left_51,VGND,li1,6.2100,65.2800,0.000051
PHY_EDGE_ROW_19_Left_50,VGND,li1,6.2100,65.2800,0.000051
PHY_EDGE_ROW_18_Left_49,VGND,li1,6.2100,59.8400,0.000026
PHY_EDGE_ROW_17_Left_48,VGND,li1,6.2100,59.8400,0.000026
PHY_EDGE_ROW_16_Left_47,VGND,li1,6.2100,54.4000,0.000036
PHY_EDGE_ROW_15_Left_46,VGND,li1,6.2100,54.4000,0.000036
PHY_EDGE_ROW_14_Left_45,VGND,li1,6.2100,48.9600,0.000026
PHY_EDGE_ROW_13_Left_44,VGND,li1,6.2100,48.9600,0.000026
PHY_EDGE_ROW_12_Left_43,VGND,li1,6.2100,43.5200,0.000032
PHY_EDGE_ROW_11_Left_42,VGND,li1,6.2100,43.5200,0.000032
PHY_EDGE_ROW_10_Left_41,VGND,li1,6.2100,38.0800,0.000038
PHY_EDGE_ROW_9_Left_40,VGND,li1,6.2100,38.0800,0.000038
PHY_EDGE_ROW_8_Left_39,VGND,li1,6.2100,32.6400,0.000026
PHY_EDGE_ROW_7_Left_38,VGND,li1,6.2100,32.6400,0.000026
PHY_EDGE_ROW_6_Left_37,VGND,li1,6.2100,27.2000,0.000020
PHY_EDGE_ROW_5_Left_36,VGND,li1,6.2100,27.2000,0.000020
PHY_EDGE_ROW_4_Left_35,VGND,li1,6.2100,21.7600,0.000006
PHY_EDGE_ROW_3_Left_34,VGND,li1,6.2100,21.7600,0.000006
PHY_EDGE_ROW_2_Left_33,VGND,li1,6.2100,16.3200,0.000013
PHY_EDGE_ROW_1_Left_32,VGND,li1,6.2100,16.3200,0.000013
PHY_EDGE_ROW_0_Left_31,VGND,li1,6.2100,10.8800,0.000007
PHY_EDGE_ROW_30_Right_30,VGND,li1,89.9300,92.4800,0.000011
PHY_EDGE_ROW_29_Right_29,VGND,li1,89.9300,92.4800,0.000011
PHY_EDGE_ROW_28_Right_28,VGND,li1,89.9300,87.0400,0.000009
PHY_EDGE_ROW_27_Right_27,VGND,li1,89.9300,87.0400,0.000009
PHY_EDGE_ROW_26_Right_26,VGND,li1,89.9300,81.6000,0.000017
PHY_EDGE_ROW_25_Right_25,VGND,li1,89.9300,81.6000,0.000017
PHY_EDGE_ROW_24_Right_24,VGND,li1,89.9300,76.1600,0.000014
PHY_EDGE_ROW_23_Right_23,VGND,li1,89.9300,76.1600,0.000014
PHY_EDGE_ROW_22_Right_22,VGND,li1,89.9300,70.7200,0.000030
PHY_EDGE_ROW_21_Right_21,VGND,li1,89.9300,70.7200,0.000030
PHY_EDGE_ROW_20_Right_20,VGND,li1,89.9300,65.2800,0.000039
PHY_EDGE_ROW_19_Right_19,VGND,li1,89.9300,65.2800,0.000039
PHY_EDGE_ROW_18_Right_18,VGND,li1,89.9300,59.8400,0.000014
PHY_EDGE_ROW_17_Right_17,VGND,li1,89.9300,59.8400,0.000014
PHY_EDGE_ROW_16_Right_16,VGND,li1,89.9300,54.4000,0.000030
PHY_EDGE_ROW_15_Right_15,VGND,li1,89.9300,54.4000,0.000030
PHY_EDGE_ROW_14_Right_14,VGND,li1,89.9300,48.9600,0.000013
PHY_EDGE_ROW_13_Right_13,VGND,li1,89.9300,48.9600,0.000013
PHY_EDGE_ROW_12_Right_12,VGND,li1,89.9300,43.5200,0.000014
PHY_EDGE_ROW_11_Right_11,VGND,li1,89.9300,43.5200,0.000014
PHY_EDGE_ROW_10_Right_10,VGND,li1,89.9300,38.0800,0.000043
PHY_EDGE_ROW_9_Right_9,VGND,li1,89.9300,38.0800,0.000043
PHY_EDGE_ROW_8_Right_8,VGND,li1,89.9300,32.6400,0.000039
PHY_EDGE_ROW_7_Right_7,VGND,li1,89.9300,32.6400,0.000039
PHY_EDGE_ROW_6_Right_6,VGND,li1,89.9300,27.2000,0.000019
PHY_EDGE_ROW_5_Right_5,VGND,li1,89.9300,27.2000,0.000019
PHY_EDGE_ROW_4_Right_4,VGND,li1,89.9300,21.7600,0.000021
PHY_EDGE_ROW_3_Right_3,VGND,li1,89.9300,21.7600,0.000021
PHY_EDGE_ROW_2_Right_2,VGND,li1,89.9300,16.3200,0.000016
PHY_EDGE_ROW_1_Right_1,VGND,li1,89.9300,16.3200,0.000016
PHY_EDGE_ROW_0_Right_0,VGND,li1,89.9300,10.8800,0.000005
_545_,VGND,li1,42.7800,16.3200,0.000025
_544_,VGND,li1,62.1000,16.3200,0.000023
_543_,VGND,li1,53.3600,92.4800,0.000030
_542_,VGND,li1,69.9200,92.4800,0.000024
_541_,VGND,li1,35.8800,92.4800,0.000019
_540_,VGND,li1,24.3800,16.3200,0.000020
_539_,VGND,li1,14.2600,43.5200,0.000028
_538_,VGND,li1,16.5600,87.0400,0.000020
_537_,VGND,li1,49.6800,38.0800,0.000052
_536_,VGND,li1,62.1000,43.5200,0.000015
_535_,VGND,li1,59.8000,54.4000,0.000056
_534_,VGND,li1,60.2600,65.2800,0.000031
_533_,VGND,li1,43.7000,54.4000,0.000059
_532_,VGND,li1,24.3800,32.6400,0.000026
_531_,VGND,li1,21.6200,59.8400,0.000020
_530_,VGND,li1,22.5400,65.2800,0.000049
_529_,VGND,li1,79.1200,38.0800,0.000054
_528_,VGND,li1,78.6600,43.5200,0.000017
_527_,VGND,li1,70.8400,48.9600,0.000019
_526_,VGND,li1,79.1200,65.2800,0.000054
_525_,VGND,li1,52.4400,54.4000,0.000088
_524_,VGND,li1,40.4800,32.6400,0.000025
_523_,VGND,li1,36.3400,54.4000,0.000046
_522_,VGND,li1,38.1800,65.2800,0.000038
_521_,VGND,li1,83.2600,21.7600,0.000018
_520_,VGND,li1,85.5600,38.0800,0.000043
_519_,VGND,li1,85.5600,54.4000,0.000029
_518_,VGND,li1,85.5600,70.7200,0.000030
_517_,VGND,li1,38.1800,76.1600,0.000017
_516_,VGND,li1,13.8000,32.6400,0.000026
_515_,VGND,li1,11.5000,59.8400,0.000026
_514_,VGND,li1,11.0400,76.1600,0.000028
_513_,VGND,li1,77.2800,27.2000,0.000022
_512_,VGND,li1,85.5600,32.6400,0.000039
_511_,VGND,li1,79.1200,54.4000,0.000034
_510_,VGND,li1,85.5600,59.8400,0.000014
_509_,VGND,li1,48.3000,70.7200,0.000045
_508_,VGND,li1,16.5600,27.2000,0.000020
_507_,VGND,li1,10.5800,54.4000,0.000035
_506_,VGND,li1,10.5800,65.2800,0.000051
_505_,VGND,li1,53.3600,16.3200,0.000029
_504_,VGND,li1,76.8200,16.3200,0.000025
_503_,VGND,li1,81.4200,81.6000,0.000016
_502_,VGND,li1,83.7200,76.1600,0.000010
_501_,VGND,li1,49.2200,87.0400,0.000021
_500_,VGND,li1,35.4200,16.3200,0.000023
_499_,VGND,li1,36.8000,43.5200,0.000018
_498_,VGND,li1,35.4200,87.0400,0.000023
_497_,VGND,li1,48.7600,10.8800,0.000015
_496_,VGND,li1,69.4600,16.3200,0.000028
_495_,VGND,li1,62.1000,92.4800,0.000023
_494_,VGND,li1,74.9800,87.0400,0.000015
_493_,VGND,li1,43.2400,92.4800,0.000022
_492_,VGND,li1,30.3600,16.3200,0.000022
_491_,VGND,li1,21.1600,48.9600,0.000018
_490_,VGND,li1,24.8400,87.0400,0.000025
_489_,VGND,li1,40.4800,27.2000,0.000018
_488_,VGND,li1,59.8000,21.7600,0.000017
_487_,VGND,li1,55.2000,81.6000,0.000018
_486_,VGND,li1,61.1800,76.1600,0.000009
_485_,VGND,li1,38.1800,81.6000,0.000016
_484_,VGND,li1,23.9200,27.2000,0.000023
_483_,VGND,li1,10.5800,43.5200,0.000032
_482_,VGND,li1,19.3200,81.6000,0.000014
_481_,VGND,li1,45.3100,16.3200,0.000026
_480_,VGND,li1,42.0900,16.3200,0.000025
_479_,VGND,li1,63.2500,21.7600,0.000015
_478_,VGND,li1,63.2500,16.3200,0.000024
_477_,VGND,li1,54.0500,87.0400,0.000018
_476_,VGND,li1,56.8100,87.0400,0.000016
_475_,VGND,li1,68.7700,92.4800,0.000024
_474_,VGND,li1,67.8500,87.0400,0.000013
_473_,VGND,li1,35.1900,92.4800,0.000019
_472_,VGND,li1,37.9500,87.0400,0.000020
_471_,VGND,li1,21.8500,16.3200,0.000016
_470_,VGND,li1,24.6100,16.3200,0.000020
_469_,VGND,li1,9.8900,43.5200,0.000032
_468_,VGND,li1,16.7900,43.5200,0.000024
_467_,VGND,li1,15.4100,81.6000,0.000014
_466_,VGND,li1,20.9300,81.6000,0.000014
_465_,VGND,li1,58.8800,48.9600,0.000014
_464_,VGND,li1,55.8900,43.5200,0.000016
_463_,VGND,li1,45.3100,32.6400,0.000033
_462_,VGND,li1,47.6100,32.6400,0.000036
_461_,VGND,li1,60.9500,48.9600,0.000013
_460_,VGND,li1,61.8700,43.5200,0.000015
_459_,VGND,li1,58.1900,59.8400,0.000010
_458_,VGND,li1,60.4900,54.4000,0.000056
_457_,VGND,li1,62.7900,70.7200,0.000039
_456_,VGND,li1,61.4100,65.2800,0.000031
_455_,VGND,li1,43.0100,59.8400,0.000011
_454_,VGND,li1,45.7700,59.8400,0.000012
_453_,VGND,li1,26.9100,38.0800,0.000066
_452_,VGND,li1,25.5300,32.6400,0.000026
_451_,VGND,li1,20.4700,54.4000,0.000029
_450_,VGND,li1,23.2300,54.4000,0.000032
_449_,VGND,li1,20.4700,59.8400,0.000020
_448_,VGND,li1,23.2300,59.8400,0.000019
_447_,VGND,li1,45.7700,43.5200,0.000016
_446_,VGND,li1,83.9500,43.5200,0.000013
_445_,VGND,li1,78.8900,32.6400,0.000047
_444_,VGND,li1,74.2900,43.5200,0.000018
_443_,VGND,li1,77.9700,43.5200,0.000017
_442_,VGND,li1,73.3700,54.4000,0.000039
_441_,VGND,li1,72.4500,48.9600,0.000018
_440_,VGND,li1,87.6300,65.2800,0.000039
_439_,VGND,li1,79.8100,59.8400,0.000013
_438_,VGND,li1,48.0700,54.4000,0.000074
_437_,VGND,li1,51.7500,48.9600,0.000014
_436_,VGND,li1,40.7100,32.6400,0.000025
_435_,VGND,li1,39.3300,38.0800,0.000049
_434_,VGND,li1,37.0300,48.9600,0.000014
_433_,VGND,li1,38.4100,54.4000,0.000046
_432_,VGND,li1,33.8100,65.2800,0.000046
_431_,VGND,li1,37.4900,59.8400,0.000013
_430_,VGND,li1,41.4000,43.5200,0.000016
_429_,VGND,li1,42.3200,43.5200,0.000016
_428_,VGND,li1,83.0300,27.2000,0.000016
_427_,VGND,li1,80.2700,27.2000,0.000019
_426_,VGND,li1,87.1700,43.5200,0.000014
_425_,VGND,li1,84.4100,43.5200,0.000014
_424_,VGND,li1,78.4300,59.8400,0.000013
_423_,VGND,li1,85.3300,59.8400,0.000014
_422_,VGND,li1,88.5500,76.1600,0.000014
_421_,VGND,li1,79.8100,70.7200,0.000030
_420_,VGND,li1,37.0300,76.1600,0.000017
_419_,VGND,li1,39.3300,70.7200,0.000040
_418_,VGND,li1,13.1100,32.6400,0.000026
_417_,VGND,li1,16.3300,38.0800,0.000038
_416_,VGND,li1,10.3500,59.8400,0.000026
_415_,VGND,li1,12.1900,54.4000,0.000033
_414_,VGND,li1,10.3500,70.7200,0.000022
_413_,VGND,li1,13.5700,70.7200,0.000022
_412_,VGND,li1,45.3100,48.9600,0.000013
_411_,VGND,li1,76.5900,27.2000,0.000022
_410_,VGND,li1,77.0500,21.7600,0.000020
_409_,VGND,li1,83.9500,32.6400,0.000036
_408_,VGND,li1,80.7300,32.6400,0.000042
_407_,VGND,li1,79.8100,48.9600,0.000015
_406_,VGND,li1,85.3300,54.4000,0.000029
_405_,VGND,li1,88.0900,59.8400,0.000014
_404_,VGND,li1,84.8700,65.2800,0.000038
_403_,VGND,li1,46.2300,76.1600,0.000014
_402_,VGND,li1,44.8500,70.7200,0.000043
_401_,VGND,li1,15.4100,21.7600,0.000006
_400_,VGND,li1,20.9300,27.2000,0.000021
_399_,VGND,li1,9.4300,54.4000,0.000035
_398_,VGND,li1,13.1100,48.9600,0.000022
_397_,VGND,li1,9.4300,70.7200,0.000022
_396_,VGND,li1,12.6500,65.2800,0.000049
_395_,VGND,li1,54.7400,43.5200,0.000016
_394_,VGND,li1,51.0600,43.5200,0.000016
_393_,VGND,li1,48.9900,16.3200,0.000028
_392_,VGND,li1,54.9700,16.3200,0.000027
_391_,VGND,li1,73.3700,16.3200,0.000027
_390_,VGND,li1,76.1300,16.3200,0.000025
_389_,VGND,li1,77.0500,81.6000,0.000016
_388_,VGND,li1,79.3500,81.6000,0.000016
_387_,VGND,li1,82.1100,76.1600,0.000010
_386_,VGND,li1,79.3500,76.1600,0.000011
_385_,VGND,li1,51.7500,87.0400,0.000019
_384_,VGND,li1,48.9900,87.0400,0.000021
_383_,VGND,li1,38.8700,10.8800,0.000012
_382_,VGND,li1,36.5700,16.3200,0.000022
_381_,VGND,li1,38.4100,48.9600,0.000014
_380_,VGND,li1,36.5700,43.5200,0.000018
_379_,VGND,li1,30.5900,87.0400,0.000025
_378_,VGND,li1,33.3500,87.0400,0.000024
_377_,VGND,li1,47.6100,43.5200,0.000016
_376_,VGND,li1,46.6900,16.3200,0.000027
_375_,VGND,li1,49.4500,16.3200,0.000028
_374_,VGND,li1,71.0700,16.3200,0.000028
_373_,VGND,li1,72.4500,10.8800,0.000010
_372_,VGND,li1,56.3500,92.4800,0.000028
_371_,VGND,li1,62.7900,87.0400,0.000012
_370_,VGND,li1,77.9700,92.4800,0.000016
_369_,VGND,li1,72.9100,87.0400,0.000014
_368_,VGND,li1,37.9500,92.4800,0.000019
_367_,VGND,li1,42.0900,87.0400,0.000017
_366_,VGND,li1,28.7500,16.3200,0.000022
_365_,VGND,li1,33.8100,21.7600,0.000011
_364_,VGND,li1,20.4700,43.5200,0.000021
_363_,VGND,li1,21.3900,43.5200,0.000021
_362_,VGND,li1,25.0700,87.0400,0.000025
_361_,VGND,li1,25.5300,81.6000,0.000016
_360_,VGND,li1,58.8800,48.9600,0.000014
_359_,VGND,li1,51.0600,48.9600,0.000014
_358_,VGND,li1,41.1700,21.7600,0.000010
_357_,VGND,li1,43.9300,27.2000,0.000018
_356_,VGND,li1,58.1900,27.2000,0.000017
_355_,VGND,li1,60.4900,21.7600,0.000017
_354_,VGND,li1,58.1900,81.6000,0.000016
_353_,VGND,li1,54.9700,81.6000,0.000018
_352_,VGND,li1,56.3500,76.1600,0.000012
_351_,VGND,li1,60.0300,70.7200,0.000041
_350_,VGND,li1,36.5700,81.6000,0.000017
_349_,VGND,li1,39.3300,81.6000,0.000016
_348_,VGND,li1,17.7100,27.2000,0.000020
_347_,VGND,li1,24.6100,21.7600,0.000008
_346_,VGND,li1,8.5100,43.5200,0.000032
_345_,VGND,li1,13.5700,48.9600,0.000022
_344_,VGND,li1,17.7100,76.1600,0.000020
_343_,VGND,li1,20.9300,76.1600,0.000017
_342_,VGND,li1,54.7400,48.9600,0.000014
_341_,VGND,li1,52.4400,43.5200,0.000016
_340_,VGND,li1,57.5000,27.2000,0.000017
_339_,VGND,li1,55.2000,32.6400,0.000043
_338_,VGND,li1,66.0100,27.2000,0.000018
_337_,VGND,li1,59.3400,38.0800,0.000039
_336_,VGND,li1,54.7400,38.0800,0.000046
_335_,VGND,li1,50.8300,21.7600,0.000015
_334_,VGND,li1,73.6000,21.7600,0.000020
_333_,VGND,li1,67.1600,38.0800,0.000047
_332_,VGND,li1,71.0700,38.0800,0.000052
_331_,VGND,li1,71.3000,43.5200,0.000018
_330_,VGND,li1,64.8600,38.0800,0.000040
_329_,VGND,li1,68.7700,21.7600,0.000019
_328_,VGND,li1,71.7600,70.7200,0.000040
_327_,VGND,li1,67.1600,54.4000,0.000043
_326_,VGND,li1,79.8100,54.4000,0.000034
_325_,VGND,li1,68.5400,59.8400,0.000011
_324_,VGND,li1,63.9400,54.4000,0.000045
_323_,VGND,li1,64.1700,81.6000,0.000013
_322_,VGND,li1,74.5200,70.7200,0.000037
_321_,VGND,li1,68.0800,65.2800,0.000040
_320_,VGND,li1,75.6700,70.7200,0.000037
_319_,VGND,li1,73.1400,59.8400,0.000012
_318_,VGND,li1,64.8600,65.2800,0.000034
_317_,VGND,li1,70.1500,76.1600,0.000012
_316_,VGND,li1,53.8200,76.1600,0.000013
_315_,VGND,li1,53.8200,65.2800,0.000032
_314_,VGND,li1,49.9100,65.2800,0.000033
_313_,VGND,li1,55.2000,59.8400,0.000011
_312_,VGND,li1,48.3000,59.8400,0.000012
_311_,VGND,li1,49.4500,76.1600,0.000014
_310_,VGND,li1,31.7400,27.2000,0.000022
_309_,VGND,li1,33.5800,32.6400,0.000027
_308_,VGND,li1,16.7900,32.6400,0.000023
_307_,VGND,li1,35.4200,38.0800,0.000055
_306_,VGND,li1,28.9800,27.2000,0.000023
_305_,VGND,li1,32.8900,21.7600,0.000011
_304_,VGND,li1,40.0200,48.9600,0.000012
_303_,VGND,li1,29.4400,54.4000,0.000040
_302_,VGND,li1,18.6300,54.4000,0.000026
_301_,VGND,li1,33.5800,59.8400,0.000015
_300_,VGND,li1,26.6800,54.4000,0.000037
_299_,VGND,li1,26.4500,43.5200,0.000022
_298_,VGND,li1,31.7400,70.7200,0.000034
_297_,VGND,li1,29.4400,65.2800,0.000054
_296_,VGND,li1,16.3300,65.2800,0.000045
_295_,VGND,li1,74.5200,27.2000,0.000022
_294_,VGND,li1,33.5800,65.2800,0.000046
_293_,VGND,li1,62.1000,38.0800,0.000036
_292_,VGND,li1,30.3600,59.8400,0.000017
_291_,VGND,li1,26.4500,76.1600,0.000019
_290_,VGND,li1,65.7800,48.9600,0.000017
_289_,VGND,li1,64.4000,48.9600,0.000015
_288_,VGND,li1,71.7600,27.2000,0.000021
_287_,VGND,li1,45.3100,59.8400,0.000012
_286_,VGND,li1,54.7400,27.2000,0.000018
_285_,VGND,li1,54.2800,32.6400,0.000043
_284_,VGND,li1,60.0300,32.6400,0.000048
_283_,VGND,li1,57.9600,32.6400,0.000046
_282_,VGND,li1,51.0600,32.6400,0.000040
_281_,VGND,li1,50.8300,27.2000,0.000019
_280_,VGND,li1,68.5400,21.7600,0.000019
_279_,VGND,li1,63.4800,38.0800,0.000040
_278_,VGND,li1,72.4500,32.6400,0.000062
_277_,VGND,li1,68.0800,38.0800,0.000047
_276_,VGND,li1,71.7600,43.5200,0.000018
_275_,VGND,li1,68.7700,27.2000,0.000020
_274_,VGND,li1,67.1600,70.7200,0.000043
_273_,VGND,li1,70.8400,54.4000,0.000041
_272_,VGND,li1,75.6700,54.4000,0.000037
_271_,VGND,li1,68.0800,48.9600,0.000018
_270_,VGND,li1,64.4000,59.8400,0.000009
_269_,VGND,li1,64.1700,81.6000,0.000013
_268_,VGND,li1,72.2200,70.7200,0.000040
_267_,VGND,li1,71.7600,65.2800,0.000043
_266_,VGND,li1,79.8100,70.7200,0.000030
_265_,VGND,li1,72.2200,59.8400,0.000012
_264_,VGND,li1,65.3200,59.8400,0.000009
_263_,VGND,li1,75.2100,76.1600,0.000012
_262_,VGND,li1,51.0600,76.1600,0.000014
_261_,VGND,li1,50.6000,65.2800,0.000033
_260_,VGND,li1,50.3700,70.7200,0.000044
_259_,VGND,li1,55.2000,65.2800,0.000032
_258_,VGND,li1,47.3800,65.2800,0.000032
_257_,VGND,li1,47.6100,81.6000,0.000017
_256_,VGND,li1,34.5000,27.2000,0.000021
_255_,VGND,li1,31.2800,32.6400,0.000027
_254_,VGND,li1,20.9300,32.6400,0.000024
_253_,VGND,li1,34.9600,32.6400,0.000027
_252_,VGND,li1,36.8000,32.6400,0.000026
_251_,VGND,li1,36.5700,27.2000,0.000020
_250_,VGND,li1,33.1200,48.9600,0.000016
_249_,VGND,li1,29.9000,54.4000,0.000040
_248_,VGND,li1,16.3300,54.4000,0.000030
_247_,VGND,li1,34.0400,54.4000,0.000044
_246_,VGND,li1,26.2200,54.4000,0.000035
_245_,VGND,li1,28.2900,43.5200,0.000021
_244_,VGND,li1,33.1200,76.1600,0.000019
_243_,VGND,li1,33.5800,70.7200,0.000035
_242_,VGND,li1,16.7900,65.2800,0.000045
_241_,VGND,li1,77.2800,21.7600,0.000020
_240_,VGND,li1,33.5800,59.8400,0.000015
_239_,VGND,li1,75.4400,32.6400,0.000056
_238_,VGND,li1,27.6000,70.7200,0.000029
_237_,VGND,li1,28.7500,76.1600,0.000019
_236_,VGND,li1,67.1600,43.5200,0.000017
_235_,VGND,li1,61.6400,48.9600,0.000013
_234_,VGND,li1,62.5600,27.2000,0.000015
_233_,VGND,li1,42.5500,59.8400,0.000011
