
===========================================================================
report_checks -unconstrained
===========================================================================
======================= Fastest Corner ===================================

Startpoint: B[0] (input port clocked by __VIRTUAL_CLK__)
Endpoint: out[7] (output port clocked by __VIRTUAL_CLK__)
Path Group: __VIRTUAL_CLK__
Path Type: max
Corner: Fastest

Fanout     Cap    Slew   Delay    Time   Description
-----------------------------------------------------------------------------
                  0.00    0.00    0.00   clock __VIRTUAL_CLK__ (rise edge)
                          0.00    0.00   clock network delay (ideal)
                          2.00    2.00 v input external delay
     1    0.00    0.00    0.00    2.00 v B[0] (in)
                                         B[0] (net)
                  0.00    0.00    2.00 v input9/A (sky130_fd_sc_hd__buf_2)
     9    0.04    0.08    0.13    2.13 v input9/X (sky130_fd_sc_hd__buf_2)
                                         net9 (net)
                  0.08    0.00    2.13 v _146_/A (sky130_fd_sc_hd__or3_4)
     4    0.04    0.08    0.31    2.44 v _146_/X (sky130_fd_sc_hd__or3_4)
                                         _075_ (net)
                  0.08    0.00    2.44 v _147_/A2 (sky130_fd_sc_hd__a21bo_1)
     3    0.03    0.10    0.22    2.66 v _147_/X (sky130_fd_sc_hd__a21bo_1)
                                         _076_ (net)
                  0.10    0.00    2.66 v _149_/A1 (sky130_fd_sc_hd__a21oi_1)
     1    0.01    0.23    0.23    2.89 ^ _149_/Y (sky130_fd_sc_hd__a21oi_1)
                                         _078_ (net)
                  0.23    0.00    2.89 ^ _151_/A (sky130_fd_sc_hd__nor2_1)
     3    0.02    0.10    0.11    3.00 v _151_/Y (sky130_fd_sc_hd__nor2_1)
                                         _080_ (net)
                  0.10    0.00    3.00 v _166_/A3 (sky130_fd_sc_hd__a31o_1)
     3    0.02    0.07    0.22    3.22 v _166_/X (sky130_fd_sc_hd__a31o_1)
                                         _094_ (net)
                  0.07    0.00    3.22 v _200_/A2 (sky130_fd_sc_hd__a31o_1)
     2    0.02    0.09    0.21    3.43 v _200_/X (sky130_fd_sc_hd__a31o_1)
                                         _020_ (net)
                  0.09    0.00    3.43 v _208_/B2 (sky130_fd_sc_hd__a22o_1)
     1    0.01    0.06    0.16    3.59 v _208_/X (sky130_fd_sc_hd__a22o_1)
                                         _027_ (net)
                  0.06    0.00    3.59 v _214_/A (sky130_fd_sc_hd__xnor2_1)
     1    0.01    0.15    0.17    3.76 ^ _214_/Y (sky130_fd_sc_hd__xnor2_1)
                                         _033_ (net)
                  0.15    0.00    3.76 ^ _219_/A2 (sky130_fd_sc_hd__a21o_1)
     2    0.02    0.12    0.15    3.91 ^ _219_/X (sky130_fd_sc_hd__a21o_1)
                                         net27 (net)
                  0.12    0.00    3.91 ^ output27/A (sky130_fd_sc_hd__buf_2)
     1    0.03    0.13    0.17    4.08 ^ output27/X (sky130_fd_sc_hd__buf_2)
                                         out[7] (net)
                  0.13    0.00    4.08 ^ out[7] (out)
                                  4.08   data arrival time

                  0.00   10.00   10.00   clock __VIRTUAL_CLK__ (rise edge)
                          0.00   10.00   clock network delay (ideal)
                         -0.25    9.75   clock uncertainty
                          0.00    9.75   clock reconvergence pessimism
                         -2.00    7.75   output external delay
                                  7.75   data required time
-----------------------------------------------------------------------------
                                  7.75   data required time
                                 -4.08   data arrival time
-----------------------------------------------------------------------------
                                  3.67   slack (MET)



======================= Slowest Corner ===================================

Startpoint: opcode[0] (input port clocked by __VIRTUAL_CLK__)
Endpoint: out[7] (output port clocked by __VIRTUAL_CLK__)
Path Group: __VIRTUAL_CLK__
Path Type: max
Corner: Slowest

Fanout     Cap    Slew   Delay    Time   Description
-----------------------------------------------------------------------------
                  0.00    0.00    0.00   clock __VIRTUAL_CLK__ (rise edge)
                          0.00    0.00   clock network delay (ideal)
                          2.00    2.00 v input external delay
     1    0.00    0.02    0.01    2.01 v opcode[0] (in)
                                         opcode[0] (net)
                  0.02    0.00    2.01 v input17/A (sky130_fd_sc_hd__buf_2)
     8    0.04    0.20    0.36    2.37 v input17/X (sky130_fd_sc_hd__buf_2)
                                         net17 (net)
                  0.20    0.00    2.37 v _120_/A_N (sky130_fd_sc_hd__nand3b_4)
     5    0.04    0.29    0.51    2.88 v _120_/Y (sky130_fd_sc_hd__nand3b_4)
                                         _051_ (net)
                  0.29    0.00    2.88 v _122_/A (sky130_fd_sc_hd__and3_1)
     2    0.02    0.22    0.57    3.45 v _122_/X (sky130_fd_sc_hd__and3_1)
                                         _053_ (net)
                  0.22    0.00    3.45 v _124_/C (sky130_fd_sc_hd__or3_2)
     2    0.02    0.28    1.27    4.73 v _124_/X (sky130_fd_sc_hd__or3_2)
                                         _055_ (net)
                  0.28    0.00    4.73 v _135_/A1 (sky130_fd_sc_hd__a21o_2)
     4    0.03    0.18    0.59    5.32 v _135_/X (sky130_fd_sc_hd__a21o_2)
                                         _065_ (net)
                  0.18    0.00    5.32 v _166_/A1 (sky130_fd_sc_hd__a31o_1)
     3    0.02    0.18    0.51    5.83 v _166_/X (sky130_fd_sc_hd__a31o_1)
                                         _094_ (net)
                  0.18    0.00    5.83 v _200_/A2 (sky130_fd_sc_hd__a31o_1)
     2    0.02    0.23    0.60    6.43 v _200_/X (sky130_fd_sc_hd__a31o_1)
                                         _020_ (net)
                  0.23    0.00    6.43 v _208_/B2 (sky130_fd_sc_hd__a22o_1)
     1    0.01    0.17    0.55    6.98 v _208_/X (sky130_fd_sc_hd__a22o_1)
                                         _027_ (net)
                  0.17    0.00    6.98 v _214_/A (sky130_fd_sc_hd__xnor2_1)
     1    0.01    0.34    0.42    7.40 ^ _214_/Y (sky130_fd_sc_hd__xnor2_1)
                                         _033_ (net)
                  0.34    0.00    7.40 ^ _219_/A2 (sky130_fd_sc_hd__a21o_1)
     2    0.02    0.24    0.47    7.87 ^ _219_/X (sky130_fd_sc_hd__a21o_1)
                                         net27 (net)
                  0.24    0.00    7.87 ^ output27/A (sky130_fd_sc_hd__buf_2)
     1    0.03    0.27    0.44    8.32 ^ output27/X (sky130_fd_sc_hd__buf_2)
                                         out[7] (net)
                  0.27    0.00    8.32 ^ out[7] (out)
                                  8.32   data arrival time

                  0.00   10.00   10.00   clock __VIRTUAL_CLK__ (rise edge)
                          0.00   10.00   clock network delay (ideal)
                         -0.25    9.75   clock uncertainty
                          0.00    9.75   clock reconvergence pessimism
                         -2.00    7.75   output external delay
                                  7.75   data required time
-----------------------------------------------------------------------------
                                  7.75   data required time
                                 -8.32   data arrival time
-----------------------------------------------------------------------------
                                 -0.57   slack (VIOLATED)



======================= Typical Corner ===================================

Startpoint: B[0] (input port clocked by __VIRTUAL_CLK__)
Endpoint: out[7] (output port clocked by __VIRTUAL_CLK__)
Path Group: __VIRTUAL_CLK__
Path Type: max
Corner: Typical

Fanout     Cap    Slew   Delay    Time   Description
-----------------------------------------------------------------------------
                  0.00    0.00    0.00   clock __VIRTUAL_CLK__ (rise edge)
                          0.00    0.00   clock network delay (ideal)
                          2.00    2.00 v input external delay
     1    0.00    0.01    0.00    2.00 v B[0] (in)
                                         B[0] (net)
                  0.01    0.00    2.00 v input9/A (sky130_fd_sc_hd__buf_2)
     9    0.04    0.11    0.19    2.19 v input9/X (sky130_fd_sc_hd__buf_2)
                                         net9 (net)
                  0.11    0.00    2.20 v _146_/A (sky130_fd_sc_hd__or3_4)
     4    0.04    0.11    0.50    2.70 v _146_/X (sky130_fd_sc_hd__or3_4)
                                         _075_ (net)
                  0.11    0.00    2.70 v _147_/A2 (sky130_fd_sc_hd__a21bo_1)
     3    0.03    0.14    0.33    3.03 v _147_/X (sky130_fd_sc_hd__a21bo_1)
                                         _076_ (net)
                  0.14    0.00    3.03 v _149_/A1 (sky130_fd_sc_hd__a21oi_1)
     1    0.01    0.32    0.33    3.36 ^ _149_/Y (sky130_fd_sc_hd__a21oi_1)
                                         _078_ (net)
                  0.32    0.00    3.36 ^ _151_/A (sky130_fd_sc_hd__nor2_1)
     3    0.02    0.13    0.19    3.55 v _151_/Y (sky130_fd_sc_hd__nor2_1)
                                         _080_ (net)
                  0.13    0.00    3.56 v _166_/A3 (sky130_fd_sc_hd__a31o_1)
     3    0.02    0.10    0.33    3.88 v _166_/X (sky130_fd_sc_hd__a31o_1)
                                         _094_ (net)
                  0.10    0.00    3.88 v _200_/A2 (sky130_fd_sc_hd__a31o_1)
     2    0.02    0.12    0.33    4.21 v _200_/X (sky130_fd_sc_hd__a31o_1)
                                         _020_ (net)
                  0.12    0.00    4.21 v _208_/B2 (sky130_fd_sc_hd__a22o_1)
     1    0.01    0.09    0.29    4.50 v _208_/X (sky130_fd_sc_hd__a22o_1)
                                         _027_ (net)
                  0.09    0.00    4.50 v _214_/A (sky130_fd_sc_hd__xnor2_1)
     1    0.01    0.21    0.25    4.75 ^ _214_/Y (sky130_fd_sc_hd__xnor2_1)
                                         _033_ (net)
                  0.21    0.00    4.75 ^ _219_/A2 (sky130_fd_sc_hd__a21o_1)
     2    0.02    0.15    0.24    4.99 ^ _219_/X (sky130_fd_sc_hd__a21o_1)
                                         net27 (net)
                  0.15    0.00    4.99 ^ output27/A (sky130_fd_sc_hd__buf_2)
     1    0.03    0.17    0.25    5.24 ^ output27/X (sky130_fd_sc_hd__buf_2)
                                         out[7] (net)
                  0.17    0.00    5.24 ^ out[7] (out)
                                  5.24   data arrival time

                  0.00   10.00   10.00   clock __VIRTUAL_CLK__ (rise edge)
                          0.00   10.00   clock network delay (ideal)
                         -0.25    9.75   clock uncertainty
                          0.00    9.75   clock reconvergence pessimism
                         -2.00    7.75   output external delay
                                  7.75   data required time
-----------------------------------------------------------------------------
                                  7.75   data required time
                                 -5.24   data arrival time
-----------------------------------------------------------------------------
                                  2.51   slack (MET)




===========================================================================
report_checks --slack_max -0.01
============================================================================
======================= Fastest Corner ===================================

No paths found.

======================= Slowest Corner ===================================

Startpoint: opcode[0] (input port clocked by __VIRTUAL_CLK__)
Endpoint: out[7] (output port clocked by __VIRTUAL_CLK__)
Path Group: __VIRTUAL_CLK__
Path Type: max
Corner: Slowest

Fanout     Cap    Slew   Delay    Time   Description
-----------------------------------------------------------------------------
                  0.00    0.00    0.00   clock __VIRTUAL_CLK__ (rise edge)
                          0.00    0.00   clock network delay (ideal)
                          2.00    2.00 v input external delay
     1    0.00    0.02    0.01    2.01 v opcode[0] (in)
                                         opcode[0] (net)
                  0.02    0.00    2.01 v input17/A (sky130_fd_sc_hd__buf_2)
     8    0.04    0.20    0.36    2.37 v input17/X (sky130_fd_sc_hd__buf_2)
                                         net17 (net)
                  0.20    0.00    2.37 v _120_/A_N (sky130_fd_sc_hd__nand3b_4)
     5    0.04    0.29    0.51    2.88 v _120_/Y (sky130_fd_sc_hd__nand3b_4)
                                         _051_ (net)
                  0.29    0.00    2.88 v _122_/A (sky130_fd_sc_hd__and3_1)
     2    0.02    0.22    0.57    3.45 v _122_/X (sky130_fd_sc_hd__and3_1)
                                         _053_ (net)
                  0.22    0.00    3.45 v _124_/C (sky130_fd_sc_hd__or3_2)
     2    0.02    0.28    1.27    4.73 v _124_/X (sky130_fd_sc_hd__or3_2)
                                         _055_ (net)
                  0.28    0.00    4.73 v _135_/A1 (sky130_fd_sc_hd__a21o_2)
     4    0.03    0.18    0.59    5.32 v _135_/X (sky130_fd_sc_hd__a21o_2)
                                         _065_ (net)
                  0.18    0.00    5.32 v _166_/A1 (sky130_fd_sc_hd__a31o_1)
     3    0.02    0.18    0.51    5.83 v _166_/X (sky130_fd_sc_hd__a31o_1)
                                         _094_ (net)
                  0.18    0.00    5.83 v _200_/A2 (sky130_fd_sc_hd__a31o_1)
     2    0.02    0.23    0.60    6.43 v _200_/X (sky130_fd_sc_hd__a31o_1)
                                         _020_ (net)
                  0.23    0.00    6.43 v _208_/B2 (sky130_fd_sc_hd__a22o_1)
     1    0.01    0.17    0.55    6.98 v _208_/X (sky130_fd_sc_hd__a22o_1)
                                         _027_ (net)
                  0.17    0.00    6.98 v _214_/A (sky130_fd_sc_hd__xnor2_1)
     1    0.01    0.34    0.42    7.40 ^ _214_/Y (sky130_fd_sc_hd__xnor2_1)
                                         _033_ (net)
                  0.34    0.00    7.40 ^ _219_/A2 (sky130_fd_sc_hd__a21o_1)
     2    0.02    0.24    0.47    7.87 ^ _219_/X (sky130_fd_sc_hd__a21o_1)
                                         net27 (net)
                  0.24    0.00    7.87 ^ output27/A (sky130_fd_sc_hd__buf_2)
     1    0.03    0.27    0.44    8.32 ^ output27/X (sky130_fd_sc_hd__buf_2)
                                         out[7] (net)
                  0.27    0.00    8.32 ^ out[7] (out)
                                  8.32   data arrival time

                  0.00   10.00   10.00   clock __VIRTUAL_CLK__ (rise edge)
                          0.00   10.00   clock network delay (ideal)
                         -0.25    9.75   clock uncertainty
                          0.00    9.75   clock reconvergence pessimism
                         -2.00    7.75   output external delay
                                  7.75   data required time
-----------------------------------------------------------------------------
                                  7.75   data required time
                                 -8.32   data arrival time
-----------------------------------------------------------------------------
                                 -0.57   slack (VIOLATED)



======================= Typical Corner ===================================

No paths found.


===========================================================================
 report_check_types -max_slew -max_cap -max_fanout -violators
============================================================================
======================= Fastest Corner ===================================

max fanout

Pin                                   Limit Fanout  Slack
---------------------------------------------------------
input18/X                                10     11        (VIOLATED)


max slew violations count Fastest: 0
max fanout violations count Fastest: 1
max cap violations count Fastest: 0
======================= Slowest Corner ===================================

max fanout

Pin                                   Limit Fanout  Slack
---------------------------------------------------------
input18/X                                10     11        (VIOLATED)


max slew violations count Slowest: 0
max fanout violations count Slowest: 1
max cap violations count Slowest: 0
======================= Typical Corner ===================================

max fanout

Pin                                   Limit Fanout  Slack
---------------------------------------------------------
input18/X                                10     11        (VIOLATED)


max slew violations count Typical: 0
max fanout violations count Typical: 1
max cap violations count Typical: 0

===========================================================================
report_parasitic_annotation -report_unannotated
============================================================================
Found 0 unannotated drivers.
Found 0 partially unannotated drivers.

===========================================================================
max slew violation count 0
max fanout violation count 1
max cap violation count 0
============================================================================

===========================================================================
check_setup -verbose -unconstrained_endpoints -multiple_clock -no_clock -no_input_delay -loops -generated_clocks
===========================================================================
