
===========================================================================
 report_power
============================================================================
======================= Fastest Corner ===================================

Group                  Internal  Switching    Leakage      Total
                          Power      Power      Power      Power (Watts)
----------------------------------------------------------------
Sequential             0.00e+00   0.00e+00   0.00e+00   0.00e+00   0.0%
Combinational          3.44e-05   8.97e-05   1.16e-09   1.24e-04 100.0%
Clock                 -1.33e-10   0.00e+00   7.12e-10   5.79e-10   0.0%
Macro                  0.00e+00   0.00e+00   0.00e+00   0.00e+00   0.0%
Pad                    0.00e+00   0.00e+00   0.00e+00   0.00e+00   0.0%
----------------------------------------------------------------
Total                  3.44e-05   8.97e-05   1.88e-09   1.24e-04 100.0%
                          27.7%      72.3%       0.0%

======================= Slowest Corner ===================================

Group                  Internal  Switching    Leakage      Total
                          Power      Power      Power      Power (Watts)
----------------------------------------------------------------
Sequential             0.00e+00   0.00e+00   0.00e+00   0.00e+00   0.0%
Combinational          2.55e-05   6.01e-05   7.05e-07   8.63e-05 100.0%
Clock                 -5.31e-11   0.00e+00   7.16e-10   6.63e-10   0.0%
Macro                  0.00e+00   0.00e+00   0.00e+00   0.00e+00   0.0%
Pad                    0.00e+00   0.00e+00   0.00e+00   0.00e+00   0.0%
----------------------------------------------------------------
Total                  2.55e-05   6.01e-05   7.06e-07   8.63e-05 100.0%
                          29.6%      69.6%       0.8%

======================= Typical Corner ===================================

Group                  Internal  Switching    Leakage      Total
                          Power      Power      Power      Power (Watts)
----------------------------------------------------------------
Sequential             0.00e+00   0.00e+00   0.00e+00   0.00e+00   0.0%
Combinational          3.15e-05   7.62e-05   5.46e-10   1.08e-04 100.0%
Clock                 -1.01e-11   0.00e+00   7.12e-10   7.02e-10   0.0%
Macro                  0.00e+00   0.00e+00   0.00e+00   0.00e+00   0.0%
Pad                    0.00e+00   0.00e+00   0.00e+00   0.00e+00   0.0%
----------------------------------------------------------------
Total                  3.15e-05   7.62e-05   1.26e-09   1.08e-04 100.0%
                          29.2%      70.8%       0.0%

