
===========================================================================
report_checks -path_delay max (Setup)
============================================================================
======================= Fastest Corner ===================================

Startpoint: B[0] (input port clocked by __VIRTUAL_CLK__)
Endpoint: out[7] (output port clocked by __VIRTUAL_CLK__)
Path Group: __VIRTUAL_CLK__
Path Type: max
Corner: Fastest

Fanout     Cap    Slew   Delay    Time   Description
-----------------------------------------------------------------------------
                  0.00    0.00    0.00   clock __VIRTUAL_CLK__ (rise edge)
                          0.00    0.00   clock network delay (ideal)
                          2.00    2.00 v input external delay
     1    0.00    0.00    0.00    2.00 v B[0] (in)
                                         B[0] (net)
                  0.00    0.00    2.00 v input9/A (sky130_fd_sc_hd__buf_2)
     9    0.04    0.08    0.13    2.13 v input9/X (sky130_fd_sc_hd__buf_2)
                                         net9 (net)
                  0.08    0.00    2.13 v _146_/A (sky130_fd_sc_hd__or3_4)
     4    0.04    0.08    0.31    2.44 v _146_/X (sky130_fd_sc_hd__or3_4)
                                         _075_ (net)
                  0.08    0.00    2.44 v _147_/A2 (sky130_fd_sc_hd__a21bo_1)
     3    0.03    0.10    0.22    2.66 v _147_/X (sky130_fd_sc_hd__a21bo_1)
                                         _076_ (net)
                  0.10    0.00    2.66 v _149_/A1 (sky130_fd_sc_hd__a21oi_1)
     1    0.01    0.23    0.23    2.89 ^ _149_/Y (sky130_fd_sc_hd__a21oi_1)
                                         _078_ (net)
                  0.23    0.00    2.89 ^ _151_/A (sky130_fd_sc_hd__nor2_1)
     3    0.02    0.10    0.11    3.00 v _151_/Y (sky130_fd_sc_hd__nor2_1)
                                         _080_ (net)
                  0.10    0.00    3.00 v _166_/A3 (sky130_fd_sc_hd__a31o_1)
     3    0.02    0.07    0.22    3.22 v _166_/X (sky130_fd_sc_hd__a31o_1)
                                         _094_ (net)
                  0.07    0.00    3.22 v _200_/A2 (sky130_fd_sc_hd__a31o_1)
     2    0.02    0.09    0.21    3.43 v _200_/X (sky130_fd_sc_hd__a31o_1)
                                         _020_ (net)
                  0.09    0.00    3.43 v _208_/B2 (sky130_fd_sc_hd__a22o_1)
     1    0.01    0.06    0.16    3.59 v _208_/X (sky130_fd_sc_hd__a22o_1)
                                         _027_ (net)
                  0.06    0.00    3.59 v _214_/A (sky130_fd_sc_hd__xnor2_1)
     1    0.01    0.15    0.17    3.76 ^ _214_/Y (sky130_fd_sc_hd__xnor2_1)
                                         _033_ (net)
                  0.15    0.00    3.76 ^ _219_/A2 (sky130_fd_sc_hd__a21o_1)
     2    0.02    0.12    0.15    3.91 ^ _219_/X (sky130_fd_sc_hd__a21o_1)
                                         net27 (net)
                  0.12    0.00    3.91 ^ output27/A (sky130_fd_sc_hd__buf_2)
     1    0.03    0.13    0.17    4.08 ^ output27/X (sky130_fd_sc_hd__buf_2)
                                         out[7] (net)
                  0.13    0.00    4.08 ^ out[7] (out)
                                  4.08   data arrival time

                  0.00   10.00   10.00   clock __VIRTUAL_CLK__ (rise edge)
                          0.00   10.00   clock network delay (ideal)
                         -0.25    9.75   clock uncertainty
                          0.00    9.75   clock reconvergence pessimism
                         -2.00    7.75   output external delay
                                  7.75   data required time
-----------------------------------------------------------------------------
                                  7.75   data required time
                                 -4.08   data arrival time
-----------------------------------------------------------------------------
                                  3.67   slack (MET)


Startpoint: B[0] (input port clocked by __VIRTUAL_CLK__)
Endpoint: out[5] (output port clocked by __VIRTUAL_CLK__)
Path Group: __VIRTUAL_CLK__
Path Type: max
Corner: Fastest

Fanout     Cap    Slew   Delay    Time   Description
-----------------------------------------------------------------------------
                  0.00    0.00    0.00   clock __VIRTUAL_CLK__ (rise edge)
                          0.00    0.00   clock network delay (ideal)
                          2.00    2.00 v input external delay
     1    0.00    0.00    0.00    2.00 v B[0] (in)
                                         B[0] (net)
                  0.00    0.00    2.00 v input9/A (sky130_fd_sc_hd__buf_2)
     9    0.04    0.08    0.13    2.13 v input9/X (sky130_fd_sc_hd__buf_2)
                                         net9 (net)
                  0.08    0.00    2.13 v _146_/A (sky130_fd_sc_hd__or3_4)
     4    0.04    0.08    0.31    2.44 v _146_/X (sky130_fd_sc_hd__or3_4)
                                         _075_ (net)
                  0.08    0.00    2.44 v _147_/A2 (sky130_fd_sc_hd__a21bo_1)
     3    0.03    0.10    0.22    2.66 v _147_/X (sky130_fd_sc_hd__a21bo_1)
                                         _076_ (net)
                  0.10    0.00    2.66 v _150_/B (sky130_fd_sc_hd__and3_1)
     2    0.02    0.06    0.18    2.84 v _150_/X (sky130_fd_sc_hd__and3_1)
                                         _079_ (net)
                  0.06    0.00    2.84 v _151_/B (sky130_fd_sc_hd__nor2_1)
     3    0.02    0.25    0.22    3.06 ^ _151_/Y (sky130_fd_sc_hd__nor2_1)
                                         _080_ (net)
                  0.25    0.00    3.06 ^ _166_/A3 (sky130_fd_sc_hd__a31o_1)
     3    0.02    0.14    0.19    3.24 ^ _166_/X (sky130_fd_sc_hd__a31o_1)
                                         _094_ (net)
                  0.14    0.00    3.25 ^ _167_/B (sky130_fd_sc_hd__nand2_1)
     2    0.02    0.13    0.13    3.37 v _167_/Y (sky130_fd_sc_hd__nand2_1)
                                         _095_ (net)
                  0.13    0.00    3.37 v _187_/B (sky130_fd_sc_hd__nand2_1)
     1    0.02    0.16    0.18    3.55 ^ _187_/Y (sky130_fd_sc_hd__nand2_1)
                                         _008_ (net)
                  0.16    0.00    3.55 ^ _188_/B (sky130_fd_sc_hd__xor2_1)
     1    0.01    0.21    0.20    3.75 ^ _188_/X (sky130_fd_sc_hd__xor2_1)
                                         _009_ (net)
                  0.21    0.00    3.75 ^ _194_/A2 (sky130_fd_sc_hd__a21bo_1)
     1    0.01    0.06    0.11    3.86 ^ _194_/X (sky130_fd_sc_hd__a21bo_1)
                                         net25 (net)
                  0.06    0.00    3.86 ^ output25/A (sky130_fd_sc_hd__buf_2)
     1    0.03    0.13    0.15    4.01 ^ output25/X (sky130_fd_sc_hd__buf_2)
                                         out[5] (net)
                  0.13    0.00    4.01 ^ out[5] (out)
                                  4.01   data arrival time

                  0.00   10.00   10.00   clock __VIRTUAL_CLK__ (rise edge)
                          0.00   10.00   clock network delay (ideal)
                         -0.25    9.75   clock uncertainty
                          0.00    9.75   clock reconvergence pessimism
                         -2.00    7.75   output external delay
                                  7.75   data required time
-----------------------------------------------------------------------------
                                  7.75   data required time
                                 -4.01   data arrival time
-----------------------------------------------------------------------------
                                  3.74   slack (MET)


Startpoint: B[0] (input port clocked by __VIRTUAL_CLK__)
Endpoint: out[6] (output port clocked by __VIRTUAL_CLK__)
Path Group: __VIRTUAL_CLK__
Path Type: max
Corner: Fastest

Fanout     Cap    Slew   Delay    Time   Description
-----------------------------------------------------------------------------
                  0.00    0.00    0.00   clock __VIRTUAL_CLK__ (rise edge)
                          0.00    0.00   clock network delay (ideal)
                          2.00    2.00 v input external delay
     1    0.00    0.00    0.00    2.00 v B[0] (in)
                                         B[0] (net)
                  0.00    0.00    2.00 v input9/A (sky130_fd_sc_hd__buf_2)
     9    0.04    0.08    0.13    2.13 v input9/X (sky130_fd_sc_hd__buf_2)
                                         net9 (net)
                  0.08    0.00    2.13 v _146_/A (sky130_fd_sc_hd__or3_4)
     4    0.04    0.08    0.31    2.44 v _146_/X (sky130_fd_sc_hd__or3_4)
                                         _075_ (net)
                  0.08    0.00    2.44 v _181_/A3 (sky130_fd_sc_hd__o31a_2)
     2    0.02    0.07    0.24    2.68 v _181_/X (sky130_fd_sc_hd__o31a_2)
                                         _002_ (net)
                  0.07    0.00    2.68 v _182_/B (sky130_fd_sc_hd__xnor2_2)
     2    0.02    0.23    0.21    2.89 ^ _182_/Y (sky130_fd_sc_hd__xnor2_2)
                                         _003_ (net)
                  0.23    0.00    2.89 ^ _183_/B (sky130_fd_sc_hd__nor2_1)
     2    0.02    0.10    0.11    3.00 v _183_/Y (sky130_fd_sc_hd__nor2_1)
                                         _004_ (net)
                  0.10    0.00    3.00 v _185_/A (sky130_fd_sc_hd__nor2_1)
     2    0.02    0.27    0.26    3.26 ^ _185_/Y (sky130_fd_sc_hd__nor2_1)
                                         _006_ (net)
                  0.27    0.00    3.26 ^ _200_/A3 (sky130_fd_sc_hd__a31o_1)
     2    0.02    0.17    0.21    3.48 ^ _200_/X (sky130_fd_sc_hd__a31o_1)
                                         _020_ (net)
                  0.17    0.00    3.48 ^ _201_/B (sky130_fd_sc_hd__xor2_1)
     1    0.01    0.14    0.14    3.62 ^ _201_/X (sky130_fd_sc_hd__xor2_1)
                                         _021_ (net)
                  0.14    0.00    3.62 ^ _207_/A2 (sky130_fd_sc_hd__a21bo_1)
     1    0.01    0.07    0.11    3.74 ^ _207_/X (sky130_fd_sc_hd__a21bo_1)
                                         net26 (net)
                  0.07    0.00    3.74 ^ output26/A (sky130_fd_sc_hd__buf_2)
     1    0.03    0.13    0.15    3.89 ^ output26/X (sky130_fd_sc_hd__buf_2)
                                         out[6] (net)
                  0.13    0.00    3.89 ^ out[6] (out)
                                  3.89   data arrival time

                  0.00   10.00   10.00   clock __VIRTUAL_CLK__ (rise edge)
                          0.00   10.00   clock network delay (ideal)
                         -0.25    9.75   clock uncertainty
                          0.00    9.75   clock reconvergence pessimism
                         -2.00    7.75   output external delay
                                  7.75   data required time
-----------------------------------------------------------------------------
                                  7.75   data required time
                                 -3.89   data arrival time
-----------------------------------------------------------------------------
                                  3.86   slack (MET)


Startpoint: opcode[0] (input port clocked by __VIRTUAL_CLK__)
Endpoint: out[1] (output port clocked by __VIRTUAL_CLK__)
Path Group: __VIRTUAL_CLK__
Path Type: max
Corner: Fastest

Fanout     Cap    Slew   Delay    Time   Description
-----------------------------------------------------------------------------
                  0.00    0.00    0.00   clock __VIRTUAL_CLK__ (rise edge)
                          0.00    0.00   clock network delay (ideal)
                          2.00    2.00 v input external delay
     1    0.00    0.00    0.00    2.00 v opcode[0] (in)
                                         opcode[0] (net)
                  0.00    0.00    2.00 v input17/A (sky130_fd_sc_hd__buf_2)
     8    0.04    0.08    0.12    2.13 v input17/X (sky130_fd_sc_hd__buf_2)
                                         net17 (net)
                  0.08    0.00    2.13 v _120_/A_N (sky130_fd_sc_hd__nand3b_4)
     5    0.04    0.10    0.17    2.30 v _120_/Y (sky130_fd_sc_hd__nand3b_4)
                                         _051_ (net)
                  0.10    0.00    2.30 v _122_/A (sky130_fd_sc_hd__and3_1)
     2    0.02    0.08    0.18    2.47 v _122_/X (sky130_fd_sc_hd__and3_1)
                                         _053_ (net)
                  0.08    0.00    2.47 v _124_/C (sky130_fd_sc_hd__or3_2)
     2    0.02    0.09    0.32    2.79 v _124_/X (sky130_fd_sc_hd__or3_2)
                                         _055_ (net)
                  0.09    0.00    2.79 v _125_/B (sky130_fd_sc_hd__and2b_1)
     2    0.02    0.06    0.16    2.96 v _125_/X (sky130_fd_sc_hd__and2b_1)
                                         _056_ (net)
                  0.06    0.00    2.96 v _127_/A1 (sky130_fd_sc_hd__o21ai_1)
     1    0.02    0.22    0.22    3.18 ^ _127_/Y (sky130_fd_sc_hd__o21ai_1)
                                         _058_ (net)
                  0.22    0.00    3.18 ^ _128_/B1 (sky130_fd_sc_hd__a21oi_1)
     1    0.01    0.06    0.05    3.23 v _128_/Y (sky130_fd_sc_hd__a21oi_1)
                                         _059_ (net)
                  0.06    0.00    3.23 v _133_/A (sky130_fd_sc_hd__or3_1)
     1    0.01    0.07    0.26    3.49 v _133_/X (sky130_fd_sc_hd__or3_1)
                                         _064_ (net)
                  0.07    0.00    3.49 v _134_/A (sky130_fd_sc_hd__buf_1)
     1    0.01    0.06    0.11    3.60 v _134_/X (sky130_fd_sc_hd__buf_1)
                                         net21 (net)
                  0.06    0.00    3.60 v output21/A (sky130_fd_sc_hd__buf_2)
     1    0.03    0.06    0.14    3.74 v output21/X (sky130_fd_sc_hd__buf_2)
                                         out[1] (net)
                  0.06    0.00    3.74 v out[1] (out)
                                  3.74   data arrival time

                  0.00   10.00   10.00   clock __VIRTUAL_CLK__ (rise edge)
                          0.00   10.00   clock network delay (ideal)
                         -0.25    9.75   clock uncertainty
                          0.00    9.75   clock reconvergence pessimism
                         -2.00    7.75   output external delay
                                  7.75   data required time
-----------------------------------------------------------------------------
                                  7.75   data required time
                                 -3.74   data arrival time
-----------------------------------------------------------------------------
                                  4.01   slack (MET)


Startpoint: opcode[0] (input port clocked by __VIRTUAL_CLK__)
Endpoint: out[3] (output port clocked by __VIRTUAL_CLK__)
Path Group: __VIRTUAL_CLK__
Path Type: max
Corner: Fastest

Fanout     Cap    Slew   Delay    Time   Description
-----------------------------------------------------------------------------
                  0.00    0.00    0.00   clock __VIRTUAL_CLK__ (rise edge)
                          0.00    0.00   clock network delay (ideal)
                          2.00    2.00 v input external delay
     1    0.00    0.00    0.00    2.00 v opcode[0] (in)
                                         opcode[0] (net)
                  0.00    0.00    2.00 v input17/A (sky130_fd_sc_hd__buf_2)
     8    0.04    0.08    0.12    2.13 v input17/X (sky130_fd_sc_hd__buf_2)
                                         net17 (net)
                  0.08    0.00    2.13 v _120_/A_N (sky130_fd_sc_hd__nand3b_4)
     5    0.04    0.10    0.17    2.30 v _120_/Y (sky130_fd_sc_hd__nand3b_4)
                                         _051_ (net)
                  0.10    0.00    2.30 v _122_/A (sky130_fd_sc_hd__and3_1)
     2    0.02    0.08    0.18    2.47 v _122_/X (sky130_fd_sc_hd__and3_1)
                                         _053_ (net)
                  0.08    0.00    2.47 v _124_/C (sky130_fd_sc_hd__or3_2)
     2    0.02    0.09    0.32    2.79 v _124_/X (sky130_fd_sc_hd__or3_2)
                                         _055_ (net)
                  0.09    0.00    2.79 v _135_/A1 (sky130_fd_sc_hd__a21o_2)
     4    0.03    0.07    0.20    2.99 v _135_/X (sky130_fd_sc_hd__a21o_2)
                                         _065_ (net)
                  0.07    0.00    2.99 v _153_/A1 (sky130_fd_sc_hd__a21o_1)
     2    0.02    0.08    0.18    3.17 v _153_/X (sky130_fd_sc_hd__a21o_1)
                                         _082_ (net)
                  0.08    0.00    3.17 v _155_/B (sky130_fd_sc_hd__or2_1)
     1    0.01    0.05    0.16    3.33 v _155_/X (sky130_fd_sc_hd__or2_1)
                                         _084_ (net)
                  0.05    0.00    3.33 v _160_/A3 (sky130_fd_sc_hd__a31o_1)
     1    0.01    0.06    0.18    3.51 v _160_/X (sky130_fd_sc_hd__a31o_1)
                                         net23 (net)
                  0.06    0.00    3.52 v output23/A (sky130_fd_sc_hd__buf_2)
     1    0.03    0.06    0.13    3.65 v output23/X (sky130_fd_sc_hd__buf_2)
                                         out[3] (net)
                  0.06    0.00    3.65 v out[3] (out)
                                  3.65   data arrival time

                  0.00   10.00   10.00   clock __VIRTUAL_CLK__ (rise edge)
                          0.00   10.00   clock network delay (ideal)
                         -0.25    9.75   clock uncertainty
                          0.00    9.75   clock reconvergence pessimism
                         -2.00    7.75   output external delay
                                  7.75   data required time
-----------------------------------------------------------------------------
                                  7.75   data required time
                                 -3.65   data arrival time
-----------------------------------------------------------------------------
                                  4.10   slack (MET)


Startpoint: B[0] (input port clocked by __VIRTUAL_CLK__)
Endpoint: out[4] (output port clocked by __VIRTUAL_CLK__)
Path Group: __VIRTUAL_CLK__
Path Type: max
Corner: Fastest

Fanout     Cap    Slew   Delay    Time   Description
-----------------------------------------------------------------------------
                  0.00    0.00    0.00   clock __VIRTUAL_CLK__ (rise edge)
                          0.00    0.00   clock network delay (ideal)
                          2.00    2.00 v input external delay
     1    0.00    0.00    0.00    2.00 v B[0] (in)
                                         B[0] (net)
                  0.00    0.00    2.00 v input9/A (sky130_fd_sc_hd__buf_2)
     9    0.04    0.08    0.13    2.13 v input9/X (sky130_fd_sc_hd__buf_2)
                                         net9 (net)
                  0.08    0.00    2.13 v _146_/A (sky130_fd_sc_hd__or3_4)
     4    0.04    0.08    0.31    2.44 v _146_/X (sky130_fd_sc_hd__or3_4)
                                         _075_ (net)
                  0.08    0.00    2.44 v _147_/A2 (sky130_fd_sc_hd__a21bo_1)
     3    0.03    0.10    0.22    2.66 v _147_/X (sky130_fd_sc_hd__a21bo_1)
                                         _076_ (net)
                  0.10    0.00    2.66 v _150_/B (sky130_fd_sc_hd__and3_1)
     2    0.02    0.06    0.18    2.84 v _150_/X (sky130_fd_sc_hd__and3_1)
                                         _079_ (net)
                  0.06    0.00    2.84 v _151_/B (sky130_fd_sc_hd__nor2_1)
     3    0.02    0.25    0.22    3.06 ^ _151_/Y (sky130_fd_sc_hd__nor2_1)
                                         _080_ (net)
                  0.25    0.00    3.06 ^ _166_/A3 (sky130_fd_sc_hd__a31o_1)
     3    0.02    0.14    0.19    3.24 ^ _166_/X (sky130_fd_sc_hd__a31o_1)
                                         _094_ (net)
                  0.14    0.00    3.25 ^ _167_/B (sky130_fd_sc_hd__nand2_1)
     2    0.02    0.13    0.13    3.37 v _167_/Y (sky130_fd_sc_hd__nand2_1)
                                         _095_ (net)
                  0.13    0.00    3.37 v _180_/A1 (sky130_fd_sc_hd__a21bo_1)
     1    0.00    0.03    0.15    3.52 v _180_/X (sky130_fd_sc_hd__a21bo_1)
                                         net24 (net)
                  0.03    0.00    3.52 v output24/A (sky130_fd_sc_hd__buf_2)
     1    0.03    0.06    0.12    3.65 v output24/X (sky130_fd_sc_hd__buf_2)
                                         out[4] (net)
                  0.06    0.00    3.65 v out[4] (out)
                                  3.65   data arrival time

                  0.00   10.00   10.00   clock __VIRTUAL_CLK__ (rise edge)
                          0.00   10.00   clock network delay (ideal)
                         -0.25    9.75   clock uncertainty
                          0.00    9.75   clock reconvergence pessimism
                         -2.00    7.75   output external delay
                                  7.75   data required time
-----------------------------------------------------------------------------
                                  7.75   data required time
                                 -3.65   data arrival time
-----------------------------------------------------------------------------
                                  4.10   slack (MET)


Startpoint: opcode[0] (input port clocked by __VIRTUAL_CLK__)
Endpoint: out[2] (output port clocked by __VIRTUAL_CLK__)
Path Group: __VIRTUAL_CLK__
Path Type: max
Corner: Fastest

Fanout     Cap    Slew   Delay    Time   Description
-----------------------------------------------------------------------------
                  0.00    0.00    0.00   clock __VIRTUAL_CLK__ (rise edge)
                          0.00    0.00   clock network delay (ideal)
                          2.00    2.00 v input external delay
     1    0.00    0.00    0.00    2.00 v opcode[0] (in)
                                         opcode[0] (net)
                  0.00    0.00    2.00 v input17/A (sky130_fd_sc_hd__buf_2)
     8    0.04    0.08    0.12    2.13 v input17/X (sky130_fd_sc_hd__buf_2)
                                         net17 (net)
                  0.08    0.00    2.13 v _120_/A_N (sky130_fd_sc_hd__nand3b_4)
     5    0.04    0.10    0.17    2.30 v _120_/Y (sky130_fd_sc_hd__nand3b_4)
                                         _051_ (net)
                  0.10    0.00    2.30 v _122_/A (sky130_fd_sc_hd__and3_1)
     2    0.02    0.08    0.18    2.47 v _122_/X (sky130_fd_sc_hd__and3_1)
                                         _053_ (net)
                  0.08    0.00    2.47 v _124_/C (sky130_fd_sc_hd__or3_2)
     2    0.02    0.09    0.32    2.79 v _124_/X (sky130_fd_sc_hd__or3_2)
                                         _055_ (net)
                  0.09    0.00    2.79 v _135_/A1 (sky130_fd_sc_hd__a21o_2)
     4    0.03    0.07    0.20    2.99 v _135_/X (sky130_fd_sc_hd__a21o_2)
                                         _065_ (net)
                  0.07    0.00    2.99 v _140_/A (sky130_fd_sc_hd__or2_1)
     1    0.03    0.10    0.23    3.22 v _140_/X (sky130_fd_sc_hd__or2_1)
                                         _070_ (net)
                  0.10    0.00    3.22 v _145_/A3 (sky130_fd_sc_hd__a31o_1)
     1    0.01    0.06    0.21    3.43 v _145_/X (sky130_fd_sc_hd__a31o_1)
                                         net22 (net)
                  0.06    0.00    3.43 v output22/A (sky130_fd_sc_hd__buf_2)
     1    0.03    0.06    0.14    3.57 v output22/X (sky130_fd_sc_hd__buf_2)
                                         out[2] (net)
                  0.06    0.00    3.57 v out[2] (out)
                                  3.57   data arrival time

                  0.00   10.00   10.00   clock __VIRTUAL_CLK__ (rise edge)
                          0.00   10.00   clock network delay (ideal)
                         -0.25    9.75   clock uncertainty
                          0.00    9.75   clock reconvergence pessimism
                         -2.00    7.75   output external delay
                                  7.75   data required time
-----------------------------------------------------------------------------
                                  7.75   data required time
                                 -3.57   data arrival time
-----------------------------------------------------------------------------
                                  4.18   slack (MET)


Startpoint: opcode[1] (input port clocked by __VIRTUAL_CLK__)
Endpoint: out[0] (output port clocked by __VIRTUAL_CLK__)
Path Group: __VIRTUAL_CLK__
Path Type: max
Corner: Fastest

Fanout     Cap    Slew   Delay    Time   Description
-----------------------------------------------------------------------------
                  0.00    0.00    0.00   clock __VIRTUAL_CLK__ (rise edge)
                          0.00    0.00   clock network delay (ideal)
                          2.00    2.00 ^ input external delay
     1    0.00    0.02    0.01    2.01 ^ opcode[1] (in)
                                         opcode[1] (net)
                  0.02    0.00    2.01 ^ input18/A (sky130_fd_sc_hd__buf_4)
    11    0.07    0.16    0.16    2.17 ^ input18/X (sky130_fd_sc_hd__buf_4)
                                         net18 (net)
                  0.16    0.01    2.18 ^ _114_/C_N (sky130_fd_sc_hd__or3b_1)
     1    0.00    0.04    0.21    2.39 v _114_/X (sky130_fd_sc_hd__or3b_1)
                                         _046_ (net)
                  0.04    0.00    2.39 v _115_/A (sky130_fd_sc_hd__clkbuf_4)
     7    0.05    0.07    0.15    2.54 v _115_/X (sky130_fd_sc_hd__clkbuf_4)
                                         _047_ (net)
                  0.07    0.00    2.54 v _116_/A (sky130_fd_sc_hd__inv_2)
     2    0.02    0.06    0.08    2.62 ^ _116_/Y (sky130_fd_sc_hd__inv_2)
                                         _048_ (net)
                  0.06    0.00    2.62 ^ _117_/B2 (sky130_fd_sc_hd__o2bb2a_1)
     1    0.01    0.09    0.14    2.76 ^ _117_/X (sky130_fd_sc_hd__o2bb2a_1)
                                         _049_ (net)
                  0.09    0.00    2.76 ^ _118_/B2 (sky130_fd_sc_hd__o22a_1)
     1    0.01    0.10    0.12    2.88 ^ _118_/X (sky130_fd_sc_hd__o22a_1)
                                         _050_ (net)
                  0.10    0.00    2.88 ^ _119_/C1 (sky130_fd_sc_hd__a311o_1)
     1    0.01    0.09    0.11    2.99 ^ _119_/X (sky130_fd_sc_hd__a311o_1)
                                         net20 (net)
                  0.09    0.00    2.99 ^ output20/A (sky130_fd_sc_hd__buf_2)
     1    0.04    0.13    0.16    3.15 ^ output20/X (sky130_fd_sc_hd__buf_2)
                                         out[0] (net)
                  0.13    0.00    3.15 ^ out[0] (out)
                                  3.15   data arrival time

                  0.00   10.00   10.00   clock __VIRTUAL_CLK__ (rise edge)
                          0.00   10.00   clock network delay (ideal)
                         -0.25    9.75   clock uncertainty
                          0.00    9.75   clock reconvergence pessimism
                         -2.00    7.75   output external delay
                                  7.75   data required time
-----------------------------------------------------------------------------
                                  7.75   data required time
                                 -3.15   data arrival time
-----------------------------------------------------------------------------
                                  4.60   slack (MET)



worst slack corner Fastest: 3.6704
======================= Slowest Corner ===================================

Startpoint: opcode[0] (input port clocked by __VIRTUAL_CLK__)
Endpoint: out[7] (output port clocked by __VIRTUAL_CLK__)
Path Group: __VIRTUAL_CLK__
Path Type: max
Corner: Slowest

Fanout     Cap    Slew   Delay    Time   Description
-----------------------------------------------------------------------------
                  0.00    0.00    0.00   clock __VIRTUAL_CLK__ (rise edge)
                          0.00    0.00   clock network delay (ideal)
                          2.00    2.00 v input external delay
     1    0.00    0.02    0.01    2.01 v opcode[0] (in)
                                         opcode[0] (net)
                  0.02    0.00    2.01 v input17/A (sky130_fd_sc_hd__buf_2)
     8    0.04    0.20    0.36    2.37 v input17/X (sky130_fd_sc_hd__buf_2)
                                         net17 (net)
                  0.20    0.00    2.37 v _120_/A_N (sky130_fd_sc_hd__nand3b_4)
     5    0.04    0.29    0.51    2.88 v _120_/Y (sky130_fd_sc_hd__nand3b_4)
                                         _051_ (net)
                  0.29    0.00    2.88 v _122_/A (sky130_fd_sc_hd__and3_1)
     2    0.02    0.22    0.57    3.45 v _122_/X (sky130_fd_sc_hd__and3_1)
                                         _053_ (net)
                  0.22    0.00    3.45 v _124_/C (sky130_fd_sc_hd__or3_2)
     2    0.02    0.28    1.27    4.73 v _124_/X (sky130_fd_sc_hd__or3_2)
                                         _055_ (net)
                  0.28    0.00    4.73 v _135_/A1 (sky130_fd_sc_hd__a21o_2)
     4    0.03    0.18    0.59    5.32 v _135_/X (sky130_fd_sc_hd__a21o_2)
                                         _065_ (net)
                  0.18    0.00    5.32 v _166_/A1 (sky130_fd_sc_hd__a31o_1)
     3    0.02    0.18    0.51    5.83 v _166_/X (sky130_fd_sc_hd__a31o_1)
                                         _094_ (net)
                  0.18    0.00    5.83 v _200_/A2 (sky130_fd_sc_hd__a31o_1)
     2    0.02    0.23    0.60    6.43 v _200_/X (sky130_fd_sc_hd__a31o_1)
                                         _020_ (net)
                  0.23    0.00    6.43 v _208_/B2 (sky130_fd_sc_hd__a22o_1)
     1    0.01    0.17    0.55    6.98 v _208_/X (sky130_fd_sc_hd__a22o_1)
                                         _027_ (net)
                  0.17    0.00    6.98 v _214_/A (sky130_fd_sc_hd__xnor2_1)
     1    0.01    0.34    0.42    7.40 ^ _214_/Y (sky130_fd_sc_hd__xnor2_1)
                                         _033_ (net)
                  0.34    0.00    7.40 ^ _219_/A2 (sky130_fd_sc_hd__a21o_1)
     2    0.02    0.24    0.47    7.87 ^ _219_/X (sky130_fd_sc_hd__a21o_1)
                                         net27 (net)
                  0.24    0.00    7.87 ^ output27/A (sky130_fd_sc_hd__buf_2)
     1    0.03    0.27    0.44    8.32 ^ output27/X (sky130_fd_sc_hd__buf_2)
                                         out[7] (net)
                  0.27    0.00    8.32 ^ out[7] (out)
                                  8.32   data arrival time

                  0.00   10.00   10.00   clock __VIRTUAL_CLK__ (rise edge)
                          0.00   10.00   clock network delay (ideal)
                         -0.25    9.75   clock uncertainty
                          0.00    9.75   clock reconvergence pessimism
                         -2.00    7.75   output external delay
                                  7.75   data required time
-----------------------------------------------------------------------------
                                  7.75   data required time
                                 -8.32   data arrival time
-----------------------------------------------------------------------------
                                 -0.57   slack (VIOLATED)


Startpoint: B[0] (input port clocked by __VIRTUAL_CLK__)
Endpoint: out[5] (output port clocked by __VIRTUAL_CLK__)
Path Group: __VIRTUAL_CLK__
Path Type: max
Corner: Slowest

Fanout     Cap    Slew   Delay    Time   Description
-----------------------------------------------------------------------------
                  0.00    0.00    0.00   clock __VIRTUAL_CLK__ (rise edge)
                          0.00    0.00   clock network delay (ideal)
                          2.00    2.00 v input external delay
     1    0.00    0.02    0.01    2.01 v B[0] (in)
                                         B[0] (net)
                  0.02    0.00    2.01 v input9/A (sky130_fd_sc_hd__buf_2)
     9    0.04    0.21    0.37    2.38 v input9/X (sky130_fd_sc_hd__buf_2)
                                         net9 (net)
                  0.21    0.00    2.38 v _146_/A (sky130_fd_sc_hd__or3_4)
     4    0.04    0.20    0.99    3.37 v _146_/X (sky130_fd_sc_hd__or3_4)
                                         _075_ (net)
                  0.20    0.00    3.37 v _147_/A2 (sky130_fd_sc_hd__a21bo_1)
     3    0.03    0.27    0.61    3.98 v _147_/X (sky130_fd_sc_hd__a21bo_1)
                                         _076_ (net)
                  0.27    0.00    3.98 v _150_/B (sky130_fd_sc_hd__and3_1)
     2    0.02    0.17    0.56    4.54 v _150_/X (sky130_fd_sc_hd__and3_1)
                                         _079_ (net)
                  0.17    0.00    4.54 v _151_/B (sky130_fd_sc_hd__nor2_1)
     3    0.02    0.58    0.55    5.09 ^ _151_/Y (sky130_fd_sc_hd__nor2_1)
                                         _080_ (net)
                  0.58    0.00    5.09 ^ _166_/A3 (sky130_fd_sc_hd__a31o_1)
     3    0.02    0.30    0.67    5.76 ^ _166_/X (sky130_fd_sc_hd__a31o_1)
                                         _094_ (net)
                  0.30    0.00    5.76 ^ _167_/B (sky130_fd_sc_hd__nand2_1)
     2    0.02    0.41    0.46    6.22 v _167_/Y (sky130_fd_sc_hd__nand2_1)
                                         _095_ (net)
                  0.41    0.00    6.22 v _187_/B (sky130_fd_sc_hd__nand2_1)
     1    0.02    0.35    0.48    6.70 ^ _187_/Y (sky130_fd_sc_hd__nand2_1)
                                         _008_ (net)
                  0.35    0.00    6.70 ^ _188_/B (sky130_fd_sc_hd__xor2_1)
     1    0.01    0.47    0.58    7.28 ^ _188_/X (sky130_fd_sc_hd__xor2_1)
                                         _009_ (net)
                  0.47    0.00    7.28 ^ _194_/A2 (sky130_fd_sc_hd__a21bo_1)
     1    0.01    0.12    0.41    7.69 ^ _194_/X (sky130_fd_sc_hd__a21bo_1)
                                         net25 (net)
                  0.12    0.00    7.69 ^ output25/A (sky130_fd_sc_hd__buf_2)
     1    0.03    0.27    0.39    8.08 ^ output25/X (sky130_fd_sc_hd__buf_2)
                                         out[5] (net)
                  0.27    0.00    8.08 ^ out[5] (out)
                                  8.08   data arrival time

                  0.00   10.00   10.00   clock __VIRTUAL_CLK__ (rise edge)
                          0.00   10.00   clock network delay (ideal)
                         -0.25    9.75   clock uncertainty
                          0.00    9.75   clock reconvergence pessimism
                         -2.00    7.75   output external delay
                                  7.75   data required time
-----------------------------------------------------------------------------
                                  7.75   data required time
                                 -8.08   data arrival time
-----------------------------------------------------------------------------
                                 -0.33   slack (VIOLATED)


Startpoint: opcode[0] (input port clocked by __VIRTUAL_CLK__)
Endpoint: out[1] (output port clocked by __VIRTUAL_CLK__)
Path Group: __VIRTUAL_CLK__
Path Type: max
Corner: Slowest

Fanout     Cap    Slew   Delay    Time   Description
-----------------------------------------------------------------------------
                  0.00    0.00    0.00   clock __VIRTUAL_CLK__ (rise edge)
                          0.00    0.00   clock network delay (ideal)
                          2.00    2.00 v input external delay
     1    0.00    0.02    0.01    2.01 v opcode[0] (in)
                                         opcode[0] (net)
                  0.02    0.00    2.01 v input17/A (sky130_fd_sc_hd__buf_2)
     8    0.04    0.20    0.36    2.37 v input17/X (sky130_fd_sc_hd__buf_2)
                                         net17 (net)
                  0.20    0.00    2.37 v _120_/A_N (sky130_fd_sc_hd__nand3b_4)
     5    0.04    0.29    0.51    2.88 v _120_/Y (sky130_fd_sc_hd__nand3b_4)
                                         _051_ (net)
                  0.29    0.00    2.88 v _122_/A (sky130_fd_sc_hd__and3_1)
     2    0.02    0.22    0.57    3.45 v _122_/X (sky130_fd_sc_hd__and3_1)
                                         _053_ (net)
                  0.22    0.00    3.45 v _124_/C (sky130_fd_sc_hd__or3_2)
     2    0.02    0.28    1.27    4.73 v _124_/X (sky130_fd_sc_hd__or3_2)
                                         _055_ (net)
                  0.28    0.00    4.73 v _125_/B (sky130_fd_sc_hd__and2b_1)
     2    0.02    0.16    0.55    5.28 v _125_/X (sky130_fd_sc_hd__and2b_1)
                                         _056_ (net)
                  0.16    0.00    5.28 v _127_/A1 (sky130_fd_sc_hd__o21ai_1)
     1    0.02    0.52    0.55    5.83 ^ _127_/Y (sky130_fd_sc_hd__o21ai_1)
                                         _058_ (net)
                  0.52    0.00    5.83 ^ _128_/B1 (sky130_fd_sc_hd__a21oi_1)
     1    0.01    0.16    0.27    6.10 v _128_/Y (sky130_fd_sc_hd__a21oi_1)
                                         _059_ (net)
                  0.16    0.00    6.10 v _133_/A (sky130_fd_sc_hd__or3_1)
     1    0.01    0.20    1.02    7.12 v _133_/X (sky130_fd_sc_hd__or3_1)
                                         _064_ (net)
                  0.20    0.00    7.12 v _134_/A (sky130_fd_sc_hd__buf_1)
     1    0.01    0.16    0.33    7.45 v _134_/X (sky130_fd_sc_hd__buf_1)
                                         net21 (net)
                  0.16    0.00    7.45 v output21/A (sky130_fd_sc_hd__buf_2)
     1    0.03    0.16    0.41    7.86 v output21/X (sky130_fd_sc_hd__buf_2)
                                         out[1] (net)
                  0.16    0.00    7.86 v out[1] (out)
                                  7.86   data arrival time

                  0.00   10.00   10.00   clock __VIRTUAL_CLK__ (rise edge)
                          0.00   10.00   clock network delay (ideal)
                         -0.25    9.75   clock uncertainty
                          0.00    9.75   clock reconvergence pessimism
                         -2.00    7.75   output external delay
                                  7.75   data required time
-----------------------------------------------------------------------------
                                  7.75   data required time
                                 -7.86   data arrival time
-----------------------------------------------------------------------------
                                 -0.11   slack (VIOLATED)


Startpoint: opcode[0] (input port clocked by __VIRTUAL_CLK__)
Endpoint: out[6] (output port clocked by __VIRTUAL_CLK__)
Path Group: __VIRTUAL_CLK__
Path Type: max
Corner: Slowest

Fanout     Cap    Slew   Delay    Time   Description
-----------------------------------------------------------------------------
                  0.00    0.00    0.00   clock __VIRTUAL_CLK__ (rise edge)
                          0.00    0.00   clock network delay (ideal)
                          2.00    2.00 v input external delay
     1    0.00    0.02    0.01    2.01 v opcode[0] (in)
                                         opcode[0] (net)
                  0.02    0.00    2.01 v input17/A (sky130_fd_sc_hd__buf_2)
     8    0.04    0.20    0.36    2.37 v input17/X (sky130_fd_sc_hd__buf_2)
                                         net17 (net)
                  0.20    0.00    2.37 v _120_/A_N (sky130_fd_sc_hd__nand3b_4)
     5    0.04    0.29    0.51    2.88 v _120_/Y (sky130_fd_sc_hd__nand3b_4)
                                         _051_ (net)
                  0.29    0.00    2.88 v _122_/A (sky130_fd_sc_hd__and3_1)
     2    0.02    0.22    0.57    3.45 v _122_/X (sky130_fd_sc_hd__and3_1)
                                         _053_ (net)
                  0.22    0.00    3.45 v _124_/C (sky130_fd_sc_hd__or3_2)
     2    0.02    0.28    1.27    4.73 v _124_/X (sky130_fd_sc_hd__or3_2)
                                         _055_ (net)
                  0.28    0.00    4.73 v _135_/A1 (sky130_fd_sc_hd__a21o_2)
     4    0.03    0.18    0.59    5.32 v _135_/X (sky130_fd_sc_hd__a21o_2)
                                         _065_ (net)
                  0.18    0.00    5.32 v _166_/A1 (sky130_fd_sc_hd__a31o_1)
     3    0.02    0.18    0.51    5.83 v _166_/X (sky130_fd_sc_hd__a31o_1)
                                         _094_ (net)
                  0.18    0.00    5.83 v _200_/A2 (sky130_fd_sc_hd__a31o_1)
     2    0.02    0.23    0.60    6.43 v _200_/X (sky130_fd_sc_hd__a31o_1)
                                         _020_ (net)
                  0.23    0.00    6.43 v _201_/B (sky130_fd_sc_hd__xor2_1)
     1    0.01    0.18    0.38    6.81 v _201_/X (sky130_fd_sc_hd__xor2_1)
                                         _021_ (net)
                  0.18    0.00    6.81 v _207_/A2 (sky130_fd_sc_hd__a21bo_1)
     1    0.01    0.12    0.46    7.27 v _207_/X (sky130_fd_sc_hd__a21bo_1)
                                         net26 (net)
                  0.12    0.00    7.28 v output26/A (sky130_fd_sc_hd__buf_2)
     1    0.03    0.16    0.39    7.66 v output26/X (sky130_fd_sc_hd__buf_2)
                                         out[6] (net)
                  0.16    0.00    7.66 v out[6] (out)
                                  7.66   data arrival time

                  0.00   10.00   10.00   clock __VIRTUAL_CLK__ (rise edge)
                          0.00   10.00   clock network delay (ideal)
                         -0.25    9.75   clock uncertainty
                          0.00    9.75   clock reconvergence pessimism
                         -2.00    7.75   output external delay
                                  7.75   data required time
-----------------------------------------------------------------------------
                                  7.75   data required time
                                 -7.66   data arrival time
-----------------------------------------------------------------------------
                                  0.09   slack (MET)


Startpoint: opcode[0] (input port clocked by __VIRTUAL_CLK__)
Endpoint: out[3] (output port clocked by __VIRTUAL_CLK__)
Path Group: __VIRTUAL_CLK__
Path Type: max
Corner: Slowest

Fanout     Cap    Slew   Delay    Time   Description
-----------------------------------------------------------------------------
                  0.00    0.00    0.00   clock __VIRTUAL_CLK__ (rise edge)
                          0.00    0.00   clock network delay (ideal)
                          2.00    2.00 v input external delay
     1    0.00    0.02    0.01    2.01 v opcode[0] (in)
                                         opcode[0] (net)
                  0.02    0.00    2.01 v input17/A (sky130_fd_sc_hd__buf_2)
     8    0.04    0.20    0.36    2.37 v input17/X (sky130_fd_sc_hd__buf_2)
                                         net17 (net)
                  0.20    0.00    2.37 v _120_/A_N (sky130_fd_sc_hd__nand3b_4)
     5    0.04    0.29    0.51    2.88 v _120_/Y (sky130_fd_sc_hd__nand3b_4)
                                         _051_ (net)
                  0.29    0.00    2.88 v _122_/A (sky130_fd_sc_hd__and3_1)
     2    0.02    0.22    0.57    3.45 v _122_/X (sky130_fd_sc_hd__and3_1)
                                         _053_ (net)
                  0.22    0.00    3.45 v _124_/C (sky130_fd_sc_hd__or3_2)
     2    0.02    0.28    1.27    4.73 v _124_/X (sky130_fd_sc_hd__or3_2)
                                         _055_ (net)
                  0.28    0.00    4.73 v _135_/A1 (sky130_fd_sc_hd__a21o_2)
     4    0.03    0.18    0.59    5.32 v _135_/X (sky130_fd_sc_hd__a21o_2)
                                         _065_ (net)
                  0.18    0.00    5.32 v _153_/A1 (sky130_fd_sc_hd__a21o_1)
     2    0.02    0.22    0.51    5.83 v _153_/X (sky130_fd_sc_hd__a21o_1)
                                         _082_ (net)
                  0.22    0.00    5.83 v _155_/B (sky130_fd_sc_hd__or2_1)
     1    0.01    0.13    0.59    6.42 v _155_/X (sky130_fd_sc_hd__or2_1)
                                         _084_ (net)
                  0.13    0.00    6.42 v _160_/A3 (sky130_fd_sc_hd__a31o_1)
     1    0.01    0.15    0.53    6.95 v _160_/X (sky130_fd_sc_hd__a31o_1)
                                         net23 (net)
                  0.15    0.00    6.95 v output23/A (sky130_fd_sc_hd__buf_2)
     1    0.03    0.16    0.40    7.35 v output23/X (sky130_fd_sc_hd__buf_2)
                                         out[3] (net)
                  0.16    0.00    7.35 v out[3] (out)
                                  7.35   data arrival time

                  0.00   10.00   10.00   clock __VIRTUAL_CLK__ (rise edge)
                          0.00   10.00   clock network delay (ideal)
                         -0.25    9.75   clock uncertainty
                          0.00    9.75   clock reconvergence pessimism
                         -2.00    7.75   output external delay
                                  7.75   data required time
-----------------------------------------------------------------------------
                                  7.75   data required time
                                 -7.35   data arrival time
-----------------------------------------------------------------------------
                                  0.40   slack (MET)


Startpoint: opcode[0] (input port clocked by __VIRTUAL_CLK__)
Endpoint: out[2] (output port clocked by __VIRTUAL_CLK__)
Path Group: __VIRTUAL_CLK__
Path Type: max
Corner: Slowest

Fanout     Cap    Slew   Delay    Time   Description
-----------------------------------------------------------------------------
                  0.00    0.00    0.00   clock __VIRTUAL_CLK__ (rise edge)
                          0.00    0.00   clock network delay (ideal)
                          2.00    2.00 v input external delay
     1    0.00    0.02    0.01    2.01 v opcode[0] (in)
                                         opcode[0] (net)
                  0.02    0.00    2.01 v input17/A (sky130_fd_sc_hd__buf_2)
     8    0.04    0.20    0.36    2.37 v input17/X (sky130_fd_sc_hd__buf_2)
                                         net17 (net)
                  0.20    0.00    2.37 v _120_/A_N (sky130_fd_sc_hd__nand3b_4)
     5    0.04    0.29    0.51    2.88 v _120_/Y (sky130_fd_sc_hd__nand3b_4)
                                         _051_ (net)
                  0.29    0.00    2.88 v _122_/A (sky130_fd_sc_hd__and3_1)
     2    0.02    0.22    0.57    3.45 v _122_/X (sky130_fd_sc_hd__and3_1)
                                         _053_ (net)
                  0.22    0.00    3.45 v _124_/C (sky130_fd_sc_hd__or3_2)
     2    0.02    0.28    1.27    4.73 v _124_/X (sky130_fd_sc_hd__or3_2)
                                         _055_ (net)
                  0.28    0.00    4.73 v _135_/A1 (sky130_fd_sc_hd__a21o_2)
     4    0.03    0.18    0.59    5.32 v _135_/X (sky130_fd_sc_hd__a21o_2)
                                         _065_ (net)
                  0.18    0.00    5.32 v _140_/A (sky130_fd_sc_hd__or2_1)
     1    0.03    0.29    0.78    6.10 v _140_/X (sky130_fd_sc_hd__or2_1)
                                         _070_ (net)
                  0.29    0.00    6.10 v _145_/A3 (sky130_fd_sc_hd__a31o_1)
     1    0.01    0.15    0.60    6.70 v _145_/X (sky130_fd_sc_hd__a31o_1)
                                         net22 (net)
                  0.15    0.00    6.70 v output22/A (sky130_fd_sc_hd__buf_2)
     1    0.03    0.17    0.40    7.11 v output22/X (sky130_fd_sc_hd__buf_2)
                                         out[2] (net)
                  0.17    0.00    7.11 v out[2] (out)
                                  7.11   data arrival time

                  0.00   10.00   10.00   clock __VIRTUAL_CLK__ (rise edge)
                          0.00   10.00   clock network delay (ideal)
                         -0.25    9.75   clock uncertainty
                          0.00    9.75   clock reconvergence pessimism
                         -2.00    7.75   output external delay
                                  7.75   data required time
-----------------------------------------------------------------------------
                                  7.75   data required time
                                 -7.11   data arrival time
-----------------------------------------------------------------------------
                                  0.64   slack (MET)


Startpoint: B[0] (input port clocked by __VIRTUAL_CLK__)
Endpoint: out[4] (output port clocked by __VIRTUAL_CLK__)
Path Group: __VIRTUAL_CLK__
Path Type: max
Corner: Slowest

Fanout     Cap    Slew   Delay    Time   Description
-----------------------------------------------------------------------------
                  0.00    0.00    0.00   clock __VIRTUAL_CLK__ (rise edge)
                          0.00    0.00   clock network delay (ideal)
                          2.00    2.00 v input external delay
     1    0.00    0.02    0.01    2.01 v B[0] (in)
                                         B[0] (net)
                  0.02    0.00    2.01 v input9/A (sky130_fd_sc_hd__buf_2)
     9    0.04    0.21    0.37    2.38 v input9/X (sky130_fd_sc_hd__buf_2)
                                         net9 (net)
                  0.21    0.00    2.38 v _146_/A (sky130_fd_sc_hd__or3_4)
     4    0.04    0.20    0.99    3.37 v _146_/X (sky130_fd_sc_hd__or3_4)
                                         _075_ (net)
                  0.20    0.00    3.37 v _147_/A2 (sky130_fd_sc_hd__a21bo_1)
     3    0.03    0.27    0.61    3.98 v _147_/X (sky130_fd_sc_hd__a21bo_1)
                                         _076_ (net)
                  0.27    0.00    3.98 v _150_/B (sky130_fd_sc_hd__and3_1)
     2    0.02    0.17    0.56    4.54 v _150_/X (sky130_fd_sc_hd__and3_1)
                                         _079_ (net)
                  0.17    0.00    4.54 v _151_/B (sky130_fd_sc_hd__nor2_1)
     3    0.02    0.58    0.55    5.09 ^ _151_/Y (sky130_fd_sc_hd__nor2_1)
                                         _080_ (net)
                  0.58    0.00    5.09 ^ _166_/A3 (sky130_fd_sc_hd__a31o_1)
     3    0.02    0.30    0.67    5.76 ^ _166_/X (sky130_fd_sc_hd__a31o_1)
                                         _094_ (net)
                  0.30    0.00    5.76 ^ _167_/B (sky130_fd_sc_hd__nand2_1)
     2    0.02    0.41    0.46    6.22 v _167_/Y (sky130_fd_sc_hd__nand2_1)
                                         _095_ (net)
                  0.41    0.00    6.22 v _180_/A1 (sky130_fd_sc_hd__a21bo_1)
     1    0.00    0.08    0.48    6.71 v _180_/X (sky130_fd_sc_hd__a21bo_1)
                                         net24 (net)
                  0.08    0.00    6.71 v output24/A (sky130_fd_sc_hd__buf_2)
     1    0.03    0.16    0.37    7.07 v output24/X (sky130_fd_sc_hd__buf_2)
                                         out[4] (net)
                  0.16    0.00    7.07 v out[4] (out)
                                  7.07   data arrival time

                  0.00   10.00   10.00   clock __VIRTUAL_CLK__ (rise edge)
                          0.00   10.00   clock network delay (ideal)
                         -0.25    9.75   clock uncertainty
                          0.00    9.75   clock reconvergence pessimism
                         -2.00    7.75   output external delay
                                  7.75   data required time
-----------------------------------------------------------------------------
                                  7.75   data required time
                                 -7.07   data arrival time
-----------------------------------------------------------------------------
                                  0.68   slack (MET)


Startpoint: opcode[1] (input port clocked by __VIRTUAL_CLK__)
Endpoint: out[0] (output port clocked by __VIRTUAL_CLK__)
Path Group: __VIRTUAL_CLK__
Path Type: max
Corner: Slowest

Fanout     Cap    Slew   Delay    Time   Description
-----------------------------------------------------------------------------
                  0.00    0.00    0.00   clock __VIRTUAL_CLK__ (rise edge)
                          0.00    0.00   clock network delay (ideal)
                          2.00    2.00 ^ input external delay
     1    0.00    0.04    0.02    2.02 ^ opcode[1] (in)
                                         opcode[1] (net)
                  0.04    0.00    2.02 ^ input18/A (sky130_fd_sc_hd__buf_4)
    11    0.07    0.33    0.40    2.42 ^ input18/X (sky130_fd_sc_hd__buf_4)
                                         net18 (net)
                  0.33    0.00    2.42 ^ _106_/B (sky130_fd_sc_hd__nand2_1)
     2    0.02    0.30    0.39    2.81 v _106_/Y (sky130_fd_sc_hd__nand2_1)
                                         _038_ (net)
                  0.30    0.00    2.81 v _113_/B (sky130_fd_sc_hd__and2_2)
     5    0.03    0.16    0.65    3.46 v _113_/X (sky130_fd_sc_hd__and2_2)
                                         _045_ (net)
                  0.16    0.00    3.46 v _117_/B1 (sky130_fd_sc_hd__o2bb2a_1)
     1    0.01    0.18    0.80    4.27 v _117_/X (sky130_fd_sc_hd__o2bb2a_1)
                                         _049_ (net)
                  0.18    0.00    4.27 v _118_/B2 (sky130_fd_sc_hd__o22a_1)
     1    0.01    0.17    0.48    4.75 v _118_/X (sky130_fd_sc_hd__o22a_1)
                                         _050_ (net)
                  0.17    0.00    4.75 v _119_/C1 (sky130_fd_sc_hd__a311o_1)
     1    0.01    0.15    0.64    5.40 v _119_/X (sky130_fd_sc_hd__a311o_1)
                                         net20 (net)
                  0.15    0.00    5.40 v output20/A (sky130_fd_sc_hd__buf_2)
     1    0.04    0.17    0.41    5.80 v output20/X (sky130_fd_sc_hd__buf_2)
                                         out[0] (net)
                  0.17    0.00    5.80 v out[0] (out)
                                  5.80   data arrival time

                  0.00   10.00   10.00   clock __VIRTUAL_CLK__ (rise edge)
                          0.00   10.00   clock network delay (ideal)
                         -0.25    9.75   clock uncertainty
                          0.00    9.75   clock reconvergence pessimism
                         -2.00    7.75   output external delay
                                  7.75   data required time
-----------------------------------------------------------------------------
                                  7.75   data required time
                                 -5.80   data arrival time
-----------------------------------------------------------------------------
                                  1.95   slack (MET)



worst slack corner Slowest: -0.5689
======================= Typical Corner ===================================

Startpoint: B[0] (input port clocked by __VIRTUAL_CLK__)
Endpoint: out[7] (output port clocked by __VIRTUAL_CLK__)
Path Group: __VIRTUAL_CLK__
Path Type: max
Corner: Typical

Fanout     Cap    Slew   Delay    Time   Description
-----------------------------------------------------------------------------
                  0.00    0.00    0.00   clock __VIRTUAL_CLK__ (rise edge)
                          0.00    0.00   clock network delay (ideal)
                          2.00    2.00 v input external delay
     1    0.00    0.01    0.00    2.00 v B[0] (in)
                                         B[0] (net)
                  0.01    0.00    2.00 v input9/A (sky130_fd_sc_hd__buf_2)
     9    0.04    0.11    0.19    2.19 v input9/X (sky130_fd_sc_hd__buf_2)
                                         net9 (net)
                  0.11    0.00    2.20 v _146_/A (sky130_fd_sc_hd__or3_4)
     4    0.04    0.11    0.50    2.70 v _146_/X (sky130_fd_sc_hd__or3_4)
                                         _075_ (net)
                  0.11    0.00    2.70 v _147_/A2 (sky130_fd_sc_hd__a21bo_1)
     3    0.03    0.14    0.33    3.03 v _147_/X (sky130_fd_sc_hd__a21bo_1)
                                         _076_ (net)
                  0.14    0.00    3.03 v _149_/A1 (sky130_fd_sc_hd__a21oi_1)
     1    0.01    0.32    0.33    3.36 ^ _149_/Y (sky130_fd_sc_hd__a21oi_1)
                                         _078_ (net)
                  0.32    0.00    3.36 ^ _151_/A (sky130_fd_sc_hd__nor2_1)
     3    0.02    0.13    0.19    3.55 v _151_/Y (sky130_fd_sc_hd__nor2_1)
                                         _080_ (net)
                  0.13    0.00    3.56 v _166_/A3 (sky130_fd_sc_hd__a31o_1)
     3    0.02    0.10    0.33    3.88 v _166_/X (sky130_fd_sc_hd__a31o_1)
                                         _094_ (net)
                  0.10    0.00    3.88 v _200_/A2 (sky130_fd_sc_hd__a31o_1)
     2    0.02    0.12    0.33    4.21 v _200_/X (sky130_fd_sc_hd__a31o_1)
                                         _020_ (net)
                  0.12    0.00    4.21 v _208_/B2 (sky130_fd_sc_hd__a22o_1)
     1    0.01    0.09    0.29    4.50 v _208_/X (sky130_fd_sc_hd__a22o_1)
                                         _027_ (net)
                  0.09    0.00    4.50 v _214_/A (sky130_fd_sc_hd__xnor2_1)
     1    0.01    0.21    0.25    4.75 ^ _214_/Y (sky130_fd_sc_hd__xnor2_1)
                                         _033_ (net)
                  0.21    0.00    4.75 ^ _219_/A2 (sky130_fd_sc_hd__a21o_1)
     2    0.02    0.15    0.24    4.99 ^ _219_/X (sky130_fd_sc_hd__a21o_1)
                                         net27 (net)
                  0.15    0.00    4.99 ^ output27/A (sky130_fd_sc_hd__buf_2)
     1    0.03    0.17    0.25    5.24 ^ output27/X (sky130_fd_sc_hd__buf_2)
                                         out[7] (net)
                  0.17    0.00    5.24 ^ out[7] (out)
                                  5.24   data arrival time

                  0.00   10.00   10.00   clock __VIRTUAL_CLK__ (rise edge)
                          0.00   10.00   clock network delay (ideal)
                         -0.25    9.75   clock uncertainty
                          0.00    9.75   clock reconvergence pessimism
                         -2.00    7.75   output external delay
                                  7.75   data required time
-----------------------------------------------------------------------------
                                  7.75   data required time
                                 -5.24   data arrival time
-----------------------------------------------------------------------------
                                  2.51   slack (MET)


Startpoint: B[0] (input port clocked by __VIRTUAL_CLK__)
Endpoint: out[5] (output port clocked by __VIRTUAL_CLK__)
Path Group: __VIRTUAL_CLK__
Path Type: max
Corner: Typical

Fanout     Cap    Slew   Delay    Time   Description
-----------------------------------------------------------------------------
                  0.00    0.00    0.00   clock __VIRTUAL_CLK__ (rise edge)
                          0.00    0.00   clock network delay (ideal)
                          2.00    2.00 v input external delay
     1    0.00    0.01    0.00    2.00 v B[0] (in)
                                         B[0] (net)
                  0.01    0.00    2.00 v input9/A (sky130_fd_sc_hd__buf_2)
     9    0.04    0.11    0.19    2.19 v input9/X (sky130_fd_sc_hd__buf_2)
                                         net9 (net)
                  0.11    0.00    2.20 v _146_/A (sky130_fd_sc_hd__or3_4)
     4    0.04    0.11    0.50    2.70 v _146_/X (sky130_fd_sc_hd__or3_4)
                                         _075_ (net)
                  0.11    0.00    2.70 v _147_/A2 (sky130_fd_sc_hd__a21bo_1)
     3    0.03    0.14    0.33    3.03 v _147_/X (sky130_fd_sc_hd__a21bo_1)
                                         _076_ (net)
                  0.14    0.00    3.03 v _150_/B (sky130_fd_sc_hd__and3_1)
     2    0.02    0.09    0.27    3.30 v _150_/X (sky130_fd_sc_hd__and3_1)
                                         _079_ (net)
                  0.09    0.00    3.30 v _151_/B (sky130_fd_sc_hd__nor2_1)
     3    0.02    0.35    0.32    3.62 ^ _151_/Y (sky130_fd_sc_hd__nor2_1)
                                         _080_ (net)
                  0.35    0.00    3.62 ^ _166_/A3 (sky130_fd_sc_hd__a31o_1)
     3    0.02    0.18    0.31    3.93 ^ _166_/X (sky130_fd_sc_hd__a31o_1)
                                         _094_ (net)
                  0.18    0.00    3.93 ^ _167_/B (sky130_fd_sc_hd__nand2_1)
     2    0.02    0.19    0.21    4.14 v _167_/Y (sky130_fd_sc_hd__nand2_1)
                                         _095_ (net)
                  0.19    0.00    4.14 v _187_/B (sky130_fd_sc_hd__nand2_1)
     1    0.02    0.21    0.26    4.40 ^ _187_/Y (sky130_fd_sc_hd__nand2_1)
                                         _008_ (net)
                  0.21    0.00    4.40 ^ _188_/B (sky130_fd_sc_hd__xor2_1)
     1    0.01    0.29    0.31    4.71 ^ _188_/X (sky130_fd_sc_hd__xor2_1)
                                         _009_ (net)
                  0.29    0.00    4.71 ^ _194_/A2 (sky130_fd_sc_hd__a21bo_1)
     1    0.01    0.08    0.19    4.91 ^ _194_/X (sky130_fd_sc_hd__a21bo_1)
                                         net25 (net)
                  0.08    0.00    4.91 ^ output25/A (sky130_fd_sc_hd__buf_2)
     1    0.03    0.17    0.22    5.13 ^ output25/X (sky130_fd_sc_hd__buf_2)
                                         out[5] (net)
                  0.17    0.00    5.13 ^ out[5] (out)
                                  5.13   data arrival time

                  0.00   10.00   10.00   clock __VIRTUAL_CLK__ (rise edge)
                          0.00   10.00   clock network delay (ideal)
                         -0.25    9.75   clock uncertainty
                          0.00    9.75   clock reconvergence pessimism
                         -2.00    7.75   output external delay
                                  7.75   data required time
-----------------------------------------------------------------------------
                                  7.75   data required time
                                 -5.13   data arrival time
-----------------------------------------------------------------------------
                                  2.62   slack (MET)


Startpoint: B[0] (input port clocked by __VIRTUAL_CLK__)
Endpoint: out[6] (output port clocked by __VIRTUAL_CLK__)
Path Group: __VIRTUAL_CLK__
Path Type: max
Corner: Typical

Fanout     Cap    Slew   Delay    Time   Description
-----------------------------------------------------------------------------
                  0.00    0.00    0.00   clock __VIRTUAL_CLK__ (rise edge)
                          0.00    0.00   clock network delay (ideal)
                          2.00    2.00 v input external delay
     1    0.00    0.01    0.00    2.00 v B[0] (in)
                                         B[0] (net)
                  0.01    0.00    2.00 v input9/A (sky130_fd_sc_hd__buf_2)
     9    0.04    0.11    0.19    2.19 v input9/X (sky130_fd_sc_hd__buf_2)
                                         net9 (net)
                  0.11    0.00    2.20 v _146_/A (sky130_fd_sc_hd__or3_4)
     4    0.04    0.11    0.50    2.70 v _146_/X (sky130_fd_sc_hd__or3_4)
                                         _075_ (net)
                  0.11    0.00    2.70 v _181_/A3 (sky130_fd_sc_hd__o31a_2)
     2    0.02    0.09    0.38    3.08 v _181_/X (sky130_fd_sc_hd__o31a_2)
                                         _002_ (net)
                  0.09    0.00    3.08 v _182_/B (sky130_fd_sc_hd__xnor2_2)
     2    0.02    0.31    0.30    3.38 ^ _182_/Y (sky130_fd_sc_hd__xnor2_2)
                                         _003_ (net)
                  0.31    0.00    3.38 ^ _183_/B (sky130_fd_sc_hd__nor2_1)
     2    0.02    0.13    0.19    3.57 v _183_/Y (sky130_fd_sc_hd__nor2_1)
                                         _004_ (net)
                  0.13    0.00    3.57 v _185_/A (sky130_fd_sc_hd__nor2_1)
     2    0.02    0.38    0.37    3.94 ^ _185_/Y (sky130_fd_sc_hd__nor2_1)
                                         _006_ (net)
                  0.38    0.00    3.94 ^ _200_/A3 (sky130_fd_sc_hd__a31o_1)
     2    0.02    0.23    0.36    4.30 ^ _200_/X (sky130_fd_sc_hd__a31o_1)
                                         _020_ (net)
                  0.23    0.00    4.30 ^ _201_/B (sky130_fd_sc_hd__xor2_1)
     1    0.01    0.19    0.24    4.54 ^ _201_/X (sky130_fd_sc_hd__xor2_1)
                                         _021_ (net)
                  0.19    0.00    4.54 ^ _207_/A2 (sky130_fd_sc_hd__a21bo_1)
     1    0.01    0.09    0.19    4.73 ^ _207_/X (sky130_fd_sc_hd__a21bo_1)
                                         net26 (net)
                  0.09    0.00    4.73 ^ output26/A (sky130_fd_sc_hd__buf_2)
     1    0.03    0.17    0.23    4.96 ^ output26/X (sky130_fd_sc_hd__buf_2)
                                         out[6] (net)
                  0.17    0.00    4.96 ^ out[6] (out)
                                  4.96   data arrival time

                  0.00   10.00   10.00   clock __VIRTUAL_CLK__ (rise edge)
                          0.00   10.00   clock network delay (ideal)
                         -0.25    9.75   clock uncertainty
                          0.00    9.75   clock reconvergence pessimism
                         -2.00    7.75   output external delay
                                  7.75   data required time
-----------------------------------------------------------------------------
                                  7.75   data required time
                                 -4.96   data arrival time
-----------------------------------------------------------------------------
                                  2.79   slack (MET)


Startpoint: opcode[0] (input port clocked by __VIRTUAL_CLK__)
Endpoint: out[1] (output port clocked by __VIRTUAL_CLK__)
Path Group: __VIRTUAL_CLK__
Path Type: max
Corner: Typical

Fanout     Cap    Slew   Delay    Time   Description
-----------------------------------------------------------------------------
                  0.00    0.00    0.00   clock __VIRTUAL_CLK__ (rise edge)
                          0.00    0.00   clock network delay (ideal)
                          2.00    2.00 v input external delay
     1    0.00    0.01    0.00    2.00 v opcode[0] (in)
                                         opcode[0] (net)
                  0.01    0.00    2.00 v input17/A (sky130_fd_sc_hd__buf_2)
     8    0.04    0.10    0.19    2.19 v input17/X (sky130_fd_sc_hd__buf_2)
                                         net17 (net)
                  0.10    0.00    2.19 v _120_/A_N (sky130_fd_sc_hd__nand3b_4)
     5    0.04    0.14    0.26    2.45 v _120_/Y (sky130_fd_sc_hd__nand3b_4)
                                         _051_ (net)
                  0.14    0.00    2.45 v _122_/A (sky130_fd_sc_hd__and3_1)
     2    0.02    0.12    0.27    2.73 v _122_/X (sky130_fd_sc_hd__and3_1)
                                         _053_ (net)
                  0.12    0.00    2.73 v _124_/C (sky130_fd_sc_hd__or3_2)
     2    0.02    0.14    0.55    3.27 v _124_/X (sky130_fd_sc_hd__or3_2)
                                         _055_ (net)
                  0.14    0.00    3.27 v _125_/B (sky130_fd_sc_hd__and2b_1)
     2    0.02    0.09    0.26    3.53 v _125_/X (sky130_fd_sc_hd__and2b_1)
                                         _056_ (net)
                  0.09    0.00    3.53 v _127_/A1 (sky130_fd_sc_hd__o21ai_1)
     1    0.02    0.31    0.32    3.85 ^ _127_/Y (sky130_fd_sc_hd__o21ai_1)
                                         _058_ (net)
                  0.31    0.00    3.85 ^ _128_/B1 (sky130_fd_sc_hd__a21oi_1)
     1    0.01    0.09    0.11    3.96 v _128_/Y (sky130_fd_sc_hd__a21oi_1)
                                         _059_ (net)
                  0.09    0.00    3.96 v _133_/A (sky130_fd_sc_hd__or3_1)
     1    0.01    0.10    0.45    4.42 v _133_/X (sky130_fd_sc_hd__or3_1)
                                         _064_ (net)
                  0.10    0.00    4.42 v _134_/A (sky130_fd_sc_hd__buf_1)
     1    0.01    0.09    0.17    4.58 v _134_/X (sky130_fd_sc_hd__buf_1)
                                         net21 (net)
                  0.09    0.00    4.59 v output21/A (sky130_fd_sc_hd__buf_2)
     1    0.03    0.09    0.21    4.79 v output21/X (sky130_fd_sc_hd__buf_2)
                                         out[1] (net)
                  0.09    0.00    4.79 v out[1] (out)
                                  4.79   data arrival time

                  0.00   10.00   10.00   clock __VIRTUAL_CLK__ (rise edge)
                          0.00   10.00   clock network delay (ideal)
                         -0.25    9.75   clock uncertainty
                          0.00    9.75   clock reconvergence pessimism
                         -2.00    7.75   output external delay
                                  7.75   data required time
-----------------------------------------------------------------------------
                                  7.75   data required time
                                 -4.79   data arrival time
-----------------------------------------------------------------------------
                                  2.96   slack (MET)


Startpoint: opcode[0] (input port clocked by __VIRTUAL_CLK__)
Endpoint: out[3] (output port clocked by __VIRTUAL_CLK__)
Path Group: __VIRTUAL_CLK__
Path Type: max
Corner: Typical

Fanout     Cap    Slew   Delay    Time   Description
-----------------------------------------------------------------------------
                  0.00    0.00    0.00   clock __VIRTUAL_CLK__ (rise edge)
                          0.00    0.00   clock network delay (ideal)
                          2.00    2.00 v input external delay
     1    0.00    0.01    0.00    2.00 v opcode[0] (in)
                                         opcode[0] (net)
                  0.01    0.00    2.00 v input17/A (sky130_fd_sc_hd__buf_2)
     8    0.04    0.10    0.19    2.19 v input17/X (sky130_fd_sc_hd__buf_2)
                                         net17 (net)
                  0.10    0.00    2.19 v _120_/A_N (sky130_fd_sc_hd__nand3b_4)
     5    0.04    0.14    0.26    2.45 v _120_/Y (sky130_fd_sc_hd__nand3b_4)
                                         _051_ (net)
                  0.14    0.00    2.45 v _122_/A (sky130_fd_sc_hd__and3_1)
     2    0.02    0.12    0.27    2.73 v _122_/X (sky130_fd_sc_hd__and3_1)
                                         _053_ (net)
                  0.12    0.00    2.73 v _124_/C (sky130_fd_sc_hd__or3_2)
     2    0.02    0.14    0.55    3.27 v _124_/X (sky130_fd_sc_hd__or3_2)
                                         _055_ (net)
                  0.14    0.00    3.28 v _135_/A1 (sky130_fd_sc_hd__a21o_2)
     4    0.03    0.10    0.31    3.59 v _135_/X (sky130_fd_sc_hd__a21o_2)
                                         _065_ (net)
                  0.10    0.00    3.59 v _153_/A1 (sky130_fd_sc_hd__a21o_1)
     2    0.02    0.12    0.27    3.86 v _153_/X (sky130_fd_sc_hd__a21o_1)
                                         _082_ (net)
                  0.12    0.00    3.86 v _155_/B (sky130_fd_sc_hd__or2_1)
     1    0.01    0.07    0.27    4.12 v _155_/X (sky130_fd_sc_hd__or2_1)
                                         _084_ (net)
                  0.07    0.00    4.12 v _160_/A3 (sky130_fd_sc_hd__a31o_1)
     1    0.01    0.08    0.28    4.40 v _160_/X (sky130_fd_sc_hd__a31o_1)
                                         net23 (net)
                  0.08    0.00    4.40 v output23/A (sky130_fd_sc_hd__buf_2)
     1    0.03    0.09    0.21    4.61 v output23/X (sky130_fd_sc_hd__buf_2)
                                         out[3] (net)
                  0.09    0.00    4.61 v out[3] (out)
                                  4.61   data arrival time

                  0.00   10.00   10.00   clock __VIRTUAL_CLK__ (rise edge)
                          0.00   10.00   clock network delay (ideal)
                         -0.25    9.75   clock uncertainty
                          0.00    9.75   clock reconvergence pessimism
                         -2.00    7.75   output external delay
                                  7.75   data required time
-----------------------------------------------------------------------------
                                  7.75   data required time
                                 -4.61   data arrival time
-----------------------------------------------------------------------------
                                  3.14   slack (MET)


Startpoint: B[0] (input port clocked by __VIRTUAL_CLK__)
Endpoint: out[4] (output port clocked by __VIRTUAL_CLK__)
Path Group: __VIRTUAL_CLK__
Path Type: max
Corner: Typical

Fanout     Cap    Slew   Delay    Time   Description
-----------------------------------------------------------------------------
                  0.00    0.00    0.00   clock __VIRTUAL_CLK__ (rise edge)
                          0.00    0.00   clock network delay (ideal)
                          2.00    2.00 v input external delay
     1    0.00    0.01    0.00    2.00 v B[0] (in)
                                         B[0] (net)
                  0.01    0.00    2.00 v input9/A (sky130_fd_sc_hd__buf_2)
     9    0.04    0.11    0.19    2.19 v input9/X (sky130_fd_sc_hd__buf_2)
                                         net9 (net)
                  0.11    0.00    2.20 v _146_/A (sky130_fd_sc_hd__or3_4)
     4    0.04    0.11    0.50    2.70 v _146_/X (sky130_fd_sc_hd__or3_4)
                                         _075_ (net)
                  0.11    0.00    2.70 v _147_/A2 (sky130_fd_sc_hd__a21bo_1)
     3    0.03    0.14    0.33    3.03 v _147_/X (sky130_fd_sc_hd__a21bo_1)
                                         _076_ (net)
                  0.14    0.00    3.03 v _150_/B (sky130_fd_sc_hd__and3_1)
     2    0.02    0.09    0.27    3.30 v _150_/X (sky130_fd_sc_hd__and3_1)
                                         _079_ (net)
                  0.09    0.00    3.30 v _151_/B (sky130_fd_sc_hd__nor2_1)
     3    0.02    0.35    0.32    3.62 ^ _151_/Y (sky130_fd_sc_hd__nor2_1)
                                         _080_ (net)
                  0.35    0.00    3.62 ^ _166_/A3 (sky130_fd_sc_hd__a31o_1)
     3    0.02    0.18    0.31    3.93 ^ _166_/X (sky130_fd_sc_hd__a31o_1)
                                         _094_ (net)
                  0.18    0.00    3.93 ^ _167_/B (sky130_fd_sc_hd__nand2_1)
     2    0.02    0.19    0.21    4.14 v _167_/Y (sky130_fd_sc_hd__nand2_1)
                                         _095_ (net)
                  0.19    0.00    4.14 v _180_/A1 (sky130_fd_sc_hd__a21bo_1)
     1    0.00    0.04    0.24    4.38 v _180_/X (sky130_fd_sc_hd__a21bo_1)
                                         net24 (net)
                  0.04    0.00    4.38 v output24/A (sky130_fd_sc_hd__buf_2)
     1    0.03    0.09    0.19    4.57 v output24/X (sky130_fd_sc_hd__buf_2)
                                         out[4] (net)
                  0.09    0.00    4.57 v out[4] (out)
                                  4.57   data arrival time

                  0.00   10.00   10.00   clock __VIRTUAL_CLK__ (rise edge)
                          0.00   10.00   clock network delay (ideal)
                         -0.25    9.75   clock uncertainty
                          0.00    9.75   clock reconvergence pessimism
                         -2.00    7.75   output external delay
                                  7.75   data required time
-----------------------------------------------------------------------------
                                  7.75   data required time
                                 -4.57   data arrival time
-----------------------------------------------------------------------------
                                  3.18   slack (MET)


Startpoint: opcode[0] (input port clocked by __VIRTUAL_CLK__)
Endpoint: out[2] (output port clocked by __VIRTUAL_CLK__)
Path Group: __VIRTUAL_CLK__
Path Type: max
Corner: Typical

Fanout     Cap    Slew   Delay    Time   Description
-----------------------------------------------------------------------------
                  0.00    0.00    0.00   clock __VIRTUAL_CLK__ (rise edge)
                          0.00    0.00   clock network delay (ideal)
                          2.00    2.00 v input external delay
     1    0.00    0.01    0.00    2.00 v opcode[0] (in)
                                         opcode[0] (net)
                  0.01    0.00    2.00 v input17/A (sky130_fd_sc_hd__buf_2)
     8    0.04    0.10    0.19    2.19 v input17/X (sky130_fd_sc_hd__buf_2)
                                         net17 (net)
                  0.10    0.00    2.19 v _120_/A_N (sky130_fd_sc_hd__nand3b_4)
     5    0.04    0.14    0.26    2.45 v _120_/Y (sky130_fd_sc_hd__nand3b_4)
                                         _051_ (net)
                  0.14    0.00    2.45 v _122_/A (sky130_fd_sc_hd__and3_1)
     2    0.02    0.12    0.27    2.73 v _122_/X (sky130_fd_sc_hd__and3_1)
                                         _053_ (net)
                  0.12    0.00    2.73 v _124_/C (sky130_fd_sc_hd__or3_2)
     2    0.02    0.14    0.55    3.27 v _124_/X (sky130_fd_sc_hd__or3_2)
                                         _055_ (net)
                  0.14    0.00    3.28 v _135_/A1 (sky130_fd_sc_hd__a21o_2)
     4    0.03    0.10    0.31    3.59 v _135_/X (sky130_fd_sc_hd__a21o_2)
                                         _065_ (net)
                  0.10    0.00    3.59 v _140_/A (sky130_fd_sc_hd__or2_1)
     1    0.03    0.15    0.37    3.95 v _140_/X (sky130_fd_sc_hd__or2_1)
                                         _070_ (net)
                  0.15    0.00    3.95 v _145_/A3 (sky130_fd_sc_hd__a31o_1)
     1    0.01    0.08    0.32    4.27 v _145_/X (sky130_fd_sc_hd__a31o_1)
                                         net22 (net)
                  0.08    0.00    4.27 v output22/A (sky130_fd_sc_hd__buf_2)
     1    0.03    0.09    0.21    4.48 v output22/X (sky130_fd_sc_hd__buf_2)
                                         out[2] (net)
                  0.09    0.00    4.48 v out[2] (out)
                                  4.48   data arrival time

                  0.00   10.00   10.00   clock __VIRTUAL_CLK__ (rise edge)
                          0.00   10.00   clock network delay (ideal)
                         -0.25    9.75   clock uncertainty
                          0.00    9.75   clock reconvergence pessimism
                         -2.00    7.75   output external delay
                                  7.75   data required time
-----------------------------------------------------------------------------
                                  7.75   data required time
                                 -4.48   data arrival time
-----------------------------------------------------------------------------
                                  3.27   slack (MET)


Startpoint: opcode[0] (input port clocked by __VIRTUAL_CLK__)
Endpoint: out[0] (output port clocked by __VIRTUAL_CLK__)
Path Group: __VIRTUAL_CLK__
Path Type: max
Corner: Typical

Fanout     Cap    Slew   Delay    Time   Description
-----------------------------------------------------------------------------
                  0.00    0.00    0.00   clock __VIRTUAL_CLK__ (rise edge)
                          0.00    0.00   clock network delay (ideal)
                          2.00    2.00 ^ input external delay
     1    0.00    0.02    0.01    2.01 ^ opcode[0] (in)
                                         opcode[0] (net)
                  0.02    0.00    2.01 ^ input17/A (sky130_fd_sc_hd__buf_2)
     8    0.04    0.21    0.23    2.24 ^ input17/X (sky130_fd_sc_hd__buf_2)
                                         net17 (net)
                  0.21    0.00    2.24 ^ _106_/A (sky130_fd_sc_hd__nand2_1)
     2    0.02    0.14    0.18    2.42 v _106_/Y (sky130_fd_sc_hd__nand2_1)
                                         _038_ (net)
                  0.14    0.00    2.42 v _113_/B (sky130_fd_sc_hd__and2_2)
     5    0.03    0.09    0.30    2.72 v _113_/X (sky130_fd_sc_hd__and2_2)
                                         _045_ (net)
                  0.09    0.00    2.73 v _117_/B1 (sky130_fd_sc_hd__o2bb2a_1)
     1    0.01    0.09    0.37    3.09 v _117_/X (sky130_fd_sc_hd__o2bb2a_1)
                                         _049_ (net)
                  0.09    0.00    3.09 v _118_/B2 (sky130_fd_sc_hd__o22a_1)
     1    0.01    0.09    0.24    3.33 v _118_/X (sky130_fd_sc_hd__o22a_1)
                                         _050_ (net)
                  0.09    0.00    3.33 v _119_/C1 (sky130_fd_sc_hd__a311o_1)
     1    0.01    0.08    0.34    3.67 v _119_/X (sky130_fd_sc_hd__a311o_1)
                                         net20 (net)
                  0.08    0.00    3.67 v output20/A (sky130_fd_sc_hd__buf_2)
     1    0.04    0.09    0.21    3.88 v output20/X (sky130_fd_sc_hd__buf_2)
                                         out[0] (net)
                  0.09    0.00    3.88 v out[0] (out)
                                  3.88   data arrival time

                  0.00   10.00   10.00   clock __VIRTUAL_CLK__ (rise edge)
                          0.00   10.00   clock network delay (ideal)
                         -0.25    9.75   clock uncertainty
                          0.00    9.75   clock reconvergence pessimism
                         -2.00    7.75   output external delay
                                  7.75   data required time
-----------------------------------------------------------------------------
                                  7.75   data required time
                                 -3.88   data arrival time
-----------------------------------------------------------------------------
                                  3.87   slack (MET)



worst slack corner Typical: 2.5107
