
===========================================================================
report_checks -path_delay max (Setup)
============================================================================
======================= Fastest Corner ===================================

Startpoint: B[0] (input port clocked by __VIRTUAL_CLK__)
Endpoint: out[7] (output port clocked by __VIRTUAL_CLK__)
Path Group: __VIRTUAL_CLK__
Path Type: max
Corner: Fastest

Fanout     Cap    Slew   Delay    Time   Description
-----------------------------------------------------------------------------
                  0.00    0.00    0.00   clock __VIRTUAL_CLK__ (rise edge)
                          0.00    0.00   clock network delay (ideal)
                          2.00    2.00 v input external delay
     1    0.00    0.00    0.00    2.00 v B[0] (in)
                                         B[0] (net)
                  0.00    0.00    2.00 v input9/A (sky130_fd_sc_hd__buf_2)
     9    0.05    0.09    0.13    2.13 v input9/X (sky130_fd_sc_hd__buf_2)
                                         net9 (net)
                  0.09    0.01    2.14 v _146_/A (sky130_fd_sc_hd__or3_4)
     4    0.04    0.09    0.32    2.46 v _146_/X (sky130_fd_sc_hd__or3_4)
                                         _075_ (net)
                  0.09    0.00    2.46 v _147_/A2 (sky130_fd_sc_hd__a21bo_1)
     3    0.03    0.11    0.23    2.70 v _147_/X (sky130_fd_sc_hd__a21bo_1)
                                         _076_ (net)
                  0.11    0.00    2.70 v _149_/A1 (sky130_fd_sc_hd__a21oi_1)
     1    0.02    0.28    0.27    2.96 ^ _149_/Y (sky130_fd_sc_hd__a21oi_1)
                                         _078_ (net)
                  0.28    0.00    2.97 ^ _151_/A (sky130_fd_sc_hd__nor2_1)
     3    0.02    0.12    0.12    3.09 v _151_/Y (sky130_fd_sc_hd__nor2_1)
                                         _080_ (net)
                  0.12    0.00    3.09 v _166_/A3 (sky130_fd_sc_hd__a31o_1)
     3    0.02    0.08    0.23    3.32 v _166_/X (sky130_fd_sc_hd__a31o_1)
                                         _094_ (net)
                  0.08    0.00    3.32 v _200_/A2 (sky130_fd_sc_hd__a31o_1)
     2    0.03    0.10    0.23    3.55 v _200_/X (sky130_fd_sc_hd__a31o_1)
                                         _020_ (net)
                  0.10    0.00    3.55 v _208_/B2 (sky130_fd_sc_hd__a22o_1)
     1    0.02    0.07    0.17    3.72 v _208_/X (sky130_fd_sc_hd__a22o_1)
                                         _027_ (net)
                  0.07    0.00    3.73 v _214_/A (sky130_fd_sc_hd__xnor2_1)
     1    0.01    0.16    0.18    3.91 ^ _214_/Y (sky130_fd_sc_hd__xnor2_1)
                                         _033_ (net)
                  0.16    0.00    3.91 ^ _219_/A2 (sky130_fd_sc_hd__a21o_1)
     2    0.02    0.13    0.16    4.08 ^ _219_/X (sky130_fd_sc_hd__a21o_1)
                                         net27 (net)
                  0.13    0.00    4.08 ^ output27/A (sky130_fd_sc_hd__buf_2)
     1    0.03    0.13    0.17    4.25 ^ output27/X (sky130_fd_sc_hd__buf_2)
                                         out[7] (net)
                  0.13    0.00    4.25 ^ out[7] (out)
                                  4.25   data arrival time

                  0.00   10.00   10.00   clock __VIRTUAL_CLK__ (rise edge)
                          0.00   10.00   clock network delay (ideal)
                         -0.25    9.75   clock uncertainty
                          0.00    9.75   clock reconvergence pessimism
                         -2.00    7.75   output external delay
                                  7.75   data required time
-----------------------------------------------------------------------------
                                  7.75   data required time
                                 -4.25   data arrival time
-----------------------------------------------------------------------------
                                  3.50   slack (MET)


Startpoint: B[0] (input port clocked by __VIRTUAL_CLK__)
Endpoint: out[5] (output port clocked by __VIRTUAL_CLK__)
Path Group: __VIRTUAL_CLK__
Path Type: max
Corner: Fastest

Fanout     Cap    Slew   Delay    Time   Description
-----------------------------------------------------------------------------
                  0.00    0.00    0.00   clock __VIRTUAL_CLK__ (rise edge)
                          0.00    0.00   clock network delay (ideal)
                          2.00    2.00 v input external delay
     1    0.00    0.00    0.00    2.00 v B[0] (in)
                                         B[0] (net)
                  0.00    0.00    2.00 v input9/A (sky130_fd_sc_hd__buf_2)
     9    0.05    0.09    0.13    2.13 v input9/X (sky130_fd_sc_hd__buf_2)
                                         net9 (net)
                  0.09    0.01    2.14 v _146_/A (sky130_fd_sc_hd__or3_4)
     4    0.04    0.09    0.32    2.46 v _146_/X (sky130_fd_sc_hd__or3_4)
                                         _075_ (net)
                  0.09    0.00    2.46 v _147_/A2 (sky130_fd_sc_hd__a21bo_1)
     3    0.03    0.11    0.23    2.70 v _147_/X (sky130_fd_sc_hd__a21bo_1)
                                         _076_ (net)
                  0.11    0.00    2.70 v _150_/B (sky130_fd_sc_hd__and3_1)
     2    0.02    0.07    0.19    2.89 v _150_/X (sky130_fd_sc_hd__and3_1)
                                         _079_ (net)
                  0.07    0.00    2.89 v _151_/B (sky130_fd_sc_hd__nor2_1)
     3    0.02    0.28    0.25    3.14 ^ _151_/Y (sky130_fd_sc_hd__nor2_1)
                                         _080_ (net)
                  0.28    0.00    3.14 ^ _166_/A3 (sky130_fd_sc_hd__a31o_1)
     3    0.02    0.16    0.20    3.34 ^ _166_/X (sky130_fd_sc_hd__a31o_1)
                                         _094_ (net)
                  0.16    0.00    3.34 ^ _167_/B (sky130_fd_sc_hd__nand2_1)
     2    0.03    0.15    0.14    3.49 v _167_/Y (sky130_fd_sc_hd__nand2_1)
                                         _095_ (net)
                  0.15    0.00    3.49 v _187_/B (sky130_fd_sc_hd__nand2_1)
     1    0.03    0.18    0.20    3.69 ^ _187_/Y (sky130_fd_sc_hd__nand2_1)
                                         _008_ (net)
                  0.18    0.00    3.70 ^ _188_/B (sky130_fd_sc_hd__xor2_1)
     1    0.01    0.23    0.22    3.91 ^ _188_/X (sky130_fd_sc_hd__xor2_1)
                                         _009_ (net)
                  0.23    0.00    3.91 ^ _194_/A2 (sky130_fd_sc_hd__a21bo_1)
     1    0.01    0.06    0.11    4.03 ^ _194_/X (sky130_fd_sc_hd__a21bo_1)
                                         net25 (net)
                  0.06    0.00    4.03 ^ output25/A (sky130_fd_sc_hd__buf_2)
     1    0.03    0.13    0.15    4.18 ^ output25/X (sky130_fd_sc_hd__buf_2)
                                         out[5] (net)
                  0.13    0.00    4.18 ^ out[5] (out)
                                  4.18   data arrival time

                  0.00   10.00   10.00   clock __VIRTUAL_CLK__ (rise edge)
                          0.00   10.00   clock network delay (ideal)
                         -0.25    9.75   clock uncertainty
                          0.00    9.75   clock reconvergence pessimism
                         -2.00    7.75   output external delay
                                  7.75   data required time
-----------------------------------------------------------------------------
                                  7.75   data required time
                                 -4.18   data arrival time
-----------------------------------------------------------------------------
                                  3.57   slack (MET)


Startpoint: B[0] (input port clocked by __VIRTUAL_CLK__)
Endpoint: out[6] (output port clocked by __VIRTUAL_CLK__)
Path Group: __VIRTUAL_CLK__
Path Type: max
Corner: Fastest

Fanout     Cap    Slew   Delay    Time   Description
-----------------------------------------------------------------------------
                  0.00    0.00    0.00   clock __VIRTUAL_CLK__ (rise edge)
                          0.00    0.00   clock network delay (ideal)
                          2.00    2.00 v input external delay
     1    0.00    0.00    0.00    2.00 v B[0] (in)
                                         B[0] (net)
                  0.00    0.00    2.00 v input9/A (sky130_fd_sc_hd__buf_2)
     9    0.05    0.09    0.13    2.13 v input9/X (sky130_fd_sc_hd__buf_2)
                                         net9 (net)
                  0.09    0.01    2.14 v _146_/A (sky130_fd_sc_hd__or3_4)
     4    0.04    0.09    0.32    2.46 v _146_/X (sky130_fd_sc_hd__or3_4)
                                         _075_ (net)
                  0.09    0.00    2.46 v _181_/A3 (sky130_fd_sc_hd__o31a_2)
     2    0.02    0.07    0.24    2.71 v _181_/X (sky130_fd_sc_hd__o31a_2)
                                         _002_ (net)
                  0.07    0.00    2.71 v _182_/B (sky130_fd_sc_hd__xnor2_2)
     2    0.03    0.27    0.24    2.95 ^ _182_/Y (sky130_fd_sc_hd__xnor2_2)
                                         _003_ (net)
                  0.27    0.00    2.95 ^ _183_/B (sky130_fd_sc_hd__nor2_1)
     2    0.02    0.12    0.12    3.07 v _183_/Y (sky130_fd_sc_hd__nor2_1)
                                         _004_ (net)
                  0.12    0.00    3.08 v _185_/A (sky130_fd_sc_hd__nor2_1)
     2    0.02    0.31    0.30    3.38 ^ _185_/Y (sky130_fd_sc_hd__nor2_1)
                                         _006_ (net)
                  0.31    0.00    3.38 ^ _200_/A3 (sky130_fd_sc_hd__a31o_1)
     2    0.03    0.20    0.23    3.61 ^ _200_/X (sky130_fd_sc_hd__a31o_1)
                                         _020_ (net)
                  0.20    0.00    3.62 ^ _201_/B (sky130_fd_sc_hd__xor2_1)
     1    0.01    0.16    0.16    3.77 ^ _201_/X (sky130_fd_sc_hd__xor2_1)
                                         _021_ (net)
                  0.16    0.00    3.77 ^ _207_/A2 (sky130_fd_sc_hd__a21bo_1)
     1    0.01    0.08    0.12    3.90 ^ _207_/X (sky130_fd_sc_hd__a21bo_1)
                                         net26 (net)
                  0.08    0.00    3.90 ^ output26/A (sky130_fd_sc_hd__buf_2)
     1    0.03    0.13    0.16    4.05 ^ output26/X (sky130_fd_sc_hd__buf_2)
                                         out[6] (net)
                  0.13    0.00    4.06 ^ out[6] (out)
                                  4.06   data arrival time

                  0.00   10.00   10.00   clock __VIRTUAL_CLK__ (rise edge)
                          0.00   10.00   clock network delay (ideal)
                         -0.25    9.75   clock uncertainty
                          0.00    9.75   clock reconvergence pessimism
                         -2.00    7.75   output external delay
                                  7.75   data required time
-----------------------------------------------------------------------------
                                  7.75   data required time
                                 -4.06   data arrival time
-----------------------------------------------------------------------------
                                  3.69   slack (MET)


Startpoint: opcode[0] (input port clocked by __VIRTUAL_CLK__)
Endpoint: out[1] (output port clocked by __VIRTUAL_CLK__)
Path Group: __VIRTUAL_CLK__
Path Type: max
Corner: Fastest

Fanout     Cap    Slew   Delay    Time   Description
-----------------------------------------------------------------------------
                  0.00    0.00    0.00   clock __VIRTUAL_CLK__ (rise edge)
                          0.00    0.00   clock network delay (ideal)
                          2.00    2.00 v input external delay
     1    0.00    0.00    0.00    2.00 v opcode[0] (in)
                                         opcode[0] (net)
                  0.00    0.00    2.00 v input17/A (sky130_fd_sc_hd__buf_2)
     8    0.05    0.08    0.13    2.13 v input17/X (sky130_fd_sc_hd__buf_2)
                                         net17 (net)
                  0.08    0.01    2.14 v _120_/A_N (sky130_fd_sc_hd__nand3b_4)
     5    0.04    0.11    0.18    2.32 v _120_/Y (sky130_fd_sc_hd__nand3b_4)
                                         _051_ (net)
                  0.11    0.01    2.32 v _122_/A (sky130_fd_sc_hd__and3_1)
     2    0.03    0.10    0.19    2.52 v _122_/X (sky130_fd_sc_hd__and3_1)
                                         _053_ (net)
                  0.10    0.00    2.52 v _124_/C (sky130_fd_sc_hd__or3_2)
     2    0.03    0.10    0.33    2.85 v _124_/X (sky130_fd_sc_hd__or3_2)
                                         _055_ (net)
                  0.10    0.00    2.85 v _125_/B (sky130_fd_sc_hd__and2b_1)
     2    0.02    0.07    0.18    3.03 v _125_/X (sky130_fd_sc_hd__and2b_1)
                                         _056_ (net)
                  0.07    0.00    3.03 v _127_/A1 (sky130_fd_sc_hd__o21ai_1)
     1    0.02    0.26    0.25    3.28 ^ _127_/Y (sky130_fd_sc_hd__o21ai_1)
                                         _058_ (net)
                  0.26    0.00    3.28 ^ _128_/B1 (sky130_fd_sc_hd__a21oi_1)
     1    0.01    0.07    0.06    3.33 v _128_/Y (sky130_fd_sc_hd__a21oi_1)
                                         _059_ (net)
                  0.07    0.00    3.33 v _133_/A (sky130_fd_sc_hd__or3_1)
     1    0.01    0.07    0.27    3.61 v _133_/X (sky130_fd_sc_hd__or3_1)
                                         _064_ (net)
                  0.07    0.00    3.61 v _134_/A (sky130_fd_sc_hd__buf_1)
     1    0.02    0.07    0.12    3.73 v _134_/X (sky130_fd_sc_hd__buf_1)
                                         net21 (net)
                  0.07    0.00    3.73 v output21/A (sky130_fd_sc_hd__buf_2)
     1    0.03    0.06    0.14    3.87 v output21/X (sky130_fd_sc_hd__buf_2)
                                         out[1] (net)
                  0.06    0.00    3.87 v out[1] (out)
                                  3.87   data arrival time

                  0.00   10.00   10.00   clock __VIRTUAL_CLK__ (rise edge)
                          0.00   10.00   clock network delay (ideal)
                         -0.25    9.75   clock uncertainty
                          0.00    9.75   clock reconvergence pessimism
                         -2.00    7.75   output external delay
                                  7.75   data required time
-----------------------------------------------------------------------------
                                  7.75   data required time
                                 -3.87   data arrival time
-----------------------------------------------------------------------------
                                  3.88   slack (MET)


Startpoint: B[0] (input port clocked by __VIRTUAL_CLK__)
Endpoint: out[4] (output port clocked by __VIRTUAL_CLK__)
Path Group: __VIRTUAL_CLK__
Path Type: max
Corner: Fastest

Fanout     Cap    Slew   Delay    Time   Description
-----------------------------------------------------------------------------
                  0.00    0.00    0.00   clock __VIRTUAL_CLK__ (rise edge)
                          0.00    0.00   clock network delay (ideal)
                          2.00    2.00 v input external delay
     1    0.00    0.00    0.00    2.00 v B[0] (in)
                                         B[0] (net)
                  0.00    0.00    2.00 v input9/A (sky130_fd_sc_hd__buf_2)
     9    0.05    0.09    0.13    2.13 v input9/X (sky130_fd_sc_hd__buf_2)
                                         net9 (net)
                  0.09    0.01    2.14 v _146_/A (sky130_fd_sc_hd__or3_4)
     4    0.04    0.09    0.32    2.46 v _146_/X (sky130_fd_sc_hd__or3_4)
                                         _075_ (net)
                  0.09    0.00    2.46 v _147_/A2 (sky130_fd_sc_hd__a21bo_1)
     3    0.03    0.11    0.23    2.70 v _147_/X (sky130_fd_sc_hd__a21bo_1)
                                         _076_ (net)
                  0.11    0.00    2.70 v _150_/B (sky130_fd_sc_hd__and3_1)
     2    0.02    0.07    0.19    2.89 v _150_/X (sky130_fd_sc_hd__and3_1)
                                         _079_ (net)
                  0.07    0.00    2.89 v _151_/B (sky130_fd_sc_hd__nor2_1)
     3    0.02    0.28    0.25    3.14 ^ _151_/Y (sky130_fd_sc_hd__nor2_1)
                                         _080_ (net)
                  0.28    0.00    3.14 ^ _166_/A3 (sky130_fd_sc_hd__a31o_1)
     3    0.02    0.16    0.20    3.34 ^ _166_/X (sky130_fd_sc_hd__a31o_1)
                                         _094_ (net)
                  0.16    0.00    3.34 ^ _167_/B (sky130_fd_sc_hd__nand2_1)
     2    0.03    0.15    0.14    3.49 v _167_/Y (sky130_fd_sc_hd__nand2_1)
                                         _095_ (net)
                  0.15    0.00    3.49 v _180_/A1 (sky130_fd_sc_hd__a21bo_1)
     1    0.01    0.03    0.16    3.65 v _180_/X (sky130_fd_sc_hd__a21bo_1)
                                         net24 (net)
                  0.03    0.00    3.65 v output24/A (sky130_fd_sc_hd__buf_2)
     1    0.03    0.06    0.12    3.77 v output24/X (sky130_fd_sc_hd__buf_2)
                                         out[4] (net)
                  0.06    0.00    3.77 v out[4] (out)
                                  3.77   data arrival time

                  0.00   10.00   10.00   clock __VIRTUAL_CLK__ (rise edge)
                          0.00   10.00   clock network delay (ideal)
                         -0.25    9.75   clock uncertainty
                          0.00    9.75   clock reconvergence pessimism
                         -2.00    7.75   output external delay
                                  7.75   data required time
-----------------------------------------------------------------------------
                                  7.75   data required time
                                 -3.77   data arrival time
-----------------------------------------------------------------------------
                                  3.98   slack (MET)


Startpoint: opcode[0] (input port clocked by __VIRTUAL_CLK__)
Endpoint: out[3] (output port clocked by __VIRTUAL_CLK__)
Path Group: __VIRTUAL_CLK__
Path Type: max
Corner: Fastest

Fanout     Cap    Slew   Delay    Time   Description
-----------------------------------------------------------------------------
                  0.00    0.00    0.00   clock __VIRTUAL_CLK__ (rise edge)
                          0.00    0.00   clock network delay (ideal)
                          2.00    2.00 v input external delay
     1    0.00    0.00    0.00    2.00 v opcode[0] (in)
                                         opcode[0] (net)
                  0.00    0.00    2.00 v input17/A (sky130_fd_sc_hd__buf_2)
     8    0.05    0.08    0.13    2.13 v input17/X (sky130_fd_sc_hd__buf_2)
                                         net17 (net)
                  0.08    0.01    2.14 v _120_/A_N (sky130_fd_sc_hd__nand3b_4)
     5    0.04    0.11    0.18    2.32 v _120_/Y (sky130_fd_sc_hd__nand3b_4)
                                         _051_ (net)
                  0.11    0.01    2.32 v _122_/A (sky130_fd_sc_hd__and3_1)
     2    0.03    0.10    0.19    2.52 v _122_/X (sky130_fd_sc_hd__and3_1)
                                         _053_ (net)
                  0.10    0.00    2.52 v _124_/C (sky130_fd_sc_hd__or3_2)
     2    0.03    0.10    0.33    2.85 v _124_/X (sky130_fd_sc_hd__or3_2)
                                         _055_ (net)
                  0.10    0.00    2.85 v _135_/A1 (sky130_fd_sc_hd__a21o_2)
     4    0.04    0.08    0.21    3.06 v _135_/X (sky130_fd_sc_hd__a21o_2)
                                         _065_ (net)
                  0.08    0.00    3.07 v _153_/A1 (sky130_fd_sc_hd__a21o_1)
     2    0.03    0.10    0.19    3.26 v _153_/X (sky130_fd_sc_hd__a21o_1)
                                         _082_ (net)
                  0.10    0.00    3.26 v _155_/B (sky130_fd_sc_hd__or2_1)
     1    0.01    0.05    0.17    3.43 v _155_/X (sky130_fd_sc_hd__or2_1)
                                         _084_ (net)
                  0.05    0.00    3.43 v _160_/A3 (sky130_fd_sc_hd__a31o_1)
     1    0.02    0.07    0.19    3.62 v _160_/X (sky130_fd_sc_hd__a31o_1)
                                         net23 (net)
                  0.07    0.00    3.62 v output23/A (sky130_fd_sc_hd__buf_2)
     1    0.03    0.06    0.14    3.76 v output23/X (sky130_fd_sc_hd__buf_2)
                                         out[3] (net)
                  0.06    0.00    3.76 v out[3] (out)
                                  3.76   data arrival time

                  0.00   10.00   10.00   clock __VIRTUAL_CLK__ (rise edge)
                          0.00   10.00   clock network delay (ideal)
                         -0.25    9.75   clock uncertainty
                          0.00    9.75   clock reconvergence pessimism
                         -2.00    7.75   output external delay
                                  7.75   data required time
-----------------------------------------------------------------------------
                                  7.75   data required time
                                 -3.76   data arrival time
-----------------------------------------------------------------------------
                                  3.99   slack (MET)


Startpoint: opcode[0] (input port clocked by __VIRTUAL_CLK__)
Endpoint: out[2] (output port clocked by __VIRTUAL_CLK__)
Path Group: __VIRTUAL_CLK__
Path Type: max
Corner: Fastest

Fanout     Cap    Slew   Delay    Time   Description
-----------------------------------------------------------------------------
                  0.00    0.00    0.00   clock __VIRTUAL_CLK__ (rise edge)
                          0.00    0.00   clock network delay (ideal)
                          2.00    2.00 v input external delay
     1    0.00    0.00    0.00    2.00 v opcode[0] (in)
                                         opcode[0] (net)
                  0.00    0.00    2.00 v input17/A (sky130_fd_sc_hd__buf_2)
     8    0.05    0.08    0.13    2.13 v input17/X (sky130_fd_sc_hd__buf_2)
                                         net17 (net)
                  0.08    0.01    2.14 v _120_/A_N (sky130_fd_sc_hd__nand3b_4)
     5    0.04    0.11    0.18    2.32 v _120_/Y (sky130_fd_sc_hd__nand3b_4)
                                         _051_ (net)
                  0.11    0.01    2.32 v _122_/A (sky130_fd_sc_hd__and3_1)
     2    0.03    0.10    0.19    2.52 v _122_/X (sky130_fd_sc_hd__and3_1)
                                         _053_ (net)
                  0.10    0.00    2.52 v _124_/C (sky130_fd_sc_hd__or3_2)
     2    0.03    0.10    0.33    2.85 v _124_/X (sky130_fd_sc_hd__or3_2)
                                         _055_ (net)
                  0.10    0.00    2.85 v _135_/A1 (sky130_fd_sc_hd__a21o_2)
     4    0.04    0.08    0.21    3.06 v _135_/X (sky130_fd_sc_hd__a21o_2)
                                         _065_ (net)
                  0.08    0.00    3.06 v _140_/A (sky130_fd_sc_hd__or2_1)
     1    0.03    0.11    0.24    3.30 v _140_/X (sky130_fd_sc_hd__or2_1)
                                         _070_ (net)
                  0.11    0.00    3.30 v _145_/A3 (sky130_fd_sc_hd__a31o_1)
     1    0.02    0.07    0.22    3.52 v _145_/X (sky130_fd_sc_hd__a31o_1)
                                         net22 (net)
                  0.07    0.00    3.52 v output22/A (sky130_fd_sc_hd__buf_2)
     1    0.03    0.06    0.14    3.66 v output22/X (sky130_fd_sc_hd__buf_2)
                                         out[2] (net)
                  0.06    0.00    3.66 v out[2] (out)
                                  3.66   data arrival time

                  0.00   10.00   10.00   clock __VIRTUAL_CLK__ (rise edge)
                          0.00   10.00   clock network delay (ideal)
                         -0.25    9.75   clock uncertainty
                          0.00    9.75   clock reconvergence pessimism
                         -2.00    7.75   output external delay
                                  7.75   data required time
-----------------------------------------------------------------------------
                                  7.75   data required time
                                 -3.66   data arrival time
-----------------------------------------------------------------------------
                                  4.09   slack (MET)


Startpoint: opcode[1] (input port clocked by __VIRTUAL_CLK__)
Endpoint: out[0] (output port clocked by __VIRTUAL_CLK__)
Path Group: __VIRTUAL_CLK__
Path Type: max
Corner: Fastest

Fanout     Cap    Slew   Delay    Time   Description
-----------------------------------------------------------------------------
                  0.00    0.00    0.00   clock __VIRTUAL_CLK__ (rise edge)
                          0.00    0.00   clock network delay (ideal)
                          2.00    2.00 ^ input external delay
     1    0.00    0.02    0.01    2.01 ^ opcode[1] (in)
                                         opcode[1] (net)
                  0.02    0.00    2.01 ^ input18/A (sky130_fd_sc_hd__buf_4)
    11    0.08    0.17    0.17    2.18 ^ input18/X (sky130_fd_sc_hd__buf_4)
                                         net18 (net)
                  0.18    0.02    2.20 ^ _114_/C_N (sky130_fd_sc_hd__or3b_1)
     1    0.00    0.05    0.21    2.41 v _114_/X (sky130_fd_sc_hd__or3b_1)
                                         _046_ (net)
                  0.05    0.00    2.41 v _115_/A (sky130_fd_sc_hd__clkbuf_4)
     7    0.05    0.08    0.16    2.57 v _115_/X (sky130_fd_sc_hd__clkbuf_4)
                                         _047_ (net)
                  0.08    0.00    2.57 v _116_/A (sky130_fd_sc_hd__inv_2)
     2    0.02    0.07    0.09    2.66 ^ _116_/Y (sky130_fd_sc_hd__inv_2)
                                         _048_ (net)
                  0.07    0.00    2.66 ^ _117_/B2 (sky130_fd_sc_hd__o2bb2a_1)
     1    0.01    0.11    0.15    2.81 ^ _117_/X (sky130_fd_sc_hd__o2bb2a_1)
                                         _049_ (net)
                  0.11    0.00    2.81 ^ _118_/B2 (sky130_fd_sc_hd__o22a_1)
     1    0.02    0.11    0.13    2.95 ^ _118_/X (sky130_fd_sc_hd__o22a_1)
                                         _050_ (net)
                  0.11    0.00    2.95 ^ _119_/C1 (sky130_fd_sc_hd__a311o_1)
     1    0.01    0.10    0.12    3.07 ^ _119_/X (sky130_fd_sc_hd__a311o_1)
                                         net20 (net)
                  0.10    0.00    3.07 ^ output20/A (sky130_fd_sc_hd__buf_2)
     1    0.04    0.13    0.16    3.23 ^ output20/X (sky130_fd_sc_hd__buf_2)
                                         out[0] (net)
                  0.13    0.00    3.24 ^ out[0] (out)
                                  3.24   data arrival time

                  0.00   10.00   10.00   clock __VIRTUAL_CLK__ (rise edge)
                          0.00   10.00   clock network delay (ideal)
                         -0.25    9.75   clock uncertainty
                          0.00    9.75   clock reconvergence pessimism
                         -2.00    7.75   output external delay
                                  7.75   data required time
-----------------------------------------------------------------------------
                                  7.75   data required time
                                 -3.24   data arrival time
-----------------------------------------------------------------------------
                                  4.51   slack (MET)



worst slack corner Fastest: 3.5018
======================= Slowest Corner ===================================

Startpoint: opcode[0] (input port clocked by __VIRTUAL_CLK__)
Endpoint: out[7] (output port clocked by __VIRTUAL_CLK__)
Path Group: __VIRTUAL_CLK__
Path Type: max
Corner: Slowest

Fanout     Cap    Slew   Delay    Time   Description
-----------------------------------------------------------------------------
                  0.00    0.00    0.00   clock __VIRTUAL_CLK__ (rise edge)
                          0.00    0.00   clock network delay (ideal)
                          2.00    2.00 v input external delay
     1    0.00    0.02    0.01    2.01 v opcode[0] (in)
                                         opcode[0] (net)
                  0.02    0.00    2.01 v input17/A (sky130_fd_sc_hd__buf_2)
     8    0.05    0.22    0.38    2.39 v input17/X (sky130_fd_sc_hd__buf_2)
                                         net17 (net)
                  0.22    0.01    2.40 v _120_/A_N (sky130_fd_sc_hd__nand3b_4)
     5    0.04    0.32    0.55    2.94 v _120_/Y (sky130_fd_sc_hd__nand3b_4)
                                         _051_ (net)
                  0.32    0.01    2.95 v _122_/A (sky130_fd_sc_hd__and3_1)
     2    0.03    0.26    0.62    3.57 v _122_/X (sky130_fd_sc_hd__and3_1)
                                         _053_ (net)
                  0.26    0.00    3.57 v _124_/C (sky130_fd_sc_hd__or3_2)
     2    0.03    0.30    1.32    4.89 v _124_/X (sky130_fd_sc_hd__or3_2)
                                         _055_ (net)
                  0.30    0.00    4.89 v _135_/A1 (sky130_fd_sc_hd__a21o_2)
     4    0.04    0.20    0.62    5.51 v _135_/X (sky130_fd_sc_hd__a21o_2)
                                         _065_ (net)
                  0.20    0.00    5.51 v _166_/A1 (sky130_fd_sc_hd__a31o_1)
     3    0.02    0.21    0.54    6.05 v _166_/X (sky130_fd_sc_hd__a31o_1)
                                         _094_ (net)
                  0.21    0.00    6.05 v _200_/A2 (sky130_fd_sc_hd__a31o_1)
     2    0.03    0.26    0.64    6.69 v _200_/X (sky130_fd_sc_hd__a31o_1)
                                         _020_ (net)
                  0.26    0.00    6.69 v _208_/B2 (sky130_fd_sc_hd__a22o_1)
     1    0.02    0.19    0.59    7.28 v _208_/X (sky130_fd_sc_hd__a22o_1)
                                         _027_ (net)
                  0.19    0.00    7.28 v _214_/A (sky130_fd_sc_hd__xnor2_1)
     1    0.01    0.38    0.46    7.74 ^ _214_/Y (sky130_fd_sc_hd__xnor2_1)
                                         _033_ (net)
                  0.38    0.00    7.75 ^ _219_/A2 (sky130_fd_sc_hd__a21o_1)
     2    0.02    0.27    0.51    8.25 ^ _219_/X (sky130_fd_sc_hd__a21o_1)
                                         net27 (net)
                  0.27    0.00    8.25 ^ output27/A (sky130_fd_sc_hd__buf_2)
     1    0.03    0.27    0.46    8.71 ^ output27/X (sky130_fd_sc_hd__buf_2)
                                         out[7] (net)
                  0.27    0.00    8.71 ^ out[7] (out)
                                  8.71   data arrival time

                  0.00   10.00   10.00   clock __VIRTUAL_CLK__ (rise edge)
                          0.00   10.00   clock network delay (ideal)
                         -0.25    9.75   clock uncertainty
                          0.00    9.75   clock reconvergence pessimism
                         -2.00    7.75   output external delay
                                  7.75   data required time
-----------------------------------------------------------------------------
                                  7.75   data required time
                                 -8.71   data arrival time
-----------------------------------------------------------------------------
                                 -0.96   slack (VIOLATED)


Startpoint: B[0] (input port clocked by __VIRTUAL_CLK__)
Endpoint: out[5] (output port clocked by __VIRTUAL_CLK__)
Path Group: __VIRTUAL_CLK__
Path Type: max
Corner: Slowest

Fanout     Cap    Slew   Delay    Time   Description
-----------------------------------------------------------------------------
                  0.00    0.00    0.00   clock __VIRTUAL_CLK__ (rise edge)
                          0.00    0.00   clock network delay (ideal)
                          2.00    2.00 v input external delay
     1    0.00    0.02    0.01    2.01 v B[0] (in)
                                         B[0] (net)
                  0.02    0.00    2.01 v input9/A (sky130_fd_sc_hd__buf_2)
     9    0.05    0.23    0.39    2.40 v input9/X (sky130_fd_sc_hd__buf_2)
                                         net9 (net)
                  0.23    0.01    2.40 v _146_/A (sky130_fd_sc_hd__or3_4)
     4    0.04    0.21    1.01    3.42 v _146_/X (sky130_fd_sc_hd__or3_4)
                                         _075_ (net)
                  0.21    0.00    3.42 v _147_/A2 (sky130_fd_sc_hd__a21bo_1)
     3    0.03    0.31    0.65    4.07 v _147_/X (sky130_fd_sc_hd__a21bo_1)
                                         _076_ (net)
                  0.31    0.00    4.07 v _150_/B (sky130_fd_sc_hd__and3_1)
     2    0.02    0.20    0.61    4.68 v _150_/X (sky130_fd_sc_hd__and3_1)
                                         _079_ (net)
                  0.20    0.00    4.68 v _151_/B (sky130_fd_sc_hd__nor2_1)
     3    0.02    0.66    0.62    5.30 ^ _151_/Y (sky130_fd_sc_hd__nor2_1)
                                         _080_ (net)
                  0.66    0.00    5.30 ^ _166_/A3 (sky130_fd_sc_hd__a31o_1)
     3    0.02    0.34    0.72    6.01 ^ _166_/X (sky130_fd_sc_hd__a31o_1)
                                         _094_ (net)
                  0.34    0.00    6.02 ^ _167_/B (sky130_fd_sc_hd__nand2_1)
     2    0.03    0.48    0.53    6.55 v _167_/Y (sky130_fd_sc_hd__nand2_1)
                                         _095_ (net)
                  0.48    0.00    6.55 v _187_/B (sky130_fd_sc_hd__nand2_1)
     1    0.03    0.40    0.54    7.09 ^ _187_/Y (sky130_fd_sc_hd__nand2_1)
                                         _008_ (net)
                  0.40    0.00    7.10 ^ _188_/B (sky130_fd_sc_hd__xor2_1)
     1    0.01    0.53    0.64    7.74 ^ _188_/X (sky130_fd_sc_hd__xor2_1)
                                         _009_ (net)
                  0.53    0.00    7.74 ^ _194_/A2 (sky130_fd_sc_hd__a21bo_1)
     1    0.01    0.14    0.44    8.18 ^ _194_/X (sky130_fd_sc_hd__a21bo_1)
                                         net25 (net)
                  0.14    0.00    8.18 ^ output25/A (sky130_fd_sc_hd__buf_2)
     1    0.03    0.27    0.39    8.57 ^ output25/X (sky130_fd_sc_hd__buf_2)
                                         out[5] (net)
                  0.27    0.00    8.57 ^ out[5] (out)
                                  8.57   data arrival time

                  0.00   10.00   10.00   clock __VIRTUAL_CLK__ (rise edge)
                          0.00   10.00   clock network delay (ideal)
                         -0.25    9.75   clock uncertainty
                          0.00    9.75   clock reconvergence pessimism
                         -2.00    7.75   output external delay
                                  7.75   data required time
-----------------------------------------------------------------------------
                                  7.75   data required time
                                 -8.57   data arrival time
-----------------------------------------------------------------------------
                                 -0.82   slack (VIOLATED)


Startpoint: opcode[0] (input port clocked by __VIRTUAL_CLK__)
Endpoint: out[1] (output port clocked by __VIRTUAL_CLK__)
Path Group: __VIRTUAL_CLK__
Path Type: max
Corner: Slowest

Fanout     Cap    Slew   Delay    Time   Description
-----------------------------------------------------------------------------
                  0.00    0.00    0.00   clock __VIRTUAL_CLK__ (rise edge)
                          0.00    0.00   clock network delay (ideal)
                          2.00    2.00 v input external delay
     1    0.00    0.02    0.01    2.01 v opcode[0] (in)
                                         opcode[0] (net)
                  0.02    0.00    2.01 v input17/A (sky130_fd_sc_hd__buf_2)
     8    0.05    0.22    0.38    2.39 v input17/X (sky130_fd_sc_hd__buf_2)
                                         net17 (net)
                  0.22    0.01    2.40 v _120_/A_N (sky130_fd_sc_hd__nand3b_4)
     5    0.04    0.32    0.55    2.94 v _120_/Y (sky130_fd_sc_hd__nand3b_4)
                                         _051_ (net)
                  0.32    0.01    2.95 v _122_/A (sky130_fd_sc_hd__and3_1)
     2    0.03    0.26    0.62    3.57 v _122_/X (sky130_fd_sc_hd__and3_1)
                                         _053_ (net)
                  0.26    0.00    3.57 v _124_/C (sky130_fd_sc_hd__or3_2)
     2    0.03    0.30    1.32    4.89 v _124_/X (sky130_fd_sc_hd__or3_2)
                                         _055_ (net)
                  0.30    0.00    4.89 v _125_/B (sky130_fd_sc_hd__and2b_1)
     2    0.02    0.18    0.58    5.47 v _125_/X (sky130_fd_sc_hd__and2b_1)
                                         _056_ (net)
                  0.18    0.00    5.47 v _127_/A1 (sky130_fd_sc_hd__o21ai_1)
     1    0.02    0.61    0.62    6.09 ^ _127_/Y (sky130_fd_sc_hd__o21ai_1)
                                         _058_ (net)
                  0.61    0.00    6.09 ^ _128_/B1 (sky130_fd_sc_hd__a21oi_1)
     1    0.01    0.18    0.32    6.41 v _128_/Y (sky130_fd_sc_hd__a21oi_1)
                                         _059_ (net)
                  0.18    0.00    6.41 v _133_/A (sky130_fd_sc_hd__or3_1)
     1    0.01    0.22    1.05    7.47 v _133_/X (sky130_fd_sc_hd__or3_1)
                                         _064_ (net)
                  0.22    0.00    7.47 v _134_/A (sky130_fd_sc_hd__buf_1)
     1    0.02    0.20    0.37    7.84 v _134_/X (sky130_fd_sc_hd__buf_1)
                                         net21 (net)
                  0.20    0.00    7.84 v output21/A (sky130_fd_sc_hd__buf_2)
     1    0.03    0.17    0.43    8.26 v output21/X (sky130_fd_sc_hd__buf_2)
                                         out[1] (net)
                  0.17    0.00    8.26 v out[1] (out)
                                  8.26   data arrival time

                  0.00   10.00   10.00   clock __VIRTUAL_CLK__ (rise edge)
                          0.00   10.00   clock network delay (ideal)
                         -0.25    9.75   clock uncertainty
                          0.00    9.75   clock reconvergence pessimism
                         -2.00    7.75   output external delay
                                  7.75   data required time
-----------------------------------------------------------------------------
                                  7.75   data required time
                                 -8.26   data arrival time
-----------------------------------------------------------------------------
                                 -0.51   slack (VIOLATED)


Startpoint: B[0] (input port clocked by __VIRTUAL_CLK__)
Endpoint: out[6] (output port clocked by __VIRTUAL_CLK__)
Path Group: __VIRTUAL_CLK__
Path Type: max
Corner: Slowest

Fanout     Cap    Slew   Delay    Time   Description
-----------------------------------------------------------------------------
                  0.00    0.00    0.00   clock __VIRTUAL_CLK__ (rise edge)
                          0.00    0.00   clock network delay (ideal)
                          2.00    2.00 v input external delay
     1    0.00    0.02    0.01    2.01 v B[0] (in)
                                         B[0] (net)
                  0.02    0.00    2.01 v input9/A (sky130_fd_sc_hd__buf_2)
     9    0.05    0.23    0.39    2.40 v input9/X (sky130_fd_sc_hd__buf_2)
                                         net9 (net)
                  0.23    0.01    2.40 v _146_/A (sky130_fd_sc_hd__or3_4)
     4    0.04    0.21    1.01    3.42 v _146_/X (sky130_fd_sc_hd__or3_4)
                                         _075_ (net)
                  0.21    0.00    3.42 v _181_/A3 (sky130_fd_sc_hd__o31a_2)
     2    0.02    0.18    0.76    4.18 v _181_/X (sky130_fd_sc_hd__o31a_2)
                                         _002_ (net)
                  0.18    0.00    4.19 v _182_/B (sky130_fd_sc_hd__xnor2_2)
     2    0.03    0.56    0.56    4.74 ^ _182_/Y (sky130_fd_sc_hd__xnor2_2)
                                         _003_ (net)
                  0.56    0.00    4.75 ^ _183_/B (sky130_fd_sc_hd__nor2_1)
     2    0.02    0.26    0.45    5.19 v _183_/Y (sky130_fd_sc_hd__nor2_1)
                                         _004_ (net)
                  0.26    0.00    5.20 v _185_/A (sky130_fd_sc_hd__nor2_1)
     2    0.02    0.74    0.73    5.93 ^ _185_/Y (sky130_fd_sc_hd__nor2_1)
                                         _006_ (net)
                  0.74    0.00    5.93 ^ _200_/A3 (sky130_fd_sc_hd__a31o_1)
     2    0.03    0.45    0.82    6.74 ^ _200_/X (sky130_fd_sc_hd__a31o_1)
                                         _020_ (net)
                  0.45    0.00    6.75 ^ _201_/B (sky130_fd_sc_hd__xor2_1)
     1    0.01    0.35    0.52    7.26 ^ _201_/X (sky130_fd_sc_hd__xor2_1)
                                         _021_ (net)
                  0.35    0.00    7.26 ^ _207_/A2 (sky130_fd_sc_hd__a21bo_1)
     1    0.01    0.17    0.41    7.67 ^ _207_/X (sky130_fd_sc_hd__a21bo_1)
                                         net26 (net)
                  0.17    0.00    7.67 ^ output26/A (sky130_fd_sc_hd__buf_2)
     1    0.03    0.27    0.41    8.08 ^ output26/X (sky130_fd_sc_hd__buf_2)
                                         out[6] (net)
                  0.27    0.00    8.09 ^ out[6] (out)
                                  8.09   data arrival time

                  0.00   10.00   10.00   clock __VIRTUAL_CLK__ (rise edge)
                          0.00   10.00   clock network delay (ideal)
                         -0.25    9.75   clock uncertainty
                          0.00    9.75   clock reconvergence pessimism
                         -2.00    7.75   output external delay
                                  7.75   data required time
-----------------------------------------------------------------------------
                                  7.75   data required time
                                 -8.09   data arrival time
-----------------------------------------------------------------------------
                                 -0.34   slack (VIOLATED)


Startpoint: opcode[0] (input port clocked by __VIRTUAL_CLK__)
Endpoint: out[3] (output port clocked by __VIRTUAL_CLK__)
Path Group: __VIRTUAL_CLK__
Path Type: max
Corner: Slowest

Fanout     Cap    Slew   Delay    Time   Description
-----------------------------------------------------------------------------
                  0.00    0.00    0.00   clock __VIRTUAL_CLK__ (rise edge)
                          0.00    0.00   clock network delay (ideal)
                          2.00    2.00 v input external delay
     1    0.00    0.02    0.01    2.01 v opcode[0] (in)
                                         opcode[0] (net)
                  0.02    0.00    2.01 v input17/A (sky130_fd_sc_hd__buf_2)
     8    0.05    0.22    0.38    2.39 v input17/X (sky130_fd_sc_hd__buf_2)
                                         net17 (net)
                  0.22    0.01    2.40 v _120_/A_N (sky130_fd_sc_hd__nand3b_4)
     5    0.04    0.32    0.55    2.94 v _120_/Y (sky130_fd_sc_hd__nand3b_4)
                                         _051_ (net)
                  0.32    0.01    2.95 v _122_/A (sky130_fd_sc_hd__and3_1)
     2    0.03    0.26    0.62    3.57 v _122_/X (sky130_fd_sc_hd__and3_1)
                                         _053_ (net)
                  0.26    0.00    3.57 v _124_/C (sky130_fd_sc_hd__or3_2)
     2    0.03    0.30    1.32    4.89 v _124_/X (sky130_fd_sc_hd__or3_2)
                                         _055_ (net)
                  0.30    0.00    4.89 v _135_/A1 (sky130_fd_sc_hd__a21o_2)
     4    0.04    0.20    0.62    5.51 v _135_/X (sky130_fd_sc_hd__a21o_2)
                                         _065_ (net)
                  0.20    0.00    5.51 v _153_/A1 (sky130_fd_sc_hd__a21o_1)
     2    0.03    0.26    0.55    6.06 v _153_/X (sky130_fd_sc_hd__a21o_1)
                                         _082_ (net)
                  0.26    0.00    6.06 v _155_/B (sky130_fd_sc_hd__or2_1)
     1    0.01    0.14    0.62    6.68 v _155_/X (sky130_fd_sc_hd__or2_1)
                                         _084_ (net)
                  0.14    0.00    6.68 v _160_/A3 (sky130_fd_sc_hd__a31o_1)
     1    0.02    0.17    0.55    7.23 v _160_/X (sky130_fd_sc_hd__a31o_1)
                                         net23 (net)
                  0.17    0.00    7.23 v output23/A (sky130_fd_sc_hd__buf_2)
     1    0.03    0.17    0.41    7.64 v output23/X (sky130_fd_sc_hd__buf_2)
                                         out[3] (net)
                  0.17    0.00    7.64 v out[3] (out)
                                  7.64   data arrival time

                  0.00   10.00   10.00   clock __VIRTUAL_CLK__ (rise edge)
                          0.00   10.00   clock network delay (ideal)
                         -0.25    9.75   clock uncertainty
                          0.00    9.75   clock reconvergence pessimism
                         -2.00    7.75   output external delay
                                  7.75   data required time
-----------------------------------------------------------------------------
                                  7.75   data required time
                                 -7.64   data arrival time
-----------------------------------------------------------------------------
                                  0.11   slack (MET)


Startpoint: B[0] (input port clocked by __VIRTUAL_CLK__)
Endpoint: out[4] (output port clocked by __VIRTUAL_CLK__)
Path Group: __VIRTUAL_CLK__
Path Type: max
Corner: Slowest

Fanout     Cap    Slew   Delay    Time   Description
-----------------------------------------------------------------------------
                  0.00    0.00    0.00   clock __VIRTUAL_CLK__ (rise edge)
                          0.00    0.00   clock network delay (ideal)
                          2.00    2.00 v input external delay
     1    0.00    0.02    0.01    2.01 v B[0] (in)
                                         B[0] (net)
                  0.02    0.00    2.01 v input9/A (sky130_fd_sc_hd__buf_2)
     9    0.05    0.23    0.39    2.40 v input9/X (sky130_fd_sc_hd__buf_2)
                                         net9 (net)
                  0.23    0.01    2.40 v _146_/A (sky130_fd_sc_hd__or3_4)
     4    0.04    0.21    1.01    3.42 v _146_/X (sky130_fd_sc_hd__or3_4)
                                         _075_ (net)
                  0.21    0.00    3.42 v _147_/A2 (sky130_fd_sc_hd__a21bo_1)
     3    0.03    0.31    0.65    4.07 v _147_/X (sky130_fd_sc_hd__a21bo_1)
                                         _076_ (net)
                  0.31    0.00    4.07 v _150_/B (sky130_fd_sc_hd__and3_1)
     2    0.02    0.20    0.61    4.68 v _150_/X (sky130_fd_sc_hd__and3_1)
                                         _079_ (net)
                  0.20    0.00    4.68 v _151_/B (sky130_fd_sc_hd__nor2_1)
     3    0.02    0.66    0.62    5.30 ^ _151_/Y (sky130_fd_sc_hd__nor2_1)
                                         _080_ (net)
                  0.66    0.00    5.30 ^ _166_/A3 (sky130_fd_sc_hd__a31o_1)
     3    0.02    0.34    0.72    6.01 ^ _166_/X (sky130_fd_sc_hd__a31o_1)
                                         _094_ (net)
                  0.34    0.00    6.02 ^ _167_/B (sky130_fd_sc_hd__nand2_1)
     2    0.03    0.48    0.53    6.55 v _167_/Y (sky130_fd_sc_hd__nand2_1)
                                         _095_ (net)
                  0.48    0.00    6.55 v _180_/A1 (sky130_fd_sc_hd__a21bo_1)
     1    0.01    0.08    0.52    7.07 v _180_/X (sky130_fd_sc_hd__a21bo_1)
                                         net24 (net)
                  0.08    0.00    7.07 v output24/A (sky130_fd_sc_hd__buf_2)
     1    0.03    0.17    0.37    7.44 v output24/X (sky130_fd_sc_hd__buf_2)
                                         out[4] (net)
                  0.17    0.00    7.44 v out[4] (out)
                                  7.44   data arrival time

                  0.00   10.00   10.00   clock __VIRTUAL_CLK__ (rise edge)
                          0.00   10.00   clock network delay (ideal)
                         -0.25    9.75   clock uncertainty
                          0.00    9.75   clock reconvergence pessimism
                         -2.00    7.75   output external delay
                                  7.75   data required time
-----------------------------------------------------------------------------
                                  7.75   data required time
                                 -7.44   data arrival time
-----------------------------------------------------------------------------
                                  0.31   slack (MET)


Startpoint: opcode[0] (input port clocked by __VIRTUAL_CLK__)
Endpoint: out[2] (output port clocked by __VIRTUAL_CLK__)
Path Group: __VIRTUAL_CLK__
Path Type: max
Corner: Slowest

Fanout     Cap    Slew   Delay    Time   Description
-----------------------------------------------------------------------------
                  0.00    0.00    0.00   clock __VIRTUAL_CLK__ (rise edge)
                          0.00    0.00   clock network delay (ideal)
                          2.00    2.00 v input external delay
     1    0.00    0.02    0.01    2.01 v opcode[0] (in)
                                         opcode[0] (net)
                  0.02    0.00    2.01 v input17/A (sky130_fd_sc_hd__buf_2)
     8    0.05    0.22    0.38    2.39 v input17/X (sky130_fd_sc_hd__buf_2)
                                         net17 (net)
                  0.22    0.01    2.40 v _120_/A_N (sky130_fd_sc_hd__nand3b_4)
     5    0.04    0.32    0.55    2.94 v _120_/Y (sky130_fd_sc_hd__nand3b_4)
                                         _051_ (net)
                  0.32    0.01    2.95 v _122_/A (sky130_fd_sc_hd__and3_1)
     2    0.03    0.26    0.62    3.57 v _122_/X (sky130_fd_sc_hd__and3_1)
                                         _053_ (net)
                  0.26    0.00    3.57 v _124_/C (sky130_fd_sc_hd__or3_2)
     2    0.03    0.30    1.32    4.89 v _124_/X (sky130_fd_sc_hd__or3_2)
                                         _055_ (net)
                  0.30    0.00    4.89 v _135_/A1 (sky130_fd_sc_hd__a21o_2)
     4    0.04    0.20    0.62    5.51 v _135_/X (sky130_fd_sc_hd__a21o_2)
                                         _065_ (net)
                  0.20    0.00    5.51 v _140_/A (sky130_fd_sc_hd__or2_1)
     1    0.03    0.31    0.81    6.32 v _140_/X (sky130_fd_sc_hd__or2_1)
                                         _070_ (net)
                  0.31    0.00    6.32 v _145_/A3 (sky130_fd_sc_hd__a31o_1)
     1    0.02    0.17    0.63    6.95 v _145_/X (sky130_fd_sc_hd__a31o_1)
                                         net22 (net)
                  0.17    0.00    6.95 v output22/A (sky130_fd_sc_hd__buf_2)
     1    0.03    0.17    0.41    7.36 v output22/X (sky130_fd_sc_hd__buf_2)
                                         out[2] (net)
                  0.17    0.00    7.36 v out[2] (out)
                                  7.36   data arrival time

                  0.00   10.00   10.00   clock __VIRTUAL_CLK__ (rise edge)
                          0.00   10.00   clock network delay (ideal)
                         -0.25    9.75   clock uncertainty
                          0.00    9.75   clock reconvergence pessimism
                         -2.00    7.75   output external delay
                                  7.75   data required time
-----------------------------------------------------------------------------
                                  7.75   data required time
                                 -7.36   data arrival time
-----------------------------------------------------------------------------
                                  0.39   slack (MET)


Startpoint: opcode[0] (input port clocked by __VIRTUAL_CLK__)
Endpoint: out[0] (output port clocked by __VIRTUAL_CLK__)
Path Group: __VIRTUAL_CLK__
Path Type: max
Corner: Slowest

Fanout     Cap    Slew   Delay    Time   Description
-----------------------------------------------------------------------------
                  0.00    0.00    0.00   clock __VIRTUAL_CLK__ (rise edge)
                          0.00    0.00   clock network delay (ideal)
                          2.00    2.00 ^ input external delay
     1    0.00    0.03    0.01    2.01 ^ opcode[0] (in)
                                         opcode[0] (net)
                  0.03    0.00    2.01 ^ input17/A (sky130_fd_sc_hd__buf_2)
     8    0.05    0.39    0.42    2.44 ^ input17/X (sky130_fd_sc_hd__buf_2)
                                         net17 (net)
                  0.39    0.00    2.44 ^ _106_/A (sky130_fd_sc_hd__nand2_1)
     2    0.02    0.34    0.45    2.89 v _106_/Y (sky130_fd_sc_hd__nand2_1)
                                         _038_ (net)
                  0.34    0.00    2.89 v _113_/B (sky130_fd_sc_hd__and2_2)
     5    0.03    0.18    0.69    3.58 v _113_/X (sky130_fd_sc_hd__and2_2)
                                         _045_ (net)
                  0.18    0.00    3.59 v _117_/B1 (sky130_fd_sc_hd__o2bb2a_1)
     1    0.01    0.20    0.84    4.42 v _117_/X (sky130_fd_sc_hd__o2bb2a_1)
                                         _049_ (net)
                  0.20    0.00    4.42 v _118_/B2 (sky130_fd_sc_hd__o22a_1)
     1    0.02    0.19    0.51    4.94 v _118_/X (sky130_fd_sc_hd__o22a_1)
                                         _050_ (net)
                  0.19    0.00    4.94 v _119_/C1 (sky130_fd_sc_hd__a311o_1)
     1    0.01    0.17    0.67    5.61 v _119_/X (sky130_fd_sc_hd__a311o_1)
                                         net20 (net)
                  0.17    0.00    5.61 v output20/A (sky130_fd_sc_hd__buf_2)
     1    0.04    0.17    0.42    6.03 v output20/X (sky130_fd_sc_hd__buf_2)
                                         out[0] (net)
                  0.17    0.00    6.03 v out[0] (out)
                                  6.03   data arrival time

                  0.00   10.00   10.00   clock __VIRTUAL_CLK__ (rise edge)
                          0.00   10.00   clock network delay (ideal)
                         -0.25    9.75   clock uncertainty
                          0.00    9.75   clock reconvergence pessimism
                         -2.00    7.75   output external delay
                                  7.75   data required time
-----------------------------------------------------------------------------
                                  7.75   data required time
                                 -6.03   data arrival time
-----------------------------------------------------------------------------
                                  1.72   slack (MET)



worst slack corner Slowest: -0.9622
======================= Typical Corner ===================================

Startpoint: B[0] (input port clocked by __VIRTUAL_CLK__)
Endpoint: out[7] (output port clocked by __VIRTUAL_CLK__)
Path Group: __VIRTUAL_CLK__
Path Type: max
Corner: Typical

Fanout     Cap    Slew   Delay    Time   Description
-----------------------------------------------------------------------------
                  0.00    0.00    0.00   clock __VIRTUAL_CLK__ (rise edge)
                          0.00    0.00   clock network delay (ideal)
                          2.00    2.00 v input external delay
     1    0.00    0.01    0.00    2.00 v B[0] (in)
                                         B[0] (net)
                  0.01    0.00    2.00 v input9/A (sky130_fd_sc_hd__buf_2)
     9    0.05    0.12    0.20    2.20 v input9/X (sky130_fd_sc_hd__buf_2)
                                         net9 (net)
                  0.12    0.01    2.21 v _146_/A (sky130_fd_sc_hd__or3_4)
     4    0.04    0.12    0.52    2.73 v _146_/X (sky130_fd_sc_hd__or3_4)
                                         _075_ (net)
                  0.12    0.00    2.73 v _181_/A3 (sky130_fd_sc_hd__o31a_2)
     2    0.02    0.10    0.39    3.12 v _181_/X (sky130_fd_sc_hd__o31a_2)
                                         _002_ (net)
                  0.10    0.00    3.13 v _182_/B (sky130_fd_sc_hd__xnor2_2)
     2    0.03    0.36    0.34    3.46 ^ _182_/Y (sky130_fd_sc_hd__xnor2_2)
                                         _003_ (net)
                  0.36    0.00    3.47 ^ _183_/B (sky130_fd_sc_hd__nor2_1)
     2    0.02    0.16    0.21    3.68 v _183_/Y (sky130_fd_sc_hd__nor2_1)
                                         _004_ (net)
                  0.16    0.00    3.68 v _185_/A (sky130_fd_sc_hd__nor2_1)
     2    0.02    0.44    0.42    4.11 ^ _185_/Y (sky130_fd_sc_hd__nor2_1)
                                         _006_ (net)
                  0.44    0.00    4.11 ^ _200_/A3 (sky130_fd_sc_hd__a31o_1)
     2    0.03    0.28    0.39    4.50 ^ _200_/X (sky130_fd_sc_hd__a31o_1)
                                         _020_ (net)
                  0.28    0.00    4.50 ^ _208_/B2 (sky130_fd_sc_hd__a22o_1)
     1    0.02    0.18    0.29    4.79 ^ _208_/X (sky130_fd_sc_hd__a22o_1)
                                         _027_ (net)
                  0.18    0.00    4.80 ^ _214_/A (sky130_fd_sc_hd__xnor2_1)
     1    0.01    0.23    0.19    4.99 ^ _214_/Y (sky130_fd_sc_hd__xnor2_1)
                                         _033_ (net)
                  0.23    0.00    4.99 ^ _219_/A2 (sky130_fd_sc_hd__a21o_1)
     2    0.02    0.17    0.26    5.25 ^ _219_/X (sky130_fd_sc_hd__a21o_1)
                                         net27 (net)
                  0.17    0.00    5.25 ^ output27/A (sky130_fd_sc_hd__buf_2)
     1    0.03    0.17    0.25    5.50 ^ output27/X (sky130_fd_sc_hd__buf_2)
                                         out[7] (net)
                  0.17    0.00    5.51 ^ out[7] (out)
                                  5.51   data arrival time

                  0.00   10.00   10.00   clock __VIRTUAL_CLK__ (rise edge)
                          0.00   10.00   clock network delay (ideal)
                         -0.25    9.75   clock uncertainty
                          0.00    9.75   clock reconvergence pessimism
                         -2.00    7.75   output external delay
                                  7.75   data required time
-----------------------------------------------------------------------------
                                  7.75   data required time
                                 -5.51   data arrival time
-----------------------------------------------------------------------------
                                  2.24   slack (MET)


Startpoint: B[0] (input port clocked by __VIRTUAL_CLK__)
Endpoint: out[5] (output port clocked by __VIRTUAL_CLK__)
Path Group: __VIRTUAL_CLK__
Path Type: max
Corner: Typical

Fanout     Cap    Slew   Delay    Time   Description
-----------------------------------------------------------------------------
                  0.00    0.00    0.00   clock __VIRTUAL_CLK__ (rise edge)
                          0.00    0.00   clock network delay (ideal)
                          2.00    2.00 v input external delay
     1    0.00    0.01    0.00    2.00 v B[0] (in)
                                         B[0] (net)
                  0.01    0.00    2.00 v input9/A (sky130_fd_sc_hd__buf_2)
     9    0.05    0.12    0.20    2.20 v input9/X (sky130_fd_sc_hd__buf_2)
                                         net9 (net)
                  0.12    0.01    2.21 v _146_/A (sky130_fd_sc_hd__or3_4)
     4    0.04    0.12    0.52    2.73 v _146_/X (sky130_fd_sc_hd__or3_4)
                                         _075_ (net)
                  0.12    0.00    2.73 v _147_/A2 (sky130_fd_sc_hd__a21bo_1)
     3    0.03    0.16    0.35    3.08 v _147_/X (sky130_fd_sc_hd__a21bo_1)
                                         _076_ (net)
                  0.16    0.00    3.08 v _150_/B (sky130_fd_sc_hd__and3_1)
     2    0.02    0.10    0.29    3.38 v _150_/X (sky130_fd_sc_hd__and3_1)
                                         _079_ (net)
                  0.10    0.00    3.38 v _151_/B (sky130_fd_sc_hd__nor2_1)
     3    0.02    0.40    0.36    3.74 ^ _151_/Y (sky130_fd_sc_hd__nor2_1)
                                         _080_ (net)
                  0.40    0.00    3.74 ^ _166_/A3 (sky130_fd_sc_hd__a31o_1)
     3    0.02    0.21    0.34    4.07 ^ _166_/X (sky130_fd_sc_hd__a31o_1)
                                         _094_ (net)
                  0.21    0.00    4.08 ^ _167_/B (sky130_fd_sc_hd__nand2_1)
     2    0.03    0.22    0.24    4.32 v _167_/Y (sky130_fd_sc_hd__nand2_1)
                                         _095_ (net)
                  0.22    0.00    4.32 v _187_/B (sky130_fd_sc_hd__nand2_1)
     1    0.03    0.24    0.29    4.61 ^ _187_/Y (sky130_fd_sc_hd__nand2_1)
                                         _008_ (net)
                  0.24    0.00    4.61 ^ _188_/B (sky130_fd_sc_hd__xor2_1)
     1    0.01    0.32    0.34    4.95 ^ _188_/X (sky130_fd_sc_hd__xor2_1)
                                         _009_ (net)
                  0.32    0.00    4.96 ^ _194_/A2 (sky130_fd_sc_hd__a21bo_1)
     1    0.01    0.09    0.21    5.16 ^ _194_/X (sky130_fd_sc_hd__a21bo_1)
                                         net25 (net)
                  0.09    0.00    5.16 ^ output25/A (sky130_fd_sc_hd__buf_2)
     1    0.03    0.17    0.22    5.39 ^ output25/X (sky130_fd_sc_hd__buf_2)
                                         out[5] (net)
                  0.17    0.00    5.39 ^ out[5] (out)
                                  5.39   data arrival time

                  0.00   10.00   10.00   clock __VIRTUAL_CLK__ (rise edge)
                          0.00   10.00   clock network delay (ideal)
                         -0.25    9.75   clock uncertainty
                          0.00    9.75   clock reconvergence pessimism
                         -2.00    7.75   output external delay
                                  7.75   data required time
-----------------------------------------------------------------------------
                                  7.75   data required time
                                 -5.39   data arrival time
-----------------------------------------------------------------------------
                                  2.36   slack (MET)


Startpoint: B[0] (input port clocked by __VIRTUAL_CLK__)
Endpoint: out[6] (output port clocked by __VIRTUAL_CLK__)
Path Group: __VIRTUAL_CLK__
Path Type: max
Corner: Typical

Fanout     Cap    Slew   Delay    Time   Description
-----------------------------------------------------------------------------
                  0.00    0.00    0.00   clock __VIRTUAL_CLK__ (rise edge)
                          0.00    0.00   clock network delay (ideal)
                          2.00    2.00 v input external delay
     1    0.00    0.01    0.00    2.00 v B[0] (in)
                                         B[0] (net)
                  0.01    0.00    2.00 v input9/A (sky130_fd_sc_hd__buf_2)
     9    0.05    0.12    0.20    2.20 v input9/X (sky130_fd_sc_hd__buf_2)
                                         net9 (net)
                  0.12    0.01    2.21 v _146_/A (sky130_fd_sc_hd__or3_4)
     4    0.04    0.12    0.52    2.73 v _146_/X (sky130_fd_sc_hd__or3_4)
                                         _075_ (net)
                  0.12    0.00    2.73 v _181_/A3 (sky130_fd_sc_hd__o31a_2)
     2    0.02    0.10    0.39    3.12 v _181_/X (sky130_fd_sc_hd__o31a_2)
                                         _002_ (net)
                  0.10    0.00    3.13 v _182_/B (sky130_fd_sc_hd__xnor2_2)
     2    0.03    0.36    0.34    3.46 ^ _182_/Y (sky130_fd_sc_hd__xnor2_2)
                                         _003_ (net)
                  0.36    0.00    3.47 ^ _183_/B (sky130_fd_sc_hd__nor2_1)
     2    0.02    0.16    0.21    3.68 v _183_/Y (sky130_fd_sc_hd__nor2_1)
                                         _004_ (net)
                  0.16    0.00    3.68 v _185_/A (sky130_fd_sc_hd__nor2_1)
     2    0.02    0.44    0.42    4.11 ^ _185_/Y (sky130_fd_sc_hd__nor2_1)
                                         _006_ (net)
                  0.44    0.00    4.11 ^ _200_/A3 (sky130_fd_sc_hd__a31o_1)
     2    0.03    0.28    0.39    4.50 ^ _200_/X (sky130_fd_sc_hd__a31o_1)
                                         _020_ (net)
                  0.28    0.00    4.50 ^ _201_/B (sky130_fd_sc_hd__xor2_1)
     1    0.01    0.22    0.26    4.77 ^ _201_/X (sky130_fd_sc_hd__xor2_1)
                                         _021_ (net)
                  0.22    0.00    4.77 ^ _207_/A2 (sky130_fd_sc_hd__a21bo_1)
     1    0.01    0.11    0.20    4.97 ^ _207_/X (sky130_fd_sc_hd__a21bo_1)
                                         net26 (net)
                  0.11    0.00    4.97 ^ output26/A (sky130_fd_sc_hd__buf_2)
     1    0.03    0.17    0.23    5.20 ^ output26/X (sky130_fd_sc_hd__buf_2)
                                         out[6] (net)
                  0.17    0.00    5.21 ^ out[6] (out)
                                  5.21   data arrival time

                  0.00   10.00   10.00   clock __VIRTUAL_CLK__ (rise edge)
                          0.00   10.00   clock network delay (ideal)
                         -0.25    9.75   clock uncertainty
                          0.00    9.75   clock reconvergence pessimism
                         -2.00    7.75   output external delay
                                  7.75   data required time
-----------------------------------------------------------------------------
                                  7.75   data required time
                                 -5.21   data arrival time
-----------------------------------------------------------------------------
                                  2.54   slack (MET)


Startpoint: opcode[0] (input port clocked by __VIRTUAL_CLK__)
Endpoint: out[1] (output port clocked by __VIRTUAL_CLK__)
Path Group: __VIRTUAL_CLK__
Path Type: max
Corner: Typical

Fanout     Cap    Slew   Delay    Time   Description
-----------------------------------------------------------------------------
                  0.00    0.00    0.00   clock __VIRTUAL_CLK__ (rise edge)
                          0.00    0.00   clock network delay (ideal)
                          2.00    2.00 v input external delay
     1    0.00    0.01    0.00    2.00 v opcode[0] (in)
                                         opcode[0] (net)
                  0.01    0.00    2.00 v input17/A (sky130_fd_sc_hd__buf_2)
     8    0.05    0.12    0.19    2.20 v input17/X (sky130_fd_sc_hd__buf_2)
                                         net17 (net)
                  0.12    0.01    2.21 v _120_/A_N (sky130_fd_sc_hd__nand3b_4)
     5    0.04    0.16    0.27    2.48 v _120_/Y (sky130_fd_sc_hd__nand3b_4)
                                         _051_ (net)
                  0.16    0.01    2.49 v _122_/A (sky130_fd_sc_hd__and3_1)
     2    0.03    0.13    0.30    2.79 v _122_/X (sky130_fd_sc_hd__and3_1)
                                         _053_ (net)
                  0.13    0.00    2.79 v _124_/C (sky130_fd_sc_hd__or3_2)
     2    0.03    0.15    0.57    3.36 v _124_/X (sky130_fd_sc_hd__or3_2)
                                         _055_ (net)
                  0.15    0.00    3.36 v _125_/B (sky130_fd_sc_hd__and2b_1)
     2    0.02    0.10    0.28    3.64 v _125_/X (sky130_fd_sc_hd__and2b_1)
                                         _056_ (net)
                  0.10    0.00    3.64 v _127_/A1 (sky130_fd_sc_hd__o21ai_1)
     1    0.02    0.36    0.36    4.00 ^ _127_/Y (sky130_fd_sc_hd__o21ai_1)
                                         _058_ (net)
                  0.36    0.00    4.00 ^ _128_/B1 (sky130_fd_sc_hd__a21oi_1)
     1    0.01    0.11    0.13    4.12 v _128_/Y (sky130_fd_sc_hd__a21oi_1)
                                         _059_ (net)
                  0.11    0.00    4.12 v _133_/A (sky130_fd_sc_hd__or3_1)
     1    0.01    0.11    0.47    4.59 v _133_/X (sky130_fd_sc_hd__or3_1)
                                         _064_ (net)
                  0.11    0.00    4.59 v _134_/A (sky130_fd_sc_hd__buf_1)
     1    0.02    0.10    0.19    4.78 v _134_/X (sky130_fd_sc_hd__buf_1)
                                         net21 (net)
                  0.10    0.00    4.78 v output21/A (sky130_fd_sc_hd__buf_2)
     1    0.03    0.09    0.22    4.99 v output21/X (sky130_fd_sc_hd__buf_2)
                                         out[1] (net)
                  0.09    0.00    5.00 v out[1] (out)
                                  5.00   data arrival time

                  0.00   10.00   10.00   clock __VIRTUAL_CLK__ (rise edge)
                          0.00   10.00   clock network delay (ideal)
                         -0.25    9.75   clock uncertainty
                          0.00    9.75   clock reconvergence pessimism
                         -2.00    7.75   output external delay
                                  7.75   data required time
-----------------------------------------------------------------------------
                                  7.75   data required time
                                 -5.00   data arrival time
-----------------------------------------------------------------------------
                                  2.75   slack (MET)


Startpoint: opcode[0] (input port clocked by __VIRTUAL_CLK__)
Endpoint: out[3] (output port clocked by __VIRTUAL_CLK__)
Path Group: __VIRTUAL_CLK__
Path Type: max
Corner: Typical

Fanout     Cap    Slew   Delay    Time   Description
-----------------------------------------------------------------------------
                  0.00    0.00    0.00   clock __VIRTUAL_CLK__ (rise edge)
                          0.00    0.00   clock network delay (ideal)
                          2.00    2.00 v input external delay
     1    0.00    0.01    0.00    2.00 v opcode[0] (in)
                                         opcode[0] (net)
                  0.01    0.00    2.00 v input17/A (sky130_fd_sc_hd__buf_2)
     8    0.05    0.12    0.19    2.20 v input17/X (sky130_fd_sc_hd__buf_2)
                                         net17 (net)
                  0.12    0.01    2.21 v _120_/A_N (sky130_fd_sc_hd__nand3b_4)
     5    0.04    0.16    0.27    2.48 v _120_/Y (sky130_fd_sc_hd__nand3b_4)
                                         _051_ (net)
                  0.16    0.01    2.49 v _122_/A (sky130_fd_sc_hd__and3_1)
     2    0.03    0.13    0.30    2.79 v _122_/X (sky130_fd_sc_hd__and3_1)
                                         _053_ (net)
                  0.13    0.00    2.79 v _124_/C (sky130_fd_sc_hd__or3_2)
     2    0.03    0.15    0.57    3.36 v _124_/X (sky130_fd_sc_hd__or3_2)
                                         _055_ (net)
                  0.15    0.00    3.36 v _135_/A1 (sky130_fd_sc_hd__a21o_2)
     4    0.04    0.11    0.33    3.69 v _135_/X (sky130_fd_sc_hd__a21o_2)
                                         _065_ (net)
                  0.11    0.00    3.69 v _153_/A1 (sky130_fd_sc_hd__a21o_1)
     2    0.03    0.14    0.29    3.98 v _153_/X (sky130_fd_sc_hd__a21o_1)
                                         _082_ (net)
                  0.14    0.00    3.98 v _155_/B (sky130_fd_sc_hd__or2_1)
     1    0.01    0.07    0.28    4.26 v _155_/X (sky130_fd_sc_hd__or2_1)
                                         _084_ (net)
                  0.07    0.00    4.26 v _160_/A3 (sky130_fd_sc_hd__a31o_1)
     1    0.02    0.09    0.29    4.56 v _160_/X (sky130_fd_sc_hd__a31o_1)
                                         net23 (net)
                  0.09    0.00    4.56 v output23/A (sky130_fd_sc_hd__buf_2)
     1    0.03    0.09    0.21    4.77 v output23/X (sky130_fd_sc_hd__buf_2)
                                         out[3] (net)
                  0.09    0.00    4.77 v out[3] (out)
                                  4.77   data arrival time

                  0.00   10.00   10.00   clock __VIRTUAL_CLK__ (rise edge)
                          0.00   10.00   clock network delay (ideal)
                         -0.25    9.75   clock uncertainty
                          0.00    9.75   clock reconvergence pessimism
                         -2.00    7.75   output external delay
                                  7.75   data required time
-----------------------------------------------------------------------------
                                  7.75   data required time
                                 -4.77   data arrival time
-----------------------------------------------------------------------------
                                  2.98   slack (MET)


Startpoint: B[0] (input port clocked by __VIRTUAL_CLK__)
Endpoint: out[4] (output port clocked by __VIRTUAL_CLK__)
Path Group: __VIRTUAL_CLK__
Path Type: max
Corner: Typical

Fanout     Cap    Slew   Delay    Time   Description
-----------------------------------------------------------------------------
                  0.00    0.00    0.00   clock __VIRTUAL_CLK__ (rise edge)
                          0.00    0.00   clock network delay (ideal)
                          2.00    2.00 v input external delay
     1    0.00    0.01    0.00    2.00 v B[0] (in)
                                         B[0] (net)
                  0.01    0.00    2.00 v input9/A (sky130_fd_sc_hd__buf_2)
     9    0.05    0.12    0.20    2.20 v input9/X (sky130_fd_sc_hd__buf_2)
                                         net9 (net)
                  0.12    0.01    2.21 v _146_/A (sky130_fd_sc_hd__or3_4)
     4    0.04    0.12    0.52    2.73 v _146_/X (sky130_fd_sc_hd__or3_4)
                                         _075_ (net)
                  0.12    0.00    2.73 v _147_/A2 (sky130_fd_sc_hd__a21bo_1)
     3    0.03    0.16    0.35    3.08 v _147_/X (sky130_fd_sc_hd__a21bo_1)
                                         _076_ (net)
                  0.16    0.00    3.08 v _150_/B (sky130_fd_sc_hd__and3_1)
     2    0.02    0.10    0.29    3.38 v _150_/X (sky130_fd_sc_hd__and3_1)
                                         _079_ (net)
                  0.10    0.00    3.38 v _151_/B (sky130_fd_sc_hd__nor2_1)
     3    0.02    0.40    0.36    3.74 ^ _151_/Y (sky130_fd_sc_hd__nor2_1)
                                         _080_ (net)
                  0.40    0.00    3.74 ^ _166_/A3 (sky130_fd_sc_hd__a31o_1)
     3    0.02    0.21    0.34    4.07 ^ _166_/X (sky130_fd_sc_hd__a31o_1)
                                         _094_ (net)
                  0.21    0.00    4.08 ^ _167_/B (sky130_fd_sc_hd__nand2_1)
     2    0.03    0.22    0.24    4.32 v _167_/Y (sky130_fd_sc_hd__nand2_1)
                                         _095_ (net)
                  0.22    0.00    4.32 v _180_/A1 (sky130_fd_sc_hd__a21bo_1)
     1    0.01    0.05    0.25    4.57 v _180_/X (sky130_fd_sc_hd__a21bo_1)
                                         net24 (net)
                  0.05    0.00    4.57 v output24/A (sky130_fd_sc_hd__buf_2)
     1    0.03    0.09    0.19    4.76 v output24/X (sky130_fd_sc_hd__buf_2)
                                         out[4] (net)
                  0.09    0.00    4.76 v out[4] (out)
                                  4.76   data arrival time

                  0.00   10.00   10.00   clock __VIRTUAL_CLK__ (rise edge)
                          0.00   10.00   clock network delay (ideal)
                         -0.25    9.75   clock uncertainty
                          0.00    9.75   clock reconvergence pessimism
                         -2.00    7.75   output external delay
                                  7.75   data required time
-----------------------------------------------------------------------------
                                  7.75   data required time
                                 -4.76   data arrival time
-----------------------------------------------------------------------------
                                  2.99   slack (MET)


Startpoint: opcode[0] (input port clocked by __VIRTUAL_CLK__)
Endpoint: out[2] (output port clocked by __VIRTUAL_CLK__)
Path Group: __VIRTUAL_CLK__
Path Type: max
Corner: Typical

Fanout     Cap    Slew   Delay    Time   Description
-----------------------------------------------------------------------------
                  0.00    0.00    0.00   clock __VIRTUAL_CLK__ (rise edge)
                          0.00    0.00   clock network delay (ideal)
                          2.00    2.00 v input external delay
     1    0.00    0.01    0.00    2.00 v opcode[0] (in)
                                         opcode[0] (net)
                  0.01    0.00    2.00 v input17/A (sky130_fd_sc_hd__buf_2)
     8    0.05    0.12    0.19    2.20 v input17/X (sky130_fd_sc_hd__buf_2)
                                         net17 (net)
                  0.12    0.01    2.21 v _120_/A_N (sky130_fd_sc_hd__nand3b_4)
     5    0.04    0.16    0.27    2.48 v _120_/Y (sky130_fd_sc_hd__nand3b_4)
                                         _051_ (net)
                  0.16    0.01    2.49 v _122_/A (sky130_fd_sc_hd__and3_1)
     2    0.03    0.13    0.30    2.79 v _122_/X (sky130_fd_sc_hd__and3_1)
                                         _053_ (net)
                  0.13    0.00    2.79 v _124_/C (sky130_fd_sc_hd__or3_2)
     2    0.03    0.15    0.57    3.36 v _124_/X (sky130_fd_sc_hd__or3_2)
                                         _055_ (net)
                  0.15    0.00    3.36 v _135_/A1 (sky130_fd_sc_hd__a21o_2)
     4    0.04    0.11    0.33    3.69 v _135_/X (sky130_fd_sc_hd__a21o_2)
                                         _065_ (net)
                  0.11    0.00    3.69 v _140_/A (sky130_fd_sc_hd__or2_1)
     1    0.03    0.16    0.38    4.07 v _140_/X (sky130_fd_sc_hd__or2_1)
                                         _070_ (net)
                  0.16    0.00    4.07 v _145_/A3 (sky130_fd_sc_hd__a31o_1)
     1    0.02    0.09    0.33    4.40 v _145_/X (sky130_fd_sc_hd__a31o_1)
                                         net22 (net)
                  0.09    0.00    4.40 v output22/A (sky130_fd_sc_hd__buf_2)
     1    0.03    0.09    0.21    4.61 v output22/X (sky130_fd_sc_hd__buf_2)
                                         out[2] (net)
                  0.09    0.00    4.61 v out[2] (out)
                                  4.61   data arrival time

                  0.00   10.00   10.00   clock __VIRTUAL_CLK__ (rise edge)
                          0.00   10.00   clock network delay (ideal)
                         -0.25    9.75   clock uncertainty
                          0.00    9.75   clock reconvergence pessimism
                         -2.00    7.75   output external delay
                                  7.75   data required time
-----------------------------------------------------------------------------
                                  7.75   data required time
                                 -4.61   data arrival time
-----------------------------------------------------------------------------
                                  3.14   slack (MET)


Startpoint: opcode[0] (input port clocked by __VIRTUAL_CLK__)
Endpoint: out[0] (output port clocked by __VIRTUAL_CLK__)
Path Group: __VIRTUAL_CLK__
Path Type: max
Corner: Typical

Fanout     Cap    Slew   Delay    Time   Description
-----------------------------------------------------------------------------
                  0.00    0.00    0.00   clock __VIRTUAL_CLK__ (rise edge)
                          0.00    0.00   clock network delay (ideal)
                          2.00    2.00 ^ input external delay
     1    0.00    0.02    0.01    2.01 ^ opcode[0] (in)
                                         opcode[0] (net)
                  0.02    0.00    2.01 ^ input17/A (sky130_fd_sc_hd__buf_2)
     8    0.05    0.25    0.25    2.26 ^ input17/X (sky130_fd_sc_hd__buf_2)
                                         net17 (net)
                  0.25    0.00    2.26 ^ _106_/A (sky130_fd_sc_hd__nand2_1)
     2    0.02    0.16    0.21    2.47 v _106_/Y (sky130_fd_sc_hd__nand2_1)
                                         _038_ (net)
                  0.16    0.00    2.47 v _113_/B (sky130_fd_sc_hd__and2_2)
     5    0.03    0.10    0.32    2.79 v _113_/X (sky130_fd_sc_hd__and2_2)
                                         _045_ (net)
                  0.10    0.00    2.80 v _117_/B1 (sky130_fd_sc_hd__o2bb2a_1)
     1    0.01    0.10    0.38    3.18 v _117_/X (sky130_fd_sc_hd__o2bb2a_1)
                                         _049_ (net)
                  0.10    0.00    3.18 v _118_/B2 (sky130_fd_sc_hd__o22a_1)
     1    0.02    0.10    0.25    3.43 v _118_/X (sky130_fd_sc_hd__o22a_1)
                                         _050_ (net)
                  0.10    0.00    3.43 v _119_/C1 (sky130_fd_sc_hd__a311o_1)
     1    0.01    0.09    0.35    3.78 v _119_/X (sky130_fd_sc_hd__a311o_1)
                                         net20 (net)
                  0.09    0.00    3.78 v output20/A (sky130_fd_sc_hd__buf_2)
     1    0.04    0.09    0.21    4.00 v output20/X (sky130_fd_sc_hd__buf_2)
                                         out[0] (net)
                  0.09    0.00    4.00 v out[0] (out)
                                  4.00   data arrival time

                  0.00   10.00   10.00   clock __VIRTUAL_CLK__ (rise edge)
                          0.00   10.00   clock network delay (ideal)
                         -0.25    9.75   clock uncertainty
                          0.00    9.75   clock reconvergence pessimism
                         -2.00    7.75   output external delay
                                  7.75   data required time
-----------------------------------------------------------------------------
                                  7.75   data required time
                                 -4.00   data arrival time
-----------------------------------------------------------------------------
                                  3.75   slack (MET)



worst slack corner Typical: 2.2439
