
===========================================================================
report_checks -path_delay min (Hold)
============================================================================
======================= Fastest Corner ===================================

Startpoint: B[0] (input port clocked by __VIRTUAL_CLK__)
Endpoint: out[0] (output port clocked by __VIRTUAL_CLK__)
Path Group: __VIRTUAL_CLK__
Path Type: min
Corner: Fastest

Fanout     Cap    Slew   Delay    Time   Description
-----------------------------------------------------------------------------
                  0.00    0.00    0.00   clock __VIRTUAL_CLK__ (rise edge)
                          0.00    0.00   clock network delay (ideal)
                          2.00    2.00 v input external delay
     1    0.00    0.00    0.00    2.00 v B[0] (in)
                                         B[0] (net)
                  0.00    0.00    2.00 v input9/A (sky130_fd_sc_hd__buf_2)
     9    0.05    0.09    0.12    2.12 v input9/X (sky130_fd_sc_hd__buf_2)
                                         net9 (net)
                  0.09    0.01    2.13 v _119_/A1 (sky130_fd_sc_hd__a311o_1)
     1    0.01    0.05    0.20    2.33 v _119_/X (sky130_fd_sc_hd__a311o_1)
                                         net20 (net)
                  0.05    0.00    2.33 v output20/A (sky130_fd_sc_hd__buf_2)
     1    0.04    0.06    0.12    2.45 v output20/X (sky130_fd_sc_hd__buf_2)
                                         out[0] (net)
                  0.06    0.00    2.45 v out[0] (out)
                                  2.45   data arrival time

                  0.00    0.00    0.00   clock __VIRTUAL_CLK__ (rise edge)
                          0.00    0.00   clock network delay (ideal)
                          0.25    0.25   clock uncertainty
                          0.00    0.25   clock reconvergence pessimism
                         -2.00   -1.75   output external delay
                                 -1.75   data required time
-----------------------------------------------------------------------------
                                 -1.75   data required time
                                 -2.45   data arrival time
-----------------------------------------------------------------------------
                                  4.20   slack (MET)


Startpoint: A[4] (input port clocked by __VIRTUAL_CLK__)
Endpoint: out[4] (output port clocked by __VIRTUAL_CLK__)
Path Group: __VIRTUAL_CLK__
Path Type: min
Corner: Fastest

Fanout     Cap    Slew   Delay    Time   Description
-----------------------------------------------------------------------------
                  0.00    0.00    0.00   clock __VIRTUAL_CLK__ (rise edge)
                          0.00    0.00   clock network delay (ideal)
                          2.00    2.00 ^ input external delay
     1    0.00    0.01    0.01    2.01 ^ A[4] (in)
                                         A[4] (net)
                  0.01    0.00    2.01 ^ input5/A (sky130_fd_sc_hd__buf_2)
     5    0.05    0.19    0.16    2.16 ^ input5/X (sky130_fd_sc_hd__buf_2)
                                         net5 (net)
                  0.19    0.01    2.17 ^ _179_/A1 (sky130_fd_sc_hd__o211a_1)
     1    0.01    0.07    0.13    2.30 ^ _179_/X (sky130_fd_sc_hd__o211a_1)
                                         _001_ (net)
                  0.07    0.00    2.30 ^ _180_/B1_N (sky130_fd_sc_hd__a21bo_1)
     1    0.01    0.03    0.10    2.40 v _180_/X (sky130_fd_sc_hd__a21bo_1)
                                         net24 (net)
                  0.03    0.00    2.40 v output24/A (sky130_fd_sc_hd__buf_2)
     1    0.03    0.06    0.11    2.51 v output24/X (sky130_fd_sc_hd__buf_2)
                                         out[4] (net)
                  0.06    0.00    2.51 v out[4] (out)
                                  2.51   data arrival time

                  0.00    0.00    0.00   clock __VIRTUAL_CLK__ (rise edge)
                          0.00    0.00   clock network delay (ideal)
                          0.25    0.25   clock uncertainty
                          0.00    0.25   clock reconvergence pessimism
                         -2.00   -1.75   output external delay
                                 -1.75   data required time
-----------------------------------------------------------------------------
                                 -1.75   data required time
                                 -2.51   data arrival time
-----------------------------------------------------------------------------
                                  4.26   slack (MET)


Startpoint: A[5] (input port clocked by __VIRTUAL_CLK__)
Endpoint: out[5] (output port clocked by __VIRTUAL_CLK__)
Path Group: __VIRTUAL_CLK__
Path Type: min
Corner: Fastest

Fanout     Cap    Slew   Delay    Time   Description
-----------------------------------------------------------------------------
                  0.00    0.00    0.00   clock __VIRTUAL_CLK__ (rise edge)
                          0.00    0.00   clock network delay (ideal)
                          2.00    2.00 ^ input external delay
     1    0.00    0.02    0.01    2.01 ^ A[5] (in)
                                         A[5] (net)
                  0.02    0.00    2.01 ^ input6/A (sky130_fd_sc_hd__clkbuf_2)
     5    0.04    0.18    0.15    2.16 ^ input6/X (sky130_fd_sc_hd__clkbuf_2)
                                         net6 (net)
                  0.18    0.01    2.17 ^ _193_/A1 (sky130_fd_sc_hd__o211a_1)
     1    0.01    0.08    0.14    2.31 ^ _193_/X (sky130_fd_sc_hd__o211a_1)
                                         _014_ (net)
                  0.08    0.00    2.31 ^ _194_/B1_N (sky130_fd_sc_hd__a21bo_1)
     1    0.01    0.04    0.11    2.42 v _194_/X (sky130_fd_sc_hd__a21bo_1)
                                         net25 (net)
                  0.04    0.00    2.42 v output25/A (sky130_fd_sc_hd__buf_2)
     1    0.03    0.06    0.11    2.53 v output25/X (sky130_fd_sc_hd__buf_2)
                                         out[5] (net)
                  0.06    0.00    2.53 v out[5] (out)
                                  2.53   data arrival time

                  0.00    0.00    0.00   clock __VIRTUAL_CLK__ (rise edge)
                          0.00    0.00   clock network delay (ideal)
                          0.25    0.25   clock uncertainty
                          0.00    0.25   clock reconvergence pessimism
                         -2.00   -1.75   output external delay
                                 -1.75   data required time
-----------------------------------------------------------------------------
                                 -1.75   data required time
                                 -2.53   data arrival time
-----------------------------------------------------------------------------
                                  4.28   slack (MET)


Startpoint: A[2] (input port clocked by __VIRTUAL_CLK__)
Endpoint: out[2] (output port clocked by __VIRTUAL_CLK__)
Path Group: __VIRTUAL_CLK__
Path Type: min
Corner: Fastest

Fanout     Cap    Slew   Delay    Time   Description
-----------------------------------------------------------------------------
                  0.00    0.00    0.00   clock __VIRTUAL_CLK__ (rise edge)
                          0.00    0.00   clock network delay (ideal)
                          2.00    2.00 v input external delay
     1    0.00    0.00    0.00    2.00 v A[2] (in)
                                         A[2] (net)
                  0.00    0.00    2.00 v input3/A (sky130_fd_sc_hd__buf_4)
     9    0.08    0.08    0.12    2.12 v input3/X (sky130_fd_sc_hd__buf_4)
                                         net3 (net)
                  0.08    0.01    2.14 v _144_/A1 (sky130_fd_sc_hd__a311o_1)
     1    0.01    0.05    0.20    2.33 v _144_/X (sky130_fd_sc_hd__a311o_1)
                                         _074_ (net)
                  0.05    0.00    2.34 v _145_/B1 (sky130_fd_sc_hd__a31o_1)
     1    0.02    0.06    0.11    2.44 v _145_/X (sky130_fd_sc_hd__a31o_1)
                                         net22 (net)
                  0.06    0.00    2.44 v output22/A (sky130_fd_sc_hd__buf_2)
     1    0.03    0.06    0.12    2.57 v output22/X (sky130_fd_sc_hd__buf_2)
                                         out[2] (net)
                  0.06    0.00    2.57 v out[2] (out)
                                  2.57   data arrival time

                  0.00    0.00    0.00   clock __VIRTUAL_CLK__ (rise edge)
                          0.00    0.00   clock network delay (ideal)
                          0.25    0.25   clock uncertainty
                          0.00    0.25   clock reconvergence pessimism
                         -2.00   -1.75   output external delay
                                 -1.75   data required time
-----------------------------------------------------------------------------
                                 -1.75   data required time
                                 -2.57   data arrival time
-----------------------------------------------------------------------------
                                  4.32   slack (MET)


Startpoint: opcode[1] (input port clocked by __VIRTUAL_CLK__)
Endpoint: out[6] (output port clocked by __VIRTUAL_CLK__)
Path Group: __VIRTUAL_CLK__
Path Type: min
Corner: Fastest

Fanout     Cap    Slew   Delay    Time   Description
-----------------------------------------------------------------------------
                  0.00    0.00    0.00   clock __VIRTUAL_CLK__ (rise edge)
                          0.00    0.00   clock network delay (ideal)
                          2.00    2.00 v input external delay
     1    0.00    0.01    0.00    2.00 v opcode[1] (in)
                                         opcode[1] (net)
                  0.01    0.00    2.00 v input18/A (sky130_fd_sc_hd__buf_4)
    11    0.08    0.08    0.12    2.12 v input18/X (sky130_fd_sc_hd__buf_4)
                                         net18 (net)
                  0.08    0.01    2.13 v _168_/A2 (sky130_fd_sc_hd__o21a_2)
     4    0.04    0.07    0.19    2.32 v _168_/X (sky130_fd_sc_hd__o21a_2)
                                         _096_ (net)
                  0.07    0.00    2.32 v _207_/A1 (sky130_fd_sc_hd__a21bo_1)
     1    0.01    0.05    0.14    2.46 v _207_/X (sky130_fd_sc_hd__a21bo_1)
                                         net26 (net)
                  0.05    0.00    2.46 v output26/A (sky130_fd_sc_hd__buf_2)
     1    0.03    0.06    0.12    2.58 v output26/X (sky130_fd_sc_hd__buf_2)
                                         out[6] (net)
                  0.06    0.00    2.58 v out[6] (out)
                                  2.58   data arrival time

                  0.00    0.00    0.00   clock __VIRTUAL_CLK__ (rise edge)
                          0.00    0.00   clock network delay (ideal)
                          0.25    0.25   clock uncertainty
                          0.00    0.25   clock reconvergence pessimism
                         -2.00   -1.75   output external delay
                                 -1.75   data required time
-----------------------------------------------------------------------------
                                 -1.75   data required time
                                 -2.58   data arrival time
-----------------------------------------------------------------------------
                                  4.33   slack (MET)


Startpoint: opcode[2] (input port clocked by __VIRTUAL_CLK__)
Endpoint: out[3] (output port clocked by __VIRTUAL_CLK__)
Path Group: __VIRTUAL_CLK__
Path Type: min
Corner: Fastest

Fanout     Cap    Slew   Delay    Time   Description
-----------------------------------------------------------------------------
                  0.00    0.00    0.00   clock __VIRTUAL_CLK__ (rise edge)
                          0.00    0.00   clock network delay (ideal)
                          2.00    2.00 v input external delay
     1    0.00    0.00    0.00    2.00 v opcode[2] (in)
                                         opcode[2] (net)
                  0.00    0.00    2.00 v input19/A (sky130_fd_sc_hd__clkbuf_4)
     8    0.06    0.09    0.13    2.13 v input19/X (sky130_fd_sc_hd__clkbuf_4)
                                         net19 (net)
                  0.09    0.01    2.14 v _113_/A (sky130_fd_sc_hd__and2_2)
     5    0.03    0.07    0.16    2.30 v _113_/X (sky130_fd_sc_hd__and2_2)
                                         _045_ (net)
                  0.07    0.00    2.31 v _160_/A1 (sky130_fd_sc_hd__a31o_1)
     1    0.02    0.06    0.15    2.46 v _160_/X (sky130_fd_sc_hd__a31o_1)
                                         net23 (net)
                  0.06    0.00    2.46 v output23/A (sky130_fd_sc_hd__buf_2)
     1    0.03    0.06    0.12    2.58 v output23/X (sky130_fd_sc_hd__buf_2)
                                         out[3] (net)
                  0.06    0.00    2.58 v out[3] (out)
                                  2.58   data arrival time

                  0.00    0.00    0.00   clock __VIRTUAL_CLK__ (rise edge)
                          0.00    0.00   clock network delay (ideal)
                          0.25    0.25   clock uncertainty
                          0.00    0.25   clock reconvergence pessimism
                         -2.00   -1.75   output external delay
                                 -1.75   data required time
-----------------------------------------------------------------------------
                                 -1.75   data required time
                                 -2.58   data arrival time
-----------------------------------------------------------------------------
                                  4.33   slack (MET)


Startpoint: opcode[1] (input port clocked by __VIRTUAL_CLK__)
Endpoint: out[7] (output port clocked by __VIRTUAL_CLK__)
Path Group: __VIRTUAL_CLK__
Path Type: min
Corner: Fastest

Fanout     Cap    Slew   Delay    Time   Description
-----------------------------------------------------------------------------
                  0.00    0.00    0.00   clock __VIRTUAL_CLK__ (rise edge)
                          0.00    0.00   clock network delay (ideal)
                          2.00    2.00 v input external delay
     1    0.00    0.01    0.00    2.00 v opcode[1] (in)
                                         opcode[1] (net)
                  0.01    0.00    2.00 v input18/A (sky130_fd_sc_hd__buf_4)
    11    0.08    0.08    0.12    2.12 v input18/X (sky130_fd_sc_hd__buf_4)
                                         net18 (net)
                  0.08    0.01    2.13 v _168_/A2 (sky130_fd_sc_hd__o21a_2)
     4    0.04    0.07    0.19    2.32 v _168_/X (sky130_fd_sc_hd__o21a_2)
                                         _096_ (net)
                  0.07    0.00    2.32 v _219_/A1 (sky130_fd_sc_hd__a21o_1)
     2    0.02    0.07    0.15    2.47 v _219_/X (sky130_fd_sc_hd__a21o_1)
                                         net27 (net)
                  0.07    0.00    2.47 v output27/A (sky130_fd_sc_hd__buf_2)
     1    0.03    0.06    0.12    2.59 v output27/X (sky130_fd_sc_hd__buf_2)
                                         out[7] (net)
                  0.06    0.00    2.59 v out[7] (out)
                                  2.59   data arrival time

                  0.00    0.00    0.00   clock __VIRTUAL_CLK__ (rise edge)
                          0.00    0.00   clock network delay (ideal)
                          0.25    0.25   clock uncertainty
                          0.00    0.25   clock reconvergence pessimism
                         -2.00   -1.75   output external delay
                                 -1.75   data required time
-----------------------------------------------------------------------------
                                 -1.75   data required time
                                 -2.59   data arrival time
-----------------------------------------------------------------------------
                                  4.34   slack (MET)


Startpoint: B[1] (input port clocked by __VIRTUAL_CLK__)
Endpoint: out[1] (output port clocked by __VIRTUAL_CLK__)
Path Group: __VIRTUAL_CLK__
Path Type: min
Corner: Fastest

Fanout     Cap    Slew   Delay    Time   Description
-----------------------------------------------------------------------------
                  0.00    0.00    0.00   clock __VIRTUAL_CLK__ (rise edge)
                          0.00    0.00   clock network delay (ideal)
                          2.00    2.00 ^ input external delay
     1    0.00    0.01    0.01    2.01 ^ B[1] (in)
                                         B[1] (net)
                  0.01    0.00    2.01 ^ input10/A (sky130_fd_sc_hd__clkbuf_4)
     9    0.06    0.14    0.15    2.15 ^ input10/X (sky130_fd_sc_hd__clkbuf_4)
                                         net10 (net)
                  0.14    0.01    2.16 ^ _132_/A2 (sky130_fd_sc_hd__o22a_1)
     1    0.00    0.04    0.08    2.24 ^ _132_/X (sky130_fd_sc_hd__o22a_1)
                                         _063_ (net)
                  0.04    0.00    2.24 ^ _133_/C (sky130_fd_sc_hd__or3_1)
     1    0.01    0.08    0.10    2.34 ^ _133_/X (sky130_fd_sc_hd__or3_1)
                                         _064_ (net)
                  0.08    0.00    2.34 ^ _134_/A (sky130_fd_sc_hd__buf_1)
     1    0.02    0.15    0.13    2.47 ^ _134_/X (sky130_fd_sc_hd__buf_1)
                                         net21 (net)
                  0.15    0.00    2.48 ^ output21/A (sky130_fd_sc_hd__buf_2)
     1    0.03    0.13    0.15    2.63 ^ output21/X (sky130_fd_sc_hd__buf_2)
                                         out[1] (net)
                  0.13    0.00    2.63 ^ out[1] (out)
                                  2.63   data arrival time

                  0.00    0.00    0.00   clock __VIRTUAL_CLK__ (rise edge)
                          0.00    0.00   clock network delay (ideal)
                          0.25    0.25   clock uncertainty
                          0.00    0.25   clock reconvergence pessimism
                         -2.00   -1.75   output external delay
                                 -1.75   data required time
-----------------------------------------------------------------------------
                                 -1.75   data required time
                                 -2.63   data arrival time
-----------------------------------------------------------------------------
                                  4.38   slack (MET)



worst slack corner Fastest: 4.1990
======================= Slowest Corner ===================================

Startpoint: A[0] (input port clocked by __VIRTUAL_CLK__)
Endpoint: out[0] (output port clocked by __VIRTUAL_CLK__)
Path Group: __VIRTUAL_CLK__
Path Type: min
Corner: Slowest

Fanout     Cap    Slew   Delay    Time   Description
-----------------------------------------------------------------------------
                  0.00    0.00    0.00   clock __VIRTUAL_CLK__ (rise edge)
                          0.00    0.00   clock network delay (ideal)
                          2.00    2.00 ^ input external delay
     1    0.00    0.03    0.01    2.01 ^ A[0] (in)
                                         A[0] (net)
                  0.03    0.00    2.01 ^ input1/A (sky130_fd_sc_hd__buf_2)
     6    0.05    0.36    0.37    2.38 ^ input1/X (sky130_fd_sc_hd__buf_2)
                                         net1 (net)
                  0.36    0.01    2.39 ^ _119_/A2 (sky130_fd_sc_hd__a311o_1)
     1    0.01    0.20    0.52    2.91 ^ _119_/X (sky130_fd_sc_hd__a311o_1)
                                         net20 (net)
                  0.20    0.00    2.91 ^ output20/A (sky130_fd_sc_hd__buf_2)
     1    0.04    0.28    0.39    3.30 ^ output20/X (sky130_fd_sc_hd__buf_2)
                                         out[0] (net)
                  0.28    0.00    3.30 ^ out[0] (out)
                                  3.30   data arrival time

                  0.00    0.00    0.00   clock __VIRTUAL_CLK__ (rise edge)
                          0.00    0.00   clock network delay (ideal)
                          0.25    0.25   clock uncertainty
                          0.00    0.25   clock reconvergence pessimism
                         -2.00   -1.75   output external delay
                                 -1.75   data required time
-----------------------------------------------------------------------------
                                 -1.75   data required time
                                 -3.30   data arrival time
-----------------------------------------------------------------------------
                                  5.05   slack (MET)


Startpoint: A[4] (input port clocked by __VIRTUAL_CLK__)
Endpoint: out[4] (output port clocked by __VIRTUAL_CLK__)
Path Group: __VIRTUAL_CLK__
Path Type: min
Corner: Slowest

Fanout     Cap    Slew   Delay    Time   Description
-----------------------------------------------------------------------------
                  0.00    0.00    0.00   clock __VIRTUAL_CLK__ (rise edge)
                          0.00    0.00   clock network delay (ideal)
                          2.00    2.00 v input external delay
     1    0.00    0.02    0.01    2.01 v A[4] (in)
                                         A[4] (net)
                  0.02    0.00    2.01 v input5/A (sky130_fd_sc_hd__buf_2)
     5    0.05    0.23    0.34    2.35 v input5/X (sky130_fd_sc_hd__buf_2)
                                         net5 (net)
                  0.23    0.01    2.36 v _179_/A1 (sky130_fd_sc_hd__o211a_1)
     1    0.01    0.11    0.50    2.86 v _179_/X (sky130_fd_sc_hd__o211a_1)
                                         _001_ (net)
                  0.11    0.00    2.86 v _180_/B1_N (sky130_fd_sc_hd__a21bo_1)
     1    0.01    0.09    0.36    3.22 ^ _180_/X (sky130_fd_sc_hd__a21bo_1)
                                         net24 (net)
                  0.09    0.00    3.22 ^ output24/A (sky130_fd_sc_hd__buf_2)
     1    0.03    0.27    0.33    3.56 ^ output24/X (sky130_fd_sc_hd__buf_2)
                                         out[4] (net)
                  0.27    0.00    3.56 ^ out[4] (out)
                                  3.56   data arrival time

                  0.00    0.00    0.00   clock __VIRTUAL_CLK__ (rise edge)
                          0.00    0.00   clock network delay (ideal)
                          0.25    0.25   clock uncertainty
                          0.00    0.25   clock reconvergence pessimism
                         -2.00   -1.75   output external delay
                                 -1.75   data required time
-----------------------------------------------------------------------------
                                 -1.75   data required time
                                 -3.56   data arrival time
-----------------------------------------------------------------------------
                                  5.31   slack (MET)


Startpoint: opcode[1] (input port clocked by __VIRTUAL_CLK__)
Endpoint: out[5] (output port clocked by __VIRTUAL_CLK__)
Path Group: __VIRTUAL_CLK__
Path Type: min
Corner: Slowest

Fanout     Cap    Slew   Delay    Time   Description
-----------------------------------------------------------------------------
                  0.00    0.00    0.00   clock __VIRTUAL_CLK__ (rise edge)
                          0.00    0.00   clock network delay (ideal)
                          2.00    2.00 ^ input external delay
     1    0.00    0.04    0.02    2.02 ^ opcode[1] (in)
                                         opcode[1] (net)
                  0.04    0.00    2.02 ^ input18/A (sky130_fd_sc_hd__buf_4)
    11    0.08    0.37    0.38    2.40 ^ input18/X (sky130_fd_sc_hd__buf_4)
                                         net18 (net)
                  0.37    0.01    2.41 ^ _168_/A2 (sky130_fd_sc_hd__o21a_2)
     4    0.04    0.33    0.52    2.93 ^ _168_/X (sky130_fd_sc_hd__o21a_2)
                                         _096_ (net)
                  0.33    0.00    2.93 ^ _194_/A1 (sky130_fd_sc_hd__a21bo_1)
     1    0.01    0.13    0.34    3.27 ^ _194_/X (sky130_fd_sc_hd__a21bo_1)
                                         net25 (net)
                  0.13    0.00    3.27 ^ output25/A (sky130_fd_sc_hd__buf_2)
     1    0.03    0.27    0.35    3.62 ^ output25/X (sky130_fd_sc_hd__buf_2)
                                         out[5] (net)
                  0.27    0.00    3.62 ^ out[5] (out)
                                  3.62   data arrival time

                  0.00    0.00    0.00   clock __VIRTUAL_CLK__ (rise edge)
                          0.00    0.00   clock network delay (ideal)
                          0.25    0.25   clock uncertainty
                          0.00    0.25   clock reconvergence pessimism
                         -2.00   -1.75   output external delay
                                 -1.75   data required time
-----------------------------------------------------------------------------
                                 -1.75   data required time
                                 -3.62   data arrival time
-----------------------------------------------------------------------------
                                  5.37   slack (MET)


Startpoint: B[2] (input port clocked by __VIRTUAL_CLK__)
Endpoint: out[2] (output port clocked by __VIRTUAL_CLK__)
Path Group: __VIRTUAL_CLK__
Path Type: min
Corner: Slowest

Fanout     Cap    Slew   Delay    Time   Description
-----------------------------------------------------------------------------
                  0.00    0.00    0.00   clock __VIRTUAL_CLK__ (rise edge)
                          0.00    0.00   clock network delay (ideal)
                          2.00    2.00 ^ input external delay
     1    0.00    0.03    0.02    2.02 ^ B[2] (in)
                                         B[2] (net)
                  0.03    0.00    2.02 ^ input11/A (sky130_fd_sc_hd__buf_4)
     7    0.07    0.31    0.35    2.36 ^ input11/X (sky130_fd_sc_hd__buf_4)
                                         net11 (net)
                  0.31    0.01    2.37 ^ _144_/A2 (sky130_fd_sc_hd__a311o_1)
     1    0.01    0.21    0.51    2.88 ^ _144_/X (sky130_fd_sc_hd__a311o_1)
                                         _074_ (net)
                  0.21    0.00    2.88 ^ _145_/B1 (sky130_fd_sc_hd__a31o_1)
     1    0.02    0.26    0.35    3.22 ^ _145_/X (sky130_fd_sc_hd__a31o_1)
                                         net22 (net)
                  0.26    0.00    3.23 ^ output22/A (sky130_fd_sc_hd__buf_2)
     1    0.03    0.27    0.41    3.63 ^ output22/X (sky130_fd_sc_hd__buf_2)
                                         out[2] (net)
                  0.27    0.00    3.64 ^ out[2] (out)
                                  3.64   data arrival time

                  0.00    0.00    0.00   clock __VIRTUAL_CLK__ (rise edge)
                          0.00    0.00   clock network delay (ideal)
                          0.25    0.25   clock uncertainty
                          0.00    0.25   clock reconvergence pessimism
                         -2.00   -1.75   output external delay
                                 -1.75   data required time
-----------------------------------------------------------------------------
                                 -1.75   data required time
                                 -3.64   data arrival time
-----------------------------------------------------------------------------
                                  5.39   slack (MET)


Startpoint: opcode[1] (input port clocked by __VIRTUAL_CLK__)
Endpoint: out[6] (output port clocked by __VIRTUAL_CLK__)
Path Group: __VIRTUAL_CLK__
Path Type: min
Corner: Slowest

Fanout     Cap    Slew   Delay    Time   Description
-----------------------------------------------------------------------------
                  0.00    0.00    0.00   clock __VIRTUAL_CLK__ (rise edge)
                          0.00    0.00   clock network delay (ideal)
                          2.00    2.00 v input external delay
     1    0.00    0.02    0.01    2.01 v opcode[1] (in)
                                         opcode[1] (net)
                  0.02    0.00    2.01 v input18/A (sky130_fd_sc_hd__buf_4)
    11    0.08    0.20    0.33    2.34 v input18/X (sky130_fd_sc_hd__buf_4)
                                         net18 (net)
                  0.20    0.01    2.35 v _168_/A2 (sky130_fd_sc_hd__o21a_2)
     4    0.04    0.19    0.54    2.89 v _168_/X (sky130_fd_sc_hd__o21a_2)
                                         _096_ (net)
                  0.19    0.00    2.90 v _207_/A1 (sky130_fd_sc_hd__a21bo_1)
     1    0.01    0.13    0.41    3.30 v _207_/X (sky130_fd_sc_hd__a21bo_1)
                                         net26 (net)
                  0.13    0.00    3.31 v output26/A (sky130_fd_sc_hd__buf_2)
     1    0.03    0.17    0.35    3.66 v output26/X (sky130_fd_sc_hd__buf_2)
                                         out[6] (net)
                  0.17    0.00    3.66 v out[6] (out)
                                  3.66   data arrival time

                  0.00    0.00    0.00   clock __VIRTUAL_CLK__ (rise edge)
                          0.00    0.00   clock network delay (ideal)
                          0.25    0.25   clock uncertainty
                          0.00    0.25   clock reconvergence pessimism
                         -2.00   -1.75   output external delay
                                 -1.75   data required time
-----------------------------------------------------------------------------
                                 -1.75   data required time
                                 -3.66   data arrival time
-----------------------------------------------------------------------------
                                  5.41   slack (MET)


Startpoint: opcode[2] (input port clocked by __VIRTUAL_CLK__)
Endpoint: out[3] (output port clocked by __VIRTUAL_CLK__)
Path Group: __VIRTUAL_CLK__
Path Type: min
Corner: Slowest

Fanout     Cap    Slew   Delay    Time   Description
-----------------------------------------------------------------------------
                  0.00    0.00    0.00   clock __VIRTUAL_CLK__ (rise edge)
                          0.00    0.00   clock network delay (ideal)
                          2.00    2.00 v input external delay
     1    0.00    0.02    0.01    2.01 v opcode[2] (in)
                                         opcode[2] (net)
                  0.02    0.00    2.01 v input19/A (sky130_fd_sc_hd__clkbuf_4)
     8    0.06    0.23    0.35    2.36 v input19/X (sky130_fd_sc_hd__clkbuf_4)
                                         net19 (net)
                  0.23    0.01    2.36 v _113_/A (sky130_fd_sc_hd__and2_2)
     5    0.03    0.18    0.52    2.89 v _113_/X (sky130_fd_sc_hd__and2_2)
                                         _045_ (net)
                  0.18    0.00    2.89 v _160_/A1 (sky130_fd_sc_hd__a31o_1)
     1    0.02    0.16    0.45    3.33 v _160_/X (sky130_fd_sc_hd__a31o_1)
                                         net23 (net)
                  0.16    0.00    3.34 v output23/A (sky130_fd_sc_hd__buf_2)
     1    0.03    0.17    0.37    3.70 v output23/X (sky130_fd_sc_hd__buf_2)
                                         out[3] (net)
                  0.17    0.00    3.71 v out[3] (out)
                                  3.71   data arrival time

                  0.00    0.00    0.00   clock __VIRTUAL_CLK__ (rise edge)
                          0.00    0.00   clock network delay (ideal)
                          0.25    0.25   clock uncertainty
                          0.00    0.25   clock reconvergence pessimism
                         -2.00   -1.75   output external delay
                                 -1.75   data required time
-----------------------------------------------------------------------------
                                 -1.75   data required time
                                 -3.71   data arrival time
-----------------------------------------------------------------------------
                                  5.46   slack (MET)


Startpoint: opcode[1] (input port clocked by __VIRTUAL_CLK__)
Endpoint: out[7] (output port clocked by __VIRTUAL_CLK__)
Path Group: __VIRTUAL_CLK__
Path Type: min
Corner: Slowest

Fanout     Cap    Slew   Delay    Time   Description
-----------------------------------------------------------------------------
                  0.00    0.00    0.00   clock __VIRTUAL_CLK__ (rise edge)
                          0.00    0.00   clock network delay (ideal)
                          2.00    2.00 v input external delay
     1    0.00    0.02    0.01    2.01 v opcode[1] (in)
                                         opcode[1] (net)
                  0.02    0.00    2.01 v input18/A (sky130_fd_sc_hd__buf_4)
    11    0.08    0.20    0.33    2.34 v input18/X (sky130_fd_sc_hd__buf_4)
                                         net18 (net)
                  0.20    0.01    2.35 v _168_/A2 (sky130_fd_sc_hd__o21a_2)
     4    0.04    0.19    0.54    2.89 v _168_/X (sky130_fd_sc_hd__o21a_2)
                                         _096_ (net)
                  0.19    0.00    2.90 v _219_/A1 (sky130_fd_sc_hd__a21o_1)
     2    0.02    0.18    0.43    3.33 v _219_/X (sky130_fd_sc_hd__a21o_1)
                                         net27 (net)
                  0.18    0.00    3.33 v output27/A (sky130_fd_sc_hd__buf_2)
     1    0.03    0.17    0.38    3.71 v output27/X (sky130_fd_sc_hd__buf_2)
                                         out[7] (net)
                  0.17    0.00    3.71 v out[7] (out)
                                  3.71   data arrival time

                  0.00    0.00    0.00   clock __VIRTUAL_CLK__ (rise edge)
                          0.00    0.00   clock network delay (ideal)
                          0.25    0.25   clock uncertainty
                          0.00    0.25   clock reconvergence pessimism
                         -2.00   -1.75   output external delay
                                 -1.75   data required time
-----------------------------------------------------------------------------
                                 -1.75   data required time
                                 -3.71   data arrival time
-----------------------------------------------------------------------------
                                  5.46   slack (MET)


Startpoint: B[1] (input port clocked by __VIRTUAL_CLK__)
Endpoint: out[1] (output port clocked by __VIRTUAL_CLK__)
Path Group: __VIRTUAL_CLK__
Path Type: min
Corner: Slowest

Fanout     Cap    Slew   Delay    Time   Description
-----------------------------------------------------------------------------
                  0.00    0.00    0.00   clock __VIRTUAL_CLK__ (rise edge)
                          0.00    0.00   clock network delay (ideal)
                          2.00    2.00 ^ input external delay
     1    0.00    0.03    0.02    2.02 ^ B[1] (in)
                                         B[1] (net)
                  0.03    0.00    2.02 ^ input10/A (sky130_fd_sc_hd__clkbuf_4)
     9    0.06    0.28    0.37    2.38 ^ input10/X (sky130_fd_sc_hd__clkbuf_4)
                                         net10 (net)
                  0.28    0.01    2.39 ^ _132_/A2 (sky130_fd_sc_hd__o22a_1)
     1    0.00    0.09    0.32    2.71 ^ _132_/X (sky130_fd_sc_hd__o22a_1)
                                         _063_ (net)
                  0.09    0.00    2.71 ^ _133_/C (sky130_fd_sc_hd__or3_1)
     1    0.01    0.18    0.25    2.95 ^ _133_/X (sky130_fd_sc_hd__or3_1)
                                         _064_ (net)
                  0.18    0.00    2.95 ^ _134_/A (sky130_fd_sc_hd__buf_1)
     1    0.02    0.33    0.36    3.31 ^ _134_/X (sky130_fd_sc_hd__buf_1)
                                         net21 (net)
                  0.33    0.00    3.31 ^ output21/A (sky130_fd_sc_hd__buf_2)
     1    0.03    0.27    0.43    3.75 ^ output21/X (sky130_fd_sc_hd__buf_2)
                                         out[1] (net)
                  0.27    0.00    3.75 ^ out[1] (out)
                                  3.75   data arrival time

                  0.00    0.00    0.00   clock __VIRTUAL_CLK__ (rise edge)
                          0.00    0.00   clock network delay (ideal)
                          0.25    0.25   clock uncertainty
                          0.00    0.25   clock reconvergence pessimism
                         -2.00   -1.75   output external delay
                                 -1.75   data required time
-----------------------------------------------------------------------------
                                 -1.75   data required time
                                 -3.75   data arrival time
-----------------------------------------------------------------------------
                                  5.50   slack (MET)



worst slack corner Slowest: 5.0510
======================= Typical Corner ===================================

Startpoint: B[0] (input port clocked by __VIRTUAL_CLK__)
Endpoint: out[0] (output port clocked by __VIRTUAL_CLK__)
Path Group: __VIRTUAL_CLK__
Path Type: min
Corner: Typical

Fanout     Cap    Slew   Delay    Time   Description
-----------------------------------------------------------------------------
                  0.00    0.00    0.00   clock __VIRTUAL_CLK__ (rise edge)
                          0.00    0.00   clock network delay (ideal)
                          2.00    2.00 v input external delay
     1    0.00    0.01    0.00    2.00 v B[0] (in)
                                         B[0] (net)
                  0.01    0.00    2.00 v input9/A (sky130_fd_sc_hd__buf_2)
     9    0.05    0.12    0.18    2.18 v input9/X (sky130_fd_sc_hd__buf_2)
                                         net9 (net)
                  0.12    0.01    2.19 v _119_/A1 (sky130_fd_sc_hd__a311o_1)
     1    0.01    0.08    0.32    2.51 v _119_/X (sky130_fd_sc_hd__a311o_1)
                                         net20 (net)
                  0.08    0.00    2.51 v output20/A (sky130_fd_sc_hd__buf_2)
     1    0.04    0.09    0.19    2.70 v output20/X (sky130_fd_sc_hd__buf_2)
                                         out[0] (net)
                  0.09    0.00    2.70 v out[0] (out)
                                  2.70   data arrival time

                  0.00    0.00    0.00   clock __VIRTUAL_CLK__ (rise edge)
                          0.00    0.00   clock network delay (ideal)
                          0.25    0.25   clock uncertainty
                          0.00    0.25   clock reconvergence pessimism
                         -2.00   -1.75   output external delay
                                 -1.75   data required time
-----------------------------------------------------------------------------
                                 -1.75   data required time
                                 -2.70   data arrival time
-----------------------------------------------------------------------------
                                  4.45   slack (MET)


Startpoint: A[4] (input port clocked by __VIRTUAL_CLK__)
Endpoint: out[4] (output port clocked by __VIRTUAL_CLK__)
Path Group: __VIRTUAL_CLK__
Path Type: min
Corner: Typical

Fanout     Cap    Slew   Delay    Time   Description
-----------------------------------------------------------------------------
                  0.00    0.00    0.00   clock __VIRTUAL_CLK__ (rise edge)
                          0.00    0.00   clock network delay (ideal)
                          2.00    2.00 v input external delay
     1    0.00    0.01    0.00    2.00 v A[4] (in)
                                         A[4] (net)
                  0.01    0.00    2.00 v input5/A (sky130_fd_sc_hd__buf_2)
     5    0.05    0.12    0.17    2.18 v input5/X (sky130_fd_sc_hd__buf_2)
                                         net5 (net)
                  0.12    0.01    2.19 v _179_/A1 (sky130_fd_sc_hd__o211a_1)
     1    0.01    0.06    0.26    2.45 v _179_/X (sky130_fd_sc_hd__o211a_1)
                                         _001_ (net)
                  0.06    0.00    2.45 v _180_/B1_N (sky130_fd_sc_hd__a21bo_1)
     1    0.01    0.06    0.18    2.63 ^ _180_/X (sky130_fd_sc_hd__a21bo_1)
                                         net24 (net)
                  0.06    0.00    2.63 ^ output24/A (sky130_fd_sc_hd__buf_2)
     1    0.03    0.17    0.19    2.82 ^ output24/X (sky130_fd_sc_hd__buf_2)
                                         out[4] (net)
                  0.17    0.00    2.83 ^ out[4] (out)
                                  2.83   data arrival time

                  0.00    0.00    0.00   clock __VIRTUAL_CLK__ (rise edge)
                          0.00    0.00   clock network delay (ideal)
                          0.25    0.25   clock uncertainty
                          0.00    0.25   clock reconvergence pessimism
                         -2.00   -1.75   output external delay
                                 -1.75   data required time
-----------------------------------------------------------------------------
                                 -1.75   data required time
                                 -2.83   data arrival time
-----------------------------------------------------------------------------
                                  4.58   slack (MET)


Startpoint: opcode[1] (input port clocked by __VIRTUAL_CLK__)
Endpoint: out[5] (output port clocked by __VIRTUAL_CLK__)
Path Group: __VIRTUAL_CLK__
Path Type: min
Corner: Typical

Fanout     Cap    Slew   Delay    Time   Description
-----------------------------------------------------------------------------
                  0.00    0.00    0.00   clock __VIRTUAL_CLK__ (rise edge)
                          0.00    0.00   clock network delay (ideal)
                          2.00    2.00 v input external delay
     1    0.00    0.01    0.01    2.01 v opcode[1] (in)
                                         opcode[1] (net)
                  0.01    0.00    2.01 v input18/A (sky130_fd_sc_hd__buf_4)
    11    0.08    0.11    0.18    2.18 v input18/X (sky130_fd_sc_hd__buf_4)
                                         net18 (net)
                  0.11    0.01    2.19 v _168_/A2 (sky130_fd_sc_hd__o21a_2)
     4    0.04    0.10    0.29    2.48 v _168_/X (sky130_fd_sc_hd__o21a_2)
                                         _096_ (net)
                  0.10    0.00    2.48 v _194_/A1 (sky130_fd_sc_hd__a21bo_1)
     1    0.01    0.06    0.20    2.69 v _194_/X (sky130_fd_sc_hd__a21bo_1)
                                         net25 (net)
                  0.06    0.00    2.69 v output25/A (sky130_fd_sc_hd__buf_2)
     1    0.03    0.09    0.18    2.86 v output25/X (sky130_fd_sc_hd__buf_2)
                                         out[5] (net)
                  0.09    0.00    2.86 v out[5] (out)
                                  2.86   data arrival time

                  0.00    0.00    0.00   clock __VIRTUAL_CLK__ (rise edge)
                          0.00    0.00   clock network delay (ideal)
                          0.25    0.25   clock uncertainty
                          0.00    0.25   clock reconvergence pessimism
                         -2.00   -1.75   output external delay
                                 -1.75   data required time
-----------------------------------------------------------------------------
                                 -1.75   data required time
                                 -2.86   data arrival time
-----------------------------------------------------------------------------
                                  4.61   slack (MET)


Startpoint: opcode[1] (input port clocked by __VIRTUAL_CLK__)
Endpoint: out[6] (output port clocked by __VIRTUAL_CLK__)
Path Group: __VIRTUAL_CLK__
Path Type: min
Corner: Typical

Fanout     Cap    Slew   Delay    Time   Description
-----------------------------------------------------------------------------
                  0.00    0.00    0.00   clock __VIRTUAL_CLK__ (rise edge)
                          0.00    0.00   clock network delay (ideal)
                          2.00    2.00 v input external delay
     1    0.00    0.01    0.01    2.01 v opcode[1] (in)
                                         opcode[1] (net)
                  0.01    0.00    2.01 v input18/A (sky130_fd_sc_hd__buf_4)
    11    0.08    0.11    0.18    2.18 v input18/X (sky130_fd_sc_hd__buf_4)
                                         net18 (net)
                  0.11    0.01    2.19 v _168_/A2 (sky130_fd_sc_hd__o21a_2)
     4    0.04    0.10    0.29    2.48 v _168_/X (sky130_fd_sc_hd__o21a_2)
                                         _096_ (net)
                  0.10    0.00    2.48 v _207_/A1 (sky130_fd_sc_hd__a21bo_1)
     1    0.01    0.07    0.21    2.70 v _207_/X (sky130_fd_sc_hd__a21bo_1)
                                         net26 (net)
                  0.07    0.00    2.70 v output26/A (sky130_fd_sc_hd__buf_2)
     1    0.03    0.09    0.18    2.88 v output26/X (sky130_fd_sc_hd__buf_2)
                                         out[6] (net)
                  0.09    0.00    2.88 v out[6] (out)
                                  2.88   data arrival time

                  0.00    0.00    0.00   clock __VIRTUAL_CLK__ (rise edge)
                          0.00    0.00   clock network delay (ideal)
                          0.25    0.25   clock uncertainty
                          0.00    0.25   clock reconvergence pessimism
                         -2.00   -1.75   output external delay
                                 -1.75   data required time
-----------------------------------------------------------------------------
                                 -1.75   data required time
                                 -2.88   data arrival time
-----------------------------------------------------------------------------
                                  4.63   slack (MET)


Startpoint: B[2] (input port clocked by __VIRTUAL_CLK__)
Endpoint: out[2] (output port clocked by __VIRTUAL_CLK__)
Path Group: __VIRTUAL_CLK__
Path Type: min
Corner: Typical

Fanout     Cap    Slew   Delay    Time   Description
-----------------------------------------------------------------------------
                  0.00    0.00    0.00   clock __VIRTUAL_CLK__ (rise edge)
                          0.00    0.00   clock network delay (ideal)
                          2.00    2.00 ^ input external delay
     1    0.00    0.02    0.01    2.01 ^ B[2] (in)
                                         B[2] (net)
                  0.02    0.00    2.01 ^ input11/A (sky130_fd_sc_hd__buf_4)
     7    0.07    0.19    0.20    2.21 ^ input11/X (sky130_fd_sc_hd__buf_4)
                                         net11 (net)
                  0.19    0.01    2.22 ^ _144_/A2 (sky130_fd_sc_hd__a311o_1)
     1    0.01    0.13    0.25    2.46 ^ _144_/X (sky130_fd_sc_hd__a311o_1)
                                         _074_ (net)
                  0.13    0.00    2.46 ^ _145_/B1 (sky130_fd_sc_hd__a31o_1)
     1    0.02    0.16    0.19    2.65 ^ _145_/X (sky130_fd_sc_hd__a31o_1)
                                         net22 (net)
                  0.16    0.00    2.66 ^ output22/A (sky130_fd_sc_hd__buf_2)
     1    0.03    0.17    0.22    2.88 ^ output22/X (sky130_fd_sc_hd__buf_2)
                                         out[2] (net)
                  0.17    0.00    2.88 ^ out[2] (out)
                                  2.88   data arrival time

                  0.00    0.00    0.00   clock __VIRTUAL_CLK__ (rise edge)
                          0.00    0.00   clock network delay (ideal)
                          0.25    0.25   clock uncertainty
                          0.00    0.25   clock reconvergence pessimism
                         -2.00   -1.75   output external delay
                                 -1.75   data required time
-----------------------------------------------------------------------------
                                 -1.75   data required time
                                 -2.88   data arrival time
-----------------------------------------------------------------------------
                                  4.63   slack (MET)


Startpoint: opcode[2] (input port clocked by __VIRTUAL_CLK__)
Endpoint: out[3] (output port clocked by __VIRTUAL_CLK__)
Path Group: __VIRTUAL_CLK__
Path Type: min
Corner: Typical

Fanout     Cap    Slew   Delay    Time   Description
-----------------------------------------------------------------------------
                  0.00    0.00    0.00   clock __VIRTUAL_CLK__ (rise edge)
                          0.00    0.00   clock network delay (ideal)
                          2.00    2.00 v input external delay
     1    0.00    0.01    0.00    2.00 v opcode[2] (in)
                                         opcode[2] (net)
                  0.01    0.00    2.00 v input19/A (sky130_fd_sc_hd__clkbuf_4)
     8    0.06    0.13    0.19    2.20 v input19/X (sky130_fd_sc_hd__clkbuf_4)
                                         net19 (net)
                  0.13    0.01    2.20 v _113_/A (sky130_fd_sc_hd__and2_2)
     5    0.03    0.10    0.26    2.46 v _113_/X (sky130_fd_sc_hd__and2_2)
                                         _045_ (net)
                  0.10    0.00    2.46 v _160_/A1 (sky130_fd_sc_hd__a31o_1)
     1    0.02    0.09    0.23    2.69 v _160_/X (sky130_fd_sc_hd__a31o_1)
                                         net23 (net)
                  0.09    0.00    2.70 v output23/A (sky130_fd_sc_hd__buf_2)
     1    0.03    0.09    0.19    2.89 v output23/X (sky130_fd_sc_hd__buf_2)
                                         out[3] (net)
                  0.09    0.00    2.89 v out[3] (out)
                                  2.89   data arrival time

                  0.00    0.00    0.00   clock __VIRTUAL_CLK__ (rise edge)
                          0.00    0.00   clock network delay (ideal)
                          0.25    0.25   clock uncertainty
                          0.00    0.25   clock reconvergence pessimism
                         -2.00   -1.75   output external delay
                                 -1.75   data required time
-----------------------------------------------------------------------------
                                 -1.75   data required time
                                 -2.89   data arrival time
-----------------------------------------------------------------------------
                                  4.64   slack (MET)


Startpoint: opcode[1] (input port clocked by __VIRTUAL_CLK__)
Endpoint: out[7] (output port clocked by __VIRTUAL_CLK__)
Path Group: __VIRTUAL_CLK__
Path Type: min
Corner: Typical

Fanout     Cap    Slew   Delay    Time   Description
-----------------------------------------------------------------------------
                  0.00    0.00    0.00   clock __VIRTUAL_CLK__ (rise edge)
                          0.00    0.00   clock network delay (ideal)
                          2.00    2.00 v input external delay
     1    0.00    0.01    0.01    2.01 v opcode[1] (in)
                                         opcode[1] (net)
                  0.01    0.00    2.01 v input18/A (sky130_fd_sc_hd__buf_4)
    11    0.08    0.11    0.18    2.18 v input18/X (sky130_fd_sc_hd__buf_4)
                                         net18 (net)
                  0.11    0.01    2.19 v _168_/A2 (sky130_fd_sc_hd__o21a_2)
     4    0.04    0.10    0.29    2.48 v _168_/X (sky130_fd_sc_hd__o21a_2)
                                         _096_ (net)
                  0.10    0.00    2.48 v _219_/A1 (sky130_fd_sc_hd__a21o_1)
     2    0.02    0.10    0.23    2.71 v _219_/X (sky130_fd_sc_hd__a21o_1)
                                         net27 (net)
                  0.10    0.00    2.71 v output27/A (sky130_fd_sc_hd__buf_2)
     1    0.03    0.09    0.19    2.91 v output27/X (sky130_fd_sc_hd__buf_2)
                                         out[7] (net)
                  0.09    0.00    2.91 v out[7] (out)
                                  2.91   data arrival time

                  0.00    0.00    0.00   clock __VIRTUAL_CLK__ (rise edge)
                          0.00    0.00   clock network delay (ideal)
                          0.25    0.25   clock uncertainty
                          0.00    0.25   clock reconvergence pessimism
                         -2.00   -1.75   output external delay
                                 -1.75   data required time
-----------------------------------------------------------------------------
                                 -1.75   data required time
                                 -2.91   data arrival time
-----------------------------------------------------------------------------
                                  4.66   slack (MET)


Startpoint: B[1] (input port clocked by __VIRTUAL_CLK__)
Endpoint: out[1] (output port clocked by __VIRTUAL_CLK__)
Path Group: __VIRTUAL_CLK__
Path Type: min
Corner: Typical

Fanout     Cap    Slew   Delay    Time   Description
-----------------------------------------------------------------------------
                  0.00    0.00    0.00   clock __VIRTUAL_CLK__ (rise edge)
                          0.00    0.00   clock network delay (ideal)
                          2.00    2.00 ^ input external delay
     1    0.00    0.02    0.01    2.01 ^ B[1] (in)
                                         B[1] (net)
                  0.02    0.00    2.01 ^ input10/A (sky130_fd_sc_hd__clkbuf_4)
     9    0.06    0.18    0.21    2.22 ^ input10/X (sky130_fd_sc_hd__clkbuf_4)
                                         net10 (net)
                  0.18    0.01    2.23 ^ _132_/A2 (sky130_fd_sc_hd__o22a_1)
     1    0.00    0.05    0.15    2.38 ^ _132_/X (sky130_fd_sc_hd__o22a_1)
                                         _063_ (net)
                  0.05    0.00    2.38 ^ _133_/C (sky130_fd_sc_hd__or3_1)
     1    0.01    0.11    0.14    2.52 ^ _133_/X (sky130_fd_sc_hd__or3_1)
                                         _064_ (net)
                  0.11    0.00    2.52 ^ _134_/A (sky130_fd_sc_hd__buf_1)
     1    0.02    0.21    0.20    2.72 ^ _134_/X (sky130_fd_sc_hd__buf_1)
                                         net21 (net)
                  0.21    0.00    2.72 ^ output21/A (sky130_fd_sc_hd__buf_2)
     1    0.03    0.17    0.24    2.96 ^ output21/X (sky130_fd_sc_hd__buf_2)
                                         out[1] (net)
                  0.17    0.00    2.96 ^ out[1] (out)
                                  2.96   data arrival time

                  0.00    0.00    0.00   clock __VIRTUAL_CLK__ (rise edge)
                          0.00    0.00   clock network delay (ideal)
                          0.25    0.25   clock uncertainty
                          0.00    0.25   clock reconvergence pessimism
                         -2.00   -1.75   output external delay
                                 -1.75   data required time
-----------------------------------------------------------------------------
                                 -1.75   data required time
                                 -2.96   data arrival time
-----------------------------------------------------------------------------
                                  4.71   slack (MET)



worst slack corner Typical: 4.4482
