
===========================================================================
 report_power
============================================================================
======================= Fastest Corner ===================================

Group                  Internal  Switching    Leakage      Total
                          Power      Power      Power      Power (Watts)
----------------------------------------------------------------
Sequential             3.61e-04   4.36e-05   9.28e-10   4.05e-04  36.7%
Combinational          2.08e-04   1.36e-04   3.18e-09   3.45e-04  31.3%
Clock                  2.23e-04   1.29e-04   1.32e-09   3.52e-04  32.0%
Macro                  0.00e+00   0.00e+00   0.00e+00   0.00e+00   0.0%
Pad                    0.00e+00   0.00e+00   0.00e+00   0.00e+00   0.0%
----------------------------------------------------------------
Total                  7.92e-04   3.09e-04   5.43e-09   1.10e-03 100.0%
                          71.9%      28.1%       0.0%

======================= Slowest Corner ===================================

Group                  Internal  Switching    Leakage      Total
                          Power      Power      Power      Power (Watts)
----------------------------------------------------------------
Sequential             2.44e-04   2.77e-05   9.31e-07   2.73e-04  36.2%
Combinational          1.47e-04   8.94e-05   2.24e-06   2.39e-04  31.6%
Clock                  1.59e-04   8.32e-05   2.18e-07   2.42e-04  32.1%
Macro                  0.00e+00   0.00e+00   0.00e+00   0.00e+00   0.0%
Pad                    0.00e+00   0.00e+00   0.00e+00   0.00e+00   0.0%
----------------------------------------------------------------
Total                  5.50e-04   2.00e-04   3.39e-06   7.54e-04 100.0%
                          73.0%      26.6%       0.4%

======================= Typical Corner ===================================

Group                  Internal  Switching    Leakage      Total
                          Power      Power      Power      Power (Watts)
----------------------------------------------------------------
Sequential             3.12e-04   3.61e-05   5.37e-10   3.48e-04  36.6%
Combinational          1.84e-04   1.14e-04   1.57e-09   2.98e-04  31.4%
Clock                  1.95e-04   1.09e-04   7.58e-10   3.04e-04  32.0%
Macro                  0.00e+00   0.00e+00   0.00e+00   0.00e+00   0.0%
Pad                    0.00e+00   0.00e+00   0.00e+00   0.00e+00   0.0%
----------------------------------------------------------------
Total                  6.91e-04   2.59e-04   2.87e-09   9.50e-04 100.0%
                          72.7%      27.3%       0.0%

